This file contains any messages produced by compilers while
running configure, to aid debugging if configure makes a mistake.

It was created by alsa-utils configure 1.2.8, which was
generated by GNU Autoconf 2.69.  Invocation command line was

  $ ./configure --target=arm-buildroot-linux-gnueabihf --host=arm-buildroot-linux-gnueabihf --build=x86_64-pc-linux-gnu --prefix=/usr --exec-prefix=/usr --sysconfdir=/etc --localstatedir=/var --program-prefix= --disable-gtk-doc --disable-gtk-doc-html --disable-doc --disable-docs --disable-documentation --with-xmlto=no --with-fop=no --disable-dependency-tracking --enable-ipv6 --disable-nls --disable-static --enable-shared --disable-xmlto --disable-rst2man --with-curses=ncurses --enable-alsaloop --enable-bat

## --------- ##
## Platform. ##
## --------- ##

hostname = jee-virtual-machine
uname -m = x86_64
uname -r = 5.15.0-86-generic
uname -s = Linux
uname -v = #96~20.04.1-Ubuntu SMP Thu Sep 21 13:23:37 UTC 2023

/usr/bin/uname -p = x86_64
/bin/uname -X     = unknown

/bin/arch              = x86_64
/usr/bin/arch -k       = unknown
/usr/convex/getsysinfo = unknown
/usr/bin/hostinfo      = unknown
/bin/machine           = unknown
/usr/bin/oslevel       = unknown
/bin/universe          = unknown

PATH: /home/jee/linux/armv7/ll/buildroot/output/host/bin
PATH: /home/jee/linux/armv7/ll/buildroot/output/host/sbin
PATH: /usr/local/sbin
PATH: /usr/local/bin
PATH: /usr/sbin
PATH: /usr/bin
PATH: /sbin
PATH: /bin
PATH: /snap/bin


## ----------- ##
## Core tests. ##
## ----------- ##

configure:2448: checking for a BSD-compatible install
configure:2516: result: /usr/bin/install -c
configure:2527: checking whether build environment is sane
configure:2582: result: yes
configure:2639: checking for arm-buildroot-linux-gnueabihf-strip
configure:2666: result: /home/jee/linux/armv7/ll/buildroot/output/host/bin/arm-linux-gnueabihf-strip
configure:2731: checking for a thread-safe mkdir -p
configure:2770: result: /usr/bin/mkdir -p
configure:2777: checking for gawk
configure:2793: found /usr/bin/gawk
configure:2804: result: gawk
configure:2815: checking whether make sets $(MAKE)
configure:2837: result: yes
configure:2866: checking whether make supports nested variables
configure:2883: result: yes
configure:3011: checking whether to enable maintainer-specific portions of Makefiles
configure:3020: result: yes
configure:3034: checking for a sed that does not truncate output
configure:3098: result: /usr/bin/sed
configure:3104: checking whether NLS is requested
configure:3113: result: no
configure:3153: checking for msgfmt
configure: trying /usr/bin/msgfmt...
0 translated messages.
configure:3185: result: /usr/bin/msgfmt
configure:3194: checking for gmsgfmt
configure:3225: result: /usr/bin/msgfmt
configure:3270: checking for xgettext
configure: trying /usr/bin/xgettext...
/usr/bin/xgettext: warning: file '/dev/null' extension '' is unknown; will try C
configure:3302: result: /usr/bin/xgettext
configure:3347: checking for msgmerge
configure: trying /usr/bin/msgmerge...
configure:3378: result: /usr/bin/msgmerge
configure:3423: checking whether make supports the include directive
configure:3438: make -f confmf.GNU && cat confinc.out
make[1]: Entering directory '/home/jee/linux/armv7/ll/buildroot/output/build/alsa-utils-1.2.8'
make[1]: Leaving directory '/home/jee/linux/armv7/ll/buildroot/output/build/alsa-utils-1.2.8'
this is the am__doit target
configure:3441: $? = 0
configure:3460: result: yes (GNU style)
configure:3490: checking for arm-buildroot-linux-gnueabihf-gcc
configure:3517: result: /home/jee/linux/armv7/ll/buildroot/output/host/bin/arm-linux-gnueabihf-gcc
configure:3786: checking for C compiler version
configure:3795: /home/jee/linux/armv7/ll/buildroot/output/host/bin/arm-linux-gnueabihf-gcc --version >&5
arm-linux-gnueabihf-gcc (Linaro GCC 4.9-2017.01) 4.9.4
Copyright (C) 2015 Free Software Foundation, Inc.
This is free software; see the source for copying conditions.  There is NO
warranty; not even for MERCHANTABILITY or FITNESS FOR A PARTICULAR PURPOSE.

configure:3806: $? = 0
configure:3795: /home/jee/linux/armv7/ll/buildroot/output/host/bin/arm-linux-gnueabihf-gcc -v >&5
Using built-in specs.
COLLECT_GCC=/usr/local/arm/gcc-linaro-4.9.4-2017.01-x86_64_arm-linux-gnueabihf/bin/arm-linux-gnueabihf-gcc
COLLECT_LTO_WRAPPER=/usr/local/arm/gcc-linaro-4.9.4-2017.01-x86_64_arm-linux-gnueabihf/bin/../libexec/gcc/arm-linux-gnueabihf/4.9.4/lto-wrapper
Target: arm-linux-gnueabihf
Configured with: /home/tcwg-buildslave/workspace/tcwg-make-release/label/docker-trusty-amd64-tcwg-build/target/arm-linux-gnueabihf/snapshots/gcc-linaro-4.9-2017.01/configure SHELL=/bin/bash --with-mpc=/home/tcwg-buildslave/workspace/tcwg-make-release/label/docker-trusty-amd64-tcwg-build/target/arm-linux-gnueabihf/_build/builds/destdir/x86_64-unknown-linux-gnu --with-mpfr=/home/tcwg-buildslave/workspace/tcwg-make-release/label/docker-trusty-amd64-tcwg-build/target/arm-linux-gnueabihf/_build/builds/destdir/x86_64-unknown-linux-gnu --with-gmp=/home/tcwg-buildslave/workspace/tcwg-make-release/label/docker-trusty-amd64-tcwg-build/target/arm-linux-gnueabihf/_build/builds/destdir/x86_64-unknown-linux-gnu --with-gnu-as --with-gnu-ld --disable-libmudflap --enable-lto --enable-objc-gc --enable-shared --without-included-gettext --enable-nls --disable-sjlj-exceptions --enable-gnu-unique-object --enable-linker-build-id --disable-libstdcxx-pch --enable-c99 --enable-clocale=gnu --enable-libstdcxx-debug --enable-long-long --with-cloog=no --with-ppl=no --with-isl=no --disable-multilib --with-float=hard --with-mode=thumb --with-tune=cortex-a9 --with-arch=armv7-a --with-fpu=vfpv3-d16 --enable-threads=posix --enable-multiarch --enable-libstdcxx-time=yes --with-build-sysroot=/home/tcwg-buildslave/workspace/tcwg-make-release/label/docker-trusty-amd64-tcwg-build/target/arm-linux-gnueabihf/_build/sysroots/arm-linux-gnueabihf --with-sysroot=/home/tcwg-buildslave/workspace/tcwg-make-release/label/docker-trusty-amd64-tcwg-build/target/arm-linux-gnueabihf/_build/builds/destdir/x86_64-unknown-linux-gnu/arm-linux-gnueabihf/libc --enable-checking=release --disable-bootstrap --enable-languages=c,c++,fortran,lto --build=x86_64-unknown-linux-gnu --host=x86_64-unknown-linux-gnu --target=arm-linux-gnueabihf --prefix=/home/tcwg-buildslave/workspace/tcwg-make-release/label/docker-trusty-amd64-tcwg-build/target/arm-linux-gnueabihf/_build/builds/destdir/x86_64-unknown-linux-gnu
Thread model: posix
gcc version 4.9.4 (Linaro GCC 4.9-2017.01) 
COMPILER_PATH=/usr/local/arm/gcc-linaro-4.9.4-2017.01-x86_64_arm-linux-gnueabihf/bin/../libexec/gcc/arm-linux-gnueabihf/4.9.4/:/usr/local/arm/gcc-linaro-4.9.4-2017.01-x86_64_arm-linux-gnueabihf/bin/../libexec/gcc/arm-linux-gnueabihf/:/usr/local/arm/gcc-linaro-4.9.4-2017.01-x86_64_arm-linux-gnueabihf/bin/../libexec/gcc/:/usr/local/arm/gcc-linaro-4.9.4-2017.01-x86_64_arm-linux-gnueabihf/bin/../lib/gcc/arm-linux-gnueabihf/4.9.4/../../../../arm-linux-gnueabihf/bin/
LIBRARY_PATH=/usr/local/arm/gcc-linaro-4.9.4-2017.01-x86_64_arm-linux-gnueabihf/bin/../lib/gcc/arm-linux-gnueabihf/4.9.4/:/usr/local/arm/gcc-linaro-4.9.4-2017.01-x86_64_arm-linux-gnueabihf/bin/../lib/gcc/arm-linux-gnueabihf/:/usr/local/arm/gcc-linaro-4.9.4-2017.01-x86_64_arm-linux-gnueabihf/bin/../lib/gcc/:/usr/local/arm/gcc-linaro-4.9.4-2017.01-x86_64_arm-linux-gnueabihf/bin/../lib/gcc/arm-linux-gnueabihf/4.9.4/../../../../arm-linux-gnueabihf/lib/:/home/jee/linux/armv7/ll/buildroot/output/host/arm-buildroot-linux-gnueabihf/sysroot/lib/:/home/jee/linux/armv7/ll/buildroot/output/host/arm-buildroot-linux-gnueabihf/sysroot/usr/lib/
COLLECT_GCC_OPTIONS='-mabi=aapcs-linux' '-mfpu=neon-vfpv4' '-marm' '-fstack-protector-strong' '-mfloat-abi=hard' '-mcpu=cortex-a7' '-fPIE' '-pie' '-v' '-mtls-dialect=gnu'
... rest of stderr output deleted ...
configure:3806: $? = 1
configure:3795: /home/jee/linux/armv7/ll/buildroot/output/host/bin/arm-linux-gnueabihf-gcc -V >&5
arm-linux-gnueabihf-gcc: error: unrecognized command line option '-V'
configure:3806: $? = 1
configure:3795: /home/jee/linux/armv7/ll/buildroot/output/host/bin/arm-linux-gnueabihf-gcc -qversion >&5
arm-linux-gnueabihf-gcc: error: unrecognized command line option '-qversion'
configure:3806: $? = 1
configure:3826: checking whether the C compiler works
configure:3848: /home/jee/linux/armv7/ll/buildroot/output/host/bin/arm-linux-gnueabihf-gcc -D_LARGEFILE_SOURCE -D_LARGEFILE64_SOURCE -D_FILE_OFFSET_BITS=64  -Os -g0 -D_FORTIFY_SOURCE=1 -D_LARGEFILE_SOURCE -D_LARGEFILE64_SOURCE -D_FILE_OFFSET_BITS=64  conftest.c  >&5
configure:3852: $? = 0
configure:3900: result: yes
configure:3903: checking for C compiler default output file name
configure:3905: result: a.out
configure:3911: checking for suffix of executables
configure:3918: /home/jee/linux/armv7/ll/buildroot/output/host/bin/arm-linux-gnueabihf-gcc -o conftest -D_LARGEFILE_SOURCE -D_LARGEFILE64_SOURCE -D_FILE_OFFSET_BITS=64  -Os -g0 -D_FORTIFY_SOURCE=1 -D_LARGEFILE_SOURCE -D_LARGEFILE64_SOURCE -D_FILE_OFFSET_BITS=64  conftest.c  >&5
configure:3922: $? = 0
configure:3944: result: 
configure:3966: checking whether we are cross compiling
configure:4004: result: yes
configure:4009: checking for suffix of object files
configure:4031: /home/jee/linux/armv7/ll/buildroot/output/host/bin/arm-linux-gnueabihf-gcc -c -D_LARGEFILE_SOURCE -D_LARGEFILE64_SOURCE -D_FILE_OFFSET_BITS=64  -Os -g0 -D_FORTIFY_SOURCE=1 -D_LARGEFILE_SOURCE -D_LARGEFILE64_SOURCE -D_FILE_OFFSET_BITS=64 conftest.c >&5
configure:4035: $? = 0
configure:4056: result: o
configure:4060: checking whether we are using the GNU C compiler
configure:4079: /home/jee/linux/armv7/ll/buildroot/output/host/bin/arm-linux-gnueabihf-gcc -c -D_LARGEFILE_SOURCE -D_LARGEFILE64_SOURCE -D_FILE_OFFSET_BITS=64  -Os -g0 -D_FORTIFY_SOURCE=1 -D_LARGEFILE_SOURCE -D_LARGEFILE64_SOURCE -D_FILE_OFFSET_BITS=64 conftest.c >&5
configure:4079: $? = 0
configure:4088: result: yes
configure:4097: checking whether /home/jee/linux/armv7/ll/buildroot/output/host/bin/arm-linux-gnueabihf-gcc accepts -g
configure:4117: /home/jee/linux/armv7/ll/buildroot/output/host/bin/arm-linux-gnueabihf-gcc -c -g -D_LARGEFILE_SOURCE -D_LARGEFILE64_SOURCE -D_FILE_OFFSET_BITS=64 conftest.c >&5
configure:4117: $? = 0
configure:4158: result: yes
configure:4175: checking for /home/jee/linux/armv7/ll/buildroot/output/host/bin/arm-linux-gnueabihf-gcc option to accept ISO C89
configure:4238: /home/jee/linux/armv7/ll/buildroot/output/host/bin/arm-linux-gnueabihf-gcc  -c -D_LARGEFILE_SOURCE -D_LARGEFILE64_SOURCE -D_FILE_OFFSET_BITS=64  -Os -g0 -D_FORTIFY_SOURCE=1 -D_LARGEFILE_SOURCE -D_LARGEFILE64_SOURCE -D_FILE_OFFSET_BITS=64 conftest.c >&5
configure:4238: $? = 0
configure:4251: result: none needed
configure:4276: checking whether /home/jee/linux/armv7/ll/buildroot/output/host/bin/arm-linux-gnueabihf-gcc understands -c and -o together
configure:4298: /home/jee/linux/armv7/ll/buildroot/output/host/bin/arm-linux-gnueabihf-gcc -c conftest.c -o conftest2.o
configure:4301: $? = 0
configure:4298: /home/jee/linux/armv7/ll/buildroot/output/host/bin/arm-linux-gnueabihf-gcc -c conftest.c -o conftest2.o
configure:4301: $? = 0
configure:4313: result: yes
configure:4332: checking dependency style of /home/jee/linux/armv7/ll/buildroot/output/host/bin/arm-linux-gnueabihf-gcc
configure:4443: result: none
configure:4462: checking build system type
configure:4476: result: x86_64-pc-linux-gnu
configure:4496: checking host system type
configure:4509: result: arm-buildroot-linux-gnueabihf
configure:4553: checking for ld
configure:4681: result: /home/jee/linux/armv7/ll/buildroot/output/host/bin/arm-linux-gnueabihf-ld
configure:4688: checking if the linker (/home/jee/linux/armv7/ll/buildroot/output/host/bin/arm-linux-gnueabihf-ld) is GNU ld
configure:4703: result: yes
configure:4710: checking for shared library run path origin
configure:4723: result: done
configure:4744: checking 32-bit host C ABI
configure:4834: /home/jee/linux/armv7/ll/buildroot/output/host/bin/arm-linux-gnueabihf-gcc -c -D_LARGEFILE_SOURCE -D_LARGEFILE64_SOURCE -D_FILE_OFFSET_BITS=64  -Os -g0 -D_FORTIFY_SOURCE=1 -D_LARGEFILE_SOURCE -D_LARGEFILE64_SOURCE -D_FILE_OFFSET_BITS=64 conftest.c >&5
conftest.c:14:20: error: unknown type name 'error'
                    error fail
                    ^
conftest.c:14:20: error: expected '=', ',', ';', 'asm' or '__attribute__' at end of input
configure:4834: $? = 1
configure: failed program was:
| /* confdefs.h */
| #define PACKAGE_NAME "alsa-utils"
| #define PACKAGE_TARNAME "alsa-utils"
| #define PACKAGE_VERSION "1.2.8"
| #define PACKAGE_STRING "alsa-utils 1.2.8"
| #define PACKAGE_BUGREPORT ""
| #define PACKAGE_URL ""
| #define PACKAGE "alsa-utils"
| #define VERSION "1.2.8"
| /* end confdefs.h.  */
| #if defined __aarch64__ && !(defined __ILP32__ || defined _ILP32)
|                    int ok;
|                   #else
|                    error fail
|                   #endif
| 
configure:4997: result: yes
configure:5007: checking how to run the C preprocessor
configure:5077: result: /home/jee/linux/armv7/ll/buildroot/output/host/bin/arm-linux-gnueabihf-cpp
configure:5097: /home/jee/linux/armv7/ll/buildroot/output/host/bin/arm-linux-gnueabihf-cpp -D_LARGEFILE_SOURCE -D_LARGEFILE64_SOURCE -D_FILE_OFFSET_BITS=64 conftest.c
configure:5097: $? = 0
configure:5111: /home/jee/linux/armv7/ll/buildroot/output/host/bin/arm-linux-gnueabihf-cpp -D_LARGEFILE_SOURCE -D_LARGEFILE64_SOURCE -D_FILE_OFFSET_BITS=64 conftest.c
conftest.c:11:28: fatal error: ac_nonexistent.h: No such file or directory
 #include <ac_nonexistent.h>
                            ^
compilation terminated.
configure:5111: $? = 1
configure: failed program was:
| /* confdefs.h */
| #define PACKAGE_NAME "alsa-utils"
| #define PACKAGE_TARNAME "alsa-utils"
| #define PACKAGE_VERSION "1.2.8"
| #define PACKAGE_STRING "alsa-utils 1.2.8"
| #define PACKAGE_BUGREPORT ""
| #define PACKAGE_URL ""
| #define PACKAGE "alsa-utils"
| #define VERSION "1.2.8"
| /* end confdefs.h.  */
| #include <ac_nonexistent.h>
configure:5140: checking for grep that handles long lines and -e
configure:5198: result: /usr/bin/grep
configure:5203: checking for egrep
configure:5265: result: /usr/bin/grep -E
configure:5274: checking for ELF binary format
configure:5296: result: yes
configure:5345: checking for the common suffixes of directories in the library search path
configure:5413: result: lib,lib32,lib
configure:5930: checking for CFPreferencesCopyAppValue
configure:5948: /home/jee/linux/armv7/ll/buildroot/output/host/bin/arm-linux-gnueabihf-gcc -o conftest -D_LARGEFILE_SOURCE -D_LARGEFILE64_SOURCE -D_FILE_OFFSET_BITS=64  -Os -g0 -D_FORTIFY_SOURCE=1 -D_LARGEFILE_SOURCE -D_LARGEFILE64_SOURCE -D_FILE_OFFSET_BITS=64  conftest.c  -Wl,-framework -Wl,CoreFoundation >&5
conftest.c:11:42: fatal error: CoreFoundation/CFPreferences.h: No such file or directory
 #include <CoreFoundation/CFPreferences.h>
                                          ^
compilation terminated.
configure:5948: $? = 1
configure: failed program was:
| /* confdefs.h */
| #define PACKAGE_NAME "alsa-utils"
| #define PACKAGE_TARNAME "alsa-utils"
| #define PACKAGE_VERSION "1.2.8"
| #define PACKAGE_STRING "alsa-utils 1.2.8"
| #define PACKAGE_BUGREPORT ""
| #define PACKAGE_URL ""
| #define PACKAGE "alsa-utils"
| #define VERSION "1.2.8"
| /* end confdefs.h.  */
| #include <CoreFoundation/CFPreferences.h>
| int
| main ()
| {
| CFPreferencesCopyAppValue(NULL, NULL)
|   ;
|   return 0;
| }
configure:5957: result: no
configure:5964: checking for CFLocaleCopyPreferredLanguages
configure:5982: /home/jee/linux/armv7/ll/buildroot/output/host/bin/arm-linux-gnueabihf-gcc -o conftest -D_LARGEFILE_SOURCE -D_LARGEFILE64_SOURCE -D_FILE_OFFSET_BITS=64  -Os -g0 -D_FORTIFY_SOURCE=1 -D_LARGEFILE_SOURCE -D_LARGEFILE64_SOURCE -D_FILE_OFFSET_BITS=64  conftest.c  -Wl,-framework -Wl,CoreFoundation >&5
conftest.c:11:37: fatal error: CoreFoundation/CFLocale.h: No such file or directory
 #include <CoreFoundation/CFLocale.h>
                                     ^
compilation terminated.
configure:5982: $? = 1
configure: failed program was:
| /* confdefs.h */
| #define PACKAGE_NAME "alsa-utils"
| #define PACKAGE_TARNAME "alsa-utils"
| #define PACKAGE_VERSION "1.2.8"
| #define PACKAGE_STRING "alsa-utils 1.2.8"
| #define PACKAGE_BUGREPORT ""
| #define PACKAGE_URL ""
| #define PACKAGE "alsa-utils"
| #define VERSION "1.2.8"
| /* end confdefs.h.  */
| #include <CoreFoundation/CFLocale.h>
| int
| main ()
| {
| CFLocaleCopyPreferredLanguages();
|   ;
|   return 0;
| }
configure:5991: result: no
configure:6960: checking whether to use NLS
configure:6962: result: no
configure:7044: checking for arm-buildroot-linux-gnueabihf-gcc
configure:7071: result: /home/jee/linux/armv7/ll/buildroot/output/host/bin/arm-linux-gnueabihf-gcc
configure:7340: checking for C compiler version
configure:7349: /home/jee/linux/armv7/ll/buildroot/output/host/bin/arm-linux-gnueabihf-gcc --version >&5
arm-linux-gnueabihf-gcc (Linaro GCC 4.9-2017.01) 4.9.4
Copyright (C) 2015 Free Software Foundation, Inc.
This is free software; see the source for copying conditions.  There is NO
warranty; not even for MERCHANTABILITY or FITNESS FOR A PARTICULAR PURPOSE.

configure:7360: $? = 0
configure:7349: /home/jee/linux/armv7/ll/buildroot/output/host/bin/arm-linux-gnueabihf-gcc -v >&5
Using built-in specs.
COLLECT_GCC=/usr/local/arm/gcc-linaro-4.9.4-2017.01-x86_64_arm-linux-gnueabihf/bin/arm-linux-gnueabihf-gcc
COLLECT_LTO_WRAPPER=/usr/local/arm/gcc-linaro-4.9.4-2017.01-x86_64_arm-linux-gnueabihf/bin/../libexec/gcc/arm-linux-gnueabihf/4.9.4/lto-wrapper
Target: arm-linux-gnueabihf
Configured with: /home/tcwg-buildslave/workspace/tcwg-make-release/label/docker-trusty-amd64-tcwg-build/target/arm-linux-gnueabihf/snapshots/gcc-linaro-4.9-2017.01/configure SHELL=/bin/bash --with-mpc=/home/tcwg-buildslave/workspace/tcwg-make-release/label/docker-trusty-amd64-tcwg-build/target/arm-linux-gnueabihf/_build/builds/destdir/x86_64-unknown-linux-gnu --with-mpfr=/home/tcwg-buildslave/workspace/tcwg-make-release/label/docker-trusty-amd64-tcwg-build/target/arm-linux-gnueabihf/_build/builds/destdir/x86_64-unknown-linux-gnu --with-gmp=/home/tcwg-buildslave/workspace/tcwg-make-release/label/docker-trusty-amd64-tcwg-build/target/arm-linux-gnueabihf/_build/builds/destdir/x86_64-unknown-linux-gnu --with-gnu-as --with-gnu-ld --disable-libmudflap --enable-lto --enable-objc-gc --enable-shared --without-included-gettext --enable-nls --disable-sjlj-exceptions --enable-gnu-unique-object --enable-linker-build-id --disable-libstdcxx-pch --enable-c99 --enable-clocale=gnu --enable-libstdcxx-debug --enable-long-long --with-cloog=no --with-ppl=no --with-isl=no --disable-multilib --with-float=hard --with-mode=thumb --with-tune=cortex-a9 --with-arch=armv7-a --with-fpu=vfpv3-d16 --enable-threads=posix --enable-multiarch --enable-libstdcxx-time=yes --with-build-sysroot=/home/tcwg-buildslave/workspace/tcwg-make-release/label/docker-trusty-amd64-tcwg-build/target/arm-linux-gnueabihf/_build/sysroots/arm-linux-gnueabihf --with-sysroot=/home/tcwg-buildslave/workspace/tcwg-make-release/label/docker-trusty-amd64-tcwg-build/target/arm-linux-gnueabihf/_build/builds/destdir/x86_64-unknown-linux-gnu/arm-linux-gnueabihf/libc --enable-checking=release --disable-bootstrap --enable-languages=c,c++,fortran,lto --build=x86_64-unknown-linux-gnu --host=x86_64-unknown-linux-gnu --target=arm-linux-gnueabihf --prefix=/home/tcwg-buildslave/workspace/tcwg-make-release/label/docker-trusty-amd64-tcwg-build/target/arm-linux-gnueabihf/_build/builds/destdir/x86_64-unknown-linux-gnu
Thread model: posix
gcc version 4.9.4 (Linaro GCC 4.9-2017.01) 
COMPILER_PATH=/usr/local/arm/gcc-linaro-4.9.4-2017.01-x86_64_arm-linux-gnueabihf/bin/../libexec/gcc/arm-linux-gnueabihf/4.9.4/:/usr/local/arm/gcc-linaro-4.9.4-2017.01-x86_64_arm-linux-gnueabihf/bin/../libexec/gcc/arm-linux-gnueabihf/:/usr/local/arm/gcc-linaro-4.9.4-2017.01-x86_64_arm-linux-gnueabihf/bin/../libexec/gcc/:/usr/local/arm/gcc-linaro-4.9.4-2017.01-x86_64_arm-linux-gnueabihf/bin/../lib/gcc/arm-linux-gnueabihf/4.9.4/../../../../arm-linux-gnueabihf/bin/
LIBRARY_PATH=/usr/local/arm/gcc-linaro-4.9.4-2017.01-x86_64_arm-linux-gnueabihf/bin/../lib/gcc/arm-linux-gnueabihf/4.9.4/:/usr/local/arm/gcc-linaro-4.9.4-2017.01-x86_64_arm-linux-gnueabihf/bin/../lib/gcc/arm-linux-gnueabihf/:/usr/local/arm/gcc-linaro-4.9.4-2017.01-x86_64_arm-linux-gnueabihf/bin/../lib/gcc/:/usr/local/arm/gcc-linaro-4.9.4-2017.01-x86_64_arm-linux-gnueabihf/bin/../lib/gcc/arm-linux-gnueabihf/4.9.4/../../../../arm-linux-gnueabihf/lib/:/home/jee/linux/armv7/ll/buildroot/output/host/arm-buildroot-linux-gnueabihf/sysroot/lib/:/home/jee/linux/armv7/ll/buildroot/output/host/arm-buildroot-linux-gnueabihf/sysroot/usr/lib/
COLLECT_GCC_OPTIONS='-mabi=aapcs-linux' '-mfpu=neon-vfpv4' '-marm' '-fstack-protector-strong' '-mfloat-abi=hard' '-mcpu=cortex-a7' '-fPIE' '-pie' '-v' '-mtls-dialect=gnu'
... rest of stderr output deleted ...
configure:7360: $? = 1
configure:7349: /home/jee/linux/armv7/ll/buildroot/output/host/bin/arm-linux-gnueabihf-gcc -V >&5
arm-linux-gnueabihf-gcc: error: unrecognized command line option '-V'
configure:7360: $? = 1
configure:7349: /home/jee/linux/armv7/ll/buildroot/output/host/bin/arm-linux-gnueabihf-gcc -qversion >&5
arm-linux-gnueabihf-gcc: error: unrecognized command line option '-qversion'
configure:7360: $? = 1
configure:7364: checking whether we are using the GNU C compiler
configure:7392: result: yes
configure:7401: checking whether /home/jee/linux/armv7/ll/buildroot/output/host/bin/arm-linux-gnueabihf-gcc accepts -g
configure:7462: result: yes
configure:7479: checking for /home/jee/linux/armv7/ll/buildroot/output/host/bin/arm-linux-gnueabihf-gcc option to accept ISO C89
configure:7555: result: none needed
configure:7580: checking whether /home/jee/linux/armv7/ll/buildroot/output/host/bin/arm-linux-gnueabihf-gcc understands -c and -o together
configure:7617: result: yes
configure:7636: checking dependency style of /home/jee/linux/armv7/ll/buildroot/output/host/bin/arm-linux-gnueabihf-gcc
configure:7747: result: none
configure:7764: checking whether ln -s works
configure:7768: result: yes
configure:7775: checking for a sed that does not truncate output
configure:7839: result: /usr/bin/sed
configure:7921: checking how to print strings
configure:7948: result: printf
configure:7969: checking for a sed that does not truncate output
configure:8033: result: /usr/bin/sed
configure:8051: checking for fgrep
configure:8113: result: /usr/bin/grep -F
configure:8148: checking for ld used by /home/jee/linux/armv7/ll/buildroot/output/host/bin/arm-linux-gnueabihf-gcc
configure:8215: result: /home/jee/linux/armv7/ll/buildroot/output/host/bin/arm-linux-gnueabihf-ld
configure:8222: checking if the linker (/home/jee/linux/armv7/ll/buildroot/output/host/bin/arm-linux-gnueabihf-ld) is GNU ld
configure:8237: result: yes
configure:8249: checking for BSD- or MS-compatible name lister (nm)
configure:8303: result: /home/jee/linux/armv7/ll/buildroot/output/host/bin/arm-linux-gnueabihf-gcc-nm
configure:8433: checking the name lister (/home/jee/linux/armv7/ll/buildroot/output/host/bin/arm-linux-gnueabihf-gcc-nm) interface
configure:8440: /home/jee/linux/armv7/ll/buildroot/output/host/bin/arm-linux-gnueabihf-gcc -c -D_LARGEFILE_SOURCE -D_LARGEFILE64_SOURCE -D_FILE_OFFSET_BITS=64  -Os -g0 -D_FORTIFY_SOURCE=1 -D_LARGEFILE_SOURCE -D_LARGEFILE64_SOURCE -D_FILE_OFFSET_BITS=64 conftest.c >&5
configure:8443: /home/jee/linux/armv7/ll/buildroot/output/host/bin/arm-linux-gnueabihf-gcc-nm "conftest.o"
configure:8446: output
00000000 B some_variable
configure:8447: result: BSD nm
configure:8451: checking the maximum length of command line arguments
configure:8582: result: 1572864
configure:8630: checking how to convert x86_64-pc-linux-gnu file names to arm-buildroot-linux-gnueabihf format
configure:8670: result: func_convert_file_noop
configure:8677: checking how to convert x86_64-pc-linux-gnu file names to toolchain format
configure:8697: result: func_convert_file_noop
configure:8704: checking for /home/jee/linux/armv7/ll/buildroot/output/host/bin/arm-linux-gnueabihf-ld option to reload object files
configure:8711: result: -r
configure:8745: checking for arm-buildroot-linux-gnueabihf-objdump
configure:8772: result: /home/jee/linux/armv7/ll/buildroot/output/host/bin/arm-linux-gnueabihf-objdump
configure:8844: checking how to recognize dependent libraries
configure:9044: result: pass_all
configure:9089: checking for arm-buildroot-linux-gnueabihf-dlltool
configure:9119: result: no
configure:9129: checking for dlltool
configure:9159: result: no
configure:9189: checking how to associate runtime and link libraries
configure:9216: result: printf %s\n
configure:9232: checking for arm-buildroot-linux-gnueabihf-ar
configure:9259: result: /home/jee/linux/armv7/ll/buildroot/output/host/bin/arm-linux-gnueabihf-gcc-ar
configure:9340: checking for archiver @FILE support
configure:9357: /home/jee/linux/armv7/ll/buildroot/output/host/bin/arm-linux-gnueabihf-gcc -c -D_LARGEFILE_SOURCE -D_LARGEFILE64_SOURCE -D_FILE_OFFSET_BITS=64  -Os -g0 -D_FORTIFY_SOURCE=1 -D_LARGEFILE_SOURCE -D_LARGEFILE64_SOURCE -D_FILE_OFFSET_BITS=64 conftest.c >&5
configure:9357: $? = 0
configure:9360: /home/jee/linux/armv7/ll/buildroot/output/host/bin/arm-linux-gnueabihf-gcc-ar cru libconftest.a @conftest.lst >&5
configure:9363: $? = 0
configure:9368: /home/jee/linux/armv7/ll/buildroot/output/host/bin/arm-linux-gnueabihf-gcc-ar cru libconftest.a @conftest.lst >&5
/usr/local/arm/gcc-linaro-4.9.4-2017.01-x86_64_arm-linux-gnueabihf/bin/../lib/gcc/arm-linux-gnueabihf/4.9.4/../../../../arm-linux-gnueabihf/bin/ar: conftest.o: No such file or directory
configure:9371: $? = 1
configure:9370: result: @
configure:9388: checking for arm-buildroot-linux-gnueabihf-strip
configure:9415: result: /home/jee/linux/armv7/ll/buildroot/output/host/bin/arm-linux-gnueabihf-strip
configure:9487: checking for arm-buildroot-linux-gnueabihf-ranlib
configure:9514: result: /home/jee/linux/armv7/ll/buildroot/output/host/bin/arm-linux-gnueabihf-gcc-ranlib
configure:9656: checking command to parse /home/jee/linux/armv7/ll/buildroot/output/host/bin/arm-linux-gnueabihf-gcc-nm output from /home/jee/linux/armv7/ll/buildroot/output/host/bin/arm-linux-gnueabihf-gcc object
configure:9809: /home/jee/linux/armv7/ll/buildroot/output/host/bin/arm-linux-gnueabihf-gcc -c -D_LARGEFILE_SOURCE -D_LARGEFILE64_SOURCE -D_FILE_OFFSET_BITS=64  -Os -g0 -D_FORTIFY_SOURCE=1 -D_LARGEFILE_SOURCE -D_LARGEFILE64_SOURCE -D_FILE_OFFSET_BITS=64 conftest.c >&5
configure:9812: $? = 0
configure:9816: /home/jee/linux/armv7/ll/buildroot/output/host/bin/arm-linux-gnueabihf-gcc-nm conftest.o \| sed -n -e 's/^.*[ ]\([ABCDGIRSTW][ABCDGIRSTW]*\)[ ][ ]*\([_A-Za-z][_A-Za-z0-9]*\)$/\1 \2 \2/p' | sed '/ __gnu_lto/d' \> conftest.nm
configure:9819: $? = 0
configure:9885: /home/jee/linux/armv7/ll/buildroot/output/host/bin/arm-linux-gnueabihf-gcc -o conftest -D_LARGEFILE_SOURCE -D_LARGEFILE64_SOURCE -D_FILE_OFFSET_BITS=64  -Os -g0 -D_FORTIFY_SOURCE=1 -D_LARGEFILE_SOURCE -D_LARGEFILE64_SOURCE -D_FILE_OFFSET_BITS=64  conftest.c conftstm.o >&5
configure:9888: $? = 0
configure:9926: result: ok
configure:9973: checking for sysroot
configure:10003: result: no
configure:10010: checking for a working dd
configure:10048: result: /usr/bin/dd
configure:10052: checking how to truncate binary pipes
configure:10067: result: /usr/bin/dd bs=4096 count=1
configure:10356: checking for arm-buildroot-linux-gnueabihf-mt
configure:10386: result: no
configure:10396: checking for mt
configure:10412: found /usr/bin/mt
configure:10423: result: mt
configure:10435: WARNING: using cross tools not prefixed with host triplet
configure:10446: checking if mt is a manifest tool
configure:10452: mt '-?'
configure:10460: result: no
configure:11132: checking for ANSI C header files
configure:11152: /home/jee/linux/armv7/ll/buildroot/output/host/bin/arm-linux-gnueabihf-gcc -c -D_LARGEFILE_SOURCE -D_LARGEFILE64_SOURCE -D_FILE_OFFSET_BITS=64  -Os -g0 -D_FORTIFY_SOURCE=1 -D_LARGEFILE_SOURCE -D_LARGEFILE64_SOURCE -D_FILE_OFFSET_BITS=64 conftest.c >&5
configure:11152: $? = 0
configure:11236: result: yes
configure:11249: checking for sys/types.h
configure:11249: /home/jee/linux/armv7/ll/buildroot/output/host/bin/arm-linux-gnueabihf-gcc -c -D_LARGEFILE_SOURCE -D_LARGEFILE64_SOURCE -D_FILE_OFFSET_BITS=64  -Os -g0 -D_FORTIFY_SOURCE=1 -D_LARGEFILE_SOURCE -D_LARGEFILE64_SOURCE -D_FILE_OFFSET_BITS=64 conftest.c >&5
configure:11249: $? = 0
configure:11249: result: yes
configure:11249: checking for sys/stat.h
configure:11249: /home/jee/linux/armv7/ll/buildroot/output/host/bin/arm-linux-gnueabihf-gcc -c -D_LARGEFILE_SOURCE -D_LARGEFILE64_SOURCE -D_FILE_OFFSET_BITS=64  -Os -g0 -D_FORTIFY_SOURCE=1 -D_LARGEFILE_SOURCE -D_LARGEFILE64_SOURCE -D_FILE_OFFSET_BITS=64 conftest.c >&5
configure:11249: $? = 0
configure:11249: result: yes
configure:11249: checking for stdlib.h
configure:11249: /home/jee/linux/armv7/ll/buildroot/output/host/bin/arm-linux-gnueabihf-gcc -c -D_LARGEFILE_SOURCE -D_LARGEFILE64_SOURCE -D_FILE_OFFSET_BITS=64  -Os -g0 -D_FORTIFY_SOURCE=1 -D_LARGEFILE_SOURCE -D_LARGEFILE64_SOURCE -D_FILE_OFFSET_BITS=64 conftest.c >&5
configure:11249: $? = 0
configure:11249: result: yes
configure:11249: checking for string.h
configure:11249: /home/jee/linux/armv7/ll/buildroot/output/host/bin/arm-linux-gnueabihf-gcc -c -D_LARGEFILE_SOURCE -D_LARGEFILE64_SOURCE -D_FILE_OFFSET_BITS=64  -Os -g0 -D_FORTIFY_SOURCE=1 -D_LARGEFILE_SOURCE -D_LARGEFILE64_SOURCE -D_FILE_OFFSET_BITS=64 conftest.c >&5
configure:11249: $? = 0
configure:11249: result: yes
configure:11249: checking for memory.h
configure:11249: /home/jee/linux/armv7/ll/buildroot/output/host/bin/arm-linux-gnueabihf-gcc -c -D_LARGEFILE_SOURCE -D_LARGEFILE64_SOURCE -D_FILE_OFFSET_BITS=64  -Os -g0 -D_FORTIFY_SOURCE=1 -D_LARGEFILE_SOURCE -D_LARGEFILE64_SOURCE -D_FILE_OFFSET_BITS=64 conftest.c >&5
configure:11249: $? = 0
configure:11249: result: yes
configure:11249: checking for strings.h
configure:11249: /home/jee/linux/armv7/ll/buildroot/output/host/bin/arm-linux-gnueabihf-gcc -c -D_LARGEFILE_SOURCE -D_LARGEFILE64_SOURCE -D_FILE_OFFSET_BITS=64  -Os -g0 -D_FORTIFY_SOURCE=1 -D_LARGEFILE_SOURCE -D_LARGEFILE64_SOURCE -D_FILE_OFFSET_BITS=64 conftest.c >&5
configure:11249: $? = 0
configure:11249: result: yes
configure:11249: checking for inttypes.h
configure:11249: /home/jee/linux/armv7/ll/buildroot/output/host/bin/arm-linux-gnueabihf-gcc -c -D_LARGEFILE_SOURCE -D_LARGEFILE64_SOURCE -D_FILE_OFFSET_BITS=64  -Os -g0 -D_FORTIFY_SOURCE=1 -D_LARGEFILE_SOURCE -D_LARGEFILE64_SOURCE -D_FILE_OFFSET_BITS=64 conftest.c >&5
configure:11249: $? = 0
configure:11249: result: yes
configure:11249: checking for stdint.h
configure:11249: /home/jee/linux/armv7/ll/buildroot/output/host/bin/arm-linux-gnueabihf-gcc -c -D_LARGEFILE_SOURCE -D_LARGEFILE64_SOURCE -D_FILE_OFFSET_BITS=64  -Os -g0 -D_FORTIFY_SOURCE=1 -D_LARGEFILE_SOURCE -D_LARGEFILE64_SOURCE -D_FILE_OFFSET_BITS=64 conftest.c >&5
configure:11249: $? = 0
configure:11249: result: yes
configure:11249: checking for unistd.h
configure:11249: /home/jee/linux/armv7/ll/buildroot/output/host/bin/arm-linux-gnueabihf-gcc -c -D_LARGEFILE_SOURCE -D_LARGEFILE64_SOURCE -D_FILE_OFFSET_BITS=64  -Os -g0 -D_FORTIFY_SOURCE=1 -D_LARGEFILE_SOURCE -D_LARGEFILE64_SOURCE -D_FILE_OFFSET_BITS=64 conftest.c >&5
configure:11249: $? = 0
configure:11249: result: yes
configure:11263: checking for dlfcn.h
configure:11263: /home/jee/linux/armv7/ll/buildroot/output/host/bin/arm-linux-gnueabihf-gcc -c -D_LARGEFILE_SOURCE -D_LARGEFILE64_SOURCE -D_FILE_OFFSET_BITS=64  -Os -g0 -D_FORTIFY_SOURCE=1 -D_LARGEFILE_SOURCE -D_LARGEFILE64_SOURCE -D_FILE_OFFSET_BITS=64 conftest.c >&5
configure:11263: $? = 0
configure:11263: result: yes
configure:11489: checking for objdir
configure:11504: result: .libs
configure:11768: checking if /home/jee/linux/armv7/ll/buildroot/output/host/bin/arm-linux-gnueabihf-gcc supports -fno-rtti -fno-exceptions
configure:11786: /home/jee/linux/armv7/ll/buildroot/output/host/bin/arm-linux-gnueabihf-gcc -c -D_LARGEFILE_SOURCE -D_LARGEFILE64_SOURCE -D_FILE_OFFSET_BITS=64  -Os -g0 -D_FORTIFY_SOURCE=1 -D_LARGEFILE_SOURCE -D_LARGEFILE64_SOURCE -D_FILE_OFFSET_BITS=64 -fno-rtti -fno-exceptions conftest.c >&5
cc1: warning: command line option '-fno-rtti' is valid for C++/ObjC++ but not for C
configure:11790: $? = 0
configure:11803: result: no
configure:12161: checking for /home/jee/linux/armv7/ll/buildroot/output/host/bin/arm-linux-gnueabihf-gcc option to produce PIC
configure:12168: result: -fPIC -DPIC
configure:12176: checking if /home/jee/linux/armv7/ll/buildroot/output/host/bin/arm-linux-gnueabihf-gcc PIC flag -fPIC -DPIC works
configure:12194: /home/jee/linux/armv7/ll/buildroot/output/host/bin/arm-linux-gnueabihf-gcc -c -D_LARGEFILE_SOURCE -D_LARGEFILE64_SOURCE -D_FILE_OFFSET_BITS=64  -Os -g0 -D_FORTIFY_SOURCE=1 -D_LARGEFILE_SOURCE -D_LARGEFILE64_SOURCE -D_FILE_OFFSET_BITS=64 -fPIC -DPIC -DPIC conftest.c >&5
configure:12198: $? = 0
configure:12211: result: yes
configure:12240: checking if /home/jee/linux/armv7/ll/buildroot/output/host/bin/arm-linux-gnueabihf-gcc static flag -static works
configure:12268: result: yes
configure:12283: checking if /home/jee/linux/armv7/ll/buildroot/output/host/bin/arm-linux-gnueabihf-gcc supports -c -o file.o
configure:12304: /home/jee/linux/armv7/ll/buildroot/output/host/bin/arm-linux-gnueabihf-gcc -c -D_LARGEFILE_SOURCE -D_LARGEFILE64_SOURCE -D_FILE_OFFSET_BITS=64  -Os -g0 -D_FORTIFY_SOURCE=1 -D_LARGEFILE_SOURCE -D_LARGEFILE64_SOURCE -D_FILE_OFFSET_BITS=64 -o out/conftest2.o conftest.c >&5
configure:12308: $? = 0
configure:12330: result: yes
configure:12338: checking if /home/jee/linux/armv7/ll/buildroot/output/host/bin/arm-linux-gnueabihf-gcc supports -c -o file.o
configure:12385: result: yes
configure:12418: checking whether the /home/jee/linux/armv7/ll/buildroot/output/host/bin/arm-linux-gnueabihf-gcc linker (/home/jee/linux/armv7/ll/buildroot/output/host/bin/arm-linux-gnueabihf-ld) supports shared libraries
configure:13677: result: yes
configure:13714: checking whether -lc should be explicitly linked in
configure:13722: /home/jee/linux/armv7/ll/buildroot/output/host/bin/arm-linux-gnueabihf-gcc -c -D_LARGEFILE_SOURCE -D_LARGEFILE64_SOURCE -D_FILE_OFFSET_BITS=64  -Os -g0 -D_FORTIFY_SOURCE=1 -D_LARGEFILE_SOURCE -D_LARGEFILE64_SOURCE -D_FILE_OFFSET_BITS=64 conftest.c >&5
configure:13725: $? = 0
configure:13740: /home/jee/linux/armv7/ll/buildroot/output/host/bin/arm-linux-gnueabihf-gcc -shared  -fPIC -DPIC conftest.o  -v -Wl,-soname -Wl,conftest -o conftest 2\>\&1 \| /usr/bin/grep  -lc  \>/dev/null 2\>\&1
configure:13743: $? = 0
configure:13757: result: no
configure:13917: checking dynamic linker characteristics
configure:14498: /home/jee/linux/armv7/ll/buildroot/output/host/bin/arm-linux-gnueabihf-gcc -o conftest -D_LARGEFILE_SOURCE -D_LARGEFILE64_SOURCE -D_FILE_OFFSET_BITS=64  -Os -g0 -D_FORTIFY_SOURCE=1 -D_LARGEFILE_SOURCE -D_LARGEFILE64_SOURCE -D_FILE_OFFSET_BITS=64  -Wl,-rpath -Wl,/foo conftest.c  >&5
configure:14498: $? = 0
configure:14738: result: GNU/Linux ld.so
configure:14860: checking how to hardcode library paths into programs
configure:14885: result: immediate
configure:15433: checking whether stripping libraries is possible
configure:15438: result: yes
configure:15473: checking if libtool supports shared libraries
configure:15475: result: yes
configure:15478: checking whether to build shared libraries
configure:15503: result: yes
configure:15506: checking whether to build static libraries
configure:15510: result: no
configure:12445: checking pkg-config is at least version 0.9.0
configure:12448: result: yes
configure:12496: checking for ALSA CFLAGS
configure:12502: result: 
configure:12505: checking for dlopen in -lc
configure:12530: /home/jee/linux/armv7/ll/buildroot/output/host/bin/arm-linux-gnueabihf-gcc -o conftest -D_LARGEFILE_SOURCE -D_LARGEFILE64_SOURCE -D_FILE_OFFSET_BITS=64  -Os -g0 -D_FORTIFY_SOURCE=1 -D_LARGEFILE_SOURCE -D_LARGEFILE64_SOURCE -D_FILE_OFFSET_BITS=64  conftest.c -lc   >&5
/tmp/ccPsWzt0.o: In function `main':
conftest.c:(.text.startup+0x4): undefined reference to `dlopen'
collect2: error: ld returned 1 exit status
configure:12530: $? = 1
configure: failed program was:
| /* confdefs.h */
| #define PACKAGE_NAME "alsa-utils"
| #define PACKAGE_TARNAME "alsa-utils"
| #define PACKAGE_VERSION "1.2.8"
| #define PACKAGE_STRING "alsa-utils 1.2.8"
| #define PACKAGE_BUGREPORT ""
| #define PACKAGE_URL ""
| #define PACKAGE "alsa-utils"
| #define VERSION "1.2.8"
| #define STDC_HEADERS 1
| #define HAVE_SYS_TYPES_H 1
| #define HAVE_SYS_STAT_H 1
| #define HAVE_STDLIB_H 1
| #define HAVE_STRING_H 1
| #define HAVE_MEMORY_H 1
| #define HAVE_STRINGS_H 1
| #define HAVE_INTTYPES_H 1
| #define HAVE_STDINT_H 1
| #define HAVE_UNISTD_H 1
| #define HAVE_DLFCN_H 1
| #define LT_OBJDIR ".libs/"
| /* end confdefs.h.  */
| 
| /* Override any GCC internal prototype to avoid an error.
|    Use char because int might match the return type of a GCC
|    builtin and then its argument prototype would still apply.  */
| #ifdef __cplusplus
| extern "C"
| #endif
| char dlopen ();
| int
| main ()
| {
| return dlopen ();
|   ;
|   return 0;
| }
configure:12539: result: no
configure:12544: checking for dlopen in -ldl
configure:12569: /home/jee/linux/armv7/ll/buildroot/output/host/bin/arm-linux-gnueabihf-gcc -o conftest -D_LARGEFILE_SOURCE -D_LARGEFILE64_SOURCE -D_FILE_OFFSET_BITS=64  -Os -g0 -D_FORTIFY_SOURCE=1 -D_LARGEFILE_SOURCE -D_LARGEFILE64_SOURCE -D_FILE_OFFSET_BITS=64  conftest.c -ldl   >&5
configure:12569: $? = 0
configure:12578: result: yes
configure:12587: checking for ALSA LDFLAGS
configure:12596: result:  -lasound -lm -ldl -lpthread
configure:12601: checking required libasound headers version
configure:12611: result: 1.2.5
configure:12620: checking for libasound headers version >= 1.2.5 (1.2.5)
configure:12667: /home/jee/linux/armv7/ll/buildroot/output/host/bin/arm-linux-gnueabihf-gcc -c -D_LARGEFILE_SOURCE -D_LARGEFILE64_SOURCE -D_FILE_OFFSET_BITS=64  -Os -g0 -D_FORTIFY_SOURCE=1 -D_LARGEFILE_SOURCE -D_LARGEFILE64_SOURCE -D_FILE_OFFSET_BITS=64 conftest.c >&5
configure:12667: $? = 0
configure:12668: result: found.
configure:12691: checking for libatopology (sound headers version > 1.1.9)
configure:12718: /home/jee/linux/armv7/ll/buildroot/output/host/bin/arm-linux-gnueabihf-gcc -c -D_LARGEFILE_SOURCE -D_LARGEFILE64_SOURCE -D_FILE_OFFSET_BITS=64  -Os -g0 -D_FORTIFY_SOURCE=1 -D_LARGEFILE_SOURCE -D_LARGEFILE64_SOURCE -D_FILE_OFFSET_BITS=64 conftest.c >&5
configure:12718: $? = 0
configure:12719: result: yes
configure:12737: checking for snd_ctl_open in -lasound
configure:12762: /home/jee/linux/armv7/ll/buildroot/output/host/bin/arm-linux-gnueabihf-gcc -o conftest -D_LARGEFILE_SOURCE -D_LARGEFILE64_SOURCE -D_FILE_OFFSET_BITS=64  -Os -g0 -D_FORTIFY_SOURCE=1 -D_LARGEFILE_SOURCE -D_LARGEFILE64_SOURCE -D_FILE_OFFSET_BITS=64  conftest.c -lasound   -lasound -lm -ldl -lpthread  >&5
configure:12762: $? = 0
configure:12771: result: yes
configure:12789: checking for snd_tplg_new in -latopology
configure:12814: /home/jee/linux/armv7/ll/buildroot/output/host/bin/arm-linux-gnueabihf-gcc -o conftest -D_LARGEFILE_SOURCE -D_LARGEFILE64_SOURCE -D_FILE_OFFSET_BITS=64  -Os -g0 -D_FORTIFY_SOURCE=1 -D_LARGEFILE_SOURCE -D_LARGEFILE64_SOURCE -D_FILE_OFFSET_BITS=64  conftest.c -latopology  -lasound  -lasound -lm -ldl -lpthread  >&5
configure:12814: $? = 0
configure:12823: result: yes
configure:12863: checking for ALSA topology LDFLAGS
configure:12868: result:  -latopology
configure:12876: checking for snd_ctl_elem_add_enumerated
configure:12876: /home/jee/linux/armv7/ll/buildroot/output/host/bin/arm-linux-gnueabihf-gcc -o conftest -D_LARGEFILE_SOURCE -D_LARGEFILE64_SOURCE -D_FILE_OFFSET_BITS=64  -Os -g0 -D_FORTIFY_SOURCE=1 -D_LARGEFILE_SOURCE -D_LARGEFILE64_SOURCE -D_FILE_OFFSET_BITS=64  conftest.c -lasound -lm -ldl -lpthread >&5
configure:12876: $? = 0
configure:12876: result: yes
configure:12887: checking for alsa/pcm.h
configure:12887: /home/jee/linux/armv7/ll/buildroot/output/host/bin/arm-linux-gnueabihf-gcc -c -D_LARGEFILE_SOURCE -D_LARGEFILE64_SOURCE -D_FILE_OFFSET_BITS=64  -Os -g0 -D_FORTIFY_SOURCE=1 -D_LARGEFILE_SOURCE -D_LARGEFILE64_SOURCE -D_FILE_OFFSET_BITS=64 conftest.c >&5
configure:12887: $? = 0
configure:12887: result: yes
configure:12902: checking for alsa/mixer.h
configure:12902: /home/jee/linux/armv7/ll/buildroot/output/host/bin/arm-linux-gnueabihf-gcc -c -D_LARGEFILE_SOURCE -D_LARGEFILE64_SOURCE -D_FILE_OFFSET_BITS=64  -Os -g0 -D_FORTIFY_SOURCE=1 -D_LARGEFILE_SOURCE -D_LARGEFILE64_SOURCE -D_FILE_OFFSET_BITS=64 conftest.c >&5
configure:12902: $? = 0
configure:12902: result: yes
configure:12917: checking for alsa/rawmidi.h
configure:12917: /home/jee/linux/armv7/ll/buildroot/output/host/bin/arm-linux-gnueabihf-gcc -c -D_LARGEFILE_SOURCE -D_LARGEFILE64_SOURCE -D_FILE_OFFSET_BITS=64  -Os -g0 -D_FORTIFY_SOURCE=1 -D_LARGEFILE_SOURCE -D_LARGEFILE64_SOURCE -D_FILE_OFFSET_BITS=64 conftest.c >&5
configure:12917: $? = 0
configure:12917: result: yes
configure:12932: checking for alsa/seq.h
configure:12932: /home/jee/linux/armv7/ll/buildroot/output/host/bin/arm-linux-gnueabihf-gcc -c -D_LARGEFILE_SOURCE -D_LARGEFILE64_SOURCE -D_FILE_OFFSET_BITS=64  -Os -g0 -D_FORTIFY_SOURCE=1 -D_LARGEFILE_SOURCE -D_LARGEFILE64_SOURCE -D_FILE_OFFSET_BITS=64 conftest.c >&5
configure:12932: $? = 0
configure:12932: result: yes
configure:12947: checking for alsa/use-case.h
configure:12947: /home/jee/linux/armv7/ll/buildroot/output/host/bin/arm-linux-gnueabihf-gcc -c -D_LARGEFILE_SOURCE -D_LARGEFILE64_SOURCE -D_FILE_OFFSET_BITS=64  -Os -g0 -D_FORTIFY_SOURCE=1 -D_LARGEFILE_SOURCE -D_LARGEFILE64_SOURCE -D_FILE_OFFSET_BITS=64 conftest.c >&5
configure:12947: $? = 0
configure:12947: result: yes
configure:12962: checking for alsa/topology.h
configure:12962: /home/jee/linux/armv7/ll/buildroot/output/host/bin/arm-linux-gnueabihf-gcc -c -D_LARGEFILE_SOURCE -D_LARGEFILE64_SOURCE -D_FILE_OFFSET_BITS=64  -Os -g0 -D_FORTIFY_SOURCE=1 -D_LARGEFILE_SOURCE -D_LARGEFILE64_SOURCE -D_FILE_OFFSET_BITS=64 conftest.c >&5
configure:12962: $? = 0
configure:12962: result: yes
configure:12977: checking for samplerate.h
configure:12977: /home/jee/linux/armv7/ll/buildroot/output/host/bin/arm-linux-gnueabihf-gcc -c -D_LARGEFILE_SOURCE -D_LARGEFILE64_SOURCE -D_FILE_OFFSET_BITS=64  -Os -g0 -D_FORTIFY_SOURCE=1 -D_LARGEFILE_SOURCE -D_LARGEFILE64_SOURCE -D_FILE_OFFSET_BITS=64 conftest.c >&5
conftest.c:31:24: fatal error: samplerate.h: No such file or directory
 #include <samplerate.h>
                        ^
compilation terminated.
configure:12977: $? = 1
configure: failed program was:
| /* confdefs.h */
| #define PACKAGE_NAME "alsa-utils"
| #define PACKAGE_TARNAME "alsa-utils"
| #define PACKAGE_VERSION "1.2.8"
| #define PACKAGE_STRING "alsa-utils 1.2.8"
| #define PACKAGE_BUGREPORT ""
| #define PACKAGE_URL ""
| #define PACKAGE "alsa-utils"
| #define VERSION "1.2.8"
| #define STDC_HEADERS 1
| #define HAVE_SYS_TYPES_H 1
| #define HAVE_SYS_STAT_H 1
| #define HAVE_STDLIB_H 1
| #define HAVE_STRING_H 1
| #define HAVE_MEMORY_H 1
| #define HAVE_STRINGS_H 1
| #define HAVE_INTTYPES_H 1
| #define HAVE_STDINT_H 1
| #define HAVE_UNISTD_H 1
| #define HAVE_DLFCN_H 1
| #define LT_OBJDIR ".libs/"
| #define HAVE_LIBASOUND 1
| #define HAVE_LIBATOPOLOGY 1
| #define HAVE_ALSA_PCM_H 1
| #define HAVE_ALSA_MIXER_H 1
| #define HAVE_ALSA_RAWMIDI_H 1
| #define HAVE_ALSA_SEQ_H 1
| #define HAVE_ALSA_USE_CASE_H 1
| #define HAVE_ALSA_TOPOLOGY_H 1
| /* end confdefs.h.  */
| #include <samplerate.h>
| 
| #include <samplerate.h>
configure:12977: result: no
configure:12991: checking for snd_seq_client_info_get_card in -lasound
configure:13016: /home/jee/linux/armv7/ll/buildroot/output/host/bin/arm-linux-gnueabihf-gcc -o conftest -D_LARGEFILE_SOURCE -D_LARGEFILE64_SOURCE -D_FILE_OFFSET_BITS=64  -Os -g0 -D_FORTIFY_SOURCE=1 -D_LARGEFILE_SOURCE -D_LARGEFILE64_SOURCE -D_FILE_OFFSET_BITS=64  conftest.c -lasound  -lasound -lm -ldl -lpthread >&5
configure:13016: $? = 0
configure:13025: result: yes
configure:13036: checking for snd_seq_client_info_get_pid in -lasound
configure:13061: /home/jee/linux/armv7/ll/buildroot/output/host/bin/arm-linux-gnueabihf-gcc -o conftest -D_LARGEFILE_SOURCE -D_LARGEFILE64_SOURCE -D_FILE_OFFSET_BITS=64  -Os -g0 -D_FORTIFY_SOURCE=1 -D_LARGEFILE_SOURCE -D_LARGEFILE64_SOURCE -D_FILE_OFFSET_BITS=64  conftest.c -lasound  -lasound -lm -ldl -lpthread >&5
configure:13061: $? = 0
configure:13070: result: yes
configure:13081: checking for snd_tplg_save in -latopology
configure:13106: /home/jee/linux/armv7/ll/buildroot/output/host/bin/arm-linux-gnueabihf-gcc -o conftest -D_LARGEFILE_SOURCE -D_LARGEFILE64_SOURCE -D_FILE_OFFSET_BITS=64  -Os -g0 -D_FORTIFY_SOURCE=1 -D_LARGEFILE_SOURCE -D_LARGEFILE64_SOURCE -D_FILE_OFFSET_BITS=64  conftest.c -latopology  -lasound -lm -ldl -lpthread >&5
configure:13106: $? = 0
configure:13115: result: yes
configure:13131: checking for ffado_streaming_init in -lffado
configure:13156: /home/jee/linux/armv7/ll/buildroot/output/host/bin/arm-linux-gnueabihf-gcc -o conftest -D_LARGEFILE_SOURCE -D_LARGEFILE64_SOURCE -D_FILE_OFFSET_BITS=64  -Os -g0 -D_FORTIFY_SOURCE=1 -D_LARGEFILE_SOURCE -D_LARGEFILE64_SOURCE -D_FILE_OFFSET_BITS=64  conftest.c -lffado  -lasound -lm -ldl -lpthread >&5
/usr/local/arm/gcc-linaro-4.9.4-2017.01-x86_64_arm-linux-gnueabihf/bin/../lib/gcc/arm-linux-gnueabihf/4.9.4/../../../../arm-linux-gnueabihf/bin/ld: cannot find -lffado
collect2: error: ld returned 1 exit status
configure:13156: $? = 1
configure: failed program was:
| /* confdefs.h */
| #define PACKAGE_NAME "alsa-utils"
| #define PACKAGE_TARNAME "alsa-utils"
| #define PACKAGE_VERSION "1.2.8"
| #define PACKAGE_STRING "alsa-utils 1.2.8"
| #define PACKAGE_BUGREPORT ""
| #define PACKAGE_URL ""
| #define PACKAGE "alsa-utils"
| #define VERSION "1.2.8"
| #define STDC_HEADERS 1
| #define HAVE_SYS_TYPES_H 1
| #define HAVE_SYS_STAT_H 1
| #define HAVE_STDLIB_H 1
| #define HAVE_STRING_H 1
| #define HAVE_MEMORY_H 1
| #define HAVE_STRINGS_H 1
| #define HAVE_INTTYPES_H 1
| #define HAVE_STDINT_H 1
| #define HAVE_UNISTD_H 1
| #define HAVE_DLFCN_H 1
| #define LT_OBJDIR ".libs/"
| #define HAVE_LIBASOUND 1
| #define HAVE_LIBATOPOLOGY 1
| #define HAVE_ALSA_PCM_H 1
| #define HAVE_ALSA_MIXER_H 1
| #define HAVE_ALSA_RAWMIDI_H 1
| #define HAVE_ALSA_SEQ_H 1
| #define HAVE_ALSA_USE_CASE_H 1
| #define HAVE_ALSA_TOPOLOGY_H 1
| #define HAVE_SEQ_CLIENT_INFO_GET_CARD 1
| #define HAVE_SEQ_CLIENT_INFO_GET_PID 1
| /* end confdefs.h.  */
| 
| /* Override any GCC internal prototype to avoid an error.
|    Use char because int might match the return type of a GCC
|    builtin and then its argument prototype would still apply.  */
| #ifdef __cplusplus
| extern "C"
| #endif
| char ffado_streaming_init ();
| int
| main ()
| {
| return ffado_streaming_init ();
|   ;
|   return 0;
| }
configure:13165: result: no
configure:13180: checking for memfd_create
configure:13180: /home/jee/linux/armv7/ll/buildroot/output/host/bin/arm-linux-gnueabihf-gcc -o conftest -D_LARGEFILE_SOURCE -D_LARGEFILE64_SOURCE -D_FILE_OFFSET_BITS=64  -Os -g0 -D_FORTIFY_SOURCE=1 -D_LARGEFILE_SOURCE -D_LARGEFILE64_SOURCE -D_FILE_OFFSET_BITS=64  conftest.c -lasound -lm -ldl -lpthread >&5
/tmp/ccpFFZP5.o: In function `main':
conftest.c:(.text.startup+0x4): undefined reference to `memfd_create'
collect2: error: ld returned 1 exit status
configure:13180: $? = 1
configure: failed program was:
| /* confdefs.h */
| #define PACKAGE_NAME "alsa-utils"
| #define PACKAGE_TARNAME "alsa-utils"
| #define PACKAGE_VERSION "1.2.8"
| #define PACKAGE_STRING "alsa-utils 1.2.8"
| #define PACKAGE_BUGREPORT ""
| #define PACKAGE_URL ""
| #define PACKAGE "alsa-utils"
| #define VERSION "1.2.8"
| #define STDC_HEADERS 1
| #define HAVE_SYS_TYPES_H 1
| #define HAVE_SYS_STAT_H 1
| #define HAVE_STDLIB_H 1
| #define HAVE_STRING_H 1
| #define HAVE_MEMORY_H 1
| #define HAVE_STRINGS_H 1
| #define HAVE_INTTYPES_H 1
| #define HAVE_STDINT_H 1
| #define HAVE_UNISTD_H 1
| #define HAVE_DLFCN_H 1
| #define LT_OBJDIR ".libs/"
| #define HAVE_LIBASOUND 1
| #define HAVE_LIBATOPOLOGY 1
| #define HAVE_ALSA_PCM_H 1
| #define HAVE_ALSA_MIXER_H 1
| #define HAVE_ALSA_RAWMIDI_H 1
| #define HAVE_ALSA_SEQ_H 1
| #define HAVE_ALSA_USE_CASE_H 1
| #define HAVE_ALSA_TOPOLOGY_H 1
| #define HAVE_SEQ_CLIENT_INFO_GET_CARD 1
| #define HAVE_SEQ_CLIENT_INFO_GET_PID 1
| /* end confdefs.h.  */
| /* Define memfd_create to an innocuous variant, in case <limits.h> declares memfd_create.
|    For example, HP-UX 11i <limits.h> declares gettimeofday.  */
| #define memfd_create innocuous_memfd_create
| 
| /* System header to define __stub macros and hopefully few prototypes,
|     which can conflict with char memfd_create (); below.
|     Prefer <limits.h> to <assert.h> if __STDC__ is defined, since
|     <limits.h> exists even on freestanding compilers.  */
| 
| #ifdef __STDC__
| # include <limits.h>
| #else
| # include <assert.h>
| #endif
| 
| #undef memfd_create
| 
| /* Override any GCC internal prototype to avoid an error.
|    Use char because int might match the return type of a GCC
|    builtin and then its argument prototype would still apply.  */
| #ifdef __cplusplus
| extern "C"
| #endif
| char memfd_create ();
| /* The GNU C library defines this for functions which it implements
|     to always fail with ENOSYS.  Some functions are actually named
|     something starting with __ and the normal name is an alias.  */
| #if defined __stub_memfd_create || defined __stub___memfd_create
| choke me
| #endif
| 
| int
| main ()
| {
| return memfd_create ();
|   ;
|   return 0;
| }
configure:13180: result: no
configure:13303: checking for fftwf_malloc in -lfftw3f
configure:13328: /home/jee/linux/armv7/ll/buildroot/output/host/bin/arm-linux-gnueabihf-gcc -o conftest -D_LARGEFILE_SOURCE -D_LARGEFILE64_SOURCE -D_FILE_OFFSET_BITS=64  -Os -g0 -D_FORTIFY_SOURCE=1 -D_LARGEFILE_SOURCE -D_LARGEFILE64_SOURCE -D_FILE_OFFSET_BITS=64  conftest.c -lfftw3f  -lasound -lm -ldl -lpthread >&5
/usr/local/arm/gcc-linaro-4.9.4-2017.01-x86_64_arm-linux-gnueabihf/bin/../lib/gcc/arm-linux-gnueabihf/4.9.4/../../../../arm-linux-gnueabihf/bin/ld: cannot find -lfftw3f
collect2: error: ld returned 1 exit status
configure:13328: $? = 1
configure: failed program was:
| /* confdefs.h */
| #define PACKAGE_NAME "alsa-utils"
| #define PACKAGE_TARNAME "alsa-utils"
| #define PACKAGE_VERSION "1.2.8"
| #define PACKAGE_STRING "alsa-utils 1.2.8"
| #define PACKAGE_BUGREPORT ""
| #define PACKAGE_URL ""
| #define PACKAGE "alsa-utils"
| #define VERSION "1.2.8"
| #define STDC_HEADERS 1
| #define HAVE_SYS_TYPES_H 1
| #define HAVE_SYS_STAT_H 1
| #define HAVE_STDLIB_H 1
| #define HAVE_STRING_H 1
| #define HAVE_MEMORY_H 1
| #define HAVE_STRINGS_H 1
| #define HAVE_INTTYPES_H 1
| #define HAVE_STDINT_H 1
| #define HAVE_UNISTD_H 1
| #define HAVE_DLFCN_H 1
| #define LT_OBJDIR ".libs/"
| #define HAVE_LIBASOUND 1
| #define HAVE_LIBATOPOLOGY 1
| #define HAVE_ALSA_PCM_H 1
| #define HAVE_ALSA_MIXER_H 1
| #define HAVE_ALSA_RAWMIDI_H 1
| #define HAVE_ALSA_SEQ_H 1
| #define HAVE_ALSA_USE_CASE_H 1
| #define HAVE_ALSA_TOPOLOGY_H 1
| #define HAVE_SEQ_CLIENT_INFO_GET_CARD 1
| #define HAVE_SEQ_CLIENT_INFO_GET_PID 1
| /* end confdefs.h.  */
| 
| /* Override any GCC internal prototype to avoid an error.
|    Use char because int might match the return type of a GCC
|    builtin and then its argument prototype would still apply.  */
| #ifdef __cplusplus
| extern "C"
| #endif
| char fftwf_malloc ();
| int
| main ()
| {
| return fftwf_malloc ();
|   ;
|   return 0;
| }
configure:13337: result: no
configure:13401: checking for sqrtf in -lm
configure:13426: /home/jee/linux/armv7/ll/buildroot/output/host/bin/arm-linux-gnueabihf-gcc -o conftest -D_LARGEFILE_SOURCE -D_LARGEFILE64_SOURCE -D_FILE_OFFSET_BITS=64  -Os -g0 -D_FORTIFY_SOURCE=1 -D_LARGEFILE_SOURCE -D_LARGEFILE64_SOURCE -D_FILE_OFFSET_BITS=64  conftest.c -lm  -lasound -lm -ldl -lpthread >&5
conftest.c:40:6: warning: conflicting types for built-in function 'sqrtf'
 char sqrtf ();
      ^
configure:13426: $? = 0
configure:13435: result: yes
configure:13448: checking for pthread_create in -lpthread
configure:13473: /home/jee/linux/armv7/ll/buildroot/output/host/bin/arm-linux-gnueabihf-gcc -o conftest -D_LARGEFILE_SOURCE -D_LARGEFILE64_SOURCE -D_FILE_OFFSET_BITS=64  -Os -g0 -D_FORTIFY_SOURCE=1 -D_LARGEFILE_SOURCE -D_LARGEFILE64_SOURCE -D_FILE_OFFSET_BITS=64  conftest.c -lpthread  -lm -lasound -lm -ldl -lpthread >&5
configure:13473: $? = 0
configure:13482: result: yes
configure:13523: checking for librt
configure:13534: checking for clock_gettime in -lrt
configure:13559: /home/jee/linux/armv7/ll/buildroot/output/host/bin/arm-linux-gnueabihf-gcc -o conftest -D_LARGEFILE_SOURCE -D_LARGEFILE64_SOURCE -D_FILE_OFFSET_BITS=64  -Os -g0 -D_FORTIFY_SOURCE=1 -D_LARGEFILE_SOURCE -D_LARGEFILE64_SOURCE -D_FILE_OFFSET_BITS=64  conftest.c -lrt  -lasound -lm -ldl -lpthread >&5
configure:13559: $? = 0
configure:13568: result: yes
configure:13781: checking for ANSI C header files
configure:13885: result: yes
configure:14163: checking for NCURSES
configure:14170: $PKG_CONFIG --exists --print-errors "ncurses"
configure:14173: $? = 0
configure:14187: $PKG_CONFIG --exists --print-errors "ncurses"
configure:14190: $? = 0
configure:14400: result: yes
configure:14457: checking for curses library
configure:14459: result: ncurses
configure:14461: checking for curses header name
configure:14463: result: <ncurses.h>
configure:14465: checking for curses compiler flags
configure:14467: result: -D_DEFAULT_SOURCE -D_XOPEN_SOURCE=600 
configure:14496: /home/jee/linux/armv7/ll/buildroot/output/host/bin/arm-linux-gnueabihf-gcc -o conftest -D_LARGEFILE_SOURCE -D_LARGEFILE64_SOURCE -D_FILE_OFFSET_BITS=64  -Os -g0 -D_FORTIFY_SOURCE=1 -D_DEFAULT_SOURCE -D_XOPEN_SOURCE=600  -D_LARGEFILE_SOURCE -D_LARGEFILE64_SOURCE -D_FILE_OFFSET_BITS=64  conftest.c -lncurses  -lasound -lm -ldl -lpthread >&5
configure:14496: $? = 0
configure:14547: checking panel.h usability
configure:14547: /home/jee/linux/armv7/ll/buildroot/output/host/bin/arm-linux-gnueabihf-gcc -c -D_LARGEFILE_SOURCE -D_LARGEFILE64_SOURCE -D_FILE_OFFSET_BITS=64  -Os -g0 -D_FORTIFY_SOURCE=1 -D_DEFAULT_SOURCE -D_XOPEN_SOURCE=600  -D_LARGEFILE_SOURCE -D_LARGEFILE64_SOURCE -D_FILE_OFFSET_BITS=64 conftest.c >&5
configure:14547: $? = 0
configure:14547: result: yes
configure:14547: checking panel.h presence
configure:14547: /home/jee/linux/armv7/ll/buildroot/output/host/bin/arm-linux-gnueabihf-cpp -D_LARGEFILE_SOURCE -D_LARGEFILE64_SOURCE -D_FILE_OFFSET_BITS=64 conftest.c
configure:14547: $? = 0
configure:14547: result: yes
configure:14547: checking for panel.h
configure:14547: result: yes
configure:14547: checking menu.h usability
configure:14547: /home/jee/linux/armv7/ll/buildroot/output/host/bin/arm-linux-gnueabihf-gcc -c -D_LARGEFILE_SOURCE -D_LARGEFILE64_SOURCE -D_FILE_OFFSET_BITS=64  -Os -g0 -D_FORTIFY_SOURCE=1 -D_DEFAULT_SOURCE -D_XOPEN_SOURCE=600  -D_LARGEFILE_SOURCE -D_LARGEFILE64_SOURCE -D_FILE_OFFSET_BITS=64 conftest.c >&5
configure:14547: $? = 0
configure:14547: result: yes
configure:14547: checking menu.h presence
configure:14547: /home/jee/linux/armv7/ll/buildroot/output/host/bin/arm-linux-gnueabihf-cpp -D_LARGEFILE_SOURCE -D_LARGEFILE64_SOURCE -D_FILE_OFFSET_BITS=64 conftest.c
configure:14547: $? = 0
configure:14547: result: yes
configure:14547: checking for menu.h
configure:14547: result: yes
configure:14547: checking form.h usability
configure:14547: /home/jee/linux/armv7/ll/buildroot/output/host/bin/arm-linux-gnueabihf-gcc -c -D_LARGEFILE_SOURCE -D_LARGEFILE64_SOURCE -D_FILE_OFFSET_BITS=64  -Os -g0 -D_FORTIFY_SOURCE=1 -D_DEFAULT_SOURCE -D_XOPEN_SOURCE=600  -D_LARGEFILE_SOURCE -D_LARGEFILE64_SOURCE -D_FILE_OFFSET_BITS=64 conftest.c >&5
configure:14547: $? = 0
configure:14547: result: yes
configure:14547: checking form.h presence
configure:14547: /home/jee/linux/armv7/ll/buildroot/output/host/bin/arm-linux-gnueabihf-cpp -D_LARGEFILE_SOURCE -D_LARGEFILE64_SOURCE -D_FILE_OFFSET_BITS=64 conftest.c
configure:14547: $? = 0
configure:14547: result: yes
configure:14547: checking for form.h
configure:14547: result: yes
configure:14560: checking for new_panel in -lpanel
configure:14585: /home/jee/linux/armv7/ll/buildroot/output/host/bin/arm-linux-gnueabihf-gcc -o conftest -D_LARGEFILE_SOURCE -D_LARGEFILE64_SOURCE -D_FILE_OFFSET_BITS=64  -Os -g0 -D_FORTIFY_SOURCE=1 -D_DEFAULT_SOURCE -D_XOPEN_SOURCE=600  -D_LARGEFILE_SOURCE -D_LARGEFILE64_SOURCE -D_FILE_OFFSET_BITS=64  conftest.c -lpanel  -lncurses  -lasound -lm -ldl -lpthread >&5
configure:14585: $? = 0
configure:14595: result: yes
configure:14604: checking for new_menu in -lmenu
configure:14629: /home/jee/linux/armv7/ll/buildroot/output/host/bin/arm-linux-gnueabihf-gcc -o conftest -D_LARGEFILE_SOURCE -D_LARGEFILE64_SOURCE -D_FILE_OFFSET_BITS=64  -Os -g0 -D_FORTIFY_SOURCE=1 -D_DEFAULT_SOURCE -D_XOPEN_SOURCE=600  -D_LARGEFILE_SOURCE -D_LARGEFILE64_SOURCE -D_FILE_OFFSET_BITS=64  conftest.c -lmenu  -lncurses  -lasound -lm -ldl -lpthread >&5
configure:14629: $? = 0
configure:14639: result: yes
configure:14648: checking for new_form in -lform
configure:14673: /home/jee/linux/armv7/ll/buildroot/output/host/bin/arm-linux-gnueabihf-gcc -o conftest -D_LARGEFILE_SOURCE -D_LARGEFILE64_SOURCE -D_FILE_OFFSET_BITS=64  -Os -g0 -D_FORTIFY_SOURCE=1 -D_DEFAULT_SOURCE -D_XOPEN_SOURCE=600  -D_LARGEFILE_SOURCE -D_LARGEFILE64_SOURCE -D_FILE_OFFSET_BITS=64  conftest.c -lform  -lncurses  -lasound -lm -ldl -lpthread >&5
configure:14673: $? = 0
configure:14683: result: yes
configure:14700: checking for curses linker flags
configure:14702: result: -lform -lmenu -lpanel -lncurses 
configure:14747: checking for an ANSI C-conforming const
configure:14813: /home/jee/linux/armv7/ll/buildroot/output/host/bin/arm-linux-gnueabihf-gcc -c -D_LARGEFILE_SOURCE -D_LARGEFILE64_SOURCE -D_FILE_OFFSET_BITS=64  -Os -g0 -D_FORTIFY_SOURCE=1 -D_LARGEFILE_SOURCE -D_LARGEFILE64_SOURCE -D_FILE_OFFSET_BITS=64 conftest.c >&5
configure:14813: $? = 0
configure:14820: result: yes
configure:14828: checking for inline
configure:14844: /home/jee/linux/armv7/ll/buildroot/output/host/bin/arm-linux-gnueabihf-gcc -c -D_LARGEFILE_SOURCE -D_LARGEFILE64_SOURCE -D_FILE_OFFSET_BITS=64  -Os -g0 -D_FORTIFY_SOURCE=1 -D_LARGEFILE_SOURCE -D_LARGEFILE64_SOURCE -D_FILE_OFFSET_BITS=64 conftest.c >&5
configure:14844: $? = 0
configure:14852: result: inline
configure:14870: checking whether time.h and sys/time.h may both be included
configure:14890: /home/jee/linux/armv7/ll/buildroot/output/host/bin/arm-linux-gnueabihf-gcc -c -D_LARGEFILE_SOURCE -D_LARGEFILE64_SOURCE -D_FILE_OFFSET_BITS=64  -Os -g0 -D_FORTIFY_SOURCE=1 -D_LARGEFILE_SOURCE -D_LARGEFILE64_SOURCE -D_FILE_OFFSET_BITS=64 conftest.c >&5
configure:14890: $? = 0
configure:14897: result: yes
configure:14907: checking whether /home/jee/linux/armv7/ll/buildroot/output/host/bin/arm-linux-gnueabihf-gcc needs -traditional
configure:14941: result: no
configure:14956: checking for special C compiler options needed for large files
configure:15001: result: no
configure:15007: checking for _FILE_OFFSET_BITS value needed for large files
configure:15032: /home/jee/linux/armv7/ll/buildroot/output/host/bin/arm-linux-gnueabihf-gcc -c -D_LARGEFILE_SOURCE -D_LARGEFILE64_SOURCE -D_FILE_OFFSET_BITS=64  -Os -g0 -D_FORTIFY_SOURCE=1 -D_LARGEFILE_SOURCE -D_LARGEFILE64_SOURCE -D_FILE_OFFSET_BITS=64 conftest.c >&5
configure:15032: $? = 0
configure:15064: result: no
configure:15171: checking for SYSTEMD
configure:15178: $PKG_CONFIG --exists --print-errors "systemd >= 18"
Package systemd was not found in the pkg-config search path.
Perhaps you should add the directory containing `systemd.pc'
to the PKG_CONFIG_PATH environment variable
Package 'systemd', required by 'virtual:world', not found
configure:15181: $? = 1
configure:15195: $PKG_CONFIG --exists --print-errors "systemd >= 18"
Package systemd was not found in the pkg-config search path.
Perhaps you should add the directory containing `systemd.pc'
to the PKG_CONFIG_PATH environment variable
Package 'systemd', required by 'virtual:world', not found
configure:15198: $? = 1
configure:15212: result: no
Package 'systemd', required by 'virtual:world', not found
configure:15432: checking that generated files are newer than configure
configure:15438: result: done
configure:15537: creating ./config.status

## ---------------------- ##
## Running config.status. ##
## ---------------------- ##

This file was extended by alsa-utils config.status 1.2.8, which was
generated by GNU Autoconf 2.69.  Invocation command line was

  CONFIG_FILES    = 
  CONFIG_HEADERS  = 
  CONFIG_LINKS    = 
  CONFIG_COMMANDS = 
  $ ./config.status 

on jee-virtual-machine

config.status:1233: creating Makefile
config.status:1233: creating alsactl/Makefile
config.status:1233: creating alsactl/init/Makefile
config.status:1233: creating alsamixer/Makefile
config.status:1233: creating amidi/Makefile
config.status:1233: creating amixer/Makefile
config.status:1233: creating m4/Makefile
config.status:1233: creating po/Makefile.in
config.status:1233: creating alsaconf/alsaconf
config.status:1233: creating alsaconf/Makefile
config.status:1233: creating alsaconf/po/Makefile
config.status:1341: WARNING:  'alsaconf/po/Makefile.in' seems to ignore the --datarootdir setting
config.status:1233: creating alsaucm/Makefile
config.status:1233: creating topology/Makefile
config.status:1233: creating topology/nhlt/Makefile
config.status:1233: creating bat/Makefile
config.status:1233: creating bat/tests/Makefile
config.status:1233: creating bat/tests/asound_state/Makefile
config.status:1233: creating aplay/Makefile
config.status:1233: creating include/Makefile
config.status:1233: creating iecset/Makefile
config.status:1233: creating utils/Makefile
config.status:1233: creating utils/alsa-utils.spec
config.status:1233: creating seq/Makefile
config.status:1233: creating seq/aconnect/Makefile
config.status:1233: creating seq/aplaymidi/Makefile
config.status:1233: creating seq/aseqdump/Makefile
config.status:1233: creating seq/aseqnet/Makefile
config.status:1233: creating speaker-test/Makefile
config.status:1233: creating speaker-test/samples/Makefile
config.status:1233: creating alsaloop/Makefile
config.status:1233: creating alsa-info/Makefile
config.status:1233: creating axfer/Makefile
config.status:1233: creating axfer/test/Makefile
config.status:1233: creating include/aconfig.h
config.status:1462: executing po-directories commands
config.status:1462: executing depfiles commands
config.status:1462: executing libtool commands
configure:17829: WARNING: unrecognized options: --disable-gtk-doc, --disable-gtk-doc-html, --disable-doc, --disable-docs, --disable-documentation, --with-xmlto, --with-fop, --enable-ipv6

## ---------------- ##
## Cache variables. ##
## ---------------- ##

ac_cv_build=x86_64-pc-linux-gnu
ac_cv_c_bigendian=no
ac_cv_c_compiler_gnu=yes
ac_cv_c_const=yes
ac_cv_c_inline=inline
ac_cv_env_CC_set=set
ac_cv_env_CC_value=/home/jee/linux/armv7/ll/buildroot/output/host/bin/arm-linux-gnueabihf-gcc
ac_cv_env_CFLAGS_set=set
ac_cv_env_CFLAGS_value='-D_LARGEFILE_SOURCE -D_LARGEFILE64_SOURCE -D_FILE_OFFSET_BITS=64  -Os -g0 -D_FORTIFY_SOURCE=1'
ac_cv_env_CPPFLAGS_set=set
ac_cv_env_CPPFLAGS_value='-D_LARGEFILE_SOURCE -D_LARGEFILE64_SOURCE -D_FILE_OFFSET_BITS=64'
ac_cv_env_CPP_set=set
ac_cv_env_CPP_value=/home/jee/linux/armv7/ll/buildroot/output/host/bin/arm-linux-gnueabihf-cpp
ac_cv_env_LDFLAGS_set=set
ac_cv_env_LDFLAGS_value=
ac_cv_env_LIBS_set=set
ac_cv_env_LIBS_value=
ac_cv_env_LT_SYS_LIBRARY_PATH_set=
ac_cv_env_LT_SYS_LIBRARY_PATH_value=
ac_cv_env_NCURSESW_CFLAGS_set=
ac_cv_env_NCURSESW_CFLAGS_value=
ac_cv_env_NCURSESW_LIBS_set=
ac_cv_env_NCURSESW_LIBS_value=
ac_cv_env_NCURSES_CFLAGS_set=
ac_cv_env_NCURSES_CFLAGS_value=
ac_cv_env_NCURSES_LIBS_set=
ac_cv_env_NCURSES_LIBS_value=
ac_cv_env_PKG_CONFIG_LIBDIR_set=
ac_cv_env_PKG_CONFIG_LIBDIR_value=
ac_cv_env_PKG_CONFIG_PATH_set=
ac_cv_env_PKG_CONFIG_PATH_value=
ac_cv_env_PKG_CONFIG_set=set
ac_cv_env_PKG_CONFIG_value=/home/jee/linux/armv7/ll/buildroot/output/host/bin/pkg-config
ac_cv_env_SYSTEMD_CFLAGS_set=
ac_cv_env_SYSTEMD_CFLAGS_value=
ac_cv_env_SYSTEMD_LIBS_set=
ac_cv_env_SYSTEMD_LIBS_value=
ac_cv_env_build_alias_set=set
ac_cv_env_build_alias_value=x86_64-pc-linux-gnu
ac_cv_env_host_alias_set=set
ac_cv_env_host_alias_value=arm-buildroot-linux-gnueabihf
ac_cv_env_target_alias_set=set
ac_cv_env_target_alias_value=arm-buildroot-linux-gnueabihf
ac_cv_func_calloc_0_nonnull=yes
ac_cv_func_malloc_0_nonnull=yes
ac_cv_func_memcmp_working=yes
ac_cv_func_memfd_create=no
ac_cv_func_mmap_fixed_mapped=yes
ac_cv_func_realloc_0_nonnull=yes
ac_cv_func_snd_ctl_elem_add_enumerated=yes
ac_cv_have_decl_malloc=yes
ac_cv_header_alsa_mixer_h=yes
ac_cv_header_alsa_pcm_h=yes
ac_cv_header_alsa_rawmidi_h=yes
ac_cv_header_alsa_seq_h=yes
ac_cv_header_alsa_topology_h=yes
ac_cv_header_alsa_use_case_h=yes
ac_cv_header_dlfcn_h=yes
ac_cv_header_form_h=yes
ac_cv_header_inttypes_h=yes
ac_cv_header_memory_h=yes
ac_cv_header_menu_h=yes
ac_cv_header_panel_h=yes
ac_cv_header_samplerate_h=no
ac_cv_header_stdc=yes
ac_cv_header_stdint_h=yes
ac_cv_header_stdlib_h=yes
ac_cv_header_string_h=yes
ac_cv_header_strings_h=yes
ac_cv_header_sys_stat_h=yes
ac_cv_header_sys_types_h=yes
ac_cv_header_time=yes
ac_cv_header_unistd_h=yes
ac_cv_host=arm-buildroot-linux-gnueabihf
ac_cv_lbl_unaligned_fail=yes
ac_cv_lib_asound_snd_ctl_open=yes
ac_cv_lib_asound_snd_seq_client_info_get_card=yes
ac_cv_lib_asound_snd_seq_client_info_get_pid=yes
ac_cv_lib_atopology_snd_tplg_new=yes
ac_cv_lib_atopology_snd_tplg_save=yes
ac_cv_lib_c_dlopen=no
ac_cv_lib_dl_dlopen=yes
ac_cv_lib_ffado_ffado_streaming_init=no
ac_cv_lib_fftw3f_fftwf_malloc=no
ac_cv_lib_form___new_form=yes
ac_cv_lib_m_sqrtf=yes
ac_cv_lib_menu___new_menu=yes
ac_cv_lib_panel___new_panel=yes
ac_cv_lib_pthread_pthread_create=yes
ac_cv_lib_rt_clock_gettime=yes
ac_cv_objext=o
ac_cv_path_EGREP='/usr/bin/grep -E'
ac_cv_path_FGREP='/usr/bin/grep -F'
ac_cv_path_GMSGFMT=/usr/bin/msgfmt
ac_cv_path_GREP=/usr/bin/grep
ac_cv_path_MSGFMT=/usr/bin/msgfmt
ac_cv_path_MSGMERGE=/usr/bin/msgmerge
ac_cv_path_SED=/usr/bin/sed
ac_cv_path_XGETTEXT=/usr/bin/xgettext
ac_cv_path_install='/usr/bin/install -c'
ac_cv_path_lt_DD=/usr/bin/dd
ac_cv_path_mkdir=/usr/bin/mkdir
ac_cv_prog_AR=/home/jee/linux/armv7/ll/buildroot/output/host/bin/arm-linux-gnueabihf-gcc-ar
ac_cv_prog_AWK=gawk
ac_cv_prog_CC=/home/jee/linux/armv7/ll/buildroot/output/host/bin/arm-linux-gnueabihf-gcc
ac_cv_prog_CPP=/home/jee/linux/armv7/ll/buildroot/output/host/bin/arm-linux-gnueabihf-cpp
ac_cv_prog_OBJDUMP=/home/jee/linux/armv7/ll/buildroot/output/host/bin/arm-linux-gnueabihf-objdump
ac_cv_prog_RANLIB=/home/jee/linux/armv7/ll/buildroot/output/host/bin/arm-linux-gnueabihf-gcc-ranlib
ac_cv_prog_STRIP=/home/jee/linux/armv7/ll/buildroot/output/host/bin/arm-linux-gnueabihf-strip
ac_cv_prog_ac_ct_MANIFEST_TOOL=mt
ac_cv_prog_cc_c89=
ac_cv_prog_cc_g=yes
ac_cv_prog_gcc_traditional=no
ac_cv_prog_make_make_set=yes
ac_cv_prog_ncurses5_config=/home/jee/linux/armv7/ll/buildroot/output/host/arm-buildroot-linux-gnueabihf/sysroot/usr/bin/ncurses6-config
ac_cv_sys_file_offset_bits=no
ac_cv_sys_largefile_CC=no
acl_cv_hardcode_direct=no
acl_cv_hardcode_libdir_flag_spec='${wl}-rpath ${wl}$libdir'
acl_cv_hardcode_libdir_separator=
acl_cv_hardcode_minus_L=no
acl_cv_libdirstems=lib,lib32,lib
acl_cv_libext=a
acl_cv_libname_spec='lib$name'
acl_cv_library_names_spec='$libname$shrext'
acl_cv_prog_gnu_ld=yes
acl_cv_rpath=done
acl_cv_shlibext=so
acl_cv_wl=-Wl,
am_cv_CC_dependencies_compiler_type=none
am_cv_make_support_nested_variables=yes
am_cv_prog_cc_c_o=yes
gl_cv_elf=yes
gl_cv_func_malloc_0_nonnull=yes
gl_cv_host_cpu_c_abi_32bit=yes
gt_cv_func_CFLocaleCopyPreferredLanguages=no
gt_cv_func_CFPreferencesCopyAppValue=no
lt_cv_ar_at_file=@
lt_cv_archive_cmds_need_lc=no
lt_cv_deplibs_check_method=pass_all
lt_cv_file_magic_cmd='$MAGIC_CMD'
lt_cv_file_magic_test_file=
lt_cv_ld_reload_flag=-r
lt_cv_nm_interface='BSD nm'
lt_cv_objdir=.libs
lt_cv_path_LD=/home/jee/linux/armv7/ll/buildroot/output/host/bin/arm-linux-gnueabihf-ld
lt_cv_path_NM=/home/jee/linux/armv7/ll/buildroot/output/host/bin/arm-linux-gnueabihf-gcc-nm
lt_cv_path_mainfest_tool=no
lt_cv_prog_compiler_c_o=yes
lt_cv_prog_compiler_pic='-fPIC -DPIC'
lt_cv_prog_compiler_pic_works=yes
lt_cv_prog_compiler_rtti_exceptions=no
lt_cv_prog_compiler_static_works=yes
lt_cv_prog_gnu_ld=yes
lt_cv_sharedlib_from_linklib_cmd='printf %s\n'
lt_cv_shlibpath_overrides_runpath=no
lt_cv_sys_global_symbol_pipe='sed -n -e '\''s/^.*[	 ]\([ABCDGIRSTW][ABCDGIRSTW]*\)[	 ][	 ]*\([_A-Za-z][_A-Za-z0-9]*\)$/\1 \2 \2/p'\'' | sed '\''/ __gnu_lto/d'\'''
lt_cv_sys_global_symbol_to_c_name_address='sed -n -e '\''s/^: \(.*\) .*$/  {"\1", (void *) 0},/p'\'' -e '\''s/^[ABCDGIRSTW][ABCDGIRSTW]* .* \(.*\)$/  {"\1", (void *) \&\1},/p'\'''
lt_cv_sys_global_symbol_to_c_name_address_lib_prefix='sed -n -e '\''s/^: \(.*\) .*$/  {"\1", (void *) 0},/p'\'' -e '\''s/^[ABCDGIRSTW][ABCDGIRSTW]* .* \(lib.*\)$/  {"\1", (void *) \&\1},/p'\'' -e '\''s/^[ABCDGIRSTW][ABCDGIRSTW]* .* \(.*\)$/  {"lib\1", (void *) \&\1},/p'\'''
lt_cv_sys_global_symbol_to_cdecl='sed -n -e '\''s/^T .* \(.*\)$/extern int \1();/p'\'' -e '\''s/^[ABCDGIRSTW][ABCDGIRSTW]* .* \(.*\)$/extern char \1;/p'\'''
lt_cv_sys_global_symbol_to_import=
lt_cv_sys_lib_search_path_spec=
lt_cv_sys_max_cmd_len=1572864
lt_cv_to_host_file_cmd=func_convert_file_noop
lt_cv_to_tool_file_cmd=func_convert_file_noop
lt_cv_truncate_bin='/usr/bin/dd bs=4096 count=1'
pkg_cv_NCURSES_CFLAGS='-D_DEFAULT_SOURCE -D_XOPEN_SOURCE=600 '
pkg_cv_NCURSES_LIBS='-lncurses '

## ----------------- ##
## Output variables. ##
## ----------------- ##

ACLOCAL='${SHELL} /home/jee/linux/armv7/ll/buildroot/output/build/alsa-utils-1.2.8/missing aclocal-1.16'
ALSACONF_FALSE='#'
ALSACONF_TRUE=''
ALSACTL_DAEMONSWITCH='/etc/alsa/state-daemon.conf'
ALSACTL_PIDFILE_DIR='/var/run'
ALSALOOP_FALSE='#'
ALSALOOP_TRUE=''
ALSAMIXER_FALSE='#'
ALSAMIXER_TRUE=''
ALSA_CFLAGS=''
ALSA_LIBS=' -lasound -lm -ldl -lpthread'
ALSA_TOPOLOGY_LIBS=' -latopology'
ALSA_TOPOLOGY_PLUGIN_DIR='/usr/lib/alsa-topology'
AMDEPBACKSLASH=''
AMDEP_FALSE=''
AMDEP_TRUE='#'
AMTAR='$${TAR-tar}'
AM_BACKSLASH='\'
AM_DEFAULT_V='$(AM_DEFAULT_VERBOSITY)'
AM_DEFAULT_VERBOSITY='1'
AM_V='$(V)'
AR='/home/jee/linux/armv7/ll/buildroot/output/host/bin/arm-linux-gnueabihf-gcc-ar'
ASOUND_LOCK_DIR='/var/lock'
ASOUND_STATE_DIR='/var/lib/alsa'
AUTOCONF='${SHELL} /home/jee/linux/armv7/ll/buildroot/output/build/alsa-utils-1.2.8/missing autoconf'
AUTOHEADER='${SHELL} /home/jee/linux/armv7/ll/buildroot/output/build/alsa-utils-1.2.8/missing autoheader'
AUTOMAKE='${SHELL} /home/jee/linux/armv7/ll/buildroot/output/build/alsa-utils-1.2.8/missing automake-1.16'
AWK='gawk'
BAT_FALSE='#'
BAT_TRUE=''
CC='/home/jee/linux/armv7/ll/buildroot/output/host/bin/arm-linux-gnueabihf-gcc'
CCDEPMODE='depmode=none'
CFLAGS='-D_LARGEFILE_SOURCE -D_LARGEFILE64_SOURCE -D_FILE_OFFSET_BITS=64  -Os -g0 -D_FORTIFY_SOURCE=1'
CPP='/home/jee/linux/armv7/ll/buildroot/output/host/bin/arm-linux-gnueabihf-cpp'
CPPFLAGS='-D_LARGEFILE_SOURCE -D_LARGEFILE64_SOURCE -D_FILE_OFFSET_BITS=64'
CURSESINC='<ncurses.h>'
CURSESLIB='-lform -lmenu -lpanel -lncurses '
CURSES_CFLAGS='-D_DEFAULT_SOURCE -D_XOPEN_SOURCE=600 '
CYGPATH_W='echo'
DEFS='-DHAVE_CONFIG_H'
DEPDIR='.deps'
DLLTOOL='false'
DSYMUTIL=''
DUMPBIN=''
ECHO_C=''
ECHO_N='-n'
ECHO_T=''
EGREP='/usr/bin/grep -E'
EXEEXT=''
FFTW_CFLAGS='-D_LARGEFILE_SOURCE -D_LARGEFILE64_SOURCE -D_FILE_OFFSET_BITS=64  -Os -g0 -D_FORTIFY_SOURCE=1'
FFTW_INC=''
FFTW_LIB='-lpthread -lm -lasound -lm -ldl -lpthread'
FGREP='/usr/bin/grep -F'
GETTEXT_MACRO_VERSION='0.20'
GMSGFMT='/usr/bin/msgfmt'
GMSGFMT_015='/usr/bin/msgfmt'
GREP='/usr/bin/grep'
HAVE_FFADO_FALSE=''
HAVE_FFADO_TRUE='#'
HAVE_LIBFFTW3_FALSE=''
HAVE_LIBFFTW3_TRUE='#'
HAVE_LIBTINYALSA_FALSE=''
HAVE_LIBTINYALSA_TRUE='#'
HAVE_MIXER_FALSE='#'
HAVE_MIXER_TRUE=''
HAVE_PCM_FALSE='#'
HAVE_PCM_TRUE=''
HAVE_RAWMIDI_FALSE='#'
HAVE_RAWMIDI_TRUE=''
HAVE_SAMPLERATE_FALSE=''
HAVE_SAMPLERATE_TRUE='#'
HAVE_SEQ_FALSE='#'
HAVE_SEQ_TRUE=''
HAVE_SYSTEMD_FALSE=''
HAVE_SYSTEMD_TRUE='#'
HAVE_TOPOLOGY_FALSE='#'
HAVE_TOPOLOGY_TRUE=''
HAVE_UCM_FALSE='#'
HAVE_UCM_TRUE=''
INSTALL_DATA='${INSTALL} -m 644'
INSTALL_PROGRAM='${INSTALL}'
INSTALL_SCRIPT='${INSTALL}'
INSTALL_STRIP_PROGRAM='$(install_sh) -c -s'
INTLLIBS=''
INTL_MACOSX_LIBS=''
LD='/home/jee/linux/armv7/ll/buildroot/output/host/bin/arm-linux-gnueabihf-ld'
LDFLAGS=''
LIBICONV='-liconv'
LIBINTL=''
LIBOBJS=''
LIBRT='-lrt'
LIBS='-lasound -lm -ldl -lpthread'
LIBTOOL='$(SHELL) $(top_builddir)/libtool'
LIPO=''
LN_S='ln -s'
LTLIBICONV='-liconv'
LTLIBINTL=''
LTLIBOBJS=''
LT_SYS_LIBRARY_PATH=''
MAINT=''
MAINTAINER_MODE_FALSE='#'
MAINTAINER_MODE_TRUE=''
MAKEINFO='${SHELL} /home/jee/linux/armv7/ll/buildroot/output/build/alsa-utils-1.2.8/missing makeinfo'
MANIFEST_TOOL=':'
MKDIR_P='/usr/bin/mkdir -p'
MSGFMT='/usr/bin/msgfmt'
MSGMERGE='/usr/bin/msgmerge'
MSGMERGE_FOR_MSGFMT_OPTION='--no-fuzzy-matching --no-location --quiet'
NCURSESW_CFLAGS=''
NCURSESW_LIBS=''
NCURSES_CFLAGS='-D_DEFAULT_SOURCE -D_XOPEN_SOURCE=600 '
NCURSES_LIBS='-lncurses '
NM='/home/jee/linux/armv7/ll/buildroot/output/host/bin/arm-linux-gnueabihf-gcc-nm'
NMEDIT=''
OBJDUMP='/home/jee/linux/armv7/ll/buildroot/output/host/bin/arm-linux-gnueabihf-objdump'
OBJEXT='o'
OTOOL64=''
OTOOL=''
PACKAGE='alsa-utils'
PACKAGE_BUGREPORT=''
PACKAGE_NAME='alsa-utils'
PACKAGE_STRING='alsa-utils 1.2.8'
PACKAGE_TARNAME='alsa-utils'
PACKAGE_URL=''
PACKAGE_VERSION='1.2.8'
PATH_SEPARATOR=':'
PKG_CONFIG='/home/jee/linux/armv7/ll/buildroot/output/host/bin/pkg-config'
PKG_CONFIG_LIBDIR=''
PKG_CONFIG_PATH=''
POSUB=''
RANLIB='/home/jee/linux/armv7/ll/buildroot/output/host/bin/arm-linux-gnueabihf-gcc-ranlib'
SED='/usr/bin/sed'
SET_MAKE=''
SHELL='/bin/bash'
SND_UTIL_MAJOR='1'
SND_UTIL_MINOR='2'
SND_UTIL_SUBMINOR='8'
SND_UTIL_VERSION='1.2.8'
STRIP='/home/jee/linux/armv7/ll/buildroot/output/host/bin/arm-linux-gnueabihf-strip'
SYSTEMD_CFLAGS=''
SYSTEMD_LIBS=''
TESTSOUND='/usr/share/test.wav'
USE_NLS='no'
USE_RST2MAN_FALSE=''
USE_RST2MAN_TRUE='#'
USE_XMLTO_FALSE=''
USE_XMLTO_TRUE='#'
VERSION='1.2.8'
XGETTEXT='/usr/bin/xgettext'
XGETTEXT_015='/usr/bin/xgettext'
XGETTEXT_EXTRA_OPTIONS=''
ac_ct_AR=''
ac_ct_CC=''
ac_ct_DUMPBIN=''
am__EXEEXT_FALSE=''
am__EXEEXT_TRUE='#'
am__fastdepCC_FALSE=''
am__fastdepCC_TRUE='#'
am__include='include'
am__isrc=''
am__leading_dot='.'
am__nodep=''
am__quote=''
am__tar='$${TAR-tar} chof - "$$tardir"'
am__untar='$${TAR-tar} xf -'
bindir='${exec_prefix}/bin'
build='x86_64-pc-linux-gnu'
build_alias='x86_64-pc-linux-gnu'
build_cpu='x86_64'
build_os='linux-gnu'
build_vendor='pc'
datadir='${datarootdir}'
datarootdir='${prefix}/share'
docdir='${datarootdir}/doc/${PACKAGE_TARNAME}'
dvidir='${docdir}'
exec_prefix='/usr'
host='arm-buildroot-linux-gnueabihf'
host_alias='arm-buildroot-linux-gnueabihf'
host_cpu='arm'
host_os='linux-gnueabihf'
host_vendor='buildroot'
htmldir='${docdir}'
includedir='${prefix}/include'
infodir='${datarootdir}/info'
install_sh='${SHELL} /home/jee/linux/armv7/ll/buildroot/output/build/alsa-utils-1.2.8/install-sh'
libdir='${exec_prefix}/lib'
libexecdir='${exec_prefix}/libexec'
localedir='${datarootdir}/locale'
localstatedir='/var'
mandir='${datarootdir}/man'
mkdir_p='$(MKDIR_P)'
mydatadir='/usr/share/alsa'
ncurses5_config=''
ncursesw5_config=''
oldincludedir='/usr/include'
pdfdir='${docdir}'
prefix='/usr'
program_transform_name='s&^&&'
psdir='${docdir}'
rst2man_available=''
runstatedir='${localstatedir}/run'
sbindir='${exec_prefix}/sbin'
sharedstatedir='${prefix}/com'
sysconfdir='/etc'
systemdsystemunitdir=''
target_alias='arm-buildroot-linux-gnueabihf'
udevrulesdir='/lib/udev/rules.d'
xmlto_available=''

## ----------- ##
## confdefs.h. ##
## ----------- ##

/* confdefs.h */
#define PACKAGE_NAME "alsa-utils"
#define PACKAGE_TARNAME "alsa-utils"
#define PACKAGE_VERSION "1.2.8"
#define PACKAGE_STRING "alsa-utils 1.2.8"
#define PACKAGE_BUGREPORT ""
#define PACKAGE_URL ""
#define PACKAGE "alsa-utils"
#define VERSION "1.2.8"
#define STDC_HEADERS 1
#define HAVE_SYS_TYPES_H 1
#define HAVE_SYS_STAT_H 1
#define HAVE_STDLIB_H 1
#define HAVE_STRING_H 1
#define HAVE_MEMORY_H 1
#define HAVE_STRINGS_H 1
#define HAVE_INTTYPES_H 1
#define HAVE_STDINT_H 1
#define HAVE_UNISTD_H 1
#define HAVE_DLFCN_H 1
#define LT_OBJDIR ".libs/"
#define HAVE_LIBASOUND 1
#define HAVE_LIBATOPOLOGY 1
#define HAVE_ALSA_PCM_H 1
#define HAVE_ALSA_MIXER_H 1
#define HAVE_ALSA_RAWMIDI_H 1
#define HAVE_ALSA_SEQ_H 1
#define HAVE_ALSA_USE_CASE_H 1
#define HAVE_ALSA_TOPOLOGY_H 1
#define HAVE_SEQ_CLIENT_INFO_GET_CARD 1
#define HAVE_SEQ_CLIENT_INFO_GET_PID 1
#define HAVE_LIBM 1
#define HAVE_LIBPTHREAD 1
#define HAVE_LIBRT 1
#define HAVE_CLOCK_GETTIME 1
#define STDC_HEADERS 1
#define HAVE_CURSES_ESCDELAY 1
#define HAVE_PANEL_H 1
#define HAVE_MENU_H 1
#define HAVE_FORM_H 1
#define SOUNDSDIR "/usr/share/sounds/alsa"
#define DATADIR "/usr/share/alsa"
#define TIME_WITH_SYS_TIME 1
#define VERSION "1.2.8"
#define ALSA_TOPOLOGY_PLUGIN_DIR "/usr/lib/alsa-topology"

configure: exit 0
