This file contains any messages produced by compilers while
running configure, to aid debugging if configure makes a mistake.

It was created by attr configure 2.5.1, which was
generated by GNU Autoconf 2.69.  Invocation command line was

  $ ./configure --prefix=/home/jee/linux/armv7/ll/buildroot/output/host --sysconfdir=/home/jee/linux/armv7/ll/buildroot/output/host/etc --localstatedir=/home/jee/linux/armv7/ll/buildroot/output/host/var --enable-shared --disable-static --disable-gtk-doc --disable-gtk-doc-html --disable-doc --disable-docs --disable-documentation --disable-debug --with-xmlto=no --with-fop=no --disable-nls --disable-dependency-tracking

## --------- ##
## Platform. ##
## --------- ##

hostname = jee-virtual-machine
uname -m = x86_64
uname -r = 5.15.0-86-generic
uname -s = Linux
uname -v = #96~20.04.1-Ubuntu SMP Thu Sep 21 13:23:37 UTC 2023

/usr/bin/uname -p = x86_64
/bin/uname -X     = unknown

/bin/arch              = x86_64
/usr/bin/arch -k       = unknown
/usr/convex/getsysinfo = unknown
/usr/bin/hostinfo      = unknown
/bin/machine           = unknown
/usr/bin/oslevel       = unknown
/bin/universe          = unknown

PATH: /home/jee/linux/armv7/ll/buildroot/output/host/bin
PATH: /home/jee/linux/armv7/ll/buildroot/output/host/sbin
PATH: /usr/local/sbin
PATH: /usr/local/bin
PATH: /usr/sbin
PATH: /usr/bin
PATH: /sbin
PATH: /bin
PATH: /snap/bin


## ----------- ##
## Core tests. ##
## ----------- ##

configure:2349: checking for a BSD-compatible install
configure:2417: result: /usr/bin/install -c
configure:2428: checking whether build environment is sane
configure:2483: result: yes
configure:2632: checking for a thread-safe mkdir -p
configure:2671: result: /usr/bin/mkdir -p
configure:2678: checking for gawk
configure:2694: found /usr/bin/gawk
configure:2705: result: gawk
configure:2716: checking whether make sets $(MAKE)
configure:2738: result: yes
configure:2767: checking whether make supports nested variables
configure:2784: result: yes
configure:2921: checking whether make supports nested variables
configure:2938: result: yes
configure:2998: checking for gcc
configure:3025: result: /usr/bin/gcc
configure:3254: checking for C compiler version
configure:3263: /usr/bin/gcc --version >&5
gcc (Ubuntu 9.4.0-1ubuntu1~20.04.2) 9.4.0
Copyright (C) 2019 Free Software Foundation, Inc.
This is free software; see the source for copying conditions.  There is NO
warranty; not even for MERCHANTABILITY or FITNESS FOR A PARTICULAR PURPOSE.

configure:3274: $? = 0
configure:3263: /usr/bin/gcc -v >&5
Using built-in specs.
COLLECT_GCC=/usr/bin/gcc
COLLECT_LTO_WRAPPER=/usr/lib/gcc/x86_64-linux-gnu/9/lto-wrapper
OFFLOAD_TARGET_NAMES=nvptx-none:hsa
OFFLOAD_TARGET_DEFAULT=1
Target: x86_64-linux-gnu
Configured with: ../src/configure -v --with-pkgversion='Ubuntu 9.4.0-1ubuntu1~20.04.2' --with-bugurl=file:///usr/share/doc/gcc-9/README.Bugs --enable-languages=c,ada,c++,go,brig,d,fortran,objc,obj-c++,gm2 --prefix=/usr --with-gcc-major-version-only --program-suffix=-9 --program-prefix=x86_64-linux-gnu- --enable-shared --enable-linker-build-id --libexecdir=/usr/lib --without-included-gettext --enable-threads=posix --libdir=/usr/lib --enable-nls --enable-clocale=gnu --enable-libstdcxx-debug --enable-libstdcxx-time=yes --with-default-libstdcxx-abi=new --enable-gnu-unique-object --disable-vtable-verify --enable-plugin --enable-default-pie --with-system-zlib --with-target-system-zlib=auto --enable-objc-gc=auto --enable-multiarch --disable-werror --with-arch-32=i686 --with-abi=m64 --with-multilib-list=m32,m64,mx32 --enable-multilib --with-tune=generic --enable-offload-targets=nvptx-none=/build/gcc-9-9QDOt0/gcc-9-9.4.0/debian/tmp-nvptx/usr,hsa --without-cuda-driver --enable-checking=release --build=x86_64-linux-gnu --host=x86_64-linux-gnu --target=x86_64-linux-gnu
Thread model: posix
gcc version 9.4.0 (Ubuntu 9.4.0-1ubuntu1~20.04.2) 
configure:3274: $? = 0
configure:3263: /usr/bin/gcc -V >&5
gcc: error: unrecognized command line option '-V'
gcc: fatal error: no input files
compilation terminated.
configure:3274: $? = 1
configure:3263: /usr/bin/gcc -qversion >&5
gcc: error: unrecognized command line option '-qversion'; did you mean '--version'?
gcc: fatal error: no input files
compilation terminated.
configure:3274: $? = 1
configure:3294: checking whether the C compiler works
configure:3316: /usr/bin/gcc -O2 -I/home/jee/linux/armv7/ll/buildroot/output/host/include -I/home/jee/linux/armv7/ll/buildroot/output/host/include -L/home/jee/linux/armv7/ll/buildroot/output/host/lib -Wl,-rpath,/home/jee/linux/armv7/ll/buildroot/output/host/lib conftest.c  >&5
configure:3320: $? = 0
configure:3368: result: yes
configure:3371: checking for C compiler default output file name
configure:3373: result: a.out
configure:3379: checking for suffix of executables
configure:3386: /usr/bin/gcc -o conftest -O2 -I/home/jee/linux/armv7/ll/buildroot/output/host/include -I/home/jee/linux/armv7/ll/buildroot/output/host/include -L/home/jee/linux/armv7/ll/buildroot/output/host/lib -Wl,-rpath,/home/jee/linux/armv7/ll/buildroot/output/host/lib conftest.c  >&5
configure:3390: $? = 0
configure:3412: result: 
configure:3434: checking whether we are cross compiling
configure:3442: /usr/bin/gcc -o conftest -O2 -I/home/jee/linux/armv7/ll/buildroot/output/host/include -I/home/jee/linux/armv7/ll/buildroot/output/host/include -L/home/jee/linux/armv7/ll/buildroot/output/host/lib -Wl,-rpath,/home/jee/linux/armv7/ll/buildroot/output/host/lib conftest.c  >&5
configure:3446: $? = 0
configure:3453: ./conftest
configure:3457: $? = 0
configure:3445: result: no
configure:3450: checking for suffix of object files
configure:3472: /usr/bin/gcc -c -O2 -I/home/jee/linux/armv7/ll/buildroot/output/host/include -I/home/jee/linux/armv7/ll/buildroot/output/host/include conftest.c >&5
configure:3476: $? = 0
configure:3497: result: o
configure:3501: checking whether we are using the GNU C compiler
configure:3520: /usr/bin/gcc -c -O2 -I/home/jee/linux/armv7/ll/buildroot/output/host/include -I/home/jee/linux/armv7/ll/buildroot/output/host/include conftest.c >&5
configure:3520: $? = 0
configure:3529: result: yes
configure:3538: checking whether /usr/bin/gcc accepts -g
configure:3558: /usr/bin/gcc -c -g -I/home/jee/linux/armv7/ll/buildroot/output/host/include conftest.c >&5
configure:3558: $? = 0
configure:3599: result: yes
configure:3616: checking for /usr/bin/gcc option to accept ISO C89
configure:3679: /usr/bin/gcc  -c -O2 -I/home/jee/linux/armv7/ll/buildroot/output/host/include -I/home/jee/linux/armv7/ll/buildroot/output/host/include conftest.c >&5
configure:3679: $? = 0
configure:3692: result: none needed
configure:3717: checking whether /usr/bin/gcc understands -c and -o together
configure:3739: /usr/bin/gcc -c conftest.c -o conftest2.o
configure:3742: $? = 0
configure:3739: /usr/bin/gcc -c conftest.c -o conftest2.o
configure:3742: $? = 0
configure:3754: result: yes
configure:3774: checking whether make supports the include directive
configure:3789: make -f confmf.GNU && cat confinc.out
make[1]: Entering directory '/home/jee/linux/armv7/ll/buildroot/output/build/host-attr-2.5.1'
make[1]: Leaving directory '/home/jee/linux/armv7/ll/buildroot/output/build/host-attr-2.5.1'
this is the am__doit target
configure:3792: $? = 0
configure:3811: result: yes (GNU style)
configure:3836: checking dependency style of /usr/bin/gcc
configure:3947: result: none
configure:3969: checking how to run the C preprocessor
configure:4039: result: /usr/bin/cpp
configure:4059: /usr/bin/cpp -I/home/jee/linux/armv7/ll/buildroot/output/host/include conftest.c
configure:4059: $? = 0
configure:4073: /usr/bin/cpp -I/home/jee/linux/armv7/ll/buildroot/output/host/include conftest.c
conftest.c:11:10: fatal error: ac_nonexistent.h: No such file or directory
   11 | #include <ac_nonexistent.h>
      |          ^~~~~~~~~~~~~~~~~~
compilation terminated.
configure:4073: $? = 1
configure: failed program was:
| /* confdefs.h */
| #define PACKAGE_NAME "attr"
| #define PACKAGE_TARNAME "attr"
| #define PACKAGE_VERSION "2.5.1"
| #define PACKAGE_STRING "attr 2.5.1"
| #define PACKAGE_BUGREPORT "acl-devel@nongnu.org"
| #define PACKAGE_URL ""
| #define PACKAGE "attr"
| #define VERSION "2.5.1"
| /* end confdefs.h.  */
| #include <ac_nonexistent.h>
configure:4102: checking for grep that handles long lines and -e
configure:4160: result: /usr/bin/grep
configure:4165: checking for egrep
configure:4227: result: /usr/bin/grep -E
configure:4232: checking for ANSI C header files
configure:4252: /usr/bin/gcc -c -O2 -I/home/jee/linux/armv7/ll/buildroot/output/host/include -I/home/jee/linux/armv7/ll/buildroot/output/host/include conftest.c >&5
configure:4252: $? = 0
configure:4325: /usr/bin/gcc -o conftest -O2 -I/home/jee/linux/armv7/ll/buildroot/output/host/include -I/home/jee/linux/armv7/ll/buildroot/output/host/include -L/home/jee/linux/armv7/ll/buildroot/output/host/lib -Wl,-rpath,/home/jee/linux/armv7/ll/buildroot/output/host/lib conftest.c  >&5
configure:4325: $? = 0
configure:4325: ./conftest
configure:4325: $? = 0
configure:4336: result: yes
configure:4349: checking for sys/types.h
configure:4349: /usr/bin/gcc -c -O2 -I/home/jee/linux/armv7/ll/buildroot/output/host/include -I/home/jee/linux/armv7/ll/buildroot/output/host/include conftest.c >&5
configure:4349: $? = 0
configure:4349: result: yes
configure:4349: checking for sys/stat.h
configure:4349: /usr/bin/gcc -c -O2 -I/home/jee/linux/armv7/ll/buildroot/output/host/include -I/home/jee/linux/armv7/ll/buildroot/output/host/include conftest.c >&5
configure:4349: $? = 0
configure:4349: result: yes
configure:4349: checking for stdlib.h
configure:4349: /usr/bin/gcc -c -O2 -I/home/jee/linux/armv7/ll/buildroot/output/host/include -I/home/jee/linux/armv7/ll/buildroot/output/host/include conftest.c >&5
configure:4349: $? = 0
configure:4349: result: yes
configure:4349: checking for string.h
configure:4349: /usr/bin/gcc -c -O2 -I/home/jee/linux/armv7/ll/buildroot/output/host/include -I/home/jee/linux/armv7/ll/buildroot/output/host/include conftest.c >&5
configure:4349: $? = 0
configure:4349: result: yes
configure:4349: checking for memory.h
configure:4349: /usr/bin/gcc -c -O2 -I/home/jee/linux/armv7/ll/buildroot/output/host/include -I/home/jee/linux/armv7/ll/buildroot/output/host/include conftest.c >&5
configure:4349: $? = 0
configure:4349: result: yes
configure:4349: checking for strings.h
configure:4349: /usr/bin/gcc -c -O2 -I/home/jee/linux/armv7/ll/buildroot/output/host/include -I/home/jee/linux/armv7/ll/buildroot/output/host/include conftest.c >&5
configure:4349: $? = 0
configure:4349: result: yes
configure:4349: checking for inttypes.h
configure:4349: /usr/bin/gcc -c -O2 -I/home/jee/linux/armv7/ll/buildroot/output/host/include -I/home/jee/linux/armv7/ll/buildroot/output/host/include conftest.c >&5
configure:4349: $? = 0
configure:4349: result: yes
configure:4349: checking for stdint.h
configure:4349: /usr/bin/gcc -c -O2 -I/home/jee/linux/armv7/ll/buildroot/output/host/include -I/home/jee/linux/armv7/ll/buildroot/output/host/include conftest.c >&5
configure:4349: $? = 0
configure:4349: result: yes
configure:4349: checking for unistd.h
configure:4349: /usr/bin/gcc -c -O2 -I/home/jee/linux/armv7/ll/buildroot/output/host/include -I/home/jee/linux/armv7/ll/buildroot/output/host/include conftest.c >&5
configure:4349: $? = 0
configure:4349: result: yes
configure:4362: checking minix/config.h usability
configure:4362: /usr/bin/gcc -c -O2 -I/home/jee/linux/armv7/ll/buildroot/output/host/include -I/home/jee/linux/armv7/ll/buildroot/output/host/include conftest.c >&5
conftest.c:54:10: fatal error: minix/config.h: No such file or directory
   54 | #include <minix/config.h>
      |          ^~~~~~~~~~~~~~~~
compilation terminated.
configure:4362: $? = 1
configure: failed program was:
| /* confdefs.h */
| #define PACKAGE_NAME "attr"
| #define PACKAGE_TARNAME "attr"
| #define PACKAGE_VERSION "2.5.1"
| #define PACKAGE_STRING "attr 2.5.1"
| #define PACKAGE_BUGREPORT "acl-devel@nongnu.org"
| #define PACKAGE_URL ""
| #define PACKAGE "attr"
| #define VERSION "2.5.1"
| #define STDC_HEADERS 1
| #define HAVE_SYS_TYPES_H 1
| #define HAVE_SYS_STAT_H 1
| #define HAVE_STDLIB_H 1
| #define HAVE_STRING_H 1
| #define HAVE_MEMORY_H 1
| #define HAVE_STRINGS_H 1
| #define HAVE_INTTYPES_H 1
| #define HAVE_STDINT_H 1
| #define HAVE_UNISTD_H 1
| /* end confdefs.h.  */
| #include <stdio.h>
| #ifdef HAVE_SYS_TYPES_H
| # include <sys/types.h>
| #endif
| #ifdef HAVE_SYS_STAT_H
| # include <sys/stat.h>
| #endif
| #ifdef STDC_HEADERS
| # include <stdlib.h>
| # include <stddef.h>
| #else
| # ifdef HAVE_STDLIB_H
| #  include <stdlib.h>
| # endif
| #endif
| #ifdef HAVE_STRING_H
| # if !defined STDC_HEADERS && defined HAVE_MEMORY_H
| #  include <memory.h>
| # endif
| # include <string.h>
| #endif
| #ifdef HAVE_STRINGS_H
| # include <strings.h>
| #endif
| #ifdef HAVE_INTTYPES_H
| # include <inttypes.h>
| #endif
| #ifdef HAVE_STDINT_H
| # include <stdint.h>
| #endif
| #ifdef HAVE_UNISTD_H
| # include <unistd.h>
| #endif
| #include <minix/config.h>
configure:4362: result: no
configure:4362: checking minix/config.h presence
configure:4362: /usr/bin/cpp -I/home/jee/linux/armv7/ll/buildroot/output/host/include conftest.c
conftest.c:21:10: fatal error: minix/config.h: No such file or directory
   21 | #include <minix/config.h>
      |          ^~~~~~~~~~~~~~~~
compilation terminated.
configure:4362: $? = 1
configure: failed program was:
| /* confdefs.h */
| #define PACKAGE_NAME "attr"
| #define PACKAGE_TARNAME "attr"
| #define PACKAGE_VERSION "2.5.1"
| #define PACKAGE_STRING "attr 2.5.1"
| #define PACKAGE_BUGREPORT "acl-devel@nongnu.org"
| #define PACKAGE_URL ""
| #define PACKAGE "attr"
| #define VERSION "2.5.1"
| #define STDC_HEADERS 1
| #define HAVE_SYS_TYPES_H 1
| #define HAVE_SYS_STAT_H 1
| #define HAVE_STDLIB_H 1
| #define HAVE_STRING_H 1
| #define HAVE_MEMORY_H 1
| #define HAVE_STRINGS_H 1
| #define HAVE_INTTYPES_H 1
| #define HAVE_STDINT_H 1
| #define HAVE_UNISTD_H 1
| /* end confdefs.h.  */
| #include <minix/config.h>
configure:4362: result: no
configure:4362: checking for minix/config.h
configure:4362: result: no
configure:4383: checking whether it is safe to define __EXTENSIONS__
configure:4401: /usr/bin/gcc -c -O2 -I/home/jee/linux/armv7/ll/buildroot/output/host/include -I/home/jee/linux/armv7/ll/buildroot/output/host/include conftest.c >&5
configure:4401: $? = 0
configure:4408: result: yes
configure:4422: checking for an ANSI C-conforming const
configure:4488: /usr/bin/gcc -c -O2 -I/home/jee/linux/armv7/ll/buildroot/output/host/include -I/home/jee/linux/armv7/ll/buildroot/output/host/include conftest.c >&5
configure:4488: $? = 0
configure:4495: result: yes
configure:4503: checking for mode_t
configure:4503: /usr/bin/gcc -c -O2 -I/home/jee/linux/armv7/ll/buildroot/output/host/include -I/home/jee/linux/armv7/ll/buildroot/output/host/include conftest.c >&5
configure:4503: $? = 0
configure:4503: /usr/bin/gcc -c -O2 -I/home/jee/linux/armv7/ll/buildroot/output/host/include -I/home/jee/linux/armv7/ll/buildroot/output/host/include conftest.c >&5
conftest.c: In function 'main':
conftest.c:62:21: error: expected expression before ')' token
   62 | if (sizeof ((mode_t)))
      |                     ^
configure:4503: $? = 1
configure: failed program was:
| /* confdefs.h */
| #define PACKAGE_NAME "attr"
| #define PACKAGE_TARNAME "attr"
| #define PACKAGE_VERSION "2.5.1"
| #define PACKAGE_STRING "attr 2.5.1"
| #define PACKAGE_BUGREPORT "acl-devel@nongnu.org"
| #define PACKAGE_URL ""
| #define PACKAGE "attr"
| #define VERSION "2.5.1"
| #define STDC_HEADERS 1
| #define HAVE_SYS_TYPES_H 1
| #define HAVE_SYS_STAT_H 1
| #define HAVE_STDLIB_H 1
| #define HAVE_STRING_H 1
| #define HAVE_MEMORY_H 1
| #define HAVE_STRINGS_H 1
| #define HAVE_INTTYPES_H 1
| #define HAVE_STDINT_H 1
| #define HAVE_UNISTD_H 1
| #define __EXTENSIONS__ 1
| #define _ALL_SOURCE 1
| #define _GNU_SOURCE 1
| #define _POSIX_PTHREAD_SEMANTICS 1
| #define _TANDEM_SOURCE 1
| /* end confdefs.h.  */
| #include <stdio.h>
| #ifdef HAVE_SYS_TYPES_H
| # include <sys/types.h>
| #endif
| #ifdef HAVE_SYS_STAT_H
| # include <sys/stat.h>
| #endif
| #ifdef STDC_HEADERS
| # include <stdlib.h>
| # include <stddef.h>
| #else
| # ifdef HAVE_STDLIB_H
| #  include <stdlib.h>
| # endif
| #endif
| #ifdef HAVE_STRING_H
| # if !defined STDC_HEADERS && defined HAVE_MEMORY_H
| #  include <memory.h>
| # endif
| # include <string.h>
| #endif
| #ifdef HAVE_STRINGS_H
| # include <strings.h>
| #endif
| #ifdef HAVE_INTTYPES_H
| # include <inttypes.h>
| #endif
| #ifdef HAVE_STDINT_H
| # include <stdint.h>
| #endif
| #ifdef HAVE_UNISTD_H
| # include <unistd.h>
| #endif
| int
| main ()
| {
| if (sizeof ((mode_t)))
| 	    return 0;
|   ;
|   return 0;
| }
configure:4503: result: yes
configure:4514: checking for size_t
configure:4514: /usr/bin/gcc -c -O2 -I/home/jee/linux/armv7/ll/buildroot/output/host/include -I/home/jee/linux/armv7/ll/buildroot/output/host/include conftest.c >&5
configure:4514: $? = 0
configure:4514: /usr/bin/gcc -c -O2 -I/home/jee/linux/armv7/ll/buildroot/output/host/include -I/home/jee/linux/armv7/ll/buildroot/output/host/include conftest.c >&5
conftest.c: In function 'main':
conftest.c:62:21: error: expected expression before ')' token
   62 | if (sizeof ((size_t)))
      |                     ^
configure:4514: $? = 1
configure: failed program was:
| /* confdefs.h */
| #define PACKAGE_NAME "attr"
| #define PACKAGE_TARNAME "attr"
| #define PACKAGE_VERSION "2.5.1"
| #define PACKAGE_STRING "attr 2.5.1"
| #define PACKAGE_BUGREPORT "acl-devel@nongnu.org"
| #define PACKAGE_URL ""
| #define PACKAGE "attr"
| #define VERSION "2.5.1"
| #define STDC_HEADERS 1
| #define HAVE_SYS_TYPES_H 1
| #define HAVE_SYS_STAT_H 1
| #define HAVE_STDLIB_H 1
| #define HAVE_STRING_H 1
| #define HAVE_MEMORY_H 1
| #define HAVE_STRINGS_H 1
| #define HAVE_INTTYPES_H 1
| #define HAVE_STDINT_H 1
| #define HAVE_UNISTD_H 1
| #define __EXTENSIONS__ 1
| #define _ALL_SOURCE 1
| #define _GNU_SOURCE 1
| #define _POSIX_PTHREAD_SEMANTICS 1
| #define _TANDEM_SOURCE 1
| /* end confdefs.h.  */
| #include <stdio.h>
| #ifdef HAVE_SYS_TYPES_H
| # include <sys/types.h>
| #endif
| #ifdef HAVE_SYS_STAT_H
| # include <sys/stat.h>
| #endif
| #ifdef STDC_HEADERS
| # include <stdlib.h>
| # include <stddef.h>
| #else
| # ifdef HAVE_STDLIB_H
| #  include <stdlib.h>
| # endif
| #endif
| #ifdef HAVE_STRING_H
| # if !defined STDC_HEADERS && defined HAVE_MEMORY_H
| #  include <memory.h>
| # endif
| # include <string.h>
| #endif
| #ifdef HAVE_STRINGS_H
| # include <strings.h>
| #endif
| #ifdef HAVE_INTTYPES_H
| # include <inttypes.h>
| #endif
| #ifdef HAVE_STDINT_H
| # include <stdint.h>
| #endif
| #ifdef HAVE_UNISTD_H
| # include <unistd.h>
| #endif
| int
| main ()
| {
| if (sizeof ((size_t)))
| 	    return 0;
|   ;
|   return 0;
| }
configure:4514: result: yes
configure:4527: checking for working alloca.h
configure:4544: /usr/bin/gcc -o conftest -O2 -I/home/jee/linux/armv7/ll/buildroot/output/host/include -I/home/jee/linux/armv7/ll/buildroot/output/host/include -L/home/jee/linux/armv7/ll/buildroot/output/host/lib -Wl,-rpath,/home/jee/linux/armv7/ll/buildroot/output/host/lib conftest.c  >&5
configure:4544: $? = 0
configure:4552: result: yes
configure:4560: checking for alloca
configure:4597: /usr/bin/gcc -o conftest -O2 -I/home/jee/linux/armv7/ll/buildroot/output/host/include -I/home/jee/linux/armv7/ll/buildroot/output/host/include -L/home/jee/linux/armv7/ll/buildroot/output/host/lib -Wl,-rpath,/home/jee/linux/armv7/ll/buildroot/output/host/lib conftest.c  >&5
configure:4597: $? = 0
configure:4605: result: yes
configure:4711: checking whether __attribute__((visibility())) is supported
configure:4732: result: yes
configure:4755: checking for special C compiler options needed for large files
configure:4800: result: no
configure:4806: checking for _FILE_OFFSET_BITS value needed for large files
configure:4831: /usr/bin/gcc -c -O2 -I/home/jee/linux/armv7/ll/buildroot/output/host/include -fvisibility=hidden -I/home/jee/linux/armv7/ll/buildroot/output/host/include conftest.c >&5
configure:4831: $? = 0
configure:4863: result: no
configure:5051: checking the archiver (/usr/bin/ar) interface
configure:5067: /usr/bin/gcc -c -O2 -I/home/jee/linux/armv7/ll/buildroot/output/host/include -fvisibility=hidden -I/home/jee/linux/armv7/ll/buildroot/output/host/include conftest.c >&5
configure:5067: $? = 0
configure:5069: /usr/bin/ar cru libconftest.a conftest.o >&5
/usr/bin/ar: `u' modifier ignored since `D' is the default (see `U')
configure:5072: $? = 0
configure:5071: result: ar
configure:5120: checking build system type
configure:5134: result: x86_64-pc-linux-gnu
configure:5154: checking host system type
configure:5167: result: x86_64-pc-linux-gnu
configure:5208: checking how to print strings
configure:5235: result: printf
configure:5256: checking for a sed that does not truncate output
configure:5320: result: /usr/bin/sed
configure:5338: checking for fgrep
configure:5400: result: /usr/bin/grep -F
configure:5435: checking for ld used by /usr/bin/gcc
configure:5502: result: /usr/bin/ld
configure:5509: checking if the linker (/usr/bin/ld) is GNU ld
configure:5524: result: yes
configure:5536: checking for BSD- or MS-compatible name lister (nm)
configure:5590: result: /usr/bin/nm
configure:5720: checking the name lister (/usr/bin/nm) interface
configure:5727: /usr/bin/gcc -c -O2 -I/home/jee/linux/armv7/ll/buildroot/output/host/include -fvisibility=hidden -I/home/jee/linux/armv7/ll/buildroot/output/host/include conftest.c >&5
configure:5730: /usr/bin/nm "conftest.o"
configure:5733: output
0000000000000000 B some_variable
configure:5734: result: BSD nm
configure:5737: checking whether ln -s works
configure:5741: result: yes
configure:5749: checking the maximum length of command line arguments
configure:5880: result: 1572864
configure:5928: checking how to convert x86_64-pc-linux-gnu file names to x86_64-pc-linux-gnu format
configure:5968: result: func_convert_file_noop
configure:5975: checking how to convert x86_64-pc-linux-gnu file names to toolchain format
configure:5995: result: func_convert_file_noop
configure:6002: checking for /usr/bin/ld option to reload object files
configure:6009: result: -r
configure:6083: checking for objdump
configure:6099: found /usr/bin/objdump
configure:6110: result: objdump
configure:6142: checking how to recognize dependent libraries
configure:6342: result: pass_all
configure:6427: checking for dlltool
configure:6457: result: no
configure:6487: checking how to associate runtime and link libraries
configure:6514: result: printf %s\n
configure:6638: checking for archiver @FILE support
configure:6655: /usr/bin/gcc -c -O2 -I/home/jee/linux/armv7/ll/buildroot/output/host/include -fvisibility=hidden -I/home/jee/linux/armv7/ll/buildroot/output/host/include conftest.c >&5
configure:6655: $? = 0
configure:6658: /usr/bin/ar cru libconftest.a @conftest.lst >&5
/usr/bin/ar: `u' modifier ignored since `D' is the default (see `U')
configure:6661: $? = 0
configure:6666: /usr/bin/ar cru libconftest.a @conftest.lst >&5
/usr/bin/ar: `u' modifier ignored since `D' is the default (see `U')
/usr/bin/ar: conftest.o: No such file or directory
configure:6669: $? = 1
configure:6668: result: @
configure:6726: checking for strip
configure:6742: found /usr/bin/strip
configure:6753: result: strip
configure:6825: checking for ranlib
configure:6852: result: /usr/bin/ranlib
configure:6954: checking command to parse /usr/bin/nm output from /usr/bin/gcc object
configure:7107: /usr/bin/gcc -c -O2 -I/home/jee/linux/armv7/ll/buildroot/output/host/include -fvisibility=hidden -I/home/jee/linux/armv7/ll/buildroot/output/host/include conftest.c >&5
configure:7110: $? = 0
configure:7114: /usr/bin/nm conftest.o \| sed -n -e 's/^.*[ ]\([ABCDGIRSTW][ABCDGIRSTW]*\)[ ][ ]*\([_A-Za-z][_A-Za-z0-9]*\)$/\1 \2 \2/p' | sed '/ __gnu_lto/d' \> conftest.nm
configure:7117: $? = 0
configure:7183: /usr/bin/gcc -o conftest -O2 -I/home/jee/linux/armv7/ll/buildroot/output/host/include -fvisibility=hidden -I/home/jee/linux/armv7/ll/buildroot/output/host/include -L/home/jee/linux/armv7/ll/buildroot/output/host/lib -Wl,-rpath,/home/jee/linux/armv7/ll/buildroot/output/host/lib conftest.c conftstm.o >&5
configure:7186: $? = 0
configure:7224: result: ok
configure:7271: checking for sysroot
configure:7301: result: no
configure:7308: checking for a working dd
configure:7346: result: /usr/bin/dd
configure:7350: checking how to truncate binary pipes
configure:7365: result: /usr/bin/dd bs=4096 count=1
configure:7501: /usr/bin/gcc -c -O2 -I/home/jee/linux/armv7/ll/buildroot/output/host/include -fvisibility=hidden -I/home/jee/linux/armv7/ll/buildroot/output/host/include conftest.c >&5
configure:7504: $? = 0
configure:7694: checking for mt
configure:7710: found /usr/bin/mt
configure:7721: result: mt
configure:7744: checking if mt is a manifest tool
configure:7750: mt '-?'
configure:7758: result: no
configure:8432: checking for dlfcn.h
configure:8432: /usr/bin/gcc -c -O2 -I/home/jee/linux/armv7/ll/buildroot/output/host/include -fvisibility=hidden -I/home/jee/linux/armv7/ll/buildroot/output/host/include conftest.c >&5
configure:8432: $? = 0
configure:8432: result: yes
configure:8688: checking for objdir
configure:8703: result: .libs
configure:8967: checking if /usr/bin/gcc supports -fno-rtti -fno-exceptions
configure:8985: /usr/bin/gcc -c -O2 -I/home/jee/linux/armv7/ll/buildroot/output/host/include -fvisibility=hidden -I/home/jee/linux/armv7/ll/buildroot/output/host/include -fno-rtti -fno-exceptions conftest.c >&5
cc1: warning: command line option '-fno-rtti' is valid for C++/D/ObjC++ but not for C
configure:8989: $? = 0
configure:9002: result: no
configure:9360: checking for /usr/bin/gcc option to produce PIC
configure:9367: result: -fPIC -DPIC
configure:9375: checking if /usr/bin/gcc PIC flag -fPIC -DPIC works
configure:9393: /usr/bin/gcc -c -O2 -I/home/jee/linux/armv7/ll/buildroot/output/host/include -fvisibility=hidden -I/home/jee/linux/armv7/ll/buildroot/output/host/include -fPIC -DPIC -DPIC conftest.c >&5
configure:9397: $? = 0
configure:9410: result: yes
configure:9439: checking if /usr/bin/gcc static flag -static works
configure:9467: result: yes
configure:9482: checking if /usr/bin/gcc supports -c -o file.o
configure:9503: /usr/bin/gcc -c -O2 -I/home/jee/linux/armv7/ll/buildroot/output/host/include -fvisibility=hidden -I/home/jee/linux/armv7/ll/buildroot/output/host/include -o out/conftest2.o conftest.c >&5
configure:9507: $? = 0
configure:9529: result: yes
configure:9537: checking if /usr/bin/gcc supports -c -o file.o
configure:9584: result: yes
configure:9617: checking whether the /usr/bin/gcc linker (/usr/bin/ld -m elf_x86_64) supports shared libraries
configure:10876: result: yes
configure:10913: checking whether -lc should be explicitly linked in
configure:10921: /usr/bin/gcc -c -O2 -I/home/jee/linux/armv7/ll/buildroot/output/host/include -fvisibility=hidden -I/home/jee/linux/armv7/ll/buildroot/output/host/include conftest.c >&5
configure:10924: $? = 0
configure:10939: /usr/bin/gcc -shared  -fPIC -DPIC conftest.o  -v -Wl,-soname -Wl,conftest -o conftest 2\>\&1 \| /usr/bin/grep  -lc  \>/dev/null 2\>\&1
configure:10942: $? = 0
configure:10956: result: no
configure:11116: checking dynamic linker characteristics
configure:11697: /usr/bin/gcc -o conftest -O2 -I/home/jee/linux/armv7/ll/buildroot/output/host/include -fvisibility=hidden -I/home/jee/linux/armv7/ll/buildroot/output/host/include -L/home/jee/linux/armv7/ll/buildroot/output/host/lib -Wl,-rpath,/home/jee/linux/armv7/ll/buildroot/output/host/lib -Wl,-rpath -Wl,/foo conftest.c  >&5
configure:11697: $? = 0
configure:11937: result: GNU/Linux ld.so
configure:12059: checking how to hardcode library paths into programs
configure:12084: result: immediate
configure:12632: checking whether stripping libraries is possible
configure:12637: result: yes
configure:12672: checking if libtool supports shared libraries
configure:12674: result: yes
configure:12677: checking whether to build shared libraries
configure:12702: result: yes
configure:12705: checking whether to build static libraries
configure:12709: result: no
configure:9538: checking whether NLS is requested
configure:9547: result: no
configure:9587: checking for msgfmt
configure: trying /usr/bin/msgfmt...
0 translated messages.
configure:9619: result: /usr/bin/msgfmt
configure:9628: checking for gmsgfmt
configure:9659: result: /usr/bin/msgfmt
configure:9709: checking for xgettext
configure: trying /usr/bin/xgettext...
/usr/bin/xgettext: warning: file '/dev/null' extension '' is unknown; will try C
configure:9741: result: /usr/bin/xgettext
configure:9786: checking for msgmerge
configure: trying /usr/bin/msgmerge...
configure:9817: result: /usr/bin/msgmerge
configure:9875: checking for ld used by /usr/bin/gcc
configure:9942: result: /usr/bin/ld -m elf_x86_64
configure:9949: checking if the linker (/usr/bin/ld -m elf_x86_64) is GNU ld
configure:9964: result: yes
configure:9971: checking for shared library run path origin
configure:9984: result: done
configure:10556: checking for CFPreferencesCopyAppValue
configure:10574: /usr/bin/gcc -o conftest -O2 -I/home/jee/linux/armv7/ll/buildroot/output/host/include -fvisibility=hidden -I/home/jee/linux/armv7/ll/buildroot/output/host/include -L/home/jee/linux/armv7/ll/buildroot/output/host/lib -Wl,-rpath,/home/jee/linux/armv7/ll/buildroot/output/host/lib conftest.c  -Wl,-framework -Wl,CoreFoundation >&5
conftest.c:32:10: fatal error: CoreFoundation/CFPreferences.h: No such file or directory
   32 | #include <CoreFoundation/CFPreferences.h>
      |          ^~~~~~~~~~~~~~~~~~~~~~~~~~~~~~~~
compilation terminated.
configure:10574: $? = 1
configure: failed program was:
| /* confdefs.h */
| #define PACKAGE_NAME "attr"
| #define PACKAGE_TARNAME "attr"
| #define PACKAGE_VERSION "2.5.1"
| #define PACKAGE_STRING "attr 2.5.1"
| #define PACKAGE_BUGREPORT "acl-devel@nongnu.org"
| #define PACKAGE_URL ""
| #define PACKAGE "attr"
| #define VERSION "2.5.1"
| #define STDC_HEADERS 1
| #define HAVE_SYS_TYPES_H 1
| #define HAVE_SYS_STAT_H 1
| #define HAVE_STDLIB_H 1
| #define HAVE_STRING_H 1
| #define HAVE_MEMORY_H 1
| #define HAVE_STRINGS_H 1
| #define HAVE_INTTYPES_H 1
| #define HAVE_STDINT_H 1
| #define HAVE_UNISTD_H 1
| #define __EXTENSIONS__ 1
| #define _ALL_SOURCE 1
| #define _GNU_SOURCE 1
| #define _POSIX_PTHREAD_SEMANTICS 1
| #define _TANDEM_SOURCE 1
| #define HAVE_ALLOCA_H 1
| #define HAVE_ALLOCA 1
| #define HAVE_VISIBILITY_ATTRIBUTE /**/
| #define EXPORT __attribute__ ((visibility ("default"))) extern
| #define HAVE_DLFCN_H 1
| #define LT_OBJDIR ".libs/"
| /* end confdefs.h.  */
| #include <CoreFoundation/CFPreferences.h>
| int
| main ()
| {
| CFPreferencesCopyAppValue(NULL, NULL)
|   ;
|   return 0;
| }
configure:10583: result: no
configure:10590: checking for CFLocaleCopyCurrent
configure:10608: /usr/bin/gcc -o conftest -O2 -I/home/jee/linux/armv7/ll/buildroot/output/host/include -fvisibility=hidden -I/home/jee/linux/armv7/ll/buildroot/output/host/include -L/home/jee/linux/armv7/ll/buildroot/output/host/lib -Wl,-rpath,/home/jee/linux/armv7/ll/buildroot/output/host/lib conftest.c  -Wl,-framework -Wl,CoreFoundation >&5
conftest.c:32:10: fatal error: CoreFoundation/CFLocale.h: No such file or directory
   32 | #include <CoreFoundation/CFLocale.h>
      |          ^~~~~~~~~~~~~~~~~~~~~~~~~~~
compilation terminated.
configure:10608: $? = 1
configure: failed program was:
| /* confdefs.h */
| #define PACKAGE_NAME "attr"
| #define PACKAGE_TARNAME "attr"
| #define PACKAGE_VERSION "2.5.1"
| #define PACKAGE_STRING "attr 2.5.1"
| #define PACKAGE_BUGREPORT "acl-devel@nongnu.org"
| #define PACKAGE_URL ""
| #define PACKAGE "attr"
| #define VERSION "2.5.1"
| #define STDC_HEADERS 1
| #define HAVE_SYS_TYPES_H 1
| #define HAVE_SYS_STAT_H 1
| #define HAVE_STDLIB_H 1
| #define HAVE_STRING_H 1
| #define HAVE_MEMORY_H 1
| #define HAVE_STRINGS_H 1
| #define HAVE_INTTYPES_H 1
| #define HAVE_STDINT_H 1
| #define HAVE_UNISTD_H 1
| #define __EXTENSIONS__ 1
| #define _ALL_SOURCE 1
| #define _GNU_SOURCE 1
| #define _POSIX_PTHREAD_SEMANTICS 1
| #define _TANDEM_SOURCE 1
| #define HAVE_ALLOCA_H 1
| #define HAVE_ALLOCA 1
| #define HAVE_VISIBILITY_ATTRIBUTE /**/
| #define EXPORT __attribute__ ((visibility ("default"))) extern
| #define HAVE_DLFCN_H 1
| #define LT_OBJDIR ".libs/"
| /* end confdefs.h.  */
| #include <CoreFoundation/CFLocale.h>
| int
| main ()
| {
| CFLocaleCopyCurrent();
|   ;
|   return 0;
| }
configure:10617: result: no
configure:11527: checking whether to use NLS
configure:11529: result: no
configure:11725: checking that generated files are newer than configure
configure:11731: result: done
configure:11754: creating ./config.status

## ---------------------- ##
## Running config.status. ##
## ---------------------- ##

This file was extended by attr config.status 2.5.1, which was
generated by GNU Autoconf 2.69.  Invocation command line was

  CONFIG_FILES    = 
  CONFIG_HEADERS  = 
  CONFIG_LINKS    = 
  CONFIG_COMMANDS = 
  $ ./config.status 

on jee-virtual-machine

config.status:1118: creating libattr.pc
config.status:1118: creating Makefile
config.status:1118: creating po/Makefile.in
config.status:1118: creating include/config.h
config.status:1347: executing depfiles commands
config.status:1347: executing libtool commands
config.status:1347: executing po-directories commands
config.status:1347: executing include/attr commands
configure:14022: WARNING: unrecognized options: --disable-gtk-doc, --disable-gtk-doc-html, --disable-doc, --disable-docs, --disable-documentation, --with-xmlto, --with-fop

## ---------------- ##
## Cache variables. ##
## ---------------- ##

ac_cv_build=x86_64-pc-linux-gnu
ac_cv_c_compiler_gnu=yes
ac_cv_c_const=yes
ac_cv_env_CC_set=set
ac_cv_env_CC_value=/usr/bin/gcc
ac_cv_env_CFLAGS_set=set
ac_cv_env_CFLAGS_value='-O2 -I/home/jee/linux/armv7/ll/buildroot/output/host/include'
ac_cv_env_CPPFLAGS_set=set
ac_cv_env_CPPFLAGS_value=-I/home/jee/linux/armv7/ll/buildroot/output/host/include
ac_cv_env_CPP_set=set
ac_cv_env_CPP_value=/usr/bin/cpp
ac_cv_env_LDFLAGS_set=set
ac_cv_env_LDFLAGS_value='-L/home/jee/linux/armv7/ll/buildroot/output/host/lib -Wl,-rpath,/home/jee/linux/armv7/ll/buildroot/output/host/lib'
ac_cv_env_LIBS_set=
ac_cv_env_LIBS_value=
ac_cv_env_LT_SYS_LIBRARY_PATH_set=
ac_cv_env_LT_SYS_LIBRARY_PATH_value=
ac_cv_env_build_alias_set=
ac_cv_env_build_alias_value=
ac_cv_env_host_alias_set=
ac_cv_env_host_alias_value=
ac_cv_env_target_alias_set=
ac_cv_env_target_alias_value=
ac_cv_func_alloca_works=yes
ac_cv_header_dlfcn_h=yes
ac_cv_header_inttypes_h=yes
ac_cv_header_memory_h=yes
ac_cv_header_minix_config_h=no
ac_cv_header_stdc=yes
ac_cv_header_stdint_h=yes
ac_cv_header_stdlib_h=yes
ac_cv_header_string_h=yes
ac_cv_header_strings_h=yes
ac_cv_header_sys_stat_h=yes
ac_cv_header_sys_types_h=yes
ac_cv_header_unistd_h=yes
ac_cv_host=x86_64-pc-linux-gnu
ac_cv_objext=o
ac_cv_path_EGREP='/usr/bin/grep -E'
ac_cv_path_FGREP='/usr/bin/grep -F'
ac_cv_path_GMSGFMT=/usr/bin/msgfmt
ac_cv_path_GREP=/usr/bin/grep
ac_cv_path_MSGFMT=/usr/bin/msgfmt
ac_cv_path_MSGMERGE=/usr/bin/msgmerge
ac_cv_path_SED=/usr/bin/sed
ac_cv_path_XGETTEXT=/usr/bin/xgettext
ac_cv_path_install='/usr/bin/install -c'
ac_cv_path_lt_DD=/usr/bin/dd
ac_cv_path_mkdir=/usr/bin/mkdir
ac_cv_prog_AWK=gawk
ac_cv_prog_CPP=/usr/bin/cpp
ac_cv_prog_ac_ct_CC=/usr/bin/gcc
ac_cv_prog_ac_ct_MANIFEST_TOOL=mt
ac_cv_prog_ac_ct_OBJDUMP=objdump
ac_cv_prog_ac_ct_RANLIB=/usr/bin/ranlib
ac_cv_prog_ac_ct_STRIP=strip
ac_cv_prog_cc_c89=
ac_cv_prog_cc_g=yes
ac_cv_prog_make_make_set=yes
ac_cv_safe_to_define___extensions__=yes
ac_cv_sys_file_offset_bits=no
ac_cv_sys_largefile_CC=no
ac_cv_type_mode_t=yes
ac_cv_type_size_t=yes
ac_cv_working_alloca_h=yes
acl_cv_hardcode_direct=no
acl_cv_hardcode_libdir_flag_spec='${wl}-rpath ${wl}$libdir'
acl_cv_hardcode_libdir_separator=
acl_cv_hardcode_minus_L=no
acl_cv_libext=a
acl_cv_libname_spec='lib$name'
acl_cv_library_names_spec='$libname$shrext'
acl_cv_path_LD='/usr/bin/ld -m elf_x86_64'
acl_cv_prog_gnu_ld=yes
acl_cv_rpath=done
acl_cv_shlibext=so
acl_cv_wl=-Wl,
am_cv_CC_dependencies_compiler_type=none
am_cv_ar_interface=ar
am_cv_make_support_nested_variables=yes
am_cv_prog_cc_c_o=yes
gt_cv_func_CFLocaleCopyCurrent=no
gt_cv_func_CFPreferencesCopyAppValue=no
libc_cv_visibility_attribute=yes
lt_cv_ar_at_file=@
lt_cv_archive_cmds_need_lc=no
lt_cv_deplibs_check_method=pass_all
lt_cv_file_magic_cmd='$MAGIC_CMD'
lt_cv_file_magic_test_file=
lt_cv_ld_reload_flag=-r
lt_cv_nm_interface='BSD nm'
lt_cv_objdir=.libs
lt_cv_path_LD=/usr/bin/ld
lt_cv_path_NM=/usr/bin/nm
lt_cv_path_mainfest_tool=no
lt_cv_prog_compiler_c_o=yes
lt_cv_prog_compiler_pic='-fPIC -DPIC'
lt_cv_prog_compiler_pic_works=yes
lt_cv_prog_compiler_rtti_exceptions=no
lt_cv_prog_compiler_static_works=yes
lt_cv_prog_gnu_ld=yes
lt_cv_sharedlib_from_linklib_cmd='printf %s\n'
lt_cv_shlibpath_overrides_runpath=yes
lt_cv_sys_global_symbol_pipe='sed -n -e '\''s/^.*[	 ]\([ABCDGIRSTW][ABCDGIRSTW]*\)[	 ][	 ]*\([_A-Za-z][_A-Za-z0-9]*\)$/\1 \2 \2/p'\'' | sed '\''/ __gnu_lto/d'\'''
lt_cv_sys_global_symbol_to_c_name_address='sed -n -e '\''s/^: \(.*\) .*$/  {"\1", (void *) 0},/p'\'' -e '\''s/^[ABCDGIRSTW][ABCDGIRSTW]* .* \(.*\)$/  {"\1", (void *) \&\1},/p'\'''
lt_cv_sys_global_symbol_to_c_name_address_lib_prefix='sed -n -e '\''s/^: \(.*\) .*$/  {"\1", (void *) 0},/p'\'' -e '\''s/^[ABCDGIRSTW][ABCDGIRSTW]* .* \(lib.*\)$/  {"\1", (void *) \&\1},/p'\'' -e '\''s/^[ABCDGIRSTW][ABCDGIRSTW]* .* \(.*\)$/  {"lib\1", (void *) \&\1},/p'\'''
lt_cv_sys_global_symbol_to_cdecl='sed -n -e '\''s/^T .* \(.*\)$/extern int \1();/p'\'' -e '\''s/^[ABCDGIRSTW][ABCDGIRSTW]* .* \(.*\)$/extern char \1;/p'\'''
lt_cv_sys_global_symbol_to_import=
lt_cv_sys_max_cmd_len=1572864
lt_cv_to_host_file_cmd=func_convert_file_noop
lt_cv_to_tool_file_cmd=func_convert_file_noop
lt_cv_truncate_bin='/usr/bin/dd bs=4096 count=1'

## ----------------- ##
## Output variables. ##
## ----------------- ##

ACLOCAL='${SHELL} /home/jee/linux/armv7/ll/buildroot/output/build/host-attr-2.5.1/build-aux/missing aclocal-1.16'
ALLOCA=''
AMDEPBACKSLASH=''
AMDEP_FALSE=''
AMDEP_TRUE='#'
AMTAR='$${TAR-tar}'
AM_BACKSLASH='\'
AM_DEFAULT_V='$(AM_DEFAULT_VERBOSITY)'
AM_DEFAULT_VERBOSITY='0'
AM_V='$(V)'
AR='/usr/bin/ar'
AUTOCONF='${SHELL} /home/jee/linux/armv7/ll/buildroot/output/build/host-attr-2.5.1/build-aux/missing autoconf'
AUTOHEADER='${SHELL} /home/jee/linux/armv7/ll/buildroot/output/build/host-attr-2.5.1/build-aux/missing autoheader'
AUTOMAKE='${SHELL} /home/jee/linux/armv7/ll/buildroot/output/build/host-attr-2.5.1/build-aux/missing automake-1.16'
AWK='gawk'
CC='/usr/bin/gcc'
CCDEPMODE='depmode=none'
CFLAGS='-O2 -I/home/jee/linux/armv7/ll/buildroot/output/host/include -fvisibility=hidden'
CPP='/usr/bin/cpp'
CPPFLAGS='-I/home/jee/linux/armv7/ll/buildroot/output/host/include -DNDEBUG'
CYGPATH_W='echo'
DEFS='-DHAVE_CONFIG_H'
DEPDIR='.deps'
DLLTOOL='false'
DSYMUTIL=''
DUMPBIN=''
ECHO_C=''
ECHO_N='-n'
ECHO_T=''
EGREP='/usr/bin/grep -E'
EXEEXT=''
FGREP='/usr/bin/grep -F'
GETTEXT_MACRO_VERSION='0.18'
GMSGFMT='/usr/bin/msgfmt'
GMSGFMT_015='/usr/bin/msgfmt'
GREP='/usr/bin/grep'
INSTALL_DATA='${INSTALL} -m 644'
INSTALL_PROGRAM='${INSTALL}'
INSTALL_SCRIPT='${INSTALL}'
INSTALL_STRIP_PROGRAM='$(install_sh) -c -s'
INTLLIBS=''
INTL_MACOSX_LIBS=''
LD='/usr/bin/ld -m elf_x86_64'
LDFLAGS='-L/home/jee/linux/armv7/ll/buildroot/output/host/lib -Wl,-rpath,/home/jee/linux/armv7/ll/buildroot/output/host/lib'
LIBICONV='-liconv'
LIBINTL=''
LIBOBJS=''
LIBS=''
LIBTOOL='$(SHELL) $(top_builddir)/libtool'
LIPO=''
LN_S='ln -s'
LTLIBICONV='-liconv'
LTLIBINTL=''
LTLIBOBJS=''
LT_REVISION='2501'
LT_SYS_LIBRARY_PATH=''
MAKEINFO='${SHELL} /home/jee/linux/armv7/ll/buildroot/output/build/host-attr-2.5.1/build-aux/missing makeinfo'
MANIFEST_TOOL=':'
MKDIR_P='/usr/bin/mkdir -p'
MSGFMT='/usr/bin/msgfmt'
MSGFMT_015='/usr/bin/msgfmt'
MSGMERGE='/usr/bin/msgmerge'
NM='/usr/bin/nm'
NMEDIT=''
OBJDUMP='objdump'
OBJEXT='o'
OTOOL64=''
OTOOL=''
PACKAGE='attr'
PACKAGE_BUGREPORT='acl-devel@nongnu.org'
PACKAGE_NAME='attr'
PACKAGE_STRING='attr 2.5.1'
PACKAGE_TARNAME='attr'
PACKAGE_URL=''
PACKAGE_VERSION='2.5.1'
PATH_SEPARATOR=':'
POSUB=''
RANLIB='/usr/bin/ranlib'
SED='/usr/bin/sed'
SET_MAKE=''
SHELL='/bin/bash'
STRIP='strip'
USE_NLS='no'
VERSION='2.5.1'
XGETTEXT='/usr/bin/xgettext'
XGETTEXT_015='/usr/bin/xgettext'
XGETTEXT_EXTRA_OPTIONS=''
ac_ct_AR=''
ac_ct_CC='/usr/bin/gcc'
ac_ct_DUMPBIN=''
am__EXEEXT_FALSE=''
am__EXEEXT_TRUE='#'
am__fastdepCC_FALSE=''
am__fastdepCC_TRUE='#'
am__include='include'
am__isrc=''
am__leading_dot='.'
am__nodep=''
am__quote=''
am__tar='$${TAR-tar} chof - "$$tardir"'
am__untar='$${TAR-tar} xf -'
bindir='${exec_prefix}/bin'
build='x86_64-pc-linux-gnu'
build_alias=''
build_cpu='x86_64'
build_os='linux-gnu'
build_vendor='pc'
datadir='${datarootdir}'
datarootdir='${prefix}/share'
docdir='${datarootdir}/doc/${PACKAGE_TARNAME}'
dvidir='${docdir}'
exec_prefix='${prefix}'
host='x86_64-pc-linux-gnu'
host_alias=''
host_cpu='x86_64'
host_os='linux-gnu'
host_vendor='pc'
htmldir='${docdir}'
includedir='${prefix}/include'
infodir='${datarootdir}/info'
install_sh='${SHELL} /home/jee/linux/armv7/ll/buildroot/output/build/host-attr-2.5.1/build-aux/install-sh'
libdir='${exec_prefix}/lib'
libexecdir='${exec_prefix}/libexec'
localedir='${datarootdir}/locale'
localstatedir='/home/jee/linux/armv7/ll/buildroot/output/host/var'
mandir='${datarootdir}/man'
mkdir_p='$(MKDIR_P)'
oldincludedir='/usr/include'
pdfdir='${docdir}'
prefix='/home/jee/linux/armv7/ll/buildroot/output/host'
program_transform_name='s,x,x,'
psdir='${docdir}'
sbindir='${exec_prefix}/sbin'
sharedstatedir='${prefix}/com'
sysconfdir='/home/jee/linux/armv7/ll/buildroot/output/host/etc'
target_alias=''

## ----------- ##
## confdefs.h. ##
## ----------- ##

/* confdefs.h */
#define PACKAGE_NAME "attr"
#define PACKAGE_TARNAME "attr"
#define PACKAGE_VERSION "2.5.1"
#define PACKAGE_STRING "attr 2.5.1"
#define PACKAGE_BUGREPORT "acl-devel@nongnu.org"
#define PACKAGE_URL ""
#define PACKAGE "attr"
#define VERSION "2.5.1"
#define STDC_HEADERS 1
#define HAVE_SYS_TYPES_H 1
#define HAVE_SYS_STAT_H 1
#define HAVE_STDLIB_H 1
#define HAVE_STRING_H 1
#define HAVE_MEMORY_H 1
#define HAVE_STRINGS_H 1
#define HAVE_INTTYPES_H 1
#define HAVE_STDINT_H 1
#define HAVE_UNISTD_H 1
#define __EXTENSIONS__ 1
#define _ALL_SOURCE 1
#define _GNU_SOURCE 1
#define _POSIX_PTHREAD_SEMANTICS 1
#define _TANDEM_SOURCE 1
#define HAVE_ALLOCA_H 1
#define HAVE_ALLOCA 1
#define HAVE_VISIBILITY_ATTRIBUTE /**/
#define EXPORT __attribute__ ((visibility ("default"))) extern
#define HAVE_DLFCN_H 1
#define LT_OBJDIR ".libs/"

configure: exit 0
