This file contains any messages produced by compilers while
running configure, to aid debugging if configure makes a mistake.

It was created by patchelf configure 0.13.20210805.a949ff2, which was
generated by GNU Autoconf 2.69.  Invocation command line was

  $ ./configure --prefix=/home/jee/linux/armv7/ll/buildroot/output/host --sysconfdir=/home/jee/linux/armv7/ll/buildroot/output/host/etc --localstatedir=/home/jee/linux/armv7/ll/buildroot/output/host/var --enable-shared --disable-static --disable-gtk-doc --disable-gtk-doc-html --disable-doc --disable-docs --disable-documentation --disable-debug --with-xmlto=no --with-fop=no --disable-nls --disable-dependency-tracking

## --------- ##
## Platform. ##
## --------- ##

hostname = jee-virtual-machine
uname -m = x86_64
uname -r = 5.15.0-86-generic
uname -s = Linux
uname -v = #96~20.04.1-Ubuntu SMP Thu Sep 21 13:23:37 UTC 2023

/usr/bin/uname -p = x86_64
/bin/uname -X     = unknown

/bin/arch              = x86_64
/usr/bin/arch -k       = unknown
/usr/convex/getsysinfo = unknown
/usr/bin/hostinfo      = unknown
/bin/machine           = unknown
/usr/bin/oslevel       = unknown
/bin/universe          = unknown

PATH: /home/jee/linux/armv7/ll/buildroot/output/host/bin
PATH: /home/jee/linux/armv7/ll/buildroot/output/host/sbin
PATH: /usr/local/sbin
PATH: /usr/local/bin
PATH: /usr/sbin
PATH: /usr/bin
PATH: /sbin
PATH: /bin
PATH: /snap/bin


## ----------- ##
## Core tests. ##
## ----------- ##

configure:1895: checking for a BSD-compatible install
configure:1963: result: /usr/bin/install -c
configure:1974: checking whether build environment is sane
configure:2029: result: yes
configure:2178: checking for a thread-safe mkdir -p
configure:2217: result: /usr/bin/mkdir -p
configure:2224: checking for gawk
configure:2240: found /usr/bin/gawk
configure:2251: result: gawk
configure:2262: checking whether make sets $(MAKE)
configure:2284: result: yes
configure:2313: checking whether make supports nested variables
configure:2330: result: yes
configure:2461: checking whether make supports the include directive
configure:2476: make -f confmf.GNU && cat confinc.out
make[1]: Entering directory '/home/jee/linux/armv7/ll/buildroot/output/build/host-patchelf-0.13'
make[1]: Leaving directory '/home/jee/linux/armv7/ll/buildroot/output/build/host-patchelf-0.13'
this is the am__doit target
configure:2479: $? = 0
configure:2498: result: yes (GNU style)
configure:2568: checking for gcc
configure:2595: result: /usr/bin/gcc
configure:2824: checking for C compiler version
configure:2833: /usr/bin/gcc --version >&5
gcc (Ubuntu 9.4.0-1ubuntu1~20.04.2) 9.4.0
Copyright (C) 2019 Free Software Foundation, Inc.
This is free software; see the source for copying conditions.  There is NO
warranty; not even for MERCHANTABILITY or FITNESS FOR A PARTICULAR PURPOSE.

configure:2844: $? = 0
configure:2833: /usr/bin/gcc -v >&5
Using built-in specs.
COLLECT_GCC=/usr/bin/gcc
COLLECT_LTO_WRAPPER=/usr/lib/gcc/x86_64-linux-gnu/9/lto-wrapper
OFFLOAD_TARGET_NAMES=nvptx-none:hsa
OFFLOAD_TARGET_DEFAULT=1
Target: x86_64-linux-gnu
Configured with: ../src/configure -v --with-pkgversion='Ubuntu 9.4.0-1ubuntu1~20.04.2' --with-bugurl=file:///usr/share/doc/gcc-9/README.Bugs --enable-languages=c,ada,c++,go,brig,d,fortran,objc,obj-c++,gm2 --prefix=/usr --with-gcc-major-version-only --program-suffix=-9 --program-prefix=x86_64-linux-gnu- --enable-shared --enable-linker-build-id --libexecdir=/usr/lib --without-included-gettext --enable-threads=posix --libdir=/usr/lib --enable-nls --enable-clocale=gnu --enable-libstdcxx-debug --enable-libstdcxx-time=yes --with-default-libstdcxx-abi=new --enable-gnu-unique-object --disable-vtable-verify --enable-plugin --enable-default-pie --with-system-zlib --with-target-system-zlib=auto --enable-objc-gc=auto --enable-multiarch --disable-werror --with-arch-32=i686 --with-abi=m64 --with-multilib-list=m32,m64,mx32 --enable-multilib --with-tune=generic --enable-offload-targets=nvptx-none=/build/gcc-9-9QDOt0/gcc-9-9.4.0/debian/tmp-nvptx/usr,hsa --without-cuda-driver --enable-checking=release --build=x86_64-linux-gnu --host=x86_64-linux-gnu --target=x86_64-linux-gnu
Thread model: posix
gcc version 9.4.0 (Ubuntu 9.4.0-1ubuntu1~20.04.2) 
configure:2844: $? = 0
configure:2833: /usr/bin/gcc -V >&5
gcc: error: unrecognized command line option '-V'
gcc: fatal error: no input files
compilation terminated.
configure:2844: $? = 1
configure:2833: /usr/bin/gcc -qversion >&5
gcc: error: unrecognized command line option '-qversion'; did you mean '--version'?
gcc: fatal error: no input files
compilation terminated.
configure:2844: $? = 1
configure:2864: checking whether the C compiler works
configure:2886: /usr/bin/gcc -O2 -I/home/jee/linux/armv7/ll/buildroot/output/host/include -I/home/jee/linux/armv7/ll/buildroot/output/host/include -L/home/jee/linux/armv7/ll/buildroot/output/host/lib -Wl,-rpath,/home/jee/linux/armv7/ll/buildroot/output/host/lib conftest.c  >&5
configure:2890: $? = 0
configure:2938: result: yes
configure:2941: checking for C compiler default output file name
configure:2943: result: a.out
configure:2949: checking for suffix of executables
configure:2956: /usr/bin/gcc -o conftest -O2 -I/home/jee/linux/armv7/ll/buildroot/output/host/include -I/home/jee/linux/armv7/ll/buildroot/output/host/include -L/home/jee/linux/armv7/ll/buildroot/output/host/lib -Wl,-rpath,/home/jee/linux/armv7/ll/buildroot/output/host/lib conftest.c  >&5
configure:2960: $? = 0
configure:2982: result: 
configure:3004: checking whether we are cross compiling
configure:3012: /usr/bin/gcc -o conftest -O2 -I/home/jee/linux/armv7/ll/buildroot/output/host/include -I/home/jee/linux/armv7/ll/buildroot/output/host/include -L/home/jee/linux/armv7/ll/buildroot/output/host/lib -Wl,-rpath,/home/jee/linux/armv7/ll/buildroot/output/host/lib conftest.c  >&5
configure:3016: $? = 0
configure:3023: ./conftest
configure:3027: $? = 0
configure:3015: result: no
configure:3020: checking for suffix of object files
configure:3042: /usr/bin/gcc -c -O2 -I/home/jee/linux/armv7/ll/buildroot/output/host/include -I/home/jee/linux/armv7/ll/buildroot/output/host/include conftest.c >&5
configure:3046: $? = 0
configure:3067: result: o
configure:3071: checking whether we are using the GNU C compiler
configure:3090: /usr/bin/gcc -c -O2 -I/home/jee/linux/armv7/ll/buildroot/output/host/include -I/home/jee/linux/armv7/ll/buildroot/output/host/include conftest.c >&5
configure:3090: $? = 0
configure:3099: result: yes
configure:3108: checking whether /usr/bin/gcc accepts -g
configure:3128: /usr/bin/gcc -c -g -I/home/jee/linux/armv7/ll/buildroot/output/host/include conftest.c >&5
configure:3128: $? = 0
configure:3169: result: yes
configure:3186: checking for /usr/bin/gcc option to accept ISO C89
configure:3249: /usr/bin/gcc  -c -O2 -I/home/jee/linux/armv7/ll/buildroot/output/host/include -I/home/jee/linux/armv7/ll/buildroot/output/host/include conftest.c >&5
configure:3249: $? = 0
configure:3262: result: none needed
configure:3287: checking whether /usr/bin/gcc understands -c and -o together
configure:3309: /usr/bin/gcc -c conftest.c -o conftest2.o
configure:3312: $? = 0
configure:3309: /usr/bin/gcc -c conftest.c -o conftest2.o
configure:3312: $? = 0
configure:3324: result: yes
configure:3343: checking dependency style of /usr/bin/gcc
configure:3454: result: none
configure:3582: checking for C++ compiler version
configure:3591: /usr/bin/g++ --version >&5
g++ (Ubuntu 9.4.0-1ubuntu1~20.04.2) 9.4.0
Copyright (C) 2019 Free Software Foundation, Inc.
This is free software; see the source for copying conditions.  There is NO
warranty; not even for MERCHANTABILITY or FITNESS FOR A PARTICULAR PURPOSE.

configure:3602: $? = 0
configure:3591: /usr/bin/g++ -v >&5
Using built-in specs.
COLLECT_GCC=/usr/bin/g++
COLLECT_LTO_WRAPPER=/usr/lib/gcc/x86_64-linux-gnu/9/lto-wrapper
OFFLOAD_TARGET_NAMES=nvptx-none:hsa
OFFLOAD_TARGET_DEFAULT=1
Target: x86_64-linux-gnu
Configured with: ../src/configure -v --with-pkgversion='Ubuntu 9.4.0-1ubuntu1~20.04.2' --with-bugurl=file:///usr/share/doc/gcc-9/README.Bugs --enable-languages=c,ada,c++,go,brig,d,fortran,objc,obj-c++,gm2 --prefix=/usr --with-gcc-major-version-only --program-suffix=-9 --program-prefix=x86_64-linux-gnu- --enable-shared --enable-linker-build-id --libexecdir=/usr/lib --without-included-gettext --enable-threads=posix --libdir=/usr/lib --enable-nls --enable-clocale=gnu --enable-libstdcxx-debug --enable-libstdcxx-time=yes --with-default-libstdcxx-abi=new --enable-gnu-unique-object --disable-vtable-verify --enable-plugin --enable-default-pie --with-system-zlib --with-target-system-zlib=auto --enable-objc-gc=auto --enable-multiarch --disable-werror --with-arch-32=i686 --with-abi=m64 --with-multilib-list=m32,m64,mx32 --enable-multilib --with-tune=generic --enable-offload-targets=nvptx-none=/build/gcc-9-9QDOt0/gcc-9-9.4.0/debian/tmp-nvptx/usr,hsa --without-cuda-driver --enable-checking=release --build=x86_64-linux-gnu --host=x86_64-linux-gnu --target=x86_64-linux-gnu
Thread model: posix
gcc version 9.4.0 (Ubuntu 9.4.0-1ubuntu1~20.04.2) 
configure:3602: $? = 0
configure:3591: /usr/bin/g++ -V >&5
g++: error: unrecognized command line option '-V'
g++: fatal error: no input files
compilation terminated.
configure:3602: $? = 1
configure:3591: /usr/bin/g++ -qversion >&5
g++: error: unrecognized command line option '-qversion'; did you mean '--version'?
g++: fatal error: no input files
compilation terminated.
configure:3602: $? = 1
configure:3606: checking whether we are using the GNU C++ compiler
configure:3625: /usr/bin/g++ -c -O2 -I/home/jee/linux/armv7/ll/buildroot/output/host/include -I/home/jee/linux/armv7/ll/buildroot/output/host/include conftest.cpp >&5
configure:3625: $? = 0
configure:3634: result: yes
configure:3643: checking whether /usr/bin/g++ accepts -g
configure:3663: /usr/bin/g++ -c -g -I/home/jee/linux/armv7/ll/buildroot/output/host/include conftest.cpp >&5
configure:3663: $? = 0
configure:3704: result: yes
configure:3729: checking dependency style of /usr/bin/g++
configure:3840: result: none
configure:3864: checking dependency style of /usr/bin/gcc
configure:3973: result: none
configure:4161: checking that generated files are newer than configure
configure:4167: result: done
configure:4202: creating ./config.status

## ---------------------- ##
## Running config.status. ##
## ---------------------- ##

This file was extended by patchelf config.status 0.13.20210805.a949ff2, which was
generated by GNU Autoconf 2.69.  Invocation command line was

  CONFIG_FILES    = 
  CONFIG_HEADERS  = 
  CONFIG_LINKS    = 
  CONFIG_COMMANDS = 
  $ ./config.status 

on jee-virtual-machine

config.status:784: creating Makefile
config.status:784: creating src/Makefile
config.status:784: creating tests/Makefile
config.status:784: creating patchelf.spec
config.status:956: executing depfiles commands
configure:5333: WARNING: unrecognized options: --enable-shared, --disable-static, --disable-gtk-doc, --disable-gtk-doc-html, --disable-doc, --disable-docs, --disable-documentation, --disable-debug, --with-xmlto, --with-fop, --disable-nls

## ---------------- ##
## Cache variables. ##
## ---------------- ##

ac_cv_c_compiler_gnu=yes
ac_cv_cxx_compiler_gnu=yes
ac_cv_env_CCASFLAGS_set=
ac_cv_env_CCASFLAGS_value=
ac_cv_env_CCAS_set=
ac_cv_env_CCAS_value=
ac_cv_env_CCC_set=
ac_cv_env_CCC_value=
ac_cv_env_CC_set=set
ac_cv_env_CC_value=/usr/bin/gcc
ac_cv_env_CFLAGS_set=set
ac_cv_env_CFLAGS_value='-O2 -I/home/jee/linux/armv7/ll/buildroot/output/host/include'
ac_cv_env_CPPFLAGS_set=set
ac_cv_env_CPPFLAGS_value=-I/home/jee/linux/armv7/ll/buildroot/output/host/include
ac_cv_env_CXXFLAGS_set=set
ac_cv_env_CXXFLAGS_value='-O2 -I/home/jee/linux/armv7/ll/buildroot/output/host/include'
ac_cv_env_CXX_set=set
ac_cv_env_CXX_value=/usr/bin/g++
ac_cv_env_LDFLAGS_set=set
ac_cv_env_LDFLAGS_value='-L/home/jee/linux/armv7/ll/buildroot/output/host/lib -Wl,-rpath,/home/jee/linux/armv7/ll/buildroot/output/host/lib'
ac_cv_env_LIBS_set=
ac_cv_env_LIBS_value=
ac_cv_env_build_alias_set=
ac_cv_env_build_alias_value=
ac_cv_env_host_alias_set=
ac_cv_env_host_alias_value=
ac_cv_env_target_alias_set=
ac_cv_env_target_alias_value=
ac_cv_objext=o
ac_cv_path_install='/usr/bin/install -c'
ac_cv_path_mkdir=/usr/bin/mkdir
ac_cv_prog_AWK=gawk
ac_cv_prog_ac_ct_CC=/usr/bin/gcc
ac_cv_prog_cc_c89=
ac_cv_prog_cc_g=yes
ac_cv_prog_cxx_g=yes
ac_cv_prog_make_make_set=yes
am_cv_CCAS_dependencies_compiler_type=none
am_cv_CC_dependencies_compiler_type=none
am_cv_CXX_dependencies_compiler_type=none
am_cv_make_support_nested_variables=yes
am_cv_prog_cc_c_o=yes

## ----------------- ##
## Output variables. ##
## ----------------- ##

ACLOCAL='${SHELL} /home/jee/linux/armv7/ll/buildroot/output/build/host-patchelf-0.13/build-aux/missing aclocal-1.16'
AMDEPBACKSLASH=''
AMDEP_FALSE=''
AMDEP_TRUE='#'
AMTAR='$${TAR-tar}'
AM_BACKSLASH='\'
AM_DEFAULT_V='$(AM_DEFAULT_VERBOSITY)'
AM_DEFAULT_VERBOSITY='1'
AM_V='$(V)'
AUTOCONF='${SHELL} /home/jee/linux/armv7/ll/buildroot/output/build/host-patchelf-0.13/build-aux/missing autoconf'
AUTOHEADER='${SHELL} /home/jee/linux/armv7/ll/buildroot/output/build/host-patchelf-0.13/build-aux/missing autoheader'
AUTOMAKE='${SHELL} /home/jee/linux/armv7/ll/buildroot/output/build/host-patchelf-0.13/build-aux/missing automake-1.16'
AWK='gawk'
CC='/usr/bin/gcc'
CCAS='/usr/bin/gcc'
CCASDEPMODE='depmode=none'
CCASFLAGS='-O2 -I/home/jee/linux/armv7/ll/buildroot/output/host/include'
CCDEPMODE='depmode=none'
CFLAGS='-O2 -I/home/jee/linux/armv7/ll/buildroot/output/host/include'
CPPFLAGS='-I/home/jee/linux/armv7/ll/buildroot/output/host/include'
CXX='/usr/bin/g++'
CXXDEPMODE='depmode=none'
CXXFLAGS='-O2 -I/home/jee/linux/armv7/ll/buildroot/output/host/include'
CYGPATH_W='echo'
DEFS='-DPACKAGE_NAME=\"patchelf\" -DPACKAGE_TARNAME=\"patchelf\" -DPACKAGE_VERSION=\"0.13.20210805.a949ff2\" -DPACKAGE_STRING=\"patchelf\ 0.13.20210805.a949ff2\" -DPACKAGE_BUGREPORT=\"\" -DPACKAGE_URL=\"\" -DPACKAGE=\"patchelf\" -DVERSION=\"0.13.20210805.a949ff2\"'
DEPDIR='.deps'
ECHO_C=''
ECHO_N='-n'
ECHO_T=''
EXEEXT=''
INSTALL_DATA='${INSTALL} -m 644'
INSTALL_PROGRAM='${INSTALL}'
INSTALL_SCRIPT='${INSTALL}'
INSTALL_STRIP_PROGRAM='$(install_sh) -c -s'
LDFLAGS='-L/home/jee/linux/armv7/ll/buildroot/output/host/lib -Wl,-rpath,/home/jee/linux/armv7/ll/buildroot/output/host/lib'
LIBOBJS=''
LIBS=''
LTLIBOBJS=''
MAKEINFO='${SHELL} /home/jee/linux/armv7/ll/buildroot/output/build/host-patchelf-0.13/build-aux/missing makeinfo'
MKDIR_P='/usr/bin/mkdir -p'
OBJEXT='o'
PACKAGE='patchelf'
PACKAGE_BUGREPORT=''
PACKAGE_NAME='patchelf'
PACKAGE_STRING='patchelf 0.13.20210805.a949ff2'
PACKAGE_TARNAME='patchelf'
PACKAGE_URL=''
PACKAGE_VERSION='0.13.20210805.a949ff2'
PATH_SEPARATOR=':'
SET_MAKE=''
SHELL='/bin/bash'
STRIP=''
VERSION='0.13.20210805.a949ff2'
WITH_ASAN_FALSE=''
WITH_ASAN_TRUE='#'
ac_ct_CC='/usr/bin/gcc'
ac_ct_CXX=''
am__EXEEXT_FALSE=''
am__EXEEXT_TRUE='#'
am__fastdepCCAS_FALSE=''
am__fastdepCCAS_TRUE='#'
am__fastdepCC_FALSE=''
am__fastdepCC_TRUE='#'
am__fastdepCXX_FALSE=''
am__fastdepCXX_TRUE='#'
am__include='include'
am__isrc=''
am__leading_dot='.'
am__nodep=''
am__quote=''
am__tar='$${TAR-tar} chof - "$$tardir"'
am__untar='$${TAR-tar} xf -'
bindir='${exec_prefix}/bin'
build_alias=''
datadir='${datarootdir}'
datarootdir='${prefix}/share'
docdir='${datarootdir}/doc/${PACKAGE_TARNAME}'
dvidir='${docdir}'
exec_prefix='${prefix}'
host_alias=''
htmldir='${docdir}'
includedir='${prefix}/include'
infodir='${datarootdir}/info'
install_sh='${SHELL} /home/jee/linux/armv7/ll/buildroot/output/build/host-patchelf-0.13/build-aux/install-sh'
libdir='${exec_prefix}/lib'
libexecdir='${exec_prefix}/libexec'
localedir='${datarootdir}/locale'
localstatedir='/home/jee/linux/armv7/ll/buildroot/output/host/var'
mandir='${datarootdir}/man'
mkdir_p='$(MKDIR_P)'
oldincludedir='/usr/include'
pdfdir='${docdir}'
prefix='/home/jee/linux/armv7/ll/buildroot/output/host'
program_transform_name='s,x,x,'
psdir='${docdir}'
sbindir='${exec_prefix}/sbin'
sharedstatedir='${prefix}/com'
sysconfdir='/home/jee/linux/armv7/ll/buildroot/output/host/etc'
target_alias=''

## ----------- ##
## confdefs.h. ##
## ----------- ##

/* confdefs.h */
#define PACKAGE_NAME "patchelf"
#define PACKAGE_TARNAME "patchelf"
#define PACKAGE_VERSION "0.13.20210805.a949ff2"
#define PACKAGE_STRING "patchelf 0.13.20210805.a949ff2"
#define PACKAGE_BUGREPORT ""
#define PACKAGE_URL ""
#define PACKAGE "patchelf"
#define VERSION "0.13.20210805.a949ff2"

configure: exit 0
