This file contains any messages produced by compilers while
running configure, to aid debugging if configure makes a mistake.

It was created by GNU Automake configure 1.16.5, which was
generated by GNU Autoconf 2.71.  Invocation command line was

  $ ./configure --prefix=/home/jee/linux/armv7/ll/buildroot/output/host --sysconfdir=/home/jee/linux/armv7/ll/buildroot/output/host/etc --localstatedir=/home/jee/linux/armv7/ll/buildroot/output/host/var --enable-shared --disable-static --disable-gtk-doc --disable-gtk-doc-html --disable-doc --disable-docs --disable-documentation --disable-debug --with-xmlto=no --with-fop=no --disable-nls --disable-dependency-tracking

## --------- ##
## Platform. ##
## --------- ##

hostname = jee-virtual-machine
uname -m = x86_64
uname -r = 5.15.0-86-generic
uname -s = Linux
uname -v = #96~20.04.1-Ubuntu SMP Thu Sep 21 13:23:37 UTC 2023

/usr/bin/uname -p = x86_64
/bin/uname -X     = unknown

/bin/arch              = x86_64
/usr/bin/arch -k       = unknown
/usr/convex/getsysinfo = unknown
/usr/bin/hostinfo      = unknown
/bin/machine           = unknown
/usr/bin/oslevel       = unknown
/bin/universe          = unknown

PATH: /home/jee/linux/armv7/ll/buildroot/output/host/bin/
PATH: /home/jee/linux/armv7/ll/buildroot/output/host/sbin/
PATH: /usr/local/sbin/
PATH: /usr/local/bin/
PATH: /usr/sbin/
PATH: /usr/bin/
PATH: /sbin/
PATH: /bin/
PATH: /snap/bin/


## ----------- ##
## Core tests. ##
## ----------- ##

configure:2514: looking for aux files: compile missing install-sh config.guess config.sub
configure:2527:  trying ./lib/
configure:2556:   ./lib/compile found
configure:2556:   ./lib/missing found
configure:2538:   ./lib/install-sh found
configure:2556:   ./lib/config.guess found
configure:2556:   ./lib/config.sub found
configure:2683: checking whether make supports nested variables
configure:2701: result: yes
configure:2720: checking build system type
configure:2735: result: x86_64-pc-linux-gnu
configure:2755: checking host system type
configure:2769: result: x86_64-pc-linux-gnu
configure:2823: checking for a BSD-compatible install
configure:2896: result: /usr/bin/install -c
configure:2907: checking whether build environment is sane
configure:2962: result: yes
configure:3119: checking for a race-free mkdir -p
configure:3163: result: /usr/bin/mkdir -p
configure:3170: checking for gawk
configure:3191: found /usr/bin/gawk
configure:3202: result: gawk
configure:3213: checking whether make sets $(MAKE)
configure:3236: result: yes
configure:3403: checking whether ln -s works
configure:3407: result: yes
configure:3417: checking for perl
configure:3452: result: /usr/bin/perl
configure:3464: /usr/bin/perl --version

This is perl 5, version 30, subversion 0 (v5.30.0) built for x86_64-linux-gnu-thread-multi
(with 59 registered patches, see perl -V for more detail)

Copyright 1987-2019, Larry Wall

Perl may be copied only under the terms of either the Artistic License or the
GNU General Public License, which may be found in the Perl 5 source kit.

Complete documentation for Perl, including FAQ lists, should be found on
this system using "man perl" or "perldoc perl".  If you have access to the
Internet, point your browser at http://www.perl.org/, the Perl Home Page.

configure:3467: $? = 0
configure:3479: checking for tex
configure:3514: result: no
configure:3522:  --version </dev/null
./configure: line 3523: --version: command not found
configure:3525: $? = 127
configure:3543: checking for yacc
configure:3564: found /usr/bin/yacc
configure:3575: result: yacc
configure:3591: checking for lex
configure:3612: found /usr/bin/lex
configure:3623: result: lex
configure:3644: checking whether autoconf is installed
configure:3650: autoconf --version
autoconf (GNU Autoconf) 2.71
Copyright (C) 2021 Free Software Foundation, Inc.
License GPLv3+/Autoconf: GNU GPL version 3 or later
<https://gnu.org/licenses/gpl.html>, <https://gnu.org/licenses/exceptions.html>
This is free software: you are free to change and redistribute it.
There is NO WARRANTY, to the extent permitted by law.

Written by David J. MacKenzie and Akim Demaille.
configure:3653: $? = 0
configure:3661: result: yes
configure:3668: checking whether autoconf works
configure:3678: cd conftest && autoconf -o /dev/null conftest.ac
configure:3681: $? = 0
configure:3690: result: yes
configure:3697: checking whether autoconf is recent enough
configure:3708: cd conftest && autoconf -o /dev/null conftest.ac
configure:3711: $? = 0
configure:3720: result: yes
configure:3727: checking whether ln works
configure:3748: result: yes
configure:3766: checking for grep that handles long lines and -e
configure:3830: result: /usr/bin/grep
configure:3835: checking for egrep
configure:3903: result: /usr/bin/grep -E
configure:3908: checking for fgrep
configure:3976: result: /usr/bin/grep -F
configure:4019: will now look for a sturdy POSIX shell, for our testsuite
configure:4058: checking for sh
configure:4081: found /usr/bin/sh
configure:4093: result: /usr/bin/sh
configure:4058: checking for sh5
configure:4096: result: no
configure:4058: checking for dash
configure:4081: found /usr/bin/dash
configure:4093: result: /usr/bin/dash
configure:4058: checking for ash
configure:4096: result: no
configure:4058: checking for bash
configure:4081: found /usr/bin/bash
configure:4093: result: /usr/bin/bash
configure:4058: checking for zsh
configure:4096: result: no
configure:4058: checking for ksh
configure:4096: result: no
configure:4058: checking for pdksh
configure:4096: result: no
configure:4117: checking whether /bin/bash supports $(cmd)
configure:4127: result: yes
configure:4137: checking whether /bin/bash supports $((expr))
configure:4147: result: yes
configure:4157: checking whether /bin/bash supports ${#var}
configure:4170: result: yes
configure:4180: checking whether /bin/bash supports ${var#glob} and ${var%glob}
configure:4194: result: yes
configure:4204: checking whether /bin/bash preserves exit traps with "set -e"
configure:4214: result: yes
configure:4224: checking whether /bin/bash can define exit traps in a shell function
configure:4234: result: yes
configure:4244: checking whether /bin/bash corrupts stderr with "set -x"
configure:4258: result: no
configure:4266: checking whether /bin/bash can return early from "dot-sourced" files
configure:4276: result: yes
configure:4288: checking whether /bin/bash supports alias named like shell builtins

configure:4298: result: yes
configure:4308: checking whether /bin/bash supports "test -e"
configure:4318: result: yes
configure:4336: shell /bin/bash is good enough, stop looking
configure:4353: will use /bin/bash as the testsuite shell
configure:4377: will now look for generic compilers
configure:4519: checking for C compiler version
configure:4528: /usr/bin/gcc --version >&5
gcc (Ubuntu 9.4.0-1ubuntu1~20.04.2) 9.4.0
Copyright (C) 2019 Free Software Foundation, Inc.
This is free software; see the source for copying conditions.  There is NO
warranty; not even for MERCHANTABILITY or FITNESS FOR A PARTICULAR PURPOSE.

configure:4539: $? = 0
configure:4528: /usr/bin/gcc -v >&5
Using built-in specs.
COLLECT_GCC=/usr/bin/gcc
COLLECT_LTO_WRAPPER=/usr/lib/gcc/x86_64-linux-gnu/9/lto-wrapper
OFFLOAD_TARGET_NAMES=nvptx-none:hsa
OFFLOAD_TARGET_DEFAULT=1
Target: x86_64-linux-gnu
Configured with: ../src/configure -v --with-pkgversion='Ubuntu 9.4.0-1ubuntu1~20.04.2' --with-bugurl=file:///usr/share/doc/gcc-9/README.Bugs --enable-languages=c,ada,c++,go,brig,d,fortran,objc,obj-c++,gm2 --prefix=/usr --with-gcc-major-version-only --program-suffix=-9 --program-prefix=x86_64-linux-gnu- --enable-shared --enable-linker-build-id --libexecdir=/usr/lib --without-included-gettext --enable-threads=posix --libdir=/usr/lib --enable-nls --enable-clocale=gnu --enable-libstdcxx-debug --enable-libstdcxx-time=yes --with-default-libstdcxx-abi=new --enable-gnu-unique-object --disable-vtable-verify --enable-plugin --enable-default-pie --with-system-zlib --with-target-system-zlib=auto --enable-objc-gc=auto --enable-multiarch --disable-werror --with-arch-32=i686 --with-abi=m64 --with-multilib-list=m32,m64,mx32 --enable-multilib --with-tune=generic --enable-offload-targets=nvptx-none=/build/gcc-9-9QDOt0/gcc-9-9.4.0/debian/tmp-nvptx/usr,hsa --without-cuda-driver --enable-checking=release --build=x86_64-linux-gnu --host=x86_64-linux-gnu --target=x86_64-linux-gnu
Thread model: posix
gcc version 9.4.0 (Ubuntu 9.4.0-1ubuntu1~20.04.2) 
configure:4539: $? = 0
configure:4528: /usr/bin/gcc -V >&5
gcc: error: unrecognized command line option '-V'
gcc: fatal error: no input files
compilation terminated.
configure:4539: $? = 1
configure:4528: /usr/bin/gcc -qversion >&5
gcc: error: unrecognized command line option '-qversion'; did you mean '--version'?
gcc: fatal error: no input files
compilation terminated.
configure:4539: $? = 1
configure:4528: /usr/bin/gcc -version >&5
gcc: error: unrecognized command line option '-version'
gcc: fatal error: no input files
compilation terminated.
configure:4539: $? = 1
configure:4559: checking whether the C compiler works
configure:4581: /usr/bin/gcc -O2 -I/home/jee/linux/armv7/ll/buildroot/output/host/include -I/home/jee/linux/armv7/ll/buildroot/output/host/include -L/home/jee/linux/armv7/ll/buildroot/output/host/lib -Wl,-rpath,/home/jee/linux/armv7/ll/buildroot/output/host/lib conftest.c  >&5
configure:4585: $? = 0
configure:4637: result: yes
configure:4640: checking for C compiler default output file name
configure:4642: result: a.out
configure:4648: checking for suffix of executables
configure:4655: /usr/bin/gcc -o conftest -O2 -I/home/jee/linux/armv7/ll/buildroot/output/host/include -I/home/jee/linux/armv7/ll/buildroot/output/host/include -L/home/jee/linux/armv7/ll/buildroot/output/host/lib -Wl,-rpath,/home/jee/linux/armv7/ll/buildroot/output/host/lib conftest.c  >&5
configure:4659: $? = 0
configure:4684: result: 
configure:4706: checking whether we are cross compiling
configure:4714: /usr/bin/gcc -o conftest -O2 -I/home/jee/linux/armv7/ll/buildroot/output/host/include -I/home/jee/linux/armv7/ll/buildroot/output/host/include -L/home/jee/linux/armv7/ll/buildroot/output/host/lib -Wl,-rpath,/home/jee/linux/armv7/ll/buildroot/output/host/lib conftest.c  >&5
configure:4718: $? = 0
configure:4725: ./conftest
configure:4729: $? = 0
configure:4747: result: no
configure:4752: checking for suffix of object files
configure:4775: /usr/bin/gcc -c -O2 -I/home/jee/linux/armv7/ll/buildroot/output/host/include -I/home/jee/linux/armv7/ll/buildroot/output/host/include conftest.c >&5
configure:4779: $? = 0
configure:4803: result: o
configure:4807: checking whether the compiler supports GNU C
configure:4827: /usr/bin/gcc -c -O2 -I/home/jee/linux/armv7/ll/buildroot/output/host/include -I/home/jee/linux/armv7/ll/buildroot/output/host/include conftest.c >&5
configure:4827: $? = 0
configure:4837: result: yes
configure:4848: checking whether /usr/bin/gcc accepts -g
configure:4869: /usr/bin/gcc -c -g -I/home/jee/linux/armv7/ll/buildroot/output/host/include conftest.c >&5
configure:4869: $? = 0
configure:4913: result: yes
configure:4933: checking for /usr/bin/gcc option to enable C11 features
configure:4948: /usr/bin/gcc  -c -O2 -I/home/jee/linux/armv7/ll/buildroot/output/host/include -I/home/jee/linux/armv7/ll/buildroot/output/host/include conftest.c >&5
configure:4948: $? = 0
configure:4966: result: none needed
configure:5082: checking whether /usr/bin/gcc understands -c and -o together
configure:5105: /usr/bin/gcc -c conftest.c -o conftest2.o
configure:5108: $? = 0
configure:5105: /usr/bin/gcc -c conftest.c -o conftest2.o
configure:5108: $? = 0
configure:5120: result: yes
configure:4892: checking for C++ compiler version
configure:4901: /usr/bin/g++ --version >&5
g++ (Ubuntu 9.4.0-1ubuntu1~20.04.2) 9.4.0
Copyright (C) 2019 Free Software Foundation, Inc.
This is free software; see the source for copying conditions.  There is NO
warranty; not even for MERCHANTABILITY or FITNESS FOR A PARTICULAR PURPOSE.

configure:4912: $? = 0
configure:4901: /usr/bin/g++ -v >&5
Using built-in specs.
COLLECT_GCC=/usr/bin/g++
COLLECT_LTO_WRAPPER=/usr/lib/gcc/x86_64-linux-gnu/9/lto-wrapper
OFFLOAD_TARGET_NAMES=nvptx-none:hsa
OFFLOAD_TARGET_DEFAULT=1
Target: x86_64-linux-gnu
Configured with: ../src/configure -v --with-pkgversion='Ubuntu 9.4.0-1ubuntu1~20.04.2' --with-bugurl=file:///usr/share/doc/gcc-9/README.Bugs --enable-languages=c,ada,c++,go,brig,d,fortran,objc,obj-c++,gm2 --prefix=/usr --with-gcc-major-version-only --program-suffix=-9 --program-prefix=x86_64-linux-gnu- --enable-shared --enable-linker-build-id --libexecdir=/usr/lib --without-included-gettext --enable-threads=posix --libdir=/usr/lib --enable-nls --enable-clocale=gnu --enable-libstdcxx-debug --enable-libstdcxx-time=yes --with-default-libstdcxx-abi=new --enable-gnu-unique-object --disable-vtable-verify --enable-plugin --enable-default-pie --with-system-zlib --with-target-system-zlib=auto --enable-objc-gc=auto --enable-multiarch --disable-werror --with-arch-32=i686 --with-abi=m64 --with-multilib-list=m32,m64,mx32 --enable-multilib --with-tune=generic --enable-offload-targets=nvptx-none=/build/gcc-9-9QDOt0/gcc-9-9.4.0/debian/tmp-nvptx/usr,hsa --without-cuda-driver --enable-checking=release --build=x86_64-linux-gnu --host=x86_64-linux-gnu --target=x86_64-linux-gnu
Thread model: posix
gcc version 9.4.0 (Ubuntu 9.4.0-1ubuntu1~20.04.2) 
configure:4912: $? = 0
configure:4901: /usr/bin/g++ -V >&5
g++: error: unrecognized command line option '-V'
g++: fatal error: no input files
compilation terminated.
configure:4912: $? = 1
configure:4901: /usr/bin/g++ -qversion >&5
g++: error: unrecognized command line option '-qversion'; did you mean '--version'?
g++: fatal error: no input files
compilation terminated.
configure:4912: $? = 1
configure:4932: checking whether the C++ compiler works
configure:4954: /usr/bin/g++ -O2 -I/home/jee/linux/armv7/ll/buildroot/output/host/include -I/home/jee/linux/armv7/ll/buildroot/output/host/include -L/home/jee/linux/armv7/ll/buildroot/output/host/lib -Wl,-rpath,/home/jee/linux/armv7/ll/buildroot/output/host/lib conftest.cpp  >&5
configure:4958: $? = 0
configure:5010: result: yes
configure:5013: checking for C++ compiler default output file name
configure:5015: result: a.out
configure:5021: checking for suffix of executables
configure:5028: /usr/bin/g++ -o conftest -O2 -I/home/jee/linux/armv7/ll/buildroot/output/host/include -I/home/jee/linux/armv7/ll/buildroot/output/host/include -L/home/jee/linux/armv7/ll/buildroot/output/host/lib -Wl,-rpath,/home/jee/linux/armv7/ll/buildroot/output/host/lib conftest.cpp  >&5
configure:5032: $? = 0
configure:5057: result: 
configure:5079: checking whether we are cross compiling
configure:5087: /usr/bin/g++ -o conftest -O2 -I/home/jee/linux/armv7/ll/buildroot/output/host/include -I/home/jee/linux/armv7/ll/buildroot/output/host/include -L/home/jee/linux/armv7/ll/buildroot/output/host/lib -Wl,-rpath,/home/jee/linux/armv7/ll/buildroot/output/host/lib conftest.cpp  >&5
configure:5091: $? = 0
configure:5098: ./conftest
configure:5102: $? = 0
configure:5120: result: no
configure:5125: checking for suffix of object files
configure:5148: /usr/bin/g++ -c -O2 -I/home/jee/linux/armv7/ll/buildroot/output/host/include -I/home/jee/linux/armv7/ll/buildroot/output/host/include conftest.cpp >&5
configure:5152: $? = 0
configure:5176: result: o
configure:5180: checking whether the compiler supports GNU C++
configure:5200: /usr/bin/g++ -c -O2 -I/home/jee/linux/armv7/ll/buildroot/output/host/include -I/home/jee/linux/armv7/ll/buildroot/output/host/include conftest.cpp >&5
configure:5200: $? = 0
configure:5210: result: yes
configure:5221: checking whether /usr/bin/g++ accepts -g
configure:5242: /usr/bin/g++ -c -g -I/home/jee/linux/armv7/ll/buildroot/output/host/include conftest.cpp >&5
configure:5242: $? = 0
configure:5286: result: yes
configure:5306: checking for /usr/bin/g++ option to enable C++11 features
configure:5321: /usr/bin/g++  -c -O2 -I/home/jee/linux/armv7/ll/buildroot/output/host/include -I/home/jee/linux/armv7/ll/buildroot/output/host/include conftest.cpp >&5
configure:5321: $? = 0
configure:5339: result: none needed
configure:5183: checking for xlf95
configure:5218: result: no
configure:5183: checking for f95
configure:5218: result: no
configure:5183: checking for fort
configure:5218: result: no
configure:5183: checking for ifort
configure:5218: result: no
configure:5183: checking for ifc
configure:5218: result: no
configure:5183: checking for efc
configure:5218: result: no
configure:5183: checking for pgfortran
configure:5218: result: no
configure:5183: checking for pgf95
configure:5218: result: no
configure:5183: checking for lf95
configure:5218: result: no
configure:5183: checking for ftn
configure:5218: result: no
configure:5183: checking for nagfor
configure:5218: result: no
configure:5183: checking for xlf90
configure:5218: result: no
configure:5183: checking for f90
configure:5218: result: no
configure:5183: checking for armflang
configure:5218: result: no
configure:5183: checking for flang
configure:5218: result: no
configure:5183: checking for pgf90
configure:5218: result: no
configure:5183: checking for pghpf
configure:5218: result: no
configure:5183: checking for epcf90
configure:5218: result: no
configure:5183: checking for g95
configure:5218: result: no
configure:5183: checking for gfortran
configure:5218: result: no
configure:5241: checking for Fortran compiler version
configure:5250:  --version >&5
./configure: line 5252: --version: command not found
configure:5261: $? = 127
configure:5250:  -v >&5
./configure: line 5252: -v: command not found
configure:5261: $? = 127
configure:5250:  -V >&5
./configure: line 5252: -V: command not found
configure:5261: $? = 127
configure:5250:  -qversion >&5
./configure: line 5252: -qversion: command not found
configure:5261: $? = 127
configure:5276: checking whether the Fortran compiler works
configure:5298:   -L/home/jee/linux/armv7/ll/buildroot/output/host/lib -Wl,-rpath,/home/jee/linux/armv7/ll/buildroot/output/host/lib  conftest.f  >&5
./configure: line 5300: -L/home/jee/linux/armv7/ll/buildroot/output/host/lib: No such file or directory
configure:5302: $? = 127
configure:5342: result: no
configure: failed program was:
|       program main
| 
|       end
configure:5348: WARNING: Fortran compiler cannot create executables
configure:5602: tests requiring the Fortran compiler will be skipped
configure:5688: checking for xlf
configure:5723: result: no
configure:5688: checking for f77
configure:5723: result: no
configure:5688: checking for frt
configure:5723: result: no
configure:5688: checking for pgf77
configure:5723: result: no
configure:5688: checking for cf77
configure:5723: result: no
configure:5688: checking for fort77
configure:5723: result: no
configure:5688: checking for fl32
configure:5723: result: no
configure:5688: checking for af77
configure:5723: result: no
configure:5688: checking for g77
configure:5723: result: no
configure:5688: checking for armflang
configure:5723: result: no
configure:5688: checking for flang
configure:5723: result: no
configure:5688: checking for gfortran
configure:5723: result: no
configure:5746: checking for Fortran 77 compiler version
configure:5755:  --version >&5
./configure: line 5757: --version: command not found
configure:5766: $? = 127
configure:5755:  -v >&5
./configure: line 5757: -v: command not found
configure:5766: $? = 127
configure:5755:  -V >&5
./configure: line 5757: -V: command not found
configure:5766: $? = 127
configure:5755:  -qversion >&5
./configure: line 5757: -qversion: command not found
configure:5766: $? = 127
configure:5781: checking whether the Fortran 77 compiler works
configure:5803:   -L/home/jee/linux/armv7/ll/buildroot/output/host/lib -Wl,-rpath,/home/jee/linux/armv7/ll/buildroot/output/host/lib conftest.f  >&5
./configure: line 5805: -L/home/jee/linux/armv7/ll/buildroot/output/host/lib: No such file or directory
configure:5807: $? = 127
configure:5847: result: no
configure: failed program was:
|       program main
| 
|       end
configure:5853: WARNING: Fortran 77 compiler cannot create executables
configure:6107: tests requiring the Fortran 77 compiler will be skipped
configure:6140: will now look for GNU compilers
configure:6147: /usr/bin/gcc is already a GNU C compiler
configure:6263: /usr/bin/gcc --version && /usr/bin/gcc -v
gcc (Ubuntu 9.4.0-1ubuntu1~20.04.2) 9.4.0
Copyright (C) 2019 Free Software Foundation, Inc.
This is free software; see the source for copying conditions.  There is NO
warranty; not even for MERCHANTABILITY or FITNESS FOR A PARTICULAR PURPOSE.

Using built-in specs.
COLLECT_GCC=/usr/bin/gcc
COLLECT_LTO_WRAPPER=/usr/lib/gcc/x86_64-linux-gnu/9/lto-wrapper
OFFLOAD_TARGET_NAMES=nvptx-none:hsa
OFFLOAD_TARGET_DEFAULT=1
Target: x86_64-linux-gnu
Configured with: ../src/configure -v --with-pkgversion='Ubuntu 9.4.0-1ubuntu1~20.04.2' --with-bugurl=file:///usr/share/doc/gcc-9/README.Bugs --enable-languages=c,ada,c++,go,brig,d,fortran,objc,obj-c++,gm2 --prefix=/usr --with-gcc-major-version-only --program-suffix=-9 --program-prefix=x86_64-linux-gnu- --enable-shared --enable-linker-build-id --libexecdir=/usr/lib --without-included-gettext --enable-threads=posix --libdir=/usr/lib --enable-nls --enable-clocale=gnu --enable-libstdcxx-debug --enable-libstdcxx-time=yes --with-default-libstdcxx-abi=new --enable-gnu-unique-object --disable-vtable-verify --enable-plugin --enable-default-pie --with-system-zlib --with-target-system-zlib=auto --enable-objc-gc=auto --enable-multiarch --disable-werror --with-arch-32=i686 --with-abi=m64 --with-multilib-list=m32,m64,mx32 --enable-multilib --with-tune=generic --enable-offload-targets=nvptx-none=/build/gcc-9-9QDOt0/gcc-9-9.4.0/debian/tmp-nvptx/usr,hsa --without-cuda-driver --enable-checking=release --build=x86_64-linux-gnu --host=x86_64-linux-gnu --target=x86_64-linux-gnu
Thread model: posix
gcc version 9.4.0 (Ubuntu 9.4.0-1ubuntu1~20.04.2) 
configure:6266: $? = 0
configure:6282: /usr/bin/g++ is already a GNU C++ compiler
configure:6399: /usr/bin/g++ --version && /usr/bin/g++ -v
g++ (Ubuntu 9.4.0-1ubuntu1~20.04.2) 9.4.0
Copyright (C) 2019 Free Software Foundation, Inc.
This is free software; see the source for copying conditions.  There is NO
warranty; not even for MERCHANTABILITY or FITNESS FOR A PARTICULAR PURPOSE.

Using built-in specs.
COLLECT_GCC=/usr/bin/g++
COLLECT_LTO_WRAPPER=/usr/lib/gcc/x86_64-linux-gnu/9/lto-wrapper
OFFLOAD_TARGET_NAMES=nvptx-none:hsa
OFFLOAD_TARGET_DEFAULT=1
Target: x86_64-linux-gnu
Configured with: ../src/configure -v --with-pkgversion='Ubuntu 9.4.0-1ubuntu1~20.04.2' --with-bugurl=file:///usr/share/doc/gcc-9/README.Bugs --enable-languages=c,ada,c++,go,brig,d,fortran,objc,obj-c++,gm2 --prefix=/usr --with-gcc-major-version-only --program-suffix=-9 --program-prefix=x86_64-linux-gnu- --enable-shared --enable-linker-build-id --libexecdir=/usr/lib --without-included-gettext --enable-threads=posix --libdir=/usr/lib --enable-nls --enable-clocale=gnu --enable-libstdcxx-debug --enable-libstdcxx-time=yes --with-default-libstdcxx-abi=new --enable-gnu-unique-object --disable-vtable-verify --enable-plugin --enable-default-pie --with-system-zlib --with-target-system-zlib=auto --enable-objc-gc=auto --enable-multiarch --disable-werror --with-arch-32=i686 --with-abi=m64 --with-multilib-list=m32,m64,mx32 --enable-multilib --with-tune=generic --enable-offload-targets=nvptx-none=/build/gcc-9-9QDOt0/gcc-9-9.4.0/debian/tmp-nvptx/usr,hsa --without-cuda-driver --enable-checking=release --build=x86_64-linux-gnu --host=x86_64-linux-gnu --target=x86_64-linux-gnu
Thread model: posix
gcc version 9.4.0 (Ubuntu 9.4.0-1ubuntu1~20.04.2) 
configure:6402: $? = 0
configure:6477: checking for gfortran
configure:6512: result: no
configure:6613: checking for g77
configure:6648: result: no
configure:6613: checking for gfortran
configure:6648: result: no
configure:6743: checking for gcj
configure:6778: result: no
configure:6971: checking that generated files are newer than configure
configure:6977: result: done
configure:6992: creating ./config.status

## ---------------------- ##
## Running config.status. ##
## ---------------------- ##

This file was extended by GNU Automake config.status 1.16.5, which was
generated by GNU Autoconf 2.71.  Invocation command line was

  CONFIG_FILES    = 
  CONFIG_HEADERS  = 
  CONFIG_LINKS    = 
  CONFIG_COMMANDS = 
  $ ./config.status 

on jee-virtual-machine

config.status:810: creating Makefile
config.status:810: creating pre-inst-env
configure:8047: WARNING: unrecognized options: --enable-shared, --disable-static, --disable-gtk-doc, --disable-gtk-doc-html, --disable-doc, --disable-docs, --disable-documentation, --disable-debug, --with-xmlto, --with-fop, --disable-nls, --disable-dependency-tracking

## ---------------- ##
## Cache variables. ##
## ---------------- ##

ac_cv_AM_TEST_RUNNER_SHELL=/bin/bash
ac_cv_build=x86_64-pc-linux-gnu
ac_cv_c_compiler_gnu=yes
ac_cv_cxx_compiler_gnu=yes
ac_cv_env_AM_TEST_RUNNER_SHELL_set=
ac_cv_env_AM_TEST_RUNNER_SHELL_value=
ac_cv_env_CCC_set=
ac_cv_env_CCC_value=
ac_cv_env_CC_set=set
ac_cv_env_CC_value=/usr/bin/gcc
ac_cv_env_CFLAGS_set=set
ac_cv_env_CFLAGS_value='-O2 -I/home/jee/linux/armv7/ll/buildroot/output/host/include'
ac_cv_env_CPPFLAGS_set=set
ac_cv_env_CPPFLAGS_value=-I/home/jee/linux/armv7/ll/buildroot/output/host/include
ac_cv_env_CXXFLAGS_set=set
ac_cv_env_CXXFLAGS_value='-O2 -I/home/jee/linux/armv7/ll/buildroot/output/host/include'
ac_cv_env_CXX_set=set
ac_cv_env_CXX_value=/usr/bin/g++
ac_cv_env_F77_set=
ac_cv_env_F77_value=
ac_cv_env_FCFLAGS_set=
ac_cv_env_FCFLAGS_value=
ac_cv_env_FC_set=
ac_cv_env_FC_value=
ac_cv_env_FFLAGS_set=
ac_cv_env_FFLAGS_value=
ac_cv_env_GNU_CC_set=
ac_cv_env_GNU_CC_value=
ac_cv_env_GNU_CFLAGS_set=
ac_cv_env_GNU_CFLAGS_value=
ac_cv_env_GNU_CXXFLAGS_set=
ac_cv_env_GNU_CXXFLAGS_value=
ac_cv_env_GNU_CXX_set=
ac_cv_env_GNU_CXX_value=
ac_cv_env_GNU_F77_set=
ac_cv_env_GNU_F77_value=
ac_cv_env_GNU_FCFLAGS_set=
ac_cv_env_GNU_FCFLAGS_value=
ac_cv_env_GNU_FC_set=
ac_cv_env_GNU_FC_value=
ac_cv_env_GNU_FFLAGS_set=
ac_cv_env_GNU_FFLAGS_value=
ac_cv_env_GNU_GCJFLAGS_set=
ac_cv_env_GNU_GCJFLAGS_value=
ac_cv_env_GNU_GCJ_set=
ac_cv_env_GNU_GCJ_value=
ac_cv_env_LDFLAGS_set=set
ac_cv_env_LDFLAGS_value='-L/home/jee/linux/armv7/ll/buildroot/output/host/lib -Wl,-rpath,/home/jee/linux/armv7/ll/buildroot/output/host/lib'
ac_cv_env_LIBS_set=
ac_cv_env_LIBS_value=
ac_cv_env_build_alias_set=
ac_cv_env_build_alias_value=
ac_cv_env_host_alias_set=
ac_cv_env_host_alias_value=
ac_cv_env_target_alias_set=
ac_cv_env_target_alias_value=
ac_cv_host=x86_64-pc-linux-gnu
ac_cv_path_EGREP='/usr/bin/grep -E'
ac_cv_path_FGREP='/usr/bin/grep -F'
ac_cv_path_GREP=/usr/bin/grep
ac_cv_path_PERL=/usr/bin/perl
ac_cv_path_install='/usr/bin/install -c'
ac_cv_path_mkdir=/usr/bin/mkdir
ac_cv_prog_AWK=gawk
ac_cv_prog_LEX=lex
ac_cv_prog_YACC=yacc
ac_cv_prog_cc_c11=
ac_cv_prog_cc_g=yes
ac_cv_prog_cc_stdc=
ac_cv_prog_cxx_11=no
ac_cv_prog_cxx_cxx11=
ac_cv_prog_cxx_g=yes
ac_cv_prog_cxx_stdcxx=
ac_cv_prog_make_make_set=yes
am_cv_autoconf_installed=yes
am_cv_autoconf_version=yes
am_cv_autoconf_works=yes
am_cv_make_support_nested_variables=yes
am_cv_prog_cc_c_o=yes
am_cv_prog_ln=ln

## ----------------- ##
## Output variables. ##
## ----------------- ##

ACLOCAL='"/home/jee/linux/armv7/ll/buildroot/output/build/host-automake-1.16.5/pre-inst-env" aclocal-1.16'
AMTAR='$${TAR-tar}'
AM_BACKSLASH='\'
AM_DEFAULT_V='$(AM_DEFAULT_VERBOSITY)'
AM_DEFAULT_VERBOSITY='0'
AM_TEST_RUNNER_SHELL='/bin/bash'
AM_V='$(V)'
APIVERSION='1.16'
AUTOCONF='${SHELL} '\''/home/jee/linux/armv7/ll/buildroot/output/build/host-automake-1.16.5/lib/missing'\'' autoconf'
AUTOHEADER='${SHELL} '\''/home/jee/linux/armv7/ll/buildroot/output/build/host-automake-1.16.5/lib/missing'\'' autoheader'
AUTOMAKE='"/home/jee/linux/armv7/ll/buildroot/output/build/host-automake-1.16.5/pre-inst-env" automake-1.16'
AWK='gawk'
CC='/usr/bin/gcc'
CFLAGS='-O2 -I/home/jee/linux/armv7/ll/buildroot/output/host/include'
CPPFLAGS='-I/home/jee/linux/armv7/ll/buildroot/output/host/include'
CSCOPE='cscope'
CTAGS='ctags'
CXX='/usr/bin/g++'
CXXFLAGS='-O2 -I/home/jee/linux/armv7/ll/buildroot/output/host/include'
CYGPATH_W='echo'
DEFS='-DPACKAGE_NAME=\"GNU\ Automake\" -DPACKAGE_TARNAME=\"automake\" -DPACKAGE_VERSION=\"1.16.5\" -DPACKAGE_STRING=\"GNU\ Automake\ 1.16.5\" -DPACKAGE_BUGREPORT=\"bug-automake@gnu.org\" -DPACKAGE_URL=\"https://www.gnu.org/software/automake/\"'
ECHO_C=''
ECHO_N='-n'
ECHO_T=''
EGREP='/usr/bin/grep -E'
ETAGS='etags'
EXEEXT='UNKNOWN'
F77='false'
FC='false'
FCFLAGS=''
FFLAGS=''
FGREP='/usr/bin/grep -F'
GNU_CC='/usr/bin/gcc'
GNU_CFLAGS='-O2 -I/home/jee/linux/armv7/ll/buildroot/output/host/include'
GNU_CXX='/usr/bin/g++'
GNU_CXXFLAGS='-O2 -I/home/jee/linux/armv7/ll/buildroot/output/host/include'
GNU_F77='false'
GNU_FC='false'
GNU_FCFLAGS=''
GNU_FFLAGS=''
GNU_GCJ='false'
GNU_GCJFLAGS=''
GREP='/usr/bin/grep'
INSTALL_DATA='${INSTALL} -m 644'
INSTALL_PROGRAM='${INSTALL}'
INSTALL_SCRIPT='${INSTALL}'
INSTALL_STRIP_PROGRAM='$(install_sh) -c -s'
LDFLAGS='-L/home/jee/linux/armv7/ll/buildroot/output/host/lib -Wl,-rpath,/home/jee/linux/armv7/ll/buildroot/output/host/lib'
LEX='lex'
LIBOBJS=''
LIBS=''
LN='ln'
LN_S='ln -s'
LTLIBOBJS=''
MAKEINFO='${SHELL} '\''/home/jee/linux/armv7/ll/buildroot/output/build/host-automake-1.16.5/lib/missing'\'' makeinfo'
MKDIR_P='/usr/bin/mkdir -p'
MODIFICATION_DELAY='2'
OBJEXT='UNKNOWN'
PACKAGE='automake'
PACKAGE_BUGREPORT='bug-automake@gnu.org'
PACKAGE_NAME='GNU Automake'
PACKAGE_STRING='GNU Automake 1.16.5'
PACKAGE_TARNAME='automake'
PACKAGE_URL='https://www.gnu.org/software/automake/'
PACKAGE_VERSION='1.16.5'
PATH_SEPARATOR=':'
PERL='/usr/bin/perl'
RELEASE_YEAR='2021'
SET_MAKE=''
SHELL='/bin/bash'
STRIP=''
TEX=''
VERSION='1.16.5'
YACC='yacc'
ac_ct_CC=''
ac_ct_CXX=''
ac_ct_F77=''
ac_ct_FC=''
ac_ct_GNU_CC=''
ac_ct_GNU_CXX=''
ac_ct_GNU_F77=''
ac_ct_GNU_FC=''
ac_ct_GNU_GCJ=''
am_AUTOCONF='autoconf'
am_AUTOHEADER='autoheader'
am_AUTOM4TE='autom4te'
am_AUTORECONF='autoreconf'
am_AUTOUPDATE='autoupdate'
am__EXEEXT_FALSE='#'
am__EXEEXT_TRUE=''
am__isrc=''
am__leading_dot='.'
am__tar='$${TAR-tar} chof - "$$tardir"'
am__untar='$${TAR-tar} xf -'
am_candidate_sh=''
amdir='${pkgvdatadir}/am'
automake_acdir='${datadir}/aclocal-1.16'
bindir='${exec_prefix}/bin'
build='x86_64-pc-linux-gnu'
build_alias=''
build_cpu='x86_64'
build_os='linux-gnu'
build_vendor='pc'
datadir='${datarootdir}'
datarootdir='${prefix}/share'
docdir='${datarootdir}/doc/${PACKAGE_TARNAME}'
dvidir='${docdir}'
exec_prefix='${prefix}'
host='x86_64-pc-linux-gnu'
host_alias=''
host_cpu='x86_64'
host_os='linux-gnu'
host_vendor='pc'
htmldir='${docdir}'
includedir='${prefix}/include'
infodir='${datarootdir}/info'
install_sh='${SHELL} /home/jee/linux/armv7/ll/buildroot/output/build/host-automake-1.16.5/lib/install-sh'
libdir='${exec_prefix}/lib'
libexecdir='${exec_prefix}/libexec'
localedir='${datarootdir}/locale'
localstatedir='/home/jee/linux/armv7/ll/buildroot/output/host/var'
mandir='${datarootdir}/man'
mkdir_p='$(MKDIR_P)'
oldincludedir='/usr/include'
pdfdir='${docdir}'
pkgvdatadir='${datadir}/automake-1.16'
prefix='/home/jee/linux/armv7/ll/buildroot/output/host'
program_transform_name='s,x,x,'
psdir='${docdir}'
required_autoconf_version='2.65'
runstatedir='${localstatedir}/run'
sbindir='${exec_prefix}/sbin'
scriptdir='${pkgvdatadir}'
sharedstatedir='${prefix}/com'
sysconfdir='/home/jee/linux/armv7/ll/buildroot/output/host/etc'
system_acdir='${datadir}/aclocal'
target_alias=''

## ----------- ##
## confdefs.h. ##
## ----------- ##

/* confdefs.h */
#define PACKAGE_NAME "GNU Automake"
#define PACKAGE_TARNAME "automake"
#define PACKAGE_VERSION "1.16.5"
#define PACKAGE_STRING "GNU Automake 1.16.5"
#define PACKAGE_BUGREPORT "bug-automake@gnu.org"
#define PACKAGE_URL "https://www.gnu.org/software/automake/"

configure: exit 0

## ---------------------- ##
## Running config.status. ##
## ---------------------- ##

This file was extended by GNU Automake config.status 1.16.5, which was
generated by GNU Autoconf 2.71.  Invocation command line was

  CONFIG_FILES    = 
  CONFIG_HEADERS  = 
  CONFIG_LINKS    = 
  CONFIG_COMMANDS = 
  $ ./config.status --file=-

on jee-virtual-machine



## ---------------------- ##
## Running config.status. ##
## ---------------------- ##

This file was extended by GNU Automake config.status 1.16.5, which was
generated by GNU Autoconf 2.71.  Invocation command line was

  CONFIG_FILES    = 
  CONFIG_HEADERS  = 
  CONFIG_LINKS    = 
  CONFIG_COMMANDS = 
  $ ./config.status --file=-

on jee-virtual-machine


## ---------------------- ##
## Running config.status. ##
## ---------------------- ##

This file was extended by GNU Automake config.status 1.16.5, which was
generated by GNU Autoconf 2.71.  Invocation command line was

  CONFIG_FILES    = 
  CONFIG_HEADERS  = 
  CONFIG_LINKS    = 
  CONFIG_COMMANDS = 
  $ ./config.status --file=-

on jee-virtual-machine

## ---------------------- ##
## Running config.status. ##
## ---------------------- ##

This file was extended by GNU Automake config.status 1.16.5, which was
generated by GNU Autoconf 2.71.  Invocation command line was

  CONFIG_FILES    = 
  CONFIG_HEADERS  = 
  CONFIG_LINKS    = 
  CONFIG_COMMANDS = 
  $ ./config.status --file=-

on jee-virtual-machine


## ---------------------- ##
## Running config.status. ##
## ---------------------- ##

This file was extended by GNU Automake config.status 1.16.5, which was
generated by GNU Autoconf 2.71.  Invocation command line was

  CONFIG_FILES    = 
  CONFIG_HEADERS  = 
  CONFIG_LINKS    = 
  CONFIG_COMMANDS = 
  $ ./config.status --file=-

on jee-virtual-machine


## ---------------------- ##
## Running config.status. ##
## ---------------------- ##

This file was extended by GNU Automake config.status 1.16.5, which was
generated by GNU Autoconf 2.71.  Invocation command line was

  CONFIG_FILES    = 
  CONFIG_HEADERS  = 
  CONFIG_LINKS    = 
  CONFIG_COMMANDS = 
  $ ./config.status --file=-

on jee-virtual-machine


## ---------------------- ##
## Running config.status. ##
## ---------------------- ##

This file was extended by GNU Automake config.status 1.16.5, which was
generated by GNU Autoconf 2.71.  Invocation command line was

  CONFIG_FILES    = 
  CONFIG_HEADERS  = 
  CONFIG_LINKS    = 
  CONFIG_COMMANDS = 
  $ ./config.status --file=-

on jee-virtual-machine

