This file contains any messages produced by compilers while
running configure, to aid debugging if configure makes a mistake.

It was created by alsa-lib configure 1.2.8, which was
generated by GNU Autoconf 2.71.  Invocation command line was

  $ ./configure --target=arm-buildroot-linux-gnueabihf --host=arm-buildroot-linux-gnueabihf --build=x86_64-pc-linux-gnu --prefix=/usr --exec-prefix=/usr --sysconfdir=/etc --localstatedir=/var --program-prefix= --disable-gtk-doc --disable-gtk-doc-html --disable-doc --disable-docs --disable-documentation --with-xmlto=no --with-fop=no --disable-dependency-tracking --enable-ipv6 --disable-nls --disable-static --enable-shared --with-alsa-devdir=/dev/snd --with-pcm-plugins=all --with-ctl-plugins=all --enable-static=no --disable-python

## --------- ##
## Platform. ##
## --------- ##

hostname = jee-virtual-machine
uname -m = x86_64
uname -r = 5.15.0-86-generic
uname -s = Linux
uname -v = #96~20.04.1-Ubuntu SMP Thu Sep 21 13:23:37 UTC 2023

/usr/bin/uname -p = x86_64
/bin/uname -X     = unknown

/bin/arch              = x86_64
/usr/bin/arch -k       = unknown
/usr/convex/getsysinfo = unknown
/usr/bin/hostinfo      = unknown
/bin/machine           = unknown
/usr/bin/oslevel       = unknown
/bin/universe          = unknown

PATH: /home/jee/linux/armv7/ll/buildroot/output/host/bin/
PATH: /home/jee/linux/armv7/ll/buildroot/output/host/sbin/
PATH: /usr/local/sbin/
PATH: /usr/local/bin/
PATH: /usr/sbin/
PATH: /usr/bin/
PATH: /sbin/
PATH: /bin/
PATH: /snap/bin/


## ----------- ##
## Core tests. ##
## ----------- ##

configure:2645: looking for aux files: ltmain.sh compile missing install-sh config.guess config.sub
configure:2658:  trying ./
configure:2687:   ./ltmain.sh found
configure:2687:   ./compile found
configure:2687:   ./missing found
configure:2669:   ./install-sh found
configure:2687:   ./config.guess found
configure:2687:   ./config.sub found
configure:2809: checking build system type
configure:2824: result: x86_64-pc-linux-gnu
configure:2844: checking host system type
configure:2858: result: arm-buildroot-linux-gnueabihf
configure:2895: checking for a BSD-compatible install
configure:2968: result: /usr/bin/install -c
configure:2979: checking whether build environment is sane
configure:3034: result: yes
configure:3088: checking for arm-buildroot-linux-gnueabihf-strip
configure:3120: result: /home/jee/linux/armv7/ll/buildroot/output/host/bin/arm-linux-gnueabihf-strip
configure:3191: checking for a race-free mkdir -p
configure:3235: result: /usr/bin/mkdir -p
configure:3242: checking for gawk
configure:3263: found /usr/bin/gawk
configure:3274: result: gawk
configure:3285: checking whether make sets $(MAKE)
configure:3308: result: yes
configure:3338: checking whether make supports nested variables
configure:3356: result: yes
configure:3503: checking whether to enable maintainer-specific portions of Makefiles
configure:3513: result: yes
configure:3540: checking whether make supports nested variables
configure:3558: result: yes
configure:3590: checking for arm-buildroot-linux-gnueabihf-gcc
configure:3622: result: /home/jee/linux/armv7/ll/buildroot/output/host/bin/arm-linux-gnueabihf-gcc
configure:4020: checking for C compiler version
configure:4029: /home/jee/linux/armv7/ll/buildroot/output/host/bin/arm-linux-gnueabihf-gcc --version >&5
arm-linux-gnueabihf-gcc (Linaro GCC 4.9-2017.01) 4.9.4
Copyright (C) 2015 Free Software Foundation, Inc.
This is free software; see the source for copying conditions.  There is NO
warranty; not even for MERCHANTABILITY or FITNESS FOR A PARTICULAR PURPOSE.

configure:4040: $? = 0
configure:4029: /home/jee/linux/armv7/ll/buildroot/output/host/bin/arm-linux-gnueabihf-gcc -v >&5
Using built-in specs.
COLLECT_GCC=/usr/local/arm/gcc-linaro-4.9.4-2017.01-x86_64_arm-linux-gnueabihf/bin/arm-linux-gnueabihf-gcc
COLLECT_LTO_WRAPPER=/usr/local/arm/gcc-linaro-4.9.4-2017.01-x86_64_arm-linux-gnueabihf/bin/../libexec/gcc/arm-linux-gnueabihf/4.9.4/lto-wrapper
Target: arm-linux-gnueabihf
Configured with: /home/tcwg-buildslave/workspace/tcwg-make-release/label/docker-trusty-amd64-tcwg-build/target/arm-linux-gnueabihf/snapshots/gcc-linaro-4.9-2017.01/configure SHELL=/bin/bash --with-mpc=/home/tcwg-buildslave/workspace/tcwg-make-release/label/docker-trusty-amd64-tcwg-build/target/arm-linux-gnueabihf/_build/builds/destdir/x86_64-unknown-linux-gnu --with-mpfr=/home/tcwg-buildslave/workspace/tcwg-make-release/label/docker-trusty-amd64-tcwg-build/target/arm-linux-gnueabihf/_build/builds/destdir/x86_64-unknown-linux-gnu --with-gmp=/home/tcwg-buildslave/workspace/tcwg-make-release/label/docker-trusty-amd64-tcwg-build/target/arm-linux-gnueabihf/_build/builds/destdir/x86_64-unknown-linux-gnu --with-gnu-as --with-gnu-ld --disable-libmudflap --enable-lto --enable-objc-gc --enable-shared --without-included-gettext --enable-nls --disable-sjlj-exceptions --enable-gnu-unique-object --enable-linker-build-id --disable-libstdcxx-pch --enable-c99 --enable-clocale=gnu --enable-libstdcxx-debug --enable-long-long --with-cloog=no --with-ppl=no --with-isl=no --disable-multilib --with-float=hard --with-mode=thumb --with-tune=cortex-a9 --with-arch=armv7-a --with-fpu=vfpv3-d16 --enable-threads=posix --enable-multiarch --enable-libstdcxx-time=yes --with-build-sysroot=/home/tcwg-buildslave/workspace/tcwg-make-release/label/docker-trusty-amd64-tcwg-build/target/arm-linux-gnueabihf/_build/sysroots/arm-linux-gnueabihf --with-sysroot=/home/tcwg-buildslave/workspace/tcwg-make-release/label/docker-trusty-amd64-tcwg-build/target/arm-linux-gnueabihf/_build/builds/destdir/x86_64-unknown-linux-gnu/arm-linux-gnueabihf/libc --enable-checking=release --disable-bootstrap --enable-languages=c,c++,fortran,lto --build=x86_64-unknown-linux-gnu --host=x86_64-unknown-linux-gnu --target=arm-linux-gnueabihf --prefix=/home/tcwg-buildslave/workspace/tcwg-make-release/label/docker-trusty-amd64-tcwg-build/target/arm-linux-gnueabihf/_build/builds/destdir/x86_64-unknown-linux-gnu
Thread model: posix
gcc version 4.9.4 (Linaro GCC 4.9-2017.01) 
COMPILER_PATH=/usr/local/arm/gcc-linaro-4.9.4-2017.01-x86_64_arm-linux-gnueabihf/bin/../libexec/gcc/arm-linux-gnueabihf/4.9.4/:/usr/local/arm/gcc-linaro-4.9.4-2017.01-x86_64_arm-linux-gnueabihf/bin/../libexec/gcc/arm-linux-gnueabihf/:/usr/local/arm/gcc-linaro-4.9.4-2017.01-x86_64_arm-linux-gnueabihf/bin/../libexec/gcc/:/usr/local/arm/gcc-linaro-4.9.4-2017.01-x86_64_arm-linux-gnueabihf/bin/../lib/gcc/arm-linux-gnueabihf/4.9.4/../../../../arm-linux-gnueabihf/bin/
LIBRARY_PATH=/usr/local/arm/gcc-linaro-4.9.4-2017.01-x86_64_arm-linux-gnueabihf/bin/../lib/gcc/arm-linux-gnueabihf/4.9.4/:/usr/local/arm/gcc-linaro-4.9.4-2017.01-x86_64_arm-linux-gnueabihf/bin/../lib/gcc/arm-linux-gnueabihf/:/usr/local/arm/gcc-linaro-4.9.4-2017.01-x86_64_arm-linux-gnueabihf/bin/../lib/gcc/:/usr/local/arm/gcc-linaro-4.9.4-2017.01-x86_64_arm-linux-gnueabihf/bin/../lib/gcc/arm-linux-gnueabihf/4.9.4/../../../../arm-linux-gnueabihf/lib/:/home/jee/linux/armv7/ll/buildroot/output/host/arm-buildroot-linux-gnueabihf/sysroot/lib/:/home/jee/linux/armv7/ll/buildroot/output/host/arm-buildroot-linux-gnueabihf/sysroot/usr/lib/
COLLECT_GCC_OPTIONS='-mabi=aapcs-linux' '-mfpu=neon-vfpv4' '-marm' '-fstack-protector-strong' '-mfloat-abi=hard' '-mcpu=cortex-a7' '-fPIE' '-pie' '-v' '-mtls-dialect=gnu'
... rest of stderr output deleted ...
configure:4040: $? = 1
configure:4029: /home/jee/linux/armv7/ll/buildroot/output/host/bin/arm-linux-gnueabihf-gcc -V >&5
arm-linux-gnueabihf-gcc: error: unrecognized command line option '-V'
configure:4040: $? = 1
configure:4029: /home/jee/linux/armv7/ll/buildroot/output/host/bin/arm-linux-gnueabihf-gcc -qversion >&5
arm-linux-gnueabihf-gcc: error: unrecognized command line option '-qversion'
configure:4040: $? = 1
configure:4029: /home/jee/linux/armv7/ll/buildroot/output/host/bin/arm-linux-gnueabihf-gcc -version >&5
arm-linux-gnueabihf-gcc: error: unrecognized command line option '-version'
configure:4040: $? = 1
configure:4060: checking whether the C compiler works
configure:4082: /home/jee/linux/armv7/ll/buildroot/output/host/bin/arm-linux-gnueabihf-gcc -D_LARGEFILE_SOURCE -D_LARGEFILE64_SOURCE -D_FILE_OFFSET_BITS=64  -Os -g0 -D_FORTIFY_SOURCE=1 -D_LARGEFILE_SOURCE -D_LARGEFILE64_SOURCE -D_FILE_OFFSET_BITS=64  -lm conftest.c  >&5
configure:4086: $? = 0
configure:4136: result: yes
configure:4139: checking for C compiler default output file name
configure:4141: result: a.out
configure:4147: checking for suffix of executables
configure:4154: /home/jee/linux/armv7/ll/buildroot/output/host/bin/arm-linux-gnueabihf-gcc -o conftest -D_LARGEFILE_SOURCE -D_LARGEFILE64_SOURCE -D_FILE_OFFSET_BITS=64  -Os -g0 -D_FORTIFY_SOURCE=1 -D_LARGEFILE_SOURCE -D_LARGEFILE64_SOURCE -D_FILE_OFFSET_BITS=64  -lm conftest.c  >&5
configure:4158: $? = 0
configure:4181: result: 
configure:4203: checking whether we are cross compiling
configure:4241: result: yes
configure:4246: checking for suffix of object files
configure:4269: /home/jee/linux/armv7/ll/buildroot/output/host/bin/arm-linux-gnueabihf-gcc -c -D_LARGEFILE_SOURCE -D_LARGEFILE64_SOURCE -D_FILE_OFFSET_BITS=64  -Os -g0 -D_FORTIFY_SOURCE=1 -D_LARGEFILE_SOURCE -D_LARGEFILE64_SOURCE -D_FILE_OFFSET_BITS=64 conftest.c >&5
configure:4273: $? = 0
configure:4295: result: o
configure:4299: checking whether the compiler supports GNU C
configure:4319: /home/jee/linux/armv7/ll/buildroot/output/host/bin/arm-linux-gnueabihf-gcc -c -D_LARGEFILE_SOURCE -D_LARGEFILE64_SOURCE -D_FILE_OFFSET_BITS=64  -Os -g0 -D_FORTIFY_SOURCE=1 -D_LARGEFILE_SOURCE -D_LARGEFILE64_SOURCE -D_FILE_OFFSET_BITS=64 conftest.c >&5
configure:4319: $? = 0
configure:4329: result: yes
configure:4340: checking whether /home/jee/linux/armv7/ll/buildroot/output/host/bin/arm-linux-gnueabihf-gcc accepts -g
configure:4361: /home/jee/linux/armv7/ll/buildroot/output/host/bin/arm-linux-gnueabihf-gcc -c -g -D_LARGEFILE_SOURCE -D_LARGEFILE64_SOURCE -D_FILE_OFFSET_BITS=64 conftest.c >&5
configure:4361: $? = 0
configure:4405: result: yes
configure:4425: checking for /home/jee/linux/armv7/ll/buildroot/output/host/bin/arm-linux-gnueabihf-gcc option to enable C11 features
configure:4440: /home/jee/linux/armv7/ll/buildroot/output/host/bin/arm-linux-gnueabihf-gcc  -c -D_LARGEFILE_SOURCE -D_LARGEFILE64_SOURCE -D_FILE_OFFSET_BITS=64  -Os -g0 -D_FORTIFY_SOURCE=1 -D_LARGEFILE_SOURCE -D_LARGEFILE64_SOURCE -D_FILE_OFFSET_BITS=64 conftest.c >&5
conftest.c:63:3: error: #error "Compiler does not advertise C99 conformance"
 # error "Compiler does not advertise C99 conformance"
   ^
conftest.c:118:29: error: expected ';', ',' or ')' before 'text'
 test_restrict (ccp restrict text)
                             ^
conftest.c:167:3: error: #error "Compiler does not advertise C11 conformance"
 # error "Compiler does not advertise C11 conformance"
   ^
conftest.c:198:12: error: 'syntax' undeclared here (not in a function)
 #define u8 syntax error!
            ^
conftest.c:199:29: note: in expansion of macro 'u8'
 char const utf8_literal[] = u8"happens to be ASCII" "another string";
                             ^
conftest.c:198:19: error: expected ',' or ';' before 'error'
 #define u8 syntax error!
                   ^
conftest.c:199:29: note: in expansion of macro 'u8'
 char const utf8_literal[] = u8"happens to be ASCII" "another string";
                             ^
conftest.c: In function 'main':
conftest.c:232:18: error: expected '=', ',', ';', 'asm' or '__attribute__' before 'newvar'
   char *restrict newvar = "Another string";
                  ^
conftest.c:232:18: error: 'newvar' undeclared (first use in this function)
conftest.c:232:18: note: each undeclared identifier is reported only once for each function it appears in
conftest.c:242:3: error: 'for' loop initial declarations are only allowed in C99 or C11 mode
   for (int i = 0; i < ia->datasize; ++i)
   ^
conftest.c:242:3: note: use option -std=c99, -std=gnu99, -std=c11 or -std=gnu11 to compile your code
configure:4440: $? = 1
configure: failed program was:
| /* confdefs.h */
| #define PACKAGE_NAME "alsa-lib"
| #define PACKAGE_TARNAME "alsa-lib"
| #define PACKAGE_VERSION "1.2.8"
| #define PACKAGE_STRING "alsa-lib 1.2.8"
| #define PACKAGE_BUGREPORT ""
| #define PACKAGE_URL ""
| #define PACKAGE "alsa-lib"
| #define VERSION "1.2.8"
| /* end confdefs.h.  */
| 
| /* Does the compiler advertise C89 conformance?
|    Do not test the value of __STDC__, because some compilers set it to 0
|    while being otherwise adequately conformant. */
| #if !defined __STDC__
| # error "Compiler does not advertise C89 conformance"
| #endif
| 
| #include <stddef.h>
| #include <stdarg.h>
| struct stat;
| /* Most of the following tests are stolen from RCS 5.7 src/conf.sh.  */
| struct buf { int x; };
| struct buf * (*rcsopen) (struct buf *, struct stat *, int);
| static char *e (p, i)
|      char **p;
|      int i;
| {
|   return p[i];
| }
| static char *f (char * (*g) (char **, int), char **p, ...)
| {
|   char *s;
|   va_list v;
|   va_start (v,p);
|   s = g (p, va_arg (v,int));
|   va_end (v);
|   return s;
| }
| 
| /* OSF 4.0 Compaq cc is some sort of almost-ANSI by default.  It has
|    function prototypes and stuff, but not \xHH hex character constants.
|    These do not provoke an error unfortunately, instead are silently treated
|    as an "x".  The following induces an error, until -std is added to get
|    proper ANSI mode.  Curiously \x00 != x always comes out true, for an
|    array size at least.  It is necessary to write \x00 == 0 to get something
|    that is true only with -std.  */
| int osf4_cc_array ['\x00' == 0 ? 1 : -1];
| 
| /* IBM C 6 for AIX is almost-ANSI by default, but it replaces macro parameters
|    inside strings and character constants.  */
| #define FOO(x) 'x'
| int xlc6_cc_array[FOO(a) == 'x' ? 1 : -1];
| 
| int test (int i, double x);
| struct s1 {int (*f) (int a);};
| struct s2 {int (*f) (double a);};
| int pairnames (int, char **, int *(*)(struct buf *, struct stat *, int),
|                int, int);
| 
| // Does the compiler advertise C99 conformance?
| #if !defined __STDC_VERSION__ || __STDC_VERSION__ < 199901L
| # error "Compiler does not advertise C99 conformance"
| #endif
| 
| #include <stdbool.h>
| extern int puts (const char *);
| extern int printf (const char *, ...);
| extern int dprintf (int, const char *, ...);
| extern void *malloc (size_t);
| 
| // Check varargs macros.  These examples are taken from C99 6.10.3.5.
| // dprintf is used instead of fprintf to avoid needing to declare
| // FILE and stderr.
| #define debug(...) dprintf (2, __VA_ARGS__)
| #define showlist(...) puts (#__VA_ARGS__)
| #define report(test,...) ((test) ? puts (#test) : printf (__VA_ARGS__))
| static void
| test_varargs_macros (void)
| {
|   int x = 1234;
|   int y = 5678;
|   debug ("Flag");
|   debug ("X = %d\n", x);
|   showlist (The first, second, and third items.);
|   report (x>y, "x is %d but y is %d", x, y);
| }
| 
| // Check long long types.
| #define BIG64 18446744073709551615ull
| #define BIG32 4294967295ul
| #define BIG_OK (BIG64 / BIG32 == 4294967297ull && BIG64 % BIG32 == 0)
| #if !BIG_OK
|   #error "your preprocessor is broken"
| #endif
| #if BIG_OK
| #else
|   #error "your preprocessor is broken"
| #endif
| static long long int bignum = -9223372036854775807LL;
| static unsigned long long int ubignum = BIG64;
| 
| struct incomplete_array
| {
|   int datasize;
|   double data[];
| };
| 
| struct named_init {
|   int number;
|   const wchar_t *name;
|   double average;
| };
| 
| typedef const char *ccp;
| 
| static inline int
| test_restrict (ccp restrict text)
| {
|   // See if C++-style comments work.
|   // Iterate through items via the restricted pointer.
|   // Also check for declarations in for loops.
|   for (unsigned int i = 0; *(text+i) != '\0'; ++i)
|     continue;
|   return 0;
| }
| 
| // Check varargs and va_copy.
| static bool
| test_varargs (const char *format, ...)
| {
|   va_list args;
|   va_start (args, format);
|   va_list args_copy;
|   va_copy (args_copy, args);
| 
|   const char *str = "";
|   int number = 0;
|   float fnumber = 0;
| 
|   while (*format)
|     {
|       switch (*format++)
| 	{
| 	case 's': // string
| 	  str = va_arg (args_copy, const char *);
| 	  break;
| 	case 'd': // int
| 	  number = va_arg (args_copy, int);
| 	  break;
| 	case 'f': // float
| 	  fnumber = va_arg (args_copy, double);
| 	  break;
| 	default:
| 	  break;
| 	}
|     }
|   va_end (args_copy);
|   va_end (args);
| 
|   return *str && number && fnumber;
| }
| 
| 
| // Does the compiler advertise C11 conformance?
| #if !defined __STDC_VERSION__ || __STDC_VERSION__ < 201112L
| # error "Compiler does not advertise C11 conformance"
| #endif
| 
| // Check _Alignas.
| char _Alignas (double) aligned_as_double;
| char _Alignas (0) no_special_alignment;
| extern char aligned_as_int;
| char _Alignas (0) _Alignas (int) aligned_as_int;
| 
| // Check _Alignof.
| enum
| {
|   int_alignment = _Alignof (int),
|   int_array_alignment = _Alignof (int[100]),
|   char_alignment = _Alignof (char)
| };
| _Static_assert (0 < -_Alignof (int), "_Alignof is signed");
| 
| // Check _Noreturn.
| int _Noreturn does_not_return (void) { for (;;) continue; }
| 
| // Check _Static_assert.
| struct test_static_assert
| {
|   int x;
|   _Static_assert (sizeof (int) <= sizeof (long int),
|                   "_Static_assert does not work in struct");
|   long int y;
| };
| 
| // Check UTF-8 literals.
| #define u8 syntax error!
| char const utf8_literal[] = u8"happens to be ASCII" "another string";
| 
| // Check duplicate typedefs.
| typedef long *long_ptr;
| typedef long int *long_ptr;
| typedef long_ptr long_ptr;
| 
| // Anonymous structures and unions -- taken from C11 6.7.2.1 Example 1.
| struct anonymous
| {
|   union {
|     struct { int i; int j; };
|     struct { int k; long int l; } w;
|   };
|   int m;
| } v1;
| 
| 
| int
| main (int argc, char **argv)
| {
|   int ok = 0;
|   
| ok |= (argc == 0 || f (e, argv, 0) != argv[0] || f (e, argv, 1) != argv[1]);
| 
|   
|   // Check bool.
|   _Bool success = false;
|   success |= (argc != 0);
| 
|   // Check restrict.
|   if (test_restrict ("String literal") == 0)
|     success = true;
|   char *restrict newvar = "Another string";
| 
|   // Check varargs.
|   success &= test_varargs ("s, d' f .", "string", 65, 34.234);
|   test_varargs_macros ();
| 
|   // Check flexible array members.
|   struct incomplete_array *ia =
|     malloc (sizeof (struct incomplete_array) + (sizeof (double) * 10));
|   ia->datasize = 10;
|   for (int i = 0; i < ia->datasize; ++i)
|     ia->data[i] = i * 1.234;
| 
|   // Check named initializers.
|   struct named_init ni = {
|     .number = 34,
|     .name = L"Test wide string",
|     .average = 543.34343,
|   };
| 
|   ni.number = 58;
| 
|   int dynamic_array[ni.number];
|   dynamic_array[0] = argv[0][0];
|   dynamic_array[ni.number - 1] = 543;
| 
|   // work around unused variable warnings
|   ok |= (!success || bignum == 0LL || ubignum == 0uLL || newvar[0] == 'x'
| 	 || dynamic_array[ni.number - 1] != 543);
| 
|   
|   _Static_assert ((offsetof (struct anonymous, i)
| 		   == offsetof (struct anonymous, w.k)),
| 		  "Anonymous union alignment botch");
|   v1.i = 2;
|   v1.w.k = 5;
|   ok |= v1.i != 5;
| 
|   return ok;
| }
| 
configure:4440: /home/jee/linux/armv7/ll/buildroot/output/host/bin/arm-linux-gnueabihf-gcc -std=gnu11 -c -D_LARGEFILE_SOURCE -D_LARGEFILE64_SOURCE -D_FILE_OFFSET_BITS=64  -Os -g0 -D_FORTIFY_SOURCE=1 -D_LARGEFILE_SOURCE -D_LARGEFILE64_SOURCE -D_FILE_OFFSET_BITS=64 conftest.c >&5
configure:4440: $? = 0
configure:4461: result: -std=gnu11
configure:4574: checking whether /home/jee/linux/armv7/ll/buildroot/output/host/bin/arm-linux-gnueabihf-gcc -std=gnu11 understands -c and -o together
configure:4597: /home/jee/linux/armv7/ll/buildroot/output/host/bin/arm-linux-gnueabihf-gcc -std=gnu11 -c conftest.c -o conftest2.o
configure:4600: $? = 0
configure:4597: /home/jee/linux/armv7/ll/buildroot/output/host/bin/arm-linux-gnueabihf-gcc -std=gnu11 -c conftest.c -o conftest2.o
configure:4600: $? = 0
configure:4612: result: yes
configure:4632: checking whether make supports the include directive
configure:4647: make -f confmf.GNU && cat confinc.out
make[1]: Entering directory '/home/jee/linux/armv7/ll/buildroot/output/build/alsa-lib-1.2.8'
make[1]: Leaving directory '/home/jee/linux/armv7/ll/buildroot/output/build/alsa-lib-1.2.8'
this is the am__doit target
configure:4650: $? = 0
configure:4669: result: yes (GNU style)
configure:4695: checking dependency style of /home/jee/linux/armv7/ll/buildroot/output/host/bin/arm-linux-gnueabihf-gcc -std=gnu11
configure:4807: result: none
configure:4827: checking how to run the C preprocessor
configure:4895: result: /home/jee/linux/armv7/ll/buildroot/output/host/bin/arm-linux-gnueabihf-cpp
configure:4909: /home/jee/linux/armv7/ll/buildroot/output/host/bin/arm-linux-gnueabihf-cpp -D_LARGEFILE_SOURCE -D_LARGEFILE64_SOURCE -D_FILE_OFFSET_BITS=64 conftest.c
configure:4909: $? = 0
configure:4924: /home/jee/linux/armv7/ll/buildroot/output/host/bin/arm-linux-gnueabihf-cpp -D_LARGEFILE_SOURCE -D_LARGEFILE64_SOURCE -D_FILE_OFFSET_BITS=64 conftest.c
conftest.c:11:28: fatal error: ac_nonexistent.h: No such file or directory
 #include <ac_nonexistent.h>
                            ^
compilation terminated.
configure:4924: $? = 1
configure: failed program was:
| /* confdefs.h */
| #define PACKAGE_NAME "alsa-lib"
| #define PACKAGE_TARNAME "alsa-lib"
| #define PACKAGE_VERSION "1.2.8"
| #define PACKAGE_STRING "alsa-lib 1.2.8"
| #define PACKAGE_BUGREPORT ""
| #define PACKAGE_URL ""
| #define PACKAGE "alsa-lib"
| #define VERSION "1.2.8"
| /* end confdefs.h.  */
| #include <ac_nonexistent.h>
configure:4959: checking for stdio.h
configure:4959: /home/jee/linux/armv7/ll/buildroot/output/host/bin/arm-linux-gnueabihf-gcc -std=gnu11 -c -D_LARGEFILE_SOURCE -D_LARGEFILE64_SOURCE -D_FILE_OFFSET_BITS=64  -Os -g0 -D_FORTIFY_SOURCE=1 -D_LARGEFILE_SOURCE -D_LARGEFILE64_SOURCE -D_FILE_OFFSET_BITS=64 conftest.c >&5
configure:4959: $? = 0
configure:4959: result: yes
configure:4959: checking for stdlib.h
configure:4959: /home/jee/linux/armv7/ll/buildroot/output/host/bin/arm-linux-gnueabihf-gcc -std=gnu11 -c -D_LARGEFILE_SOURCE -D_LARGEFILE64_SOURCE -D_FILE_OFFSET_BITS=64  -Os -g0 -D_FORTIFY_SOURCE=1 -D_LARGEFILE_SOURCE -D_LARGEFILE64_SOURCE -D_FILE_OFFSET_BITS=64 conftest.c >&5
configure:4959: $? = 0
configure:4959: result: yes
configure:4959: checking for string.h
configure:4959: /home/jee/linux/armv7/ll/buildroot/output/host/bin/arm-linux-gnueabihf-gcc -std=gnu11 -c -D_LARGEFILE_SOURCE -D_LARGEFILE64_SOURCE -D_FILE_OFFSET_BITS=64  -Os -g0 -D_FORTIFY_SOURCE=1 -D_LARGEFILE_SOURCE -D_LARGEFILE64_SOURCE -D_FILE_OFFSET_BITS=64 conftest.c >&5
configure:4959: $? = 0
configure:4959: result: yes
configure:4959: checking for inttypes.h
configure:4959: /home/jee/linux/armv7/ll/buildroot/output/host/bin/arm-linux-gnueabihf-gcc -std=gnu11 -c -D_LARGEFILE_SOURCE -D_LARGEFILE64_SOURCE -D_FILE_OFFSET_BITS=64  -Os -g0 -D_FORTIFY_SOURCE=1 -D_LARGEFILE_SOURCE -D_LARGEFILE64_SOURCE -D_FILE_OFFSET_BITS=64 conftest.c >&5
configure:4959: $? = 0
configure:4959: result: yes
configure:4959: checking for stdint.h
configure:4959: /home/jee/linux/armv7/ll/buildroot/output/host/bin/arm-linux-gnueabihf-gcc -std=gnu11 -c -D_LARGEFILE_SOURCE -D_LARGEFILE64_SOURCE -D_FILE_OFFSET_BITS=64  -Os -g0 -D_FORTIFY_SOURCE=1 -D_LARGEFILE_SOURCE -D_LARGEFILE64_SOURCE -D_FILE_OFFSET_BITS=64 conftest.c >&5
configure:4959: $? = 0
configure:4959: result: yes
configure:4959: checking for strings.h
configure:4959: /home/jee/linux/armv7/ll/buildroot/output/host/bin/arm-linux-gnueabihf-gcc -std=gnu11 -c -D_LARGEFILE_SOURCE -D_LARGEFILE64_SOURCE -D_FILE_OFFSET_BITS=64  -Os -g0 -D_FORTIFY_SOURCE=1 -D_LARGEFILE_SOURCE -D_LARGEFILE64_SOURCE -D_FILE_OFFSET_BITS=64 conftest.c >&5
configure:4959: $? = 0
configure:4959: result: yes
configure:4959: checking for sys/stat.h
configure:4959: /home/jee/linux/armv7/ll/buildroot/output/host/bin/arm-linux-gnueabihf-gcc -std=gnu11 -c -D_LARGEFILE_SOURCE -D_LARGEFILE64_SOURCE -D_FILE_OFFSET_BITS=64  -Os -g0 -D_FORTIFY_SOURCE=1 -D_LARGEFILE_SOURCE -D_LARGEFILE64_SOURCE -D_FILE_OFFSET_BITS=64 conftest.c >&5
configure:4959: $? = 0
configure:4959: result: yes
configure:4959: checking for sys/types.h
configure:4959: /home/jee/linux/armv7/ll/buildroot/output/host/bin/arm-linux-gnueabihf-gcc -std=gnu11 -c -D_LARGEFILE_SOURCE -D_LARGEFILE64_SOURCE -D_FILE_OFFSET_BITS=64  -Os -g0 -D_FORTIFY_SOURCE=1 -D_LARGEFILE_SOURCE -D_LARGEFILE64_SOURCE -D_FILE_OFFSET_BITS=64 conftest.c >&5
configure:4959: $? = 0
configure:4959: result: yes
configure:4959: checking for unistd.h
configure:4959: /home/jee/linux/armv7/ll/buildroot/output/host/bin/arm-linux-gnueabihf-gcc -std=gnu11 -c -D_LARGEFILE_SOURCE -D_LARGEFILE64_SOURCE -D_FILE_OFFSET_BITS=64  -Os -g0 -D_FORTIFY_SOURCE=1 -D_LARGEFILE_SOURCE -D_LARGEFILE64_SOURCE -D_FILE_OFFSET_BITS=64 conftest.c >&5
configure:4959: $? = 0
configure:4959: result: yes
configure:4959: checking for wchar.h
configure:4959: /home/jee/linux/armv7/ll/buildroot/output/host/bin/arm-linux-gnueabihf-gcc -std=gnu11 -c -D_LARGEFILE_SOURCE -D_LARGEFILE64_SOURCE -D_FILE_OFFSET_BITS=64  -Os -g0 -D_FORTIFY_SOURCE=1 -D_LARGEFILE_SOURCE -D_LARGEFILE64_SOURCE -D_FILE_OFFSET_BITS=64 conftest.c >&5
configure:4959: $? = 0
configure:4959: result: yes
configure:4959: checking for minix/config.h
configure:4959: /home/jee/linux/armv7/ll/buildroot/output/host/bin/arm-linux-gnueabihf-gcc -std=gnu11 -c -D_LARGEFILE_SOURCE -D_LARGEFILE64_SOURCE -D_FILE_OFFSET_BITS=64  -Os -g0 -D_FORTIFY_SOURCE=1 -D_LARGEFILE_SOURCE -D_LARGEFILE64_SOURCE -D_FILE_OFFSET_BITS=64 conftest.c >&5
conftest.c:49:26: fatal error: minix/config.h: No such file or directory
 #include <minix/config.h>
                          ^
compilation terminated.
configure:4959: $? = 1
configure: failed program was:
| /* confdefs.h */
| #define PACKAGE_NAME "alsa-lib"
| #define PACKAGE_TARNAME "alsa-lib"
| #define PACKAGE_VERSION "1.2.8"
| #define PACKAGE_STRING "alsa-lib 1.2.8"
| #define PACKAGE_BUGREPORT ""
| #define PACKAGE_URL ""
| #define PACKAGE "alsa-lib"
| #define VERSION "1.2.8"
| #define HAVE_STDIO_H 1
| #define HAVE_STDLIB_H 1
| #define HAVE_STRING_H 1
| #define HAVE_INTTYPES_H 1
| #define HAVE_STDINT_H 1
| #define HAVE_STRINGS_H 1
| #define HAVE_SYS_STAT_H 1
| #define HAVE_SYS_TYPES_H 1
| #define HAVE_UNISTD_H 1
| #define HAVE_WCHAR_H 1
| /* end confdefs.h.  */
| #include <stddef.h>
| #ifdef HAVE_STDIO_H
| # include <stdio.h>
| #endif
| #ifdef HAVE_STDLIB_H
| # include <stdlib.h>
| #endif
| #ifdef HAVE_STRING_H
| # include <string.h>
| #endif
| #ifdef HAVE_INTTYPES_H
| # include <inttypes.h>
| #endif
| #ifdef HAVE_STDINT_H
| # include <stdint.h>
| #endif
| #ifdef HAVE_STRINGS_H
| # include <strings.h>
| #endif
| #ifdef HAVE_SYS_TYPES_H
| # include <sys/types.h>
| #endif
| #ifdef HAVE_SYS_STAT_H
| # include <sys/stat.h>
| #endif
| #ifdef HAVE_UNISTD_H
| # include <unistd.h>
| #endif
| #include <minix/config.h>
configure:4959: result: no
configure:4959: checking for sys/time.h
configure:4959: /home/jee/linux/armv7/ll/buildroot/output/host/bin/arm-linux-gnueabihf-gcc -std=gnu11 -c -D_LARGEFILE_SOURCE -D_LARGEFILE64_SOURCE -D_FILE_OFFSET_BITS=64  -Os -g0 -D_FORTIFY_SOURCE=1 -D_LARGEFILE_SOURCE -D_LARGEFILE64_SOURCE -D_FILE_OFFSET_BITS=64 conftest.c >&5
configure:4959: $? = 0
configure:4959: result: yes
configure:4990: checking whether it is safe to define __EXTENSIONS__
configure:5009: /home/jee/linux/armv7/ll/buildroot/output/host/bin/arm-linux-gnueabihf-gcc -std=gnu11 -c -D_LARGEFILE_SOURCE -D_LARGEFILE64_SOURCE -D_FILE_OFFSET_BITS=64  -Os -g0 -D_FORTIFY_SOURCE=1 -D_LARGEFILE_SOURCE -D_LARGEFILE64_SOURCE -D_FILE_OFFSET_BITS=64 conftest.c >&5
configure:5009: $? = 0
configure:5017: result: yes
configure:5020: checking whether _XOPEN_SOURCE should be defined
configure:5042: /home/jee/linux/armv7/ll/buildroot/output/host/bin/arm-linux-gnueabihf-gcc -std=gnu11 -c -D_LARGEFILE_SOURCE -D_LARGEFILE64_SOURCE -D_FILE_OFFSET_BITS=64  -Os -g0 -D_FORTIFY_SOURCE=1 -D_LARGEFILE_SOURCE -D_LARGEFILE64_SOURCE -D_FILE_OFFSET_BITS=64 conftest.c >&5
configure:5042: $? = 0
configure:5069: result: no
configure:5126: checking whether ln -s works
configure:5130: result: yes
configure:5220: checking how to print strings
configure:5247: result: printf
configure:5268: checking for a sed that does not truncate output
configure:5338: result: /usr/bin/sed
configure:5356: checking for grep that handles long lines and -e
configure:5420: result: /usr/bin/grep
configure:5425: checking for egrep
configure:5493: result: /usr/bin/grep -E
configure:5498: checking for fgrep
configure:5566: result: /usr/bin/grep -F
configure:5602: checking for ld used by /home/jee/linux/armv7/ll/buildroot/output/host/bin/arm-linux-gnueabihf-gcc -std=gnu11
configure:5670: result: /home/jee/linux/armv7/ll/buildroot/output/host/bin/arm-linux-gnueabihf-ld
configure:5677: checking if the linker (/home/jee/linux/armv7/ll/buildroot/output/host/bin/arm-linux-gnueabihf-ld) is GNU ld
configure:5693: result: yes
configure:5705: checking for BSD- or MS-compatible name lister (nm)
configure:5760: result: /home/jee/linux/armv7/ll/buildroot/output/host/bin/arm-linux-gnueabihf-gcc-nm
configure:5900: checking the name lister (/home/jee/linux/armv7/ll/buildroot/output/host/bin/arm-linux-gnueabihf-gcc-nm) interface
configure:5908: /home/jee/linux/armv7/ll/buildroot/output/host/bin/arm-linux-gnueabihf-gcc -std=gnu11 -c -D_LARGEFILE_SOURCE -D_LARGEFILE64_SOURCE -D_FILE_OFFSET_BITS=64  -Os -g0 -D_FORTIFY_SOURCE=1 -D_LARGEFILE_SOURCE -D_LARGEFILE64_SOURCE -D_FILE_OFFSET_BITS=64 conftest.c >&5
configure:5911: /home/jee/linux/armv7/ll/buildroot/output/host/bin/arm-linux-gnueabihf-gcc-nm "conftest.o"
configure:5914: output
00000000 B some_variable
configure:5915: result: BSD nm
configure:5919: checking the maximum length of command line arguments
configure:6051: result: 1572864
configure:6099: checking how to convert x86_64-pc-linux-gnu file names to arm-buildroot-linux-gnueabihf format
configure:6140: result: func_convert_file_noop
configure:6147: checking how to convert x86_64-pc-linux-gnu file names to toolchain format
configure:6168: result: func_convert_file_noop
configure:6175: checking for /home/jee/linux/armv7/ll/buildroot/output/host/bin/arm-linux-gnueabihf-ld option to reload object files
configure:6183: result: -r
configure:6217: checking for arm-buildroot-linux-gnueabihf-objdump
configure:6249: result: /home/jee/linux/armv7/ll/buildroot/output/host/bin/arm-linux-gnueabihf-objdump
configure:6326: checking how to recognize dependent libraries
configure:6527: result: pass_all
configure:6572: checking for arm-buildroot-linux-gnueabihf-dlltool
configure:6607: result: no
configure:6617: checking for dlltool
configure:6652: result: no
configure:6682: checking how to associate runtime and link libraries
configure:6710: result: printf %s\n
configure:6726: checking for arm-buildroot-linux-gnueabihf-ar
configure:6758: result: /home/jee/linux/armv7/ll/buildroot/output/host/bin/arm-linux-gnueabihf-gcc-ar
configure:6844: checking for archiver @FILE support
configure:6862: /home/jee/linux/armv7/ll/buildroot/output/host/bin/arm-linux-gnueabihf-gcc -std=gnu11 -c -D_LARGEFILE_SOURCE -D_LARGEFILE64_SOURCE -D_FILE_OFFSET_BITS=64  -Os -g0 -D_FORTIFY_SOURCE=1 -D_LARGEFILE_SOURCE -D_LARGEFILE64_SOURCE -D_FILE_OFFSET_BITS=64 conftest.c >&5
configure:6862: $? = 0
configure:6866: /home/jee/linux/armv7/ll/buildroot/output/host/bin/arm-linux-gnueabihf-gcc-ar cru libconftest.a @conftest.lst >&5
configure:6869: $? = 0
configure:6874: /home/jee/linux/armv7/ll/buildroot/output/host/bin/arm-linux-gnueabihf-gcc-ar cru libconftest.a @conftest.lst >&5
/usr/local/arm/gcc-linaro-4.9.4-2017.01-x86_64_arm-linux-gnueabihf/bin/../lib/gcc/arm-linux-gnueabihf/4.9.4/../../../../arm-linux-gnueabihf/bin/ar: conftest.o: No such file or directory
configure:6877: $? = 1
configure:6876: result: @
configure:6894: checking for arm-buildroot-linux-gnueabihf-strip
configure:6926: result: /home/jee/linux/armv7/ll/buildroot/output/host/bin/arm-linux-gnueabihf-strip
configure:7003: checking for arm-buildroot-linux-gnueabihf-ranlib
configure:7035: result: /home/jee/linux/armv7/ll/buildroot/output/host/bin/arm-linux-gnueabihf-gcc-ranlib
configure:7182: checking command to parse /home/jee/linux/armv7/ll/buildroot/output/host/bin/arm-linux-gnueabihf-gcc-nm output from /home/jee/linux/armv7/ll/buildroot/output/host/bin/arm-linux-gnueabihf-gcc -std=gnu11 object
configure:7336: /home/jee/linux/armv7/ll/buildroot/output/host/bin/arm-linux-gnueabihf-gcc -std=gnu11 -c -D_LARGEFILE_SOURCE -D_LARGEFILE64_SOURCE -D_FILE_OFFSET_BITS=64  -Os -g0 -D_FORTIFY_SOURCE=1 -D_LARGEFILE_SOURCE -D_LARGEFILE64_SOURCE -D_FILE_OFFSET_BITS=64 conftest.c >&5
configure:7339: $? = 0
configure:7343: /home/jee/linux/armv7/ll/buildroot/output/host/bin/arm-linux-gnueabihf-gcc-nm conftest.o \| sed -n -e 's/^.*[ ]\([ABCDGIRSTW][ABCDGIRSTW]*\)[ ][ ]*\([_A-Za-z][_A-Za-z0-9]*\)$/\1 \2 \2/p' | sed '/ __gnu_lto/d' \> conftest.nm
configure:7346: $? = 0
configure:7412: /home/jee/linux/armv7/ll/buildroot/output/host/bin/arm-linux-gnueabihf-gcc -std=gnu11 -o conftest -D_LARGEFILE_SOURCE -D_LARGEFILE64_SOURCE -D_FILE_OFFSET_BITS=64  -Os -g0 -D_FORTIFY_SOURCE=1 -D_LARGEFILE_SOURCE -D_LARGEFILE64_SOURCE -D_FILE_OFFSET_BITS=64  -lm conftest.c conftstm.o >&5
configure:7415: $? = 0
configure:7453: result: ok
configure:7500: checking for sysroot
configure:7531: result: no
configure:7538: checking for a working dd
configure:7582: result: /usr/bin/dd
configure:7586: checking how to truncate binary pipes
configure:7602: result: /usr/bin/dd bs=4096 count=1
configure:7894: checking for arm-buildroot-linux-gnueabihf-mt
configure:7929: result: no
configure:7939: checking for mt
configure:7960: found /usr/bin/mt
configure:7971: result: mt
configure:7983: WARNING: using cross tools not prefixed with host triplet
configure:7994: checking if mt is a manifest tool
configure:8001: mt '-?'
configure:8009: result: no
configure:8735: checking for dlfcn.h
configure:8735: /home/jee/linux/armv7/ll/buildroot/output/host/bin/arm-linux-gnueabihf-gcc -std=gnu11 -c -D_LARGEFILE_SOURCE -D_LARGEFILE64_SOURCE -D_FILE_OFFSET_BITS=64  -Os -g0 -D_FORTIFY_SOURCE=1 -D_LARGEFILE_SOURCE -D_LARGEFILE64_SOURCE -D_FILE_OFFSET_BITS=64 conftest.c >&5
configure:8735: $? = 0
configure:8735: result: yes
configure:8961: checking for objdir
configure:8977: result: .libs
configure:9241: checking if /home/jee/linux/armv7/ll/buildroot/output/host/bin/arm-linux-gnueabihf-gcc -std=gnu11 supports -fno-rtti -fno-exceptions
configure:9260: /home/jee/linux/armv7/ll/buildroot/output/host/bin/arm-linux-gnueabihf-gcc -std=gnu11 -c -D_LARGEFILE_SOURCE -D_LARGEFILE64_SOURCE -D_FILE_OFFSET_BITS=64  -Os -g0 -D_FORTIFY_SOURCE=1 -D_LARGEFILE_SOURCE -D_LARGEFILE64_SOURCE -D_FILE_OFFSET_BITS=64 -fno-rtti -fno-exceptions conftest.c >&5
cc1: warning: command line option '-fno-rtti' is valid for C++/ObjC++ but not for C
configure:9264: $? = 0
configure:9277: result: no
configure:9635: checking for /home/jee/linux/armv7/ll/buildroot/output/host/bin/arm-linux-gnueabihf-gcc -std=gnu11 option to produce PIC
configure:9643: result: -fPIC -DPIC
configure:9651: checking if /home/jee/linux/armv7/ll/buildroot/output/host/bin/arm-linux-gnueabihf-gcc -std=gnu11 PIC flag -fPIC -DPIC works
configure:9670: /home/jee/linux/armv7/ll/buildroot/output/host/bin/arm-linux-gnueabihf-gcc -std=gnu11 -c -D_LARGEFILE_SOURCE -D_LARGEFILE64_SOURCE -D_FILE_OFFSET_BITS=64  -Os -g0 -D_FORTIFY_SOURCE=1 -D_LARGEFILE_SOURCE -D_LARGEFILE64_SOURCE -D_FILE_OFFSET_BITS=64 -fPIC -DPIC -DPIC conftest.c >&5
configure:9674: $? = 0
configure:9687: result: yes
configure:9716: checking if /home/jee/linux/armv7/ll/buildroot/output/host/bin/arm-linux-gnueabihf-gcc -std=gnu11 static flag -static works
configure:9745: result: yes
configure:9760: checking if /home/jee/linux/armv7/ll/buildroot/output/host/bin/arm-linux-gnueabihf-gcc -std=gnu11 supports -c -o file.o
configure:9782: /home/jee/linux/armv7/ll/buildroot/output/host/bin/arm-linux-gnueabihf-gcc -std=gnu11 -c -D_LARGEFILE_SOURCE -D_LARGEFILE64_SOURCE -D_FILE_OFFSET_BITS=64  -Os -g0 -D_FORTIFY_SOURCE=1 -D_LARGEFILE_SOURCE -D_LARGEFILE64_SOURCE -D_FILE_OFFSET_BITS=64 -o out/conftest2.o conftest.c >&5
configure:9786: $? = 0
configure:9808: result: yes
configure:9816: checking if /home/jee/linux/armv7/ll/buildroot/output/host/bin/arm-linux-gnueabihf-gcc -std=gnu11 supports -c -o file.o
configure:9864: result: yes
configure:9897: checking whether the /home/jee/linux/armv7/ll/buildroot/output/host/bin/arm-linux-gnueabihf-gcc -std=gnu11 linker (/home/jee/linux/armv7/ll/buildroot/output/host/bin/arm-linux-gnueabihf-ld) supports shared libraries
configure:11163: result: yes
configure:11200: checking whether -lc should be explicitly linked in
configure:11209: /home/jee/linux/armv7/ll/buildroot/output/host/bin/arm-linux-gnueabihf-gcc -std=gnu11 -c -D_LARGEFILE_SOURCE -D_LARGEFILE64_SOURCE -D_FILE_OFFSET_BITS=64  -Os -g0 -D_FORTIFY_SOURCE=1 -D_LARGEFILE_SOURCE -D_LARGEFILE64_SOURCE -D_FILE_OFFSET_BITS=64 conftest.c >&5
configure:11212: $? = 0
configure:11227: /home/jee/linux/armv7/ll/buildroot/output/host/bin/arm-linux-gnueabihf-gcc -std=gnu11 -shared  -fPIC -DPIC conftest.o  -v -Wl,-soname -Wl,conftest -o conftest 2\>\&1 \| /usr/bin/grep  -lc  \>/dev/null 2\>\&1
configure:11230: $? = 0
configure:11244: result: no
configure:11404: checking dynamic linker characteristics
configure:11986: /home/jee/linux/armv7/ll/buildroot/output/host/bin/arm-linux-gnueabihf-gcc -std=gnu11 -o conftest -D_LARGEFILE_SOURCE -D_LARGEFILE64_SOURCE -D_FILE_OFFSET_BITS=64  -Os -g0 -D_FORTIFY_SOURCE=1 -D_LARGEFILE_SOURCE -D_LARGEFILE64_SOURCE -D_FILE_OFFSET_BITS=64  -lm -Wl,-rpath -Wl,/foo conftest.c  >&5
configure:11986: $? = 0
configure:12225: result: GNU/Linux ld.so
configure:12347: checking how to hardcode library paths into programs
configure:12372: result: immediate
configure:12474: checking for shl_load
configure:12474: /home/jee/linux/armv7/ll/buildroot/output/host/bin/arm-linux-gnueabihf-gcc -std=gnu11 -o conftest -D_LARGEFILE_SOURCE -D_LARGEFILE64_SOURCE -D_FILE_OFFSET_BITS=64  -Os -g0 -D_FORTIFY_SOURCE=1 -D_LARGEFILE_SOURCE -D_LARGEFILE64_SOURCE -D_FILE_OFFSET_BITS=64  -lm conftest.c  >&5
/tmp/cc0tqqFA.o: In function `main':
conftest.c:(.text.startup+0x4): undefined reference to `shl_load'
collect2: error: ld returned 1 exit status
configure:12474: $? = 1
configure: failed program was:
| /* confdefs.h */
| #define PACKAGE_NAME "alsa-lib"
| #define PACKAGE_TARNAME "alsa-lib"
| #define PACKAGE_VERSION "1.2.8"
| #define PACKAGE_STRING "alsa-lib 1.2.8"
| #define PACKAGE_BUGREPORT ""
| #define PACKAGE_URL ""
| #define PACKAGE "alsa-lib"
| #define VERSION "1.2.8"
| #define HAVE_STDIO_H 1
| #define HAVE_STDLIB_H 1
| #define HAVE_STRING_H 1
| #define HAVE_INTTYPES_H 1
| #define HAVE_STDINT_H 1
| #define HAVE_STRINGS_H 1
| #define HAVE_SYS_STAT_H 1
| #define HAVE_SYS_TYPES_H 1
| #define HAVE_UNISTD_H 1
| #define HAVE_WCHAR_H 1
| #define HAVE_SYS_TIME_H 1
| #define STDC_HEADERS 1
| #define _ALL_SOURCE 1
| #define _DARWIN_C_SOURCE 1
| #define _GNU_SOURCE 1
| #define _HPUX_ALT_XOPEN_SOCKET_API 1
| #define _NETBSD_SOURCE 1
| #define _OPENBSD_SOURCE 1
| #define _POSIX_PTHREAD_SEMANTICS 1
| #define __STDC_WANT_IEC_60559_ATTRIBS_EXT__ 1
| #define __STDC_WANT_IEC_60559_BFP_EXT__ 1
| #define __STDC_WANT_IEC_60559_DFP_EXT__ 1
| #define __STDC_WANT_IEC_60559_FUNCS_EXT__ 1
| #define __STDC_WANT_IEC_60559_TYPES_EXT__ 1
| #define __STDC_WANT_LIB_EXT2__ 1
| #define __STDC_WANT_MATH_SPEC_FUNCS__ 1
| #define _TANDEM_SOURCE 1
| #define __EXTENSIONS__ 1
| #define HAVE_DLFCN_H 1
| #define LT_OBJDIR ".libs/"
| /* end confdefs.h.  */
| /* Define shl_load to an innocuous variant, in case <limits.h> declares shl_load.
|    For example, HP-UX 11i <limits.h> declares gettimeofday.  */
| #define shl_load innocuous_shl_load
| 
| /* System header to define __stub macros and hopefully few prototypes,
|    which can conflict with char shl_load (); below.  */
| 
| #include <limits.h>
| #undef shl_load
| 
| /* Override any GCC internal prototype to avoid an error.
|    Use char because int might match the return type of a GCC
|    builtin and then its argument prototype would still apply.  */
| #ifdef __cplusplus
| extern "C"
| #endif
| char shl_load ();
| /* The GNU C library defines this for functions which it implements
|     to always fail with ENOSYS.  Some functions are actually named
|     something starting with __ and the normal name is an alias.  */
| #if defined __stub_shl_load || defined __stub___shl_load
| choke me
| #endif
| 
| int
| main (void)
| {
| return shl_load ();
|   ;
|   return 0;
| }
configure:12474: result: no
configure:12479: checking for shl_load in -ldld
configure:12502: /home/jee/linux/armv7/ll/buildroot/output/host/bin/arm-linux-gnueabihf-gcc -std=gnu11 -o conftest -D_LARGEFILE_SOURCE -D_LARGEFILE64_SOURCE -D_FILE_OFFSET_BITS=64  -Os -g0 -D_FORTIFY_SOURCE=1 -D_LARGEFILE_SOURCE -D_LARGEFILE64_SOURCE -D_FILE_OFFSET_BITS=64  -lm conftest.c -ldld   >&5
/usr/local/arm/gcc-linaro-4.9.4-2017.01-x86_64_arm-linux-gnueabihf/bin/../lib/gcc/arm-linux-gnueabihf/4.9.4/../../../../arm-linux-gnueabihf/bin/ld: cannot find -ldld
collect2: error: ld returned 1 exit status
configure:12502: $? = 1
configure: failed program was:
| /* confdefs.h */
| #define PACKAGE_NAME "alsa-lib"
| #define PACKAGE_TARNAME "alsa-lib"
| #define PACKAGE_VERSION "1.2.8"
| #define PACKAGE_STRING "alsa-lib 1.2.8"
| #define PACKAGE_BUGREPORT ""
| #define PACKAGE_URL ""
| #define PACKAGE "alsa-lib"
| #define VERSION "1.2.8"
| #define HAVE_STDIO_H 1
| #define HAVE_STDLIB_H 1
| #define HAVE_STRING_H 1
| #define HAVE_INTTYPES_H 1
| #define HAVE_STDINT_H 1
| #define HAVE_STRINGS_H 1
| #define HAVE_SYS_STAT_H 1
| #define HAVE_SYS_TYPES_H 1
| #define HAVE_UNISTD_H 1
| #define HAVE_WCHAR_H 1
| #define HAVE_SYS_TIME_H 1
| #define STDC_HEADERS 1
| #define _ALL_SOURCE 1
| #define _DARWIN_C_SOURCE 1
| #define _GNU_SOURCE 1
| #define _HPUX_ALT_XOPEN_SOCKET_API 1
| #define _NETBSD_SOURCE 1
| #define _OPENBSD_SOURCE 1
| #define _POSIX_PTHREAD_SEMANTICS 1
| #define __STDC_WANT_IEC_60559_ATTRIBS_EXT__ 1
| #define __STDC_WANT_IEC_60559_BFP_EXT__ 1
| #define __STDC_WANT_IEC_60559_DFP_EXT__ 1
| #define __STDC_WANT_IEC_60559_FUNCS_EXT__ 1
| #define __STDC_WANT_IEC_60559_TYPES_EXT__ 1
| #define __STDC_WANT_LIB_EXT2__ 1
| #define __STDC_WANT_MATH_SPEC_FUNCS__ 1
| #define _TANDEM_SOURCE 1
| #define __EXTENSIONS__ 1
| #define HAVE_DLFCN_H 1
| #define LT_OBJDIR ".libs/"
| /* end confdefs.h.  */
| 
| /* Override any GCC internal prototype to avoid an error.
|    Use char because int might match the return type of a GCC
|    builtin and then its argument prototype would still apply.  */
| char shl_load ();
| int
| main (void)
| {
| return shl_load ();
|   ;
|   return 0;
| }
configure:12512: result: no
configure:12518: checking for dlopen
configure:12518: /home/jee/linux/armv7/ll/buildroot/output/host/bin/arm-linux-gnueabihf-gcc -std=gnu11 -o conftest -D_LARGEFILE_SOURCE -D_LARGEFILE64_SOURCE -D_FILE_OFFSET_BITS=64  -Os -g0 -D_FORTIFY_SOURCE=1 -D_LARGEFILE_SOURCE -D_LARGEFILE64_SOURCE -D_FILE_OFFSET_BITS=64  -lm conftest.c  >&5
/tmp/ccxKhGFF.o: In function `main':
conftest.c:(.text.startup+0x4): undefined reference to `dlopen'
collect2: error: ld returned 1 exit status
configure:12518: $? = 1
configure: failed program was:
| /* confdefs.h */
| #define PACKAGE_NAME "alsa-lib"
| #define PACKAGE_TARNAME "alsa-lib"
| #define PACKAGE_VERSION "1.2.8"
| #define PACKAGE_STRING "alsa-lib 1.2.8"
| #define PACKAGE_BUGREPORT ""
| #define PACKAGE_URL ""
| #define PACKAGE "alsa-lib"
| #define VERSION "1.2.8"
| #define HAVE_STDIO_H 1
| #define HAVE_STDLIB_H 1
| #define HAVE_STRING_H 1
| #define HAVE_INTTYPES_H 1
| #define HAVE_STDINT_H 1
| #define HAVE_STRINGS_H 1
| #define HAVE_SYS_STAT_H 1
| #define HAVE_SYS_TYPES_H 1
| #define HAVE_UNISTD_H 1
| #define HAVE_WCHAR_H 1
| #define HAVE_SYS_TIME_H 1
| #define STDC_HEADERS 1
| #define _ALL_SOURCE 1
| #define _DARWIN_C_SOURCE 1
| #define _GNU_SOURCE 1
| #define _HPUX_ALT_XOPEN_SOCKET_API 1
| #define _NETBSD_SOURCE 1
| #define _OPENBSD_SOURCE 1
| #define _POSIX_PTHREAD_SEMANTICS 1
| #define __STDC_WANT_IEC_60559_ATTRIBS_EXT__ 1
| #define __STDC_WANT_IEC_60559_BFP_EXT__ 1
| #define __STDC_WANT_IEC_60559_DFP_EXT__ 1
| #define __STDC_WANT_IEC_60559_FUNCS_EXT__ 1
| #define __STDC_WANT_IEC_60559_TYPES_EXT__ 1
| #define __STDC_WANT_LIB_EXT2__ 1
| #define __STDC_WANT_MATH_SPEC_FUNCS__ 1
| #define _TANDEM_SOURCE 1
| #define __EXTENSIONS__ 1
| #define HAVE_DLFCN_H 1
| #define LT_OBJDIR ".libs/"
| /* end confdefs.h.  */
| /* Define dlopen to an innocuous variant, in case <limits.h> declares dlopen.
|    For example, HP-UX 11i <limits.h> declares gettimeofday.  */
| #define dlopen innocuous_dlopen
| 
| /* System header to define __stub macros and hopefully few prototypes,
|    which can conflict with char dlopen (); below.  */
| 
| #include <limits.h>
| #undef dlopen
| 
| /* Override any GCC internal prototype to avoid an error.
|    Use char because int might match the return type of a GCC
|    builtin and then its argument prototype would still apply.  */
| #ifdef __cplusplus
| extern "C"
| #endif
| char dlopen ();
| /* The GNU C library defines this for functions which it implements
|     to always fail with ENOSYS.  Some functions are actually named
|     something starting with __ and the normal name is an alias.  */
| #if defined __stub_dlopen || defined __stub___dlopen
| choke me
| #endif
| 
| int
| main (void)
| {
| return dlopen ();
|   ;
|   return 0;
| }
configure:12518: result: no
configure:12523: checking for dlopen in -ldl
configure:12546: /home/jee/linux/armv7/ll/buildroot/output/host/bin/arm-linux-gnueabihf-gcc -std=gnu11 -o conftest -D_LARGEFILE_SOURCE -D_LARGEFILE64_SOURCE -D_FILE_OFFSET_BITS=64  -Os -g0 -D_FORTIFY_SOURCE=1 -D_LARGEFILE_SOURCE -D_LARGEFILE64_SOURCE -D_FILE_OFFSET_BITS=64  -lm conftest.c -ldl   >&5
configure:12546: $? = 0
configure:12556: result: yes
configure:12676: checking whether a program can dlopen itself
configure:12778: result: cross
configure:12924: checking whether stripping libraries is possible
configure:12929: result: yes
configure:12964: checking if libtool supports shared libraries
configure:12966: result: yes
configure:12969: checking whether to build shared libraries
configure:12994: result: yes
configure:12997: checking whether to build static libraries
configure:13001: result: no
configure:9827: checking if /home/jee/linux/armv7/ll/buildroot/output/host/bin/arm-linux-gnueabihf-gcc -std=gnu11 supports -Wl,--no-undefined flag
configure:9839: /home/jee/linux/armv7/ll/buildroot/output/host/bin/arm-linux-gnueabihf-gcc -std=gnu11 -o conftest -D_LARGEFILE_SOURCE -D_LARGEFILE64_SOURCE -D_FILE_OFFSET_BITS=64  -Os -g0 -D_FORTIFY_SOURCE=1 -D_LARGEFILE_SOURCE -D_LARGEFILE64_SOURCE -D_FILE_OFFSET_BITS=64  -lm -Wl,--no-undefined conftest.c  >&5
configure:9839: $? = 0
configure:9851: result: yes
configure:9827: checking if /home/jee/linux/armv7/ll/buildroot/output/host/bin/arm-linux-gnueabihf-gcc -std=gnu11 supports -Wl,-z,defs flag
configure:9839: /home/jee/linux/armv7/ll/buildroot/output/host/bin/arm-linux-gnueabihf-gcc -std=gnu11 -o conftest -D_LARGEFILE_SOURCE -D_LARGEFILE64_SOURCE -D_FILE_OFFSET_BITS=64  -Os -g0 -D_FORTIFY_SOURCE=1 -D_LARGEFILE_SOURCE -D_LARGEFILE64_SOURCE -D_FILE_OFFSET_BITS=64  -lm -Wl,-z,defs conftest.c  >&5
configure:9839: $? = 0
configure:9851: result: yes
configure:9870: checking for egrep
configure:9938: result: /usr/bin/grep -E
configure:9947: checking for an ANSI C-conforming const
configure:10014: /home/jee/linux/armv7/ll/buildroot/output/host/bin/arm-linux-gnueabihf-gcc -std=gnu11 -c -D_LARGEFILE_SOURCE -D_LARGEFILE64_SOURCE -D_FILE_OFFSET_BITS=64  -Os -g0 -D_FORTIFY_SOURCE=1 -D_LARGEFILE_SOURCE -D_LARGEFILE64_SOURCE -D_FILE_OFFSET_BITS=64 conftest.c >&5
configure:10014: $? = 0
configure:10022: result: yes
configure:10030: checking for inline
configure:10047: /home/jee/linux/armv7/ll/buildroot/output/host/bin/arm-linux-gnueabihf-gcc -std=gnu11 -c -D_LARGEFILE_SOURCE -D_LARGEFILE64_SOURCE -D_FILE_OFFSET_BITS=64  -Os -g0 -D_FORTIFY_SOURCE=1 -D_LARGEFILE_SOURCE -D_LARGEFILE64_SOURCE -D_FILE_OFFSET_BITS=64 conftest.c >&5
configure:10047: $? = 0
configure:10056: result: inline
configure:10087: checking whether /home/jee/linux/armv7/ll/buildroot/output/host/bin/arm-linux-gnueabihf-gcc -std=gnu11 needs -traditional
configure:10124: result: no
configure:10131: checking for uselocale
configure:10131: /home/jee/linux/armv7/ll/buildroot/output/host/bin/arm-linux-gnueabihf-gcc -std=gnu11 -o conftest -D_LARGEFILE_SOURCE -D_LARGEFILE64_SOURCE -D_FILE_OFFSET_BITS=64  -Os -g0 -D_FORTIFY_SOURCE=1 -D_LARGEFILE_SOURCE -D_LARGEFILE64_SOURCE -D_FILE_OFFSET_BITS=64  -lm conftest.c  >&5
configure:10131: $? = 0
configure:10131: result: yes
configure:10138: checking for eaccess
configure:10138: /home/jee/linux/armv7/ll/buildroot/output/host/bin/arm-linux-gnueabihf-gcc -std=gnu11 -o conftest -D_LARGEFILE_SOURCE -D_LARGEFILE64_SOURCE -D_FILE_OFFSET_BITS=64  -Os -g0 -D_FORTIFY_SOURCE=1 -D_LARGEFILE_SOURCE -D_LARGEFILE64_SOURCE -D_FILE_OFFSET_BITS=64  -lm conftest.c  >&5
configure:10138: $? = 0
configure:10138: result: yes
configure:10146: checking for fork
configure:10146: /home/jee/linux/armv7/ll/buildroot/output/host/bin/arm-linux-gnueabihf-gcc -std=gnu11 -o conftest -D_LARGEFILE_SOURCE -D_LARGEFILE64_SOURCE -D_FILE_OFFSET_BITS=64  -Os -g0 -D_FORTIFY_SOURCE=1 -D_LARGEFILE_SOURCE -D_LARGEFILE64_SOURCE -D_FILE_OFFSET_BITS=64  -lm conftest.c  >&5
conftest.c:60:6: warning: conflicting types for built-in function 'fork'
 char fork ();
      ^
configure:10146: $? = 0
configure:10146: result: yes
configure:10154: checking for library version
configure:10177: result: major 1 minor 2 subminor 8 extrastr  extraver 1000000
configure:10265: checking for versioned symbols
configure:10293: result: yes
configure:10312: checking for symbolic-functions
configure:10332: result: no
configure:10344: checking for custom symbol prefixes
configure:10355: result: 
configure:10358: checking for debug
configure:10370: result: yes
configure:10381: checking for debug assert
configure:10398: result: no
configure:10403: checking for tmpdir
configure:10414: result: /tmp
configure:10420: checking for softfloat
configure:10439: result: no
configure:10448: checking for LFS calls
configure:10461: /home/jee/linux/armv7/ll/buildroot/output/host/bin/arm-linux-gnueabihf-gcc -std=gnu11 -o conftest -D_LARGEFILE_SOURCE -D_LARGEFILE64_SOURCE -D_FILE_OFFSET_BITS=64  -Os -g0 -D_FORTIFY_SOURCE=1 -D_LARGEFILE_SOURCE -D_LARGEFILE64_SOURCE -D_FILE_OFFSET_BITS=64  -lm conftest.c  >&5
configure:10461: $? = 0
configure:10470: result: yes
configure:10480: checking for libdl
configure:10493: checking for dlsym in -ldl
configure:10516: /home/jee/linux/armv7/ll/buildroot/output/host/bin/arm-linux-gnueabihf-gcc -std=gnu11 -o conftest -D_LARGEFILE_SOURCE -D_LARGEFILE64_SOURCE -D_FILE_OFFSET_BITS=64  -Os -g0 -D_FORTIFY_SOURCE=1 -D_LARGEFILE_SOURCE -D_LARGEFILE64_SOURCE -D_FILE_OFFSET_BITS=64  -lm conftest.c -ldl   >&5
configure:10516: $? = 0
configure:10526: result: yes
configure:10552: checking for pthread
configure:10564: checking for pthread_join in -lpthread
configure:10587: /home/jee/linux/armv7/ll/buildroot/output/host/bin/arm-linux-gnueabihf-gcc -std=gnu11 -o conftest -D_LARGEFILE_SOURCE -D_LARGEFILE64_SOURCE -D_FILE_OFFSET_BITS=64  -Os -g0 -D_FORTIFY_SOURCE=1 -D_LARGEFILE_SOURCE -D_LARGEFILE64_SOURCE -D_FILE_OFFSET_BITS=64  -lm conftest.c -lpthread   >&5
configure:10587: $? = 0
configure:10597: result: yes
configure:10616: checking for /home/jee/linux/armv7/ll/buildroot/output/host/bin/arm-linux-gnueabihf-gcc -std=gnu11 options needed to detect all undeclared functions
configure:10638: /home/jee/linux/armv7/ll/buildroot/output/host/bin/arm-linux-gnueabihf-gcc -std=gnu11 -c -D_LARGEFILE_SOURCE -D_LARGEFILE64_SOURCE -D_FILE_OFFSET_BITS=64  -Os -g0 -D_FORTIFY_SOURCE=1  -D_LARGEFILE_SOURCE -D_LARGEFILE64_SOURCE -D_FILE_OFFSET_BITS=64 conftest.c >&5
conftest.c: In function 'main':
conftest.c:58:8: error: 'strchr' undeclared (first use in this function)
 (void) strchr;
        ^
conftest.c:58:8: note: each undeclared identifier is reported only once for each function it appears in
configure:10638: $? = 1
configure: failed program was:
| /* confdefs.h */
| #define PACKAGE_NAME "alsa-lib"
| #define PACKAGE_TARNAME "alsa-lib"
| #define PACKAGE_VERSION "1.2.8"
| #define PACKAGE_STRING "alsa-lib 1.2.8"
| #define PACKAGE_BUGREPORT ""
| #define PACKAGE_URL ""
| #define PACKAGE "alsa-lib"
| #define VERSION "1.2.8"
| #define HAVE_STDIO_H 1
| #define HAVE_STDLIB_H 1
| #define HAVE_STRING_H 1
| #define HAVE_INTTYPES_H 1
| #define HAVE_STDINT_H 1
| #define HAVE_STRINGS_H 1
| #define HAVE_SYS_STAT_H 1
| #define HAVE_SYS_TYPES_H 1
| #define HAVE_UNISTD_H 1
| #define HAVE_WCHAR_H 1
| #define HAVE_SYS_TIME_H 1
| #define STDC_HEADERS 1
| #define _ALL_SOURCE 1
| #define _DARWIN_C_SOURCE 1
| #define _GNU_SOURCE 1
| #define _HPUX_ALT_XOPEN_SOCKET_API 1
| #define _NETBSD_SOURCE 1
| #define _OPENBSD_SOURCE 1
| #define _POSIX_PTHREAD_SEMANTICS 1
| #define __STDC_WANT_IEC_60559_ATTRIBS_EXT__ 1
| #define __STDC_WANT_IEC_60559_BFP_EXT__ 1
| #define __STDC_WANT_IEC_60559_DFP_EXT__ 1
| #define __STDC_WANT_IEC_60559_FUNCS_EXT__ 1
| #define __STDC_WANT_IEC_60559_TYPES_EXT__ 1
| #define __STDC_WANT_LIB_EXT2__ 1
| #define __STDC_WANT_MATH_SPEC_FUNCS__ 1
| #define _TANDEM_SOURCE 1
| #define __EXTENSIONS__ 1
| #define HAVE_DLFCN_H 1
| #define LT_OBJDIR ".libs/"
| #define TIME_WITH_SYS_TIME 1
| #define HAVE_USELOCALE 1
| #define HAVE_EACCESS 1
| #define VERSION "1.2.8"
| #define ALSA_CONFIG_DIR "/usr/share/alsa"
| #define ALSA_PLUGIN_DIR "/usr/lib/alsa-lib"
| #define ALSA_PKGCONF_DIR "/usr/lib/pkgconfig"
| #define VERSIONED_SYMBOLS /**/
| #define __SYMBOL_PREFIX ""
| #define TMPDIR "/tmp"
| #define HAVE_LFS 1
| #define HAVE_LIBDL 1
| #define HAVE_LIBPTHREAD 1
| /* end confdefs.h.  */
| 
| int
| main (void)
| {
| (void) strchr;
|   ;
|   return 0;
| }
configure:10665: /home/jee/linux/armv7/ll/buildroot/output/host/bin/arm-linux-gnueabihf-gcc -std=gnu11 -c -D_LARGEFILE_SOURCE -D_LARGEFILE64_SOURCE -D_FILE_OFFSET_BITS=64  -Os -g0 -D_FORTIFY_SOURCE=1  -D_LARGEFILE_SOURCE -D_LARGEFILE64_SOURCE -D_FILE_OFFSET_BITS=64 conftest.c >&5
configure:10665: $? = 0
configure:10682: result: none needed
configure:10696: checking whether PTHREAD_MUTEX_RECURSIVE is declared
configure:10696: /home/jee/linux/armv7/ll/buildroot/output/host/bin/arm-linux-gnueabihf-gcc -std=gnu11 -c -D_LARGEFILE_SOURCE -D_LARGEFILE64_SOURCE -D_FILE_OFFSET_BITS=64  -Os -g0 -D_FORTIFY_SOURCE=1  -D_LARGEFILE_SOURCE -D_LARGEFILE64_SOURCE -D_FILE_OFFSET_BITS=64 conftest.c >&5
configure:10696: $? = 0
configure:10696: result: yes
configure:10706: checking for __thread
configure:10721: /home/jee/linux/armv7/ll/buildroot/output/host/bin/arm-linux-gnueabihf-gcc -std=gnu11 -o conftest -D_LARGEFILE_SOURCE -D_LARGEFILE64_SOURCE -D_FILE_OFFSET_BITS=64  -Os -g0 -D_FORTIFY_SOURCE=1 -D_LARGEFILE_SOURCE -D_LARGEFILE64_SOURCE -D_FILE_OFFSET_BITS=64  -lm conftest.c  >&5
configure:10721: $? = 0
configure:10726: result: yes
configure:10735: checking for librt
configure:10747: checking for clock_gettime in -lrt
configure:10770: /home/jee/linux/armv7/ll/buildroot/output/host/bin/arm-linux-gnueabihf-gcc -std=gnu11 -o conftest -D_LARGEFILE_SOURCE -D_LARGEFILE64_SOURCE -D_FILE_OFFSET_BITS=64  -Os -g0 -D_FORTIFY_SOURCE=1 -D_LARGEFILE_SOURCE -D_LARGEFILE64_SOURCE -D_FILE_OFFSET_BITS=64  -lm conftest.c -lrt   >&5
configure:10770: $? = 0
configure:10780: result: yes
configure:10803: checking for use of wordexp
configure:10830: result: no
configure:10834: checking for endian.h
configure:10834: /home/jee/linux/armv7/ll/buildroot/output/host/bin/arm-linux-gnueabihf-gcc -std=gnu11 -c -D_LARGEFILE_SOURCE -D_LARGEFILE64_SOURCE -D_FILE_OFFSET_BITS=64  -Os -g0 -D_FORTIFY_SOURCE=1 -D_LARGEFILE_SOURCE -D_LARGEFILE64_SOURCE -D_FILE_OFFSET_BITS=64 conftest.c >&5
configure:10834: $? = 0
configure:10834: result: yes
configure:10840: checking for sys/endian.h
configure:10840: /home/jee/linux/armv7/ll/buildroot/output/host/bin/arm-linux-gnueabihf-gcc -std=gnu11 -c -D_LARGEFILE_SOURCE -D_LARGEFILE64_SOURCE -D_FILE_OFFSET_BITS=64  -Os -g0 -D_FORTIFY_SOURCE=1 -D_LARGEFILE_SOURCE -D_LARGEFILE64_SOURCE -D_FILE_OFFSET_BITS=64 conftest.c >&5
conftest.c:87:24: fatal error: sys/endian.h: No such file or directory
 #include <sys/endian.h>
                        ^
compilation terminated.
configure:10840: $? = 1
configure: failed program was:
| /* confdefs.h */
| #define PACKAGE_NAME "alsa-lib"
| #define PACKAGE_TARNAME "alsa-lib"
| #define PACKAGE_VERSION "1.2.8"
| #define PACKAGE_STRING "alsa-lib 1.2.8"
| #define PACKAGE_BUGREPORT ""
| #define PACKAGE_URL ""
| #define PACKAGE "alsa-lib"
| #define VERSION "1.2.8"
| #define HAVE_STDIO_H 1
| #define HAVE_STDLIB_H 1
| #define HAVE_STRING_H 1
| #define HAVE_INTTYPES_H 1
| #define HAVE_STDINT_H 1
| #define HAVE_STRINGS_H 1
| #define HAVE_SYS_STAT_H 1
| #define HAVE_SYS_TYPES_H 1
| #define HAVE_UNISTD_H 1
| #define HAVE_WCHAR_H 1
| #define HAVE_SYS_TIME_H 1
| #define STDC_HEADERS 1
| #define _ALL_SOURCE 1
| #define _DARWIN_C_SOURCE 1
| #define _GNU_SOURCE 1
| #define _HPUX_ALT_XOPEN_SOCKET_API 1
| #define _NETBSD_SOURCE 1
| #define _OPENBSD_SOURCE 1
| #define _POSIX_PTHREAD_SEMANTICS 1
| #define __STDC_WANT_IEC_60559_ATTRIBS_EXT__ 1
| #define __STDC_WANT_IEC_60559_BFP_EXT__ 1
| #define __STDC_WANT_IEC_60559_DFP_EXT__ 1
| #define __STDC_WANT_IEC_60559_FUNCS_EXT__ 1
| #define __STDC_WANT_IEC_60559_TYPES_EXT__ 1
| #define __STDC_WANT_LIB_EXT2__ 1
| #define __STDC_WANT_MATH_SPEC_FUNCS__ 1
| #define _TANDEM_SOURCE 1
| #define __EXTENSIONS__ 1
| #define HAVE_DLFCN_H 1
| #define LT_OBJDIR ".libs/"
| #define TIME_WITH_SYS_TIME 1
| #define HAVE_USELOCALE 1
| #define HAVE_EACCESS 1
| #define VERSION "1.2.8"
| #define ALSA_CONFIG_DIR "/usr/share/alsa"
| #define ALSA_PLUGIN_DIR "/usr/lib/alsa-lib"
| #define ALSA_PKGCONF_DIR "/usr/lib/pkgconfig"
| #define VERSIONED_SYMBOLS /**/
| #define __SYMBOL_PREFIX ""
| #define TMPDIR "/tmp"
| #define HAVE_LFS 1
| #define HAVE_LIBDL 1
| #define HAVE_LIBPTHREAD 1
| #define HAVE_PTHREAD_MUTEX_RECURSIVE /**/
| #define HAVE___THREAD 1
| #define HAVE_LIBRT 1
| #define HAVE_CLOCK_GETTIME 1
| #define HAVE_ENDIAN_H 1
| /* end confdefs.h.  */
| #include <stddef.h>
| #ifdef HAVE_STDIO_H
| # include <stdio.h>
| #endif
| #ifdef HAVE_STDLIB_H
| # include <stdlib.h>
| #endif
| #ifdef HAVE_STRING_H
| # include <string.h>
| #endif
| #ifdef HAVE_INTTYPES_H
| # include <inttypes.h>
| #endif
| #ifdef HAVE_STDINT_H
| # include <stdint.h>
| #endif
| #ifdef HAVE_STRINGS_H
| # include <strings.h>
| #endif
| #ifdef HAVE_SYS_TYPES_H
| # include <sys/types.h>
| #endif
| #ifdef HAVE_SYS_STAT_H
| # include <sys/stat.h>
| #endif
| #ifdef HAVE_UNISTD_H
| # include <unistd.h>
| #endif
| #include <sys/endian.h>
configure:10840: result: no
configure:10846: checking for sys/shm.h
configure:10846: /home/jee/linux/armv7/ll/buildroot/output/host/bin/arm-linux-gnueabihf-gcc -std=gnu11 -c -D_LARGEFILE_SOURCE -D_LARGEFILE64_SOURCE -D_FILE_OFFSET_BITS=64  -Os -g0 -D_FORTIFY_SOURCE=1 -D_LARGEFILE_SOURCE -D_LARGEFILE64_SOURCE -D_FILE_OFFSET_BITS=64 conftest.c >&5
configure:10846: $? = 0
configure:10846: result: yes
configure:10852: checking for malloc.h
configure:10852: /home/jee/linux/armv7/ll/buildroot/output/host/bin/arm-linux-gnueabihf-gcc -std=gnu11 -c -D_LARGEFILE_SOURCE -D_LARGEFILE64_SOURCE -D_FILE_OFFSET_BITS=64  -Os -g0 -D_FORTIFY_SOURCE=1 -D_LARGEFILE_SOURCE -D_LARGEFILE64_SOURCE -D_FILE_OFFSET_BITS=64 conftest.c >&5
configure:10852: $? = 0
configure:10852: result: yes
configure:10860: checking for resmgr support
configure:10870: result: no
configure:10923: checking for aload* support
configure:10933: result: yes
configure:10941: checking for ALSA device file directory
configure:10958: result: /dev/snd/
configure:10961: checking for aload* device file directory
configure:10978: result: /dev/
configure:11281: checking whether GCC supports builtin atomic intrinsics
configure:11299: /home/jee/linux/armv7/ll/buildroot/output/host/bin/arm-linux-gnueabihf-gcc -std=gnu11 -o conftest -D_LARGEFILE_SOURCE -D_LARGEFILE64_SOURCE -D_FILE_OFFSET_BITS=64  -Os -g0 -D_FORTIFY_SOURCE=1 -D_LARGEFILE_SOURCE -D_LARGEFILE64_SOURCE -D_FILE_OFFSET_BITS=64  -lm conftest.c  >&5
configure:11299: $? = 0
configure:11308: result: yes
configure:11323: /home/jee/linux/armv7/ll/buildroot/output/host/bin/arm-linux-gnueabihf-gcc -std=gnu11 -o conftest -D_LARGEFILE_SOURCE -D_LARGEFILE64_SOURCE -D_FILE_OFFSET_BITS=64  -Os -g0 -D_FORTIFY_SOURCE=1 -D_LARGEFILE_SOURCE -D_LARGEFILE64_SOURCE -D_FILE_OFFSET_BITS=64  -lm conftest.c  >&5
conftest.c: In function 'main':
conftest.c:75:1: error: unknown register name 'mm0' in 'asm'
 __asm__ volatile ("" : : : "mm0");
 ^
configure:11323: $? = 1
configure: failed program was:
| /* confdefs.h */
| #define PACKAGE_NAME "alsa-lib"
| #define PACKAGE_TARNAME "alsa-lib"
| #define PACKAGE_VERSION "1.2.8"
| #define PACKAGE_STRING "alsa-lib 1.2.8"
| #define PACKAGE_BUGREPORT ""
| #define PACKAGE_URL ""
| #define PACKAGE "alsa-lib"
| #define VERSION "1.2.8"
| #define HAVE_STDIO_H 1
| #define HAVE_STDLIB_H 1
| #define HAVE_STRING_H 1
| #define HAVE_INTTYPES_H 1
| #define HAVE_STDINT_H 1
| #define HAVE_STRINGS_H 1
| #define HAVE_SYS_STAT_H 1
| #define HAVE_SYS_TYPES_H 1
| #define HAVE_UNISTD_H 1
| #define HAVE_WCHAR_H 1
| #define HAVE_SYS_TIME_H 1
| #define STDC_HEADERS 1
| #define _ALL_SOURCE 1
| #define _DARWIN_C_SOURCE 1
| #define _GNU_SOURCE 1
| #define _HPUX_ALT_XOPEN_SOCKET_API 1
| #define _NETBSD_SOURCE 1
| #define _OPENBSD_SOURCE 1
| #define _POSIX_PTHREAD_SEMANTICS 1
| #define __STDC_WANT_IEC_60559_ATTRIBS_EXT__ 1
| #define __STDC_WANT_IEC_60559_BFP_EXT__ 1
| #define __STDC_WANT_IEC_60559_DFP_EXT__ 1
| #define __STDC_WANT_IEC_60559_FUNCS_EXT__ 1
| #define __STDC_WANT_IEC_60559_TYPES_EXT__ 1
| #define __STDC_WANT_LIB_EXT2__ 1
| #define __STDC_WANT_MATH_SPEC_FUNCS__ 1
| #define _TANDEM_SOURCE 1
| #define __EXTENSIONS__ 1
| #define HAVE_DLFCN_H 1
| #define LT_OBJDIR ".libs/"
| #define TIME_WITH_SYS_TIME 1
| #define HAVE_USELOCALE 1
| #define HAVE_EACCESS 1
| #define VERSION "1.2.8"
| #define ALSA_CONFIG_DIR "/usr/share/alsa"
| #define ALSA_PLUGIN_DIR "/usr/lib/alsa-lib"
| #define ALSA_PKGCONF_DIR "/usr/lib/pkgconfig"
| #define VERSIONED_SYMBOLS /**/
| #define __SYMBOL_PREFIX ""
| #define TMPDIR "/tmp"
| #define HAVE_LFS 1
| #define HAVE_LIBDL 1
| #define HAVE_LIBPTHREAD 1
| #define HAVE_PTHREAD_MUTEX_RECURSIVE /**/
| #define HAVE___THREAD 1
| #define HAVE_LIBRT 1
| #define HAVE_CLOCK_GETTIME 1
| #define HAVE_ENDIAN_H 1
| #define HAVE_SYS_SHM_H 1
| #define HAVE_MALLOC_H 1
| #define SUPPORT_ALOAD "1"
| #define ALSA_DEVICE_DIRECTORY "/dev/snd/"
| #define ALOAD_DEVICE_DIRECTORY "/dev/"
| #define BUILD_MIXER "1"
| #define BUILD_PCM "1"
| #define BUILD_RAWMIDI "1"
| #define BUILD_HWDEP "1"
| #define BUILD_SEQ "1"
| #define BUILD_UCM "1"
| #define BUILD_TOPOLOGY "1"
| /* end confdefs.h.  */
| 
| int
| main (void)
| {
| __asm__ volatile ("" : : : "mm0");
|   ;
|   return 0;
| }
configure:11647: checking for default lockless dmix
configure:11664: result: no
configure:11750: checking for max number of cards
configure:11761: result: 32
configure:11774: checking for thread-safe API functions
configure:11785: result: yes
configure:11905: checking that generated files are newer than configure
configure:11911: result: done
configure:12126: creating ./config.status

## ---------------------- ##
## Running config.status. ##
## ---------------------- ##

This file was extended by alsa-lib config.status 1.2.8, which was
generated by GNU Autoconf 2.71.  Invocation command line was

  CONFIG_FILES    = 
  CONFIG_HEADERS  = 
  CONFIG_LINKS    = 
  CONFIG_COMMANDS = 
  $ ./config.status 

on jee-virtual-machine

config.status:1278: creating Makefile
config.status:1278: creating doc/Makefile
config.status:1278: creating doc/pictures/Makefile
config.status:1278: creating doc/doxygen.cfg
config.status:1278: creating include/Makefile
config.status:1278: creating include/sound/Makefile
config.status:1278: creating include/sound/uapi/Makefile
config.status:1278: creating src/Versions
config.status:1278: creating src/Makefile
config.status:1278: creating src/control/Makefile
config.status:1278: creating src/mixer/Makefile
config.status:1278: creating src/pcm/Makefile
config.status:1278: creating src/pcm/scopes/Makefile
config.status:1278: creating src/rawmidi/Makefile
config.status:1278: creating src/timer/Makefile
config.status:1278: creating src/hwdep/Makefile
config.status:1278: creating src/seq/Makefile
config.status:1278: creating src/ucm/Makefile
config.status:1278: creating src/alisp/Makefile
config.status:1278: creating src/topology/Makefile
config.status:1278: creating src/conf/Makefile
config.status:1278: creating src/conf/cards/Makefile
config.status:1278: creating src/conf/ctl/Makefile
config.status:1278: creating src/conf/pcm/Makefile
config.status:1278: creating modules/Makefile
config.status:1278: creating modules/mixer/Makefile
config.status:1278: creating modules/mixer/simple/Makefile
config.status:1278: creating alsalisp/Makefile
config.status:1278: creating aserver/Makefile
config.status:1278: creating test/Makefile
config.status:1278: creating test/lsb/Makefile
config.status:1278: creating utils/Makefile
config.status:1278: creating utils/alsa-lib.spec
config.status:1278: creating utils/alsa.pc
config.status:1278: creating utils/alsa-topology.pc
config.status:1278: creating include/config.h
config.status:1507: executing depfiles commands
config.status:1507: executing libtool commands
configure:14298: WARNING: unrecognized options: --disable-gtk-doc, --disable-gtk-doc-html, --disable-doc, --disable-docs, --disable-documentation, --with-xmlto, --with-fop, --enable-ipv6, --disable-nls

## ---------------- ##
## Cache variables. ##
## ---------------- ##

ac_cv_build=x86_64-pc-linux-gnu
ac_cv_c_bigendian=no
ac_cv_c_compiler_gnu=yes
ac_cv_c_const=yes
ac_cv_c_inline=inline
ac_cv_c_undeclared_builtin_options='none needed'
ac_cv_env_CC_set=set
ac_cv_env_CC_value=/home/jee/linux/armv7/ll/buildroot/output/host/bin/arm-linux-gnueabihf-gcc
ac_cv_env_CFLAGS_set=set
ac_cv_env_CFLAGS_value='-D_LARGEFILE_SOURCE -D_LARGEFILE64_SOURCE -D_FILE_OFFSET_BITS=64  -Os -g0 -D_FORTIFY_SOURCE=1'
ac_cv_env_CPPFLAGS_set=set
ac_cv_env_CPPFLAGS_value='-D_LARGEFILE_SOURCE -D_LARGEFILE64_SOURCE -D_FILE_OFFSET_BITS=64'
ac_cv_env_CPP_set=set
ac_cv_env_CPP_value=/home/jee/linux/armv7/ll/buildroot/output/host/bin/arm-linux-gnueabihf-cpp
ac_cv_env_LDFLAGS_set=set
ac_cv_env_LDFLAGS_value=' -lm'
ac_cv_env_LIBS_set=
ac_cv_env_LIBS_value=
ac_cv_env_LT_SYS_LIBRARY_PATH_set=
ac_cv_env_LT_SYS_LIBRARY_PATH_value=
ac_cv_env_build_alias_set=set
ac_cv_env_build_alias_value=x86_64-pc-linux-gnu
ac_cv_env_host_alias_set=set
ac_cv_env_host_alias_value=arm-buildroot-linux-gnueabihf
ac_cv_env_target_alias_set=set
ac_cv_env_target_alias_value=arm-buildroot-linux-gnueabihf
ac_cv_func_calloc_0_nonnull=yes
ac_cv_func_dlopen=no
ac_cv_func_eaccess=yes
ac_cv_func_fork=yes
ac_cv_func_malloc_0_nonnull=yes
ac_cv_func_memcmp_working=yes
ac_cv_func_mmap_fixed_mapped=yes
ac_cv_func_realloc_0_nonnull=yes
ac_cv_func_shl_load=no
ac_cv_func_uselocale=yes
ac_cv_have_decl_PTHREAD_MUTEX_RECURSIVE=yes
ac_cv_have_decl_malloc=yes
ac_cv_header_dlfcn_h=yes
ac_cv_header_endian_h=yes
ac_cv_header_inttypes_h=yes
ac_cv_header_malloc_h=yes
ac_cv_header_minix_config_h=no
ac_cv_header_stdint_h=yes
ac_cv_header_stdio_h=yes
ac_cv_header_stdlib_h=yes
ac_cv_header_string_h=yes
ac_cv_header_strings_h=yes
ac_cv_header_sys_endian_h=no
ac_cv_header_sys_shm_h=yes
ac_cv_header_sys_stat_h=yes
ac_cv_header_sys_time_h=yes
ac_cv_header_sys_types_h=yes
ac_cv_header_unistd_h=yes
ac_cv_header_wchar_h=yes
ac_cv_host=arm-buildroot-linux-gnueabihf
ac_cv_lbl_unaligned_fail=yes
ac_cv_lib_dl_dlopen=yes
ac_cv_lib_dl_dlsym=yes
ac_cv_lib_dld_shl_load=no
ac_cv_lib_pthread_pthread_join=yes
ac_cv_lib_rt_clock_gettime=yes
ac_cv_objext=o
ac_cv_path_EGREP='/usr/bin/grep -E'
ac_cv_path_FGREP='/usr/bin/grep -F'
ac_cv_path_GREP=/usr/bin/grep
ac_cv_path_SED=/usr/bin/sed
ac_cv_path_install='/usr/bin/install -c'
ac_cv_path_lt_DD=/usr/bin/dd
ac_cv_path_mkdir=/usr/bin/mkdir
ac_cv_prog_AR=/home/jee/linux/armv7/ll/buildroot/output/host/bin/arm-linux-gnueabihf-gcc-ar
ac_cv_prog_AWK=gawk
ac_cv_prog_CC=/home/jee/linux/armv7/ll/buildroot/output/host/bin/arm-linux-gnueabihf-gcc
ac_cv_prog_CPP=/home/jee/linux/armv7/ll/buildroot/output/host/bin/arm-linux-gnueabihf-cpp
ac_cv_prog_OBJDUMP=/home/jee/linux/armv7/ll/buildroot/output/host/bin/arm-linux-gnueabihf-objdump
ac_cv_prog_RANLIB=/home/jee/linux/armv7/ll/buildroot/output/host/bin/arm-linux-gnueabihf-gcc-ranlib
ac_cv_prog_STRIP=/home/jee/linux/armv7/ll/buildroot/output/host/bin/arm-linux-gnueabihf-strip
ac_cv_prog_ac_ct_MANIFEST_TOOL=mt
ac_cv_prog_cc_c11=-std=gnu11
ac_cv_prog_cc_g=yes
ac_cv_prog_cc_stdc=-std=gnu11
ac_cv_prog_gcc_traditional=no
ac_cv_prog_make_make_set=yes
ac_cv_safe_to_define___extensions__=yes
ac_cv_should_define__xopen_source=no
am_cv_CC_dependencies_compiler_type=none
am_cv_make_support_nested_variables=yes
am_cv_prog_cc_c_o=yes
cc_cv_ldflags__Wl___no_undefined=yes
cc_cv_ldflags__Wl__z_defs=yes
gl_cv_func_malloc_0_nonnull=yes
lt_cv_ar_at_file=@
lt_cv_archive_cmds_need_lc=no
lt_cv_deplibs_check_method=pass_all
lt_cv_dlopen=dlopen
lt_cv_dlopen_libs=-ldl
lt_cv_dlopen_self=cross
lt_cv_file_magic_cmd='$MAGIC_CMD'
lt_cv_file_magic_test_file=
lt_cv_ld_reload_flag=-r
lt_cv_nm_interface='BSD nm'
lt_cv_objdir=.libs
lt_cv_path_LD=/home/jee/linux/armv7/ll/buildroot/output/host/bin/arm-linux-gnueabihf-ld
lt_cv_path_NM=/home/jee/linux/armv7/ll/buildroot/output/host/bin/arm-linux-gnueabihf-gcc-nm
lt_cv_path_mainfest_tool=no
lt_cv_prog_compiler_c_o=yes
lt_cv_prog_compiler_pic='-fPIC -DPIC'
lt_cv_prog_compiler_pic_works=yes
lt_cv_prog_compiler_rtti_exceptions=no
lt_cv_prog_compiler_static_works=yes
lt_cv_prog_gnu_ld=yes
lt_cv_sharedlib_from_linklib_cmd='printf %s\n'
lt_cv_shlibpath_overrides_runpath=no
lt_cv_sys_global_symbol_pipe='sed -n -e '\''s/^.*[	 ]\([ABCDGIRSTW][ABCDGIRSTW]*\)[	 ][	 ]*\([_A-Za-z][_A-Za-z0-9]*\)$/\1 \2 \2/p'\'' | sed '\''/ __gnu_lto/d'\'''
lt_cv_sys_global_symbol_to_c_name_address='sed -n -e '\''s/^: \(.*\) .*$/  {"\1", (void *) 0},/p'\'' -e '\''s/^[ABCDGIRSTW][ABCDGIRSTW]* .* \(.*\)$/  {"\1", (void *) \&\1},/p'\'''
lt_cv_sys_global_symbol_to_c_name_address_lib_prefix='sed -n -e '\''s/^: \(.*\) .*$/  {"\1", (void *) 0},/p'\'' -e '\''s/^[ABCDGIRSTW][ABCDGIRSTW]* .* \(lib.*\)$/  {"\1", (void *) \&\1},/p'\'' -e '\''s/^[ABCDGIRSTW][ABCDGIRSTW]* .* \(.*\)$/  {"lib\1", (void *) \&\1},/p'\'''
lt_cv_sys_global_symbol_to_cdecl='sed -n -e '\''s/^T .* \(.*\)$/extern int \1();/p'\'' -e '\''s/^[ABCDGIRSTW][ABCDGIRSTW]* .* \(.*\)$/extern char \1;/p'\'''
lt_cv_sys_global_symbol_to_import=
lt_cv_sys_lib_search_path_spec=
lt_cv_sys_max_cmd_len=1572864
lt_cv_to_host_file_cmd=func_convert_file_noop
lt_cv_to_tool_file_cmd=func_convert_file_noop
lt_cv_truncate_bin='/usr/bin/dd bs=4096 count=1'

## ----------------- ##
## Output variables. ##
## ----------------- ##

ACLOCAL='${SHELL} '\''/home/jee/linux/armv7/ll/buildroot/output/build/alsa-lib-1.2.8/missing'\'' aclocal-1.16'
ALSA_CONFIG_DIR='/usr/share/alsa'
ALSA_DEPLIBS='-lm -ldl -lpthread -lrt'
ALSA_PKGCONF_DIR='/usr/lib/pkgconfig'
ALSA_PLUGIN_DIR='/usr/lib/alsa-lib'
AMDEPBACKSLASH=''
AMDEP_FALSE=''
AMDEP_TRUE='#'
AMTAR='$${TAR-tar}'
AM_BACKSLASH='\'
AM_DEFAULT_V='$(AM_DEFAULT_VERBOSITY)'
AM_DEFAULT_VERBOSITY='0'
AM_V='$(V)'
AR='/home/jee/linux/armv7/ll/buildroot/output/host/bin/arm-linux-gnueabihf-gcc-ar'
AUTOCONF='${SHELL} '\''/home/jee/linux/armv7/ll/buildroot/output/build/alsa-lib-1.2.8/missing'\'' autoconf'
AUTOHEADER='${SHELL} '\''/home/jee/linux/armv7/ll/buildroot/output/build/alsa-lib-1.2.8/missing'\'' autoheader'
AUTOMAKE='${SHELL} '\''/home/jee/linux/armv7/ll/buildroot/output/build/alsa-lib-1.2.8/missing'\'' automake-1.16'
AWK='gawk'
BUILD_ALISP_FALSE=''
BUILD_ALISP_TRUE='#'
BUILD_CTL_PLUGIN_EXT_FALSE='#'
BUILD_CTL_PLUGIN_EXT_TRUE=''
BUILD_CTL_PLUGIN_FALSE='#'
BUILD_CTL_PLUGIN_REMAP_FALSE='#'
BUILD_CTL_PLUGIN_REMAP_TRUE=''
BUILD_CTL_PLUGIN_SHM_FALSE='#'
BUILD_CTL_PLUGIN_SHM_TRUE=''
BUILD_CTL_PLUGIN_TRUE=''
BUILD_HWDEP_FALSE='#'
BUILD_HWDEP_TRUE=''
BUILD_MIXER_FALSE='#'
BUILD_MIXER_MODULES_FALSE=''
BUILD_MIXER_MODULES_TRUE='#'
BUILD_MIXER_PYMODULES_FALSE=''
BUILD_MIXER_PYMODULES_TRUE='#'
BUILD_MIXER_TRUE=''
BUILD_MODULES_FALSE='#'
BUILD_MODULES_TRUE=''
BUILD_PCM_FALSE='#'
BUILD_PCM_PLUGIN_ADPCM_FALSE='#'
BUILD_PCM_PLUGIN_ADPCM_TRUE=''
BUILD_PCM_PLUGIN_ALAW_FALSE='#'
BUILD_PCM_PLUGIN_ALAW_TRUE=''
BUILD_PCM_PLUGIN_ASYM_FALSE='#'
BUILD_PCM_PLUGIN_ASYM_TRUE=''
BUILD_PCM_PLUGIN_COPY_FALSE='#'
BUILD_PCM_PLUGIN_COPY_TRUE=''
BUILD_PCM_PLUGIN_DMIX_FALSE='#'
BUILD_PCM_PLUGIN_DMIX_TRUE=''
BUILD_PCM_PLUGIN_DSHARE_FALSE='#'
BUILD_PCM_PLUGIN_DSHARE_TRUE=''
BUILD_PCM_PLUGIN_DSNOOP_FALSE='#'
BUILD_PCM_PLUGIN_DSNOOP_TRUE=''
BUILD_PCM_PLUGIN_EMPTY_FALSE='#'
BUILD_PCM_PLUGIN_EMPTY_TRUE=''
BUILD_PCM_PLUGIN_EXTPLUG_FALSE='#'
BUILD_PCM_PLUGIN_EXTPLUG_TRUE=''
BUILD_PCM_PLUGIN_FALSE='#'
BUILD_PCM_PLUGIN_FILE_FALSE='#'
BUILD_PCM_PLUGIN_FILE_TRUE=''
BUILD_PCM_PLUGIN_HOOKS_FALSE='#'
BUILD_PCM_PLUGIN_HOOKS_TRUE=''
BUILD_PCM_PLUGIN_IEC958_FALSE='#'
BUILD_PCM_PLUGIN_IEC958_TRUE=''
BUILD_PCM_PLUGIN_IOPLUG_FALSE='#'
BUILD_PCM_PLUGIN_IOPLUG_TRUE=''
BUILD_PCM_PLUGIN_LADSPA_FALSE='#'
BUILD_PCM_PLUGIN_LADSPA_TRUE=''
BUILD_PCM_PLUGIN_LFLOAT_FALSE='#'
BUILD_PCM_PLUGIN_LFLOAT_TRUE=''
BUILD_PCM_PLUGIN_LINEAR_FALSE='#'
BUILD_PCM_PLUGIN_LINEAR_TRUE=''
BUILD_PCM_PLUGIN_METER_FALSE='#'
BUILD_PCM_PLUGIN_METER_TRUE=''
BUILD_PCM_PLUGIN_MMAP_EMUL_FALSE='#'
BUILD_PCM_PLUGIN_MMAP_EMUL_TRUE=''
BUILD_PCM_PLUGIN_MULAW_FALSE='#'
BUILD_PCM_PLUGIN_MULAW_TRUE=''
BUILD_PCM_PLUGIN_MULTI_FALSE='#'
BUILD_PCM_PLUGIN_MULTI_TRUE=''
BUILD_PCM_PLUGIN_NULL_FALSE='#'
BUILD_PCM_PLUGIN_NULL_TRUE=''
BUILD_PCM_PLUGIN_PLUG_FALSE='#'
BUILD_PCM_PLUGIN_PLUG_TRUE=''
BUILD_PCM_PLUGIN_RATE_FALSE='#'
BUILD_PCM_PLUGIN_RATE_TRUE=''
BUILD_PCM_PLUGIN_ROUTE_FALSE='#'
BUILD_PCM_PLUGIN_ROUTE_TRUE=''
BUILD_PCM_PLUGIN_SHARE_FALSE='#'
BUILD_PCM_PLUGIN_SHARE_TRUE=''
BUILD_PCM_PLUGIN_SHM_FALSE='#'
BUILD_PCM_PLUGIN_SHM_TRUE=''
BUILD_PCM_PLUGIN_SOFTVOL_FALSE='#'
BUILD_PCM_PLUGIN_SOFTVOL_TRUE=''
BUILD_PCM_PLUGIN_TRUE=''
BUILD_PCM_TRUE=''
BUILD_RAWMIDI_FALSE='#'
BUILD_RAWMIDI_TRUE=''
BUILD_SEQ_FALSE='#'
BUILD_SEQ_TRUE=''
BUILD_TOPOLOGY_FALSE='#'
BUILD_TOPOLOGY_TRUE=''
BUILD_UCM_FALSE='#'
BUILD_UCM_TRUE=''
CC='/home/jee/linux/armv7/ll/buildroot/output/host/bin/arm-linux-gnueabihf-gcc -std=gnu11'
CCDEPMODE='depmode=none'
CFLAGS='-D_LARGEFILE_SOURCE -D_LARGEFILE64_SOURCE -D_FILE_OFFSET_BITS=64  -Os -g0 -D_FORTIFY_SOURCE=1'
CPP='/home/jee/linux/armv7/ll/buildroot/output/host/bin/arm-linux-gnueabihf-cpp'
CPPFLAGS='-D_LARGEFILE_SOURCE -D_LARGEFILE64_SOURCE -D_FILE_OFFSET_BITS=64'
CSCOPE='cscope'
CTAGS='ctags'
CYGPATH_W='echo'
DEFS='-DHAVE_CONFIG_H'
DEPDIR='.deps'
DLLTOOL='false'
DSYMUTIL=''
DUMPBIN=''
ECHO_C=''
ECHO_N='-n'
ECHO_T=''
EGREP='/usr/bin/grep -E'
ETAGS='etags'
EXEEXT=''
FGREP='/usr/bin/grep -F'
GREP='/usr/bin/grep'
INSTALL_DATA='${INSTALL} -m 644'
INSTALL_M4_FALSE='#'
INSTALL_M4_TRUE=''
INSTALL_PROGRAM='${INSTALL}'
INSTALL_SCRIPT='${INSTALL}'
INSTALL_STRIP_PROGRAM='$(install_sh) -c -s'
KEEP_OLD_SYMBOLS_FALSE='#'
KEEP_OLD_SYMBOLS_TRUE=''
LD='/home/jee/linux/armv7/ll/buildroot/output/host/bin/arm-linux-gnueabihf-ld'
LDFLAGS=' -lm'
LDFLAGS_NOUNDEFINED='-Wl,-z,defs'
LIBOBJS=''
LIBS=''
LIBTOOL='$(SHELL) $(top_builddir)/libtool'
LIBTOOL_VERSION_INFO='2:0:0'
LIPO=''
LN_S='ln -s'
LTLIBOBJS=''
LT_SYS_LIBRARY_PATH=''
MAINT=''
MAINTAINER_MODE_FALSE='#'
MAINTAINER_MODE_TRUE=''
MAKEINFO='${SHELL} '\''/home/jee/linux/armv7/ll/buildroot/output/build/alsa-lib-1.2.8/missing'\'' makeinfo'
MANIFEST_TOOL=':'
MKDIR_P='/usr/bin/mkdir -p'
NM='/home/jee/linux/armv7/ll/buildroot/output/host/bin/arm-linux-gnueabihf-gcc-nm'
NMEDIT=''
OBJDUMP='/home/jee/linux/armv7/ll/buildroot/output/host/bin/arm-linux-gnueabihf-objdump'
OBJEXT='o'
OTOOL64=''
OTOOL=''
PACKAGE='alsa-lib'
PACKAGE_BUGREPORT=''
PACKAGE_NAME='alsa-lib'
PACKAGE_STRING='alsa-lib 1.2.8'
PACKAGE_TARNAME='alsa-lib'
PACKAGE_URL=''
PACKAGE_VERSION='1.2.8'
PATH_SEPARATOR=':'
PYTHON_INCLUDES=''
PYTHON_LIBS=''
RANLIB='/home/jee/linux/armv7/ll/buildroot/output/host/bin/arm-linux-gnueabihf-gcc-ranlib'
SED='/usr/bin/sed'
SET_MAKE=''
SHELL='/bin/bash'
SND_LIB_EXTRAVER='1000000'
SND_LIB_MAJOR='1'
SND_LIB_MINOR='2'
SND_LIB_SUBMINOR='8'
SND_LIB_VERSION='1.2.8'
STRIP='/home/jee/linux/armv7/ll/buildroot/output/host/bin/arm-linux-gnueabihf-strip'
SYMBOLIC_FUNCTIONS_FALSE=''
SYMBOLIC_FUNCTIONS_TRUE='#'
SYMBOL_PREFIX=''
VERSION='1.2.8'
VERSIONED_SYMBOLS_FALSE='#'
VERSIONED_SYMBOLS_TRUE=''
ac_ct_AR=''
ac_ct_CC=''
ac_ct_DUMPBIN=''
am__EXEEXT_FALSE=''
am__EXEEXT_TRUE='#'
am__fastdepCC_FALSE=''
am__fastdepCC_TRUE='#'
am__include='include'
am__isrc=''
am__leading_dot='.'
am__nodep=''
am__quote=''
am__tar='$${TAR-tar} chof - "$$tardir"'
am__untar='$${TAR-tar} xf -'
bindir='${exec_prefix}/bin'
build='x86_64-pc-linux-gnu'
build_alias='x86_64-pc-linux-gnu'
build_cpu='x86_64'
build_os='linux-gnu'
build_vendor='pc'
datadir='${datarootdir}'
datarootdir='${prefix}/share'
docdir='${datarootdir}/doc/${PACKAGE_TARNAME}'
dvidir='${docdir}'
exec_prefix='/usr'
host='arm-buildroot-linux-gnueabihf'
host_alias='arm-buildroot-linux-gnueabihf'
host_cpu='arm'
host_os='linux-gnueabihf'
host_vendor='buildroot'
htmldir='${docdir}'
includedir='${prefix}/include'
infodir='${datarootdir}/info'
install_sh='${SHELL} /home/jee/linux/armv7/ll/buildroot/output/build/alsa-lib-1.2.8/install-sh'
libdir='${exec_prefix}/lib'
libexecdir='${exec_prefix}/libexec'
localedir='${datarootdir}/locale'
localstatedir='/var'
mandir='${datarootdir}/man'
mkdir_p='$(MKDIR_P)'
oldincludedir='/usr/include'
pdfdir='${docdir}'
prefix='/usr'
program_transform_name='s&^&&'
psdir='${docdir}'
runstatedir='${localstatedir}/run'
sbindir='${exec_prefix}/sbin'
sharedstatedir='${prefix}/com'
sysconfdir='/etc'
target_alias='arm-buildroot-linux-gnueabihf'

## ----------- ##
## confdefs.h. ##
## ----------- ##

/* confdefs.h */
#define PACKAGE_NAME "alsa-lib"
#define PACKAGE_TARNAME "alsa-lib"
#define PACKAGE_VERSION "1.2.8"
#define PACKAGE_STRING "alsa-lib 1.2.8"
#define PACKAGE_BUGREPORT ""
#define PACKAGE_URL ""
#define PACKAGE "alsa-lib"
#define VERSION "1.2.8"
#define HAVE_STDIO_H 1
#define HAVE_STDLIB_H 1
#define HAVE_STRING_H 1
#define HAVE_INTTYPES_H 1
#define HAVE_STDINT_H 1
#define HAVE_STRINGS_H 1
#define HAVE_SYS_STAT_H 1
#define HAVE_SYS_TYPES_H 1
#define HAVE_UNISTD_H 1
#define HAVE_WCHAR_H 1
#define HAVE_SYS_TIME_H 1
#define STDC_HEADERS 1
#define _ALL_SOURCE 1
#define _DARWIN_C_SOURCE 1
#define _GNU_SOURCE 1
#define _HPUX_ALT_XOPEN_SOCKET_API 1
#define _NETBSD_SOURCE 1
#define _OPENBSD_SOURCE 1
#define _POSIX_PTHREAD_SEMANTICS 1
#define __STDC_WANT_IEC_60559_ATTRIBS_EXT__ 1
#define __STDC_WANT_IEC_60559_BFP_EXT__ 1
#define __STDC_WANT_IEC_60559_DFP_EXT__ 1
#define __STDC_WANT_IEC_60559_FUNCS_EXT__ 1
#define __STDC_WANT_IEC_60559_TYPES_EXT__ 1
#define __STDC_WANT_LIB_EXT2__ 1
#define __STDC_WANT_MATH_SPEC_FUNCS__ 1
#define _TANDEM_SOURCE 1
#define __EXTENSIONS__ 1
#define HAVE_DLFCN_H 1
#define LT_OBJDIR ".libs/"
#define TIME_WITH_SYS_TIME 1
#define HAVE_USELOCALE 1
#define HAVE_EACCESS 1
#define VERSION "1.2.8"
#define ALSA_CONFIG_DIR "/usr/share/alsa"
#define ALSA_PLUGIN_DIR "/usr/lib/alsa-lib"
#define ALSA_PKGCONF_DIR "/usr/lib/pkgconfig"
#define VERSIONED_SYMBOLS /**/
#define __SYMBOL_PREFIX ""
#define TMPDIR "/tmp"
#define HAVE_LFS 1
#define HAVE_LIBDL 1
#define HAVE_LIBPTHREAD 1
#define HAVE_PTHREAD_MUTEX_RECURSIVE /**/
#define HAVE___THREAD 1
#define HAVE_LIBRT 1
#define HAVE_CLOCK_GETTIME 1
#define HAVE_ENDIAN_H 1
#define HAVE_SYS_SHM_H 1
#define HAVE_MALLOC_H 1
#define SUPPORT_ALOAD "1"
#define ALSA_DEVICE_DIRECTORY "/dev/snd/"
#define ALOAD_DEVICE_DIRECTORY "/dev/"
#define BUILD_MIXER "1"
#define BUILD_PCM "1"
#define BUILD_RAWMIDI "1"
#define BUILD_HWDEP "1"
#define BUILD_SEQ "1"
#define BUILD_UCM "1"
#define BUILD_TOPOLOGY "1"
#define BUILD_PCM_PLUGIN_RATE "1"
#define BUILD_PCM_PLUGIN_ROUTE "1"
#define BUILD_PCM_PLUGIN_LFLOAT "1"
#define BUILD_PCM_PLUGIN_ADPCM "1"
#define BUILD_PCM_PLUGIN_MULAW "1"
#define BUILD_PCM_PLUGIN_ALAW "1"
#define BUILD_PCM_PLUGIN_MMAP_EMUL "1"
#define SND_MAX_CARDS 32
#define THREAD_SAFE_API "1"

configure: exit 0
