This file contains any messages produced by compilers while
running configure, to aid debugging if configure makes a mistake.

It was created by pkgconf configure 1.6.3, which was
generated by GNU Autoconf 2.69.  Invocation command line was

  $ ./configure --prefix=/home/jee/linux/armv7/ll/buildroot/output/host --sysconfdir=/home/jee/linux/armv7/ll/buildroot/output/host/etc --localstatedir=/home/jee/linux/armv7/ll/buildroot/output/host/var --enable-shared --disable-static --disable-gtk-doc --disable-gtk-doc-html --disable-doc --disable-docs --disable-documentation --disable-debug --with-xmlto=no --with-fop=no --disable-nls --disable-dependency-tracking

## --------- ##
## Platform. ##
## --------- ##

hostname = jee-virtual-machine
uname -m = x86_64
uname -r = 5.15.0-86-generic
uname -s = Linux
uname -v = #96~20.04.1-Ubuntu SMP Thu Sep 21 13:23:37 UTC 2023

/usr/bin/uname -p = x86_64
/bin/uname -X     = unknown

/bin/arch              = x86_64
/usr/bin/arch -k       = unknown
/usr/convex/getsysinfo = unknown
/usr/bin/hostinfo      = unknown
/bin/machine           = unknown
/usr/bin/oslevel       = unknown
/bin/universe          = unknown

PATH: /home/jee/linux/armv7/ll/buildroot/output/host/bin
PATH: /home/jee/linux/armv7/ll/buildroot/output/host/sbin
PATH: /usr/local/sbin
PATH: /usr/local/bin
PATH: /usr/sbin
PATH: /usr/bin
PATH: /sbin
PATH: /bin
PATH: /snap/bin


## ----------- ##
## Core tests. ##
## ----------- ##

configure:2321: checking for gcc
configure:2348: result: /usr/bin/gcc
configure:2577: checking for C compiler version
configure:2586: /usr/bin/gcc --version >&5
gcc (Ubuntu 9.4.0-1ubuntu1~20.04.2) 9.4.0
Copyright (C) 2019 Free Software Foundation, Inc.
This is free software; see the source for copying conditions.  There is NO
warranty; not even for MERCHANTABILITY or FITNESS FOR A PARTICULAR PURPOSE.

configure:2597: $? = 0
configure:2586: /usr/bin/gcc -v >&5
Using built-in specs.
COLLECT_GCC=/usr/bin/gcc
COLLECT_LTO_WRAPPER=/usr/lib/gcc/x86_64-linux-gnu/9/lto-wrapper
OFFLOAD_TARGET_NAMES=nvptx-none:hsa
OFFLOAD_TARGET_DEFAULT=1
Target: x86_64-linux-gnu
Configured with: ../src/configure -v --with-pkgversion='Ubuntu 9.4.0-1ubuntu1~20.04.2' --with-bugurl=file:///usr/share/doc/gcc-9/README.Bugs --enable-languages=c,ada,c++,go,brig,d,fortran,objc,obj-c++,gm2 --prefix=/usr --with-gcc-major-version-only --program-suffix=-9 --program-prefix=x86_64-linux-gnu- --enable-shared --enable-linker-build-id --libexecdir=/usr/lib --without-included-gettext --enable-threads=posix --libdir=/usr/lib --enable-nls --enable-clocale=gnu --enable-libstdcxx-debug --enable-libstdcxx-time=yes --with-default-libstdcxx-abi=new --enable-gnu-unique-object --disable-vtable-verify --enable-plugin --enable-default-pie --with-system-zlib --with-target-system-zlib=auto --enable-objc-gc=auto --enable-multiarch --disable-werror --with-arch-32=i686 --with-abi=m64 --with-multilib-list=m32,m64,mx32 --enable-multilib --with-tune=generic --enable-offload-targets=nvptx-none=/build/gcc-9-9QDOt0/gcc-9-9.4.0/debian/tmp-nvptx/usr,hsa --without-cuda-driver --enable-checking=release --build=x86_64-linux-gnu --host=x86_64-linux-gnu --target=x86_64-linux-gnu
Thread model: posix
gcc version 9.4.0 (Ubuntu 9.4.0-1ubuntu1~20.04.2) 
configure:2597: $? = 0
configure:2586: /usr/bin/gcc -V >&5
gcc: error: unrecognized command line option '-V'
gcc: fatal error: no input files
compilation terminated.
configure:2597: $? = 1
configure:2586: /usr/bin/gcc -qversion >&5
gcc: error: unrecognized command line option '-qversion'; did you mean '--version'?
gcc: fatal error: no input files
compilation terminated.
configure:2597: $? = 1
configure:2617: checking whether the C compiler works
configure:2639: /usr/bin/gcc -O2 -I/home/jee/linux/armv7/ll/buildroot/output/host/include -I/home/jee/linux/armv7/ll/buildroot/output/host/include -L/home/jee/linux/armv7/ll/buildroot/output/host/lib -Wl,-rpath,/home/jee/linux/armv7/ll/buildroot/output/host/lib conftest.c  >&5
configure:2643: $? = 0
configure:2691: result: yes
configure:2694: checking for C compiler default output file name
configure:2696: result: a.out
configure:2702: checking for suffix of executables
configure:2709: /usr/bin/gcc -o conftest -O2 -I/home/jee/linux/armv7/ll/buildroot/output/host/include -I/home/jee/linux/armv7/ll/buildroot/output/host/include -L/home/jee/linux/armv7/ll/buildroot/output/host/lib -Wl,-rpath,/home/jee/linux/armv7/ll/buildroot/output/host/lib conftest.c  >&5
configure:2713: $? = 0
configure:2735: result: 
configure:2757: checking whether we are cross compiling
configure:2765: /usr/bin/gcc -o conftest -O2 -I/home/jee/linux/armv7/ll/buildroot/output/host/include -I/home/jee/linux/armv7/ll/buildroot/output/host/include -L/home/jee/linux/armv7/ll/buildroot/output/host/lib -Wl,-rpath,/home/jee/linux/armv7/ll/buildroot/output/host/lib conftest.c  >&5
configure:2769: $? = 0
configure:2776: ./conftest
configure:2780: $? = 0
configure:2768: result: no
configure:2773: checking for suffix of object files
configure:2795: /usr/bin/gcc -c -O2 -I/home/jee/linux/armv7/ll/buildroot/output/host/include -I/home/jee/linux/armv7/ll/buildroot/output/host/include conftest.c >&5
configure:2799: $? = 0
configure:2820: result: o
configure:2824: checking whether we are using the GNU C compiler
configure:2843: /usr/bin/gcc -c -O2 -I/home/jee/linux/armv7/ll/buildroot/output/host/include -I/home/jee/linux/armv7/ll/buildroot/output/host/include conftest.c >&5
configure:2843: $? = 0
configure:2852: result: yes
configure:2861: checking whether /usr/bin/gcc accepts -g
configure:2881: /usr/bin/gcc -c -g -I/home/jee/linux/armv7/ll/buildroot/output/host/include conftest.c >&5
configure:2881: $? = 0
configure:2922: result: yes
configure:2939: checking for /usr/bin/gcc option to accept ISO C89
configure:3002: /usr/bin/gcc  -c -O2 -I/home/jee/linux/armv7/ll/buildroot/output/host/include -I/home/jee/linux/armv7/ll/buildroot/output/host/include conftest.c >&5
configure:3002: $? = 0
configure:3015: result: none needed
configure:3040: checking whether /usr/bin/gcc understands -c and -o together
configure:3062: /usr/bin/gcc -c conftest.c -o conftest2.o
configure:3065: $? = 0
configure:3062: /usr/bin/gcc -c conftest.c -o conftest2.o
configure:3065: $? = 0
configure:3077: result: yes
configure:3095: checking whether C compiler accepts -Wall
configure:3114: /usr/bin/gcc -c -O2 -I/home/jee/linux/armv7/ll/buildroot/output/host/include  -Wall -I/home/jee/linux/armv7/ll/buildroot/output/host/include conftest.c >&5
configure:3114: $? = 0
configure:3122: result: yes
configure:3130: checking whether C compiler accepts -Wextra
configure:3149: /usr/bin/gcc -c -O2 -I/home/jee/linux/armv7/ll/buildroot/output/host/include -Wall  -Wextra -I/home/jee/linux/armv7/ll/buildroot/output/host/include conftest.c >&5
configure:3149: $? = 0
configure:3157: result: yes
configure:3165: checking whether C compiler accepts -Wformat=2
configure:3184: /usr/bin/gcc -c -O2 -I/home/jee/linux/armv7/ll/buildroot/output/host/include -Wall -Wextra  -Wformat=2 -I/home/jee/linux/armv7/ll/buildroot/output/host/include conftest.c >&5
configure:3184: $? = 0
configure:3192: result: yes
configure:3200: checking whether C compiler accepts -std=gnu99
configure:3219: /usr/bin/gcc -c -O2 -I/home/jee/linux/armv7/ll/buildroot/output/host/include -Wall -Wextra -Wformat=2  -std=gnu99 -I/home/jee/linux/armv7/ll/buildroot/output/host/include conftest.c >&5
configure:3219: $? = 0
configure:3227: result: yes
configure:3276: checking for strlcpy
configure:3276: /usr/bin/gcc -o conftest -O2 -I/home/jee/linux/armv7/ll/buildroot/output/host/include -Wall -Wextra -Wformat=2 -std=gnu99 -I/home/jee/linux/armv7/ll/buildroot/output/host/include -L/home/jee/linux/armv7/ll/buildroot/output/host/lib -Wl,-rpath,/home/jee/linux/armv7/ll/buildroot/output/host/lib conftest.c  >&5
/usr/bin/ld: /tmp/ccNwJYez.o: in function `main':
conftest.c:(.text.startup+0xb): undefined reference to `strlcpy'
collect2: error: ld returned 1 exit status
configure:3276: $? = 1
configure: failed program was:
| /* confdefs.h */
| #define PACKAGE_NAME "pkgconf"
| #define PACKAGE_TARNAME "pkgconf"
| #define PACKAGE_VERSION "1.6.3"
| #define PACKAGE_STRING "pkgconf 1.6.3"
| #define PACKAGE_BUGREPORT "https://todo.sr.ht/~kaniini/pkgconf"
| #define PACKAGE_URL ""
| /* end confdefs.h.  */
| /* Define strlcpy to an innocuous variant, in case <limits.h> declares strlcpy.
|    For example, HP-UX 11i <limits.h> declares gettimeofday.  */
| #define strlcpy innocuous_strlcpy
| 
| /* System header to define __stub macros and hopefully few prototypes,
|     which can conflict with char strlcpy (); below.
|     Prefer <limits.h> to <assert.h> if __STDC__ is defined, since
|     <limits.h> exists even on freestanding compilers.  */
| 
| #ifdef __STDC__
| # include <limits.h>
| #else
| # include <assert.h>
| #endif
| 
| #undef strlcpy
| 
| /* Override any GCC internal prototype to avoid an error.
|    Use char because int might match the return type of a GCC
|    builtin and then its argument prototype would still apply.  */
| #ifdef __cplusplus
| extern "C"
| #endif
| char strlcpy ();
| /* The GNU C library defines this for functions which it implements
|     to always fail with ENOSYS.  Some functions are actually named
|     something starting with __ and the normal name is an alias.  */
| #if defined __stub_strlcpy || defined __stub___strlcpy
| choke me
| #endif
| 
| int
| main ()
| {
| return strlcpy ();
|   ;
|   return 0;
| }
configure:3276: result: no
configure:3276: checking for strlcat
configure:3276: /usr/bin/gcc -o conftest -O2 -I/home/jee/linux/armv7/ll/buildroot/output/host/include -Wall -Wextra -Wformat=2 -std=gnu99 -I/home/jee/linux/armv7/ll/buildroot/output/host/include -L/home/jee/linux/armv7/ll/buildroot/output/host/lib -Wl,-rpath,/home/jee/linux/armv7/ll/buildroot/output/host/lib conftest.c  >&5
/usr/bin/ld: /tmp/ccvItWSV.o: in function `main':
conftest.c:(.text.startup+0xb): undefined reference to `strlcat'
collect2: error: ld returned 1 exit status
configure:3276: $? = 1
configure: failed program was:
| /* confdefs.h */
| #define PACKAGE_NAME "pkgconf"
| #define PACKAGE_TARNAME "pkgconf"
| #define PACKAGE_VERSION "1.6.3"
| #define PACKAGE_STRING "pkgconf 1.6.3"
| #define PACKAGE_BUGREPORT "https://todo.sr.ht/~kaniini/pkgconf"
| #define PACKAGE_URL ""
| /* end confdefs.h.  */
| /* Define strlcat to an innocuous variant, in case <limits.h> declares strlcat.
|    For example, HP-UX 11i <limits.h> declares gettimeofday.  */
| #define strlcat innocuous_strlcat
| 
| /* System header to define __stub macros and hopefully few prototypes,
|     which can conflict with char strlcat (); below.
|     Prefer <limits.h> to <assert.h> if __STDC__ is defined, since
|     <limits.h> exists even on freestanding compilers.  */
| 
| #ifdef __STDC__
| # include <limits.h>
| #else
| # include <assert.h>
| #endif
| 
| #undef strlcat
| 
| /* Override any GCC internal prototype to avoid an error.
|    Use char because int might match the return type of a GCC
|    builtin and then its argument prototype would still apply.  */
| #ifdef __cplusplus
| extern "C"
| #endif
| char strlcat ();
| /* The GNU C library defines this for functions which it implements
|     to always fail with ENOSYS.  Some functions are actually named
|     something starting with __ and the normal name is an alias.  */
| #if defined __stub_strlcat || defined __stub___strlcat
| choke me
| #endif
| 
| int
| main ()
| {
| return strlcat ();
|   ;
|   return 0;
| }
configure:3276: result: no
configure:3276: checking for strndup
configure:3276: /usr/bin/gcc -o conftest -O2 -I/home/jee/linux/armv7/ll/buildroot/output/host/include -Wall -Wextra -Wformat=2 -std=gnu99 -I/home/jee/linux/armv7/ll/buildroot/output/host/include -L/home/jee/linux/armv7/ll/buildroot/output/host/lib -Wl,-rpath,/home/jee/linux/armv7/ll/buildroot/output/host/lib conftest.c  >&5
conftest.c:32:6: warning: conflicting types for built-in function 'strndup'; expected 'char *(const char *, long unsigned int)' [-Wbuiltin-declaration-mismatch]
   32 | char strndup ();
      |      ^~~~~~~
configure:3276: $? = 0
configure:3276: result: yes
configure:3276: checking for cygwin_conv_path
configure:3276: /usr/bin/gcc -o conftest -O2 -I/home/jee/linux/armv7/ll/buildroot/output/host/include -Wall -Wextra -Wformat=2 -std=gnu99 -I/home/jee/linux/armv7/ll/buildroot/output/host/include -L/home/jee/linux/armv7/ll/buildroot/output/host/lib -Wl,-rpath,/home/jee/linux/armv7/ll/buildroot/output/host/lib conftest.c  >&5
/usr/bin/ld: /tmp/ccS6Y0LW.o: in function `main':
conftest.c:(.text.startup+0xb): undefined reference to `cygwin_conv_path'
collect2: error: ld returned 1 exit status
configure:3276: $? = 1
configure: failed program was:
| /* confdefs.h */
| #define PACKAGE_NAME "pkgconf"
| #define PACKAGE_TARNAME "pkgconf"
| #define PACKAGE_VERSION "1.6.3"
| #define PACKAGE_STRING "pkgconf 1.6.3"
| #define PACKAGE_BUGREPORT "https://todo.sr.ht/~kaniini/pkgconf"
| #define PACKAGE_URL ""
| #define HAVE_STRNDUP 1
| /* end confdefs.h.  */
| /* Define cygwin_conv_path to an innocuous variant, in case <limits.h> declares cygwin_conv_path.
|    For example, HP-UX 11i <limits.h> declares gettimeofday.  */
| #define cygwin_conv_path innocuous_cygwin_conv_path
| 
| /* System header to define __stub macros and hopefully few prototypes,
|     which can conflict with char cygwin_conv_path (); below.
|     Prefer <limits.h> to <assert.h> if __STDC__ is defined, since
|     <limits.h> exists even on freestanding compilers.  */
| 
| #ifdef __STDC__
| # include <limits.h>
| #else
| # include <assert.h>
| #endif
| 
| #undef cygwin_conv_path
| 
| /* Override any GCC internal prototype to avoid an error.
|    Use char because int might match the return type of a GCC
|    builtin and then its argument prototype would still apply.  */
| #ifdef __cplusplus
| extern "C"
| #endif
| char cygwin_conv_path ();
| /* The GNU C library defines this for functions which it implements
|     to always fail with ENOSYS.  Some functions are actually named
|     something starting with __ and the normal name is an alias.  */
| #if defined __stub_cygwin_conv_path || defined __stub___cygwin_conv_path
| choke me
| #endif
| 
| int
| main ()
| {
| return cygwin_conv_path ();
|   ;
|   return 0;
| }
configure:3276: result: no
configure:3290: checking how to run the C preprocessor
configure:3360: result: /usr/bin/cpp
configure:3380: /usr/bin/cpp -I/home/jee/linux/armv7/ll/buildroot/output/host/include conftest.c
configure:3380: $? = 0
configure:3394: /usr/bin/cpp -I/home/jee/linux/armv7/ll/buildroot/output/host/include conftest.c
conftest.c:10:10: fatal error: ac_nonexistent.h: No such file or directory
   10 | #include <ac_nonexistent.h>
      |          ^~~~~~~~~~~~~~~~~~
compilation terminated.
configure:3394: $? = 1
configure: failed program was:
| /* confdefs.h */
| #define PACKAGE_NAME "pkgconf"
| #define PACKAGE_TARNAME "pkgconf"
| #define PACKAGE_VERSION "1.6.3"
| #define PACKAGE_STRING "pkgconf 1.6.3"
| #define PACKAGE_BUGREPORT "https://todo.sr.ht/~kaniini/pkgconf"
| #define PACKAGE_URL ""
| #define HAVE_STRNDUP 1
| /* end confdefs.h.  */
| #include <ac_nonexistent.h>
configure:3423: checking for grep that handles long lines and -e
configure:3481: result: /usr/bin/grep
configure:3486: checking for egrep
configure:3548: result: /usr/bin/grep -E
configure:3553: checking for ANSI C header files
configure:3573: /usr/bin/gcc -c -O2 -I/home/jee/linux/armv7/ll/buildroot/output/host/include -Wall -Wextra -Wformat=2 -std=gnu99 -I/home/jee/linux/armv7/ll/buildroot/output/host/include conftest.c >&5
configure:3573: $? = 0
configure:3646: /usr/bin/gcc -o conftest -O2 -I/home/jee/linux/armv7/ll/buildroot/output/host/include -Wall -Wextra -Wformat=2 -std=gnu99 -I/home/jee/linux/armv7/ll/buildroot/output/host/include -L/home/jee/linux/armv7/ll/buildroot/output/host/lib -Wl,-rpath,/home/jee/linux/armv7/ll/buildroot/output/host/lib conftest.c  >&5
configure:3646: $? = 0
configure:3646: ./conftest
configure:3646: $? = 0
configure:3657: result: yes
configure:3670: checking for sys/types.h
configure:3670: /usr/bin/gcc -c -O2 -I/home/jee/linux/armv7/ll/buildroot/output/host/include -Wall -Wextra -Wformat=2 -std=gnu99 -I/home/jee/linux/armv7/ll/buildroot/output/host/include conftest.c >&5
configure:3670: $? = 0
configure:3670: result: yes
configure:3670: checking for sys/stat.h
configure:3670: /usr/bin/gcc -c -O2 -I/home/jee/linux/armv7/ll/buildroot/output/host/include -Wall -Wextra -Wformat=2 -std=gnu99 -I/home/jee/linux/armv7/ll/buildroot/output/host/include conftest.c >&5
configure:3670: $? = 0
configure:3670: result: yes
configure:3670: checking for stdlib.h
configure:3670: /usr/bin/gcc -c -O2 -I/home/jee/linux/armv7/ll/buildroot/output/host/include -Wall -Wextra -Wformat=2 -std=gnu99 -I/home/jee/linux/armv7/ll/buildroot/output/host/include conftest.c >&5
configure:3670: $? = 0
configure:3670: result: yes
configure:3670: checking for string.h
configure:3670: /usr/bin/gcc -c -O2 -I/home/jee/linux/armv7/ll/buildroot/output/host/include -Wall -Wextra -Wformat=2 -std=gnu99 -I/home/jee/linux/armv7/ll/buildroot/output/host/include conftest.c >&5
configure:3670: $? = 0
configure:3670: result: yes
configure:3670: checking for memory.h
configure:3670: /usr/bin/gcc -c -O2 -I/home/jee/linux/armv7/ll/buildroot/output/host/include -Wall -Wextra -Wformat=2 -std=gnu99 -I/home/jee/linux/armv7/ll/buildroot/output/host/include conftest.c >&5
configure:3670: $? = 0
configure:3670: result: yes
configure:3670: checking for strings.h
configure:3670: /usr/bin/gcc -c -O2 -I/home/jee/linux/armv7/ll/buildroot/output/host/include -Wall -Wextra -Wformat=2 -std=gnu99 -I/home/jee/linux/armv7/ll/buildroot/output/host/include conftest.c >&5
configure:3670: $? = 0
configure:3670: result: yes
configure:3670: checking for inttypes.h
configure:3670: /usr/bin/gcc -c -O2 -I/home/jee/linux/armv7/ll/buildroot/output/host/include -Wall -Wextra -Wformat=2 -std=gnu99 -I/home/jee/linux/armv7/ll/buildroot/output/host/include conftest.c >&5
configure:3670: $? = 0
configure:3670: result: yes
configure:3670: checking for stdint.h
configure:3670: /usr/bin/gcc -c -O2 -I/home/jee/linux/armv7/ll/buildroot/output/host/include -Wall -Wextra -Wformat=2 -std=gnu99 -I/home/jee/linux/armv7/ll/buildroot/output/host/include conftest.c >&5
configure:3670: $? = 0
configure:3670: result: yes
configure:3670: checking for unistd.h
configure:3670: /usr/bin/gcc -c -O2 -I/home/jee/linux/armv7/ll/buildroot/output/host/include -Wall -Wextra -Wformat=2 -std=gnu99 -I/home/jee/linux/armv7/ll/buildroot/output/host/include conftest.c >&5
configure:3670: $? = 0
configure:3670: result: yes
configure:3684: checking for sys/stat.h
configure:3684: result: yes
configure:3710: checking for a BSD-compatible install
configure:3778: result: /usr/bin/install -c
configure:3789: checking whether build environment is sane
configure:3844: result: yes
configure:3990: checking for a thread-safe mkdir -p
configure:4029: result: /usr/bin/mkdir -p
configure:4036: checking for gawk
configure:4052: found /usr/bin/gawk
configure:4063: result: gawk
configure:4074: checking whether make sets $(MAKE)
configure:4096: result: yes
configure:4126: checking for style of include used by make
configure:4154: result: GNU
configure:4188: checking whether make supports nested variables
configure:4205: result: yes
configure:4290: checking dependency style of /usr/bin/gcc
configure:4401: result: none
configure:4470: checking whether make supports nested variables
configure:4487: result: yes
configure:4527: checking build system type
configure:4541: result: x86_64-pc-linux-gnu
configure:4561: checking host system type
configure:4574: result: x86_64-pc-linux-gnu
configure:4615: checking how to print strings
configure:4642: result: printf
configure:4663: checking for a sed that does not truncate output
configure:4727: result: /usr/bin/sed
configure:4745: checking for fgrep
configure:4807: result: /usr/bin/grep -F
configure:4842: checking for ld used by /usr/bin/gcc
configure:4909: result: /usr/bin/ld
configure:4916: checking if the linker (/usr/bin/ld) is GNU ld
configure:4931: result: yes
configure:4943: checking for BSD- or MS-compatible name lister (nm)
configure:4997: result: /usr/bin/nm
configure:5127: checking the name lister (/usr/bin/nm) interface
configure:5134: /usr/bin/gcc -c -O2 -I/home/jee/linux/armv7/ll/buildroot/output/host/include -Wall -Wextra -Wformat=2 -std=gnu99 -I/home/jee/linux/armv7/ll/buildroot/output/host/include conftest.c >&5
configure:5137: /usr/bin/nm "conftest.o"
configure:5140: output
0000000000000000 B some_variable
configure:5141: result: BSD nm
configure:5144: checking whether ln -s works
configure:5148: result: yes
configure:5156: checking the maximum length of command line arguments
configure:5287: result: 1572864
configure:5335: checking how to convert x86_64-pc-linux-gnu file names to x86_64-pc-linux-gnu format
configure:5375: result: func_convert_file_noop
configure:5382: checking how to convert x86_64-pc-linux-gnu file names to toolchain format
configure:5402: result: func_convert_file_noop
configure:5409: checking for /usr/bin/ld option to reload object files
configure:5416: result: -r
configure:5490: checking for objdump
configure:5506: found /usr/bin/objdump
configure:5517: result: objdump
configure:5549: checking how to recognize dependent libraries
configure:5749: result: pass_all
configure:5834: checking for dlltool
configure:5864: result: no
configure:5894: checking how to associate runtime and link libraries
configure:5921: result: printf %s\n
configure:6045: checking for archiver @FILE support
configure:6062: /usr/bin/gcc -c -O2 -I/home/jee/linux/armv7/ll/buildroot/output/host/include -Wall -Wextra -Wformat=2 -std=gnu99 -I/home/jee/linux/armv7/ll/buildroot/output/host/include conftest.c >&5
configure:6062: $? = 0
configure:6065: /usr/bin/ar cru libconftest.a @conftest.lst >&5
/usr/bin/ar: `u' modifier ignored since `D' is the default (see `U')
configure:6068: $? = 0
configure:6073: /usr/bin/ar cru libconftest.a @conftest.lst >&5
/usr/bin/ar: `u' modifier ignored since `D' is the default (see `U')
/usr/bin/ar: conftest.o: No such file or directory
configure:6076: $? = 1
configure:6075: result: @
configure:6133: checking for strip
configure:6149: found /usr/bin/strip
configure:6160: result: strip
configure:6232: checking for ranlib
configure:6259: result: /usr/bin/ranlib
configure:6361: checking command to parse /usr/bin/nm output from /usr/bin/gcc object
configure:6514: /usr/bin/gcc -c -O2 -I/home/jee/linux/armv7/ll/buildroot/output/host/include -Wall -Wextra -Wformat=2 -std=gnu99 -I/home/jee/linux/armv7/ll/buildroot/output/host/include conftest.c >&5
configure:6517: $? = 0
configure:6521: /usr/bin/nm conftest.o \| sed -n -e 's/^.*[ ]\([ABCDGIRSTW][ABCDGIRSTW]*\)[ ][ ]*\([_A-Za-z][_A-Za-z0-9]*\)$/\1 \2 \2/p' | sed '/ __gnu_lto/d' \> conftest.nm
configure:6524: $? = 0
configure:6590: /usr/bin/gcc -o conftest -O2 -I/home/jee/linux/armv7/ll/buildroot/output/host/include -Wall -Wextra -Wformat=2 -std=gnu99 -I/home/jee/linux/armv7/ll/buildroot/output/host/include -L/home/jee/linux/armv7/ll/buildroot/output/host/lib -Wl,-rpath,/home/jee/linux/armv7/ll/buildroot/output/host/lib conftest.c conftstm.o >&5
configure:6593: $? = 0
configure:6631: result: ok
configure:6678: checking for sysroot
configure:6708: result: no
configure:6715: checking for a working dd
configure:6753: result: /usr/bin/dd
configure:6757: checking how to truncate binary pipes
configure:6772: result: /usr/bin/dd bs=4096 count=1
configure:6908: /usr/bin/gcc -c -O2 -I/home/jee/linux/armv7/ll/buildroot/output/host/include -Wall -Wextra -Wformat=2 -std=gnu99 -I/home/jee/linux/armv7/ll/buildroot/output/host/include conftest.c >&5
configure:6911: $? = 0
configure:7101: checking for mt
configure:7117: found /usr/bin/mt
configure:7128: result: mt
configure:7151: checking if mt is a manifest tool
configure:7157: mt '-?'
configure:7165: result: no
configure:7839: checking for dlfcn.h
configure:7839: /usr/bin/gcc -c -O2 -I/home/jee/linux/armv7/ll/buildroot/output/host/include -Wall -Wextra -Wformat=2 -std=gnu99 -I/home/jee/linux/armv7/ll/buildroot/output/host/include conftest.c >&5
configure:7839: $? = 0
configure:7839: result: yes
configure:8095: checking for objdir
configure:8110: result: .libs
configure:8374: checking if /usr/bin/gcc supports -fno-rtti -fno-exceptions
configure:8392: /usr/bin/gcc -c -O2 -I/home/jee/linux/armv7/ll/buildroot/output/host/include -Wall -Wextra -Wformat=2 -std=gnu99 -I/home/jee/linux/armv7/ll/buildroot/output/host/include -fno-rtti -fno-exceptions conftest.c >&5
cc1: warning: command line option '-fno-rtti' is valid for C++/D/ObjC++ but not for C
configure:8396: $? = 0
configure:8409: result: no
configure:8767: checking for /usr/bin/gcc option to produce PIC
configure:8774: result: -fPIC -DPIC
configure:8782: checking if /usr/bin/gcc PIC flag -fPIC -DPIC works
configure:8800: /usr/bin/gcc -c -O2 -I/home/jee/linux/armv7/ll/buildroot/output/host/include -Wall -Wextra -Wformat=2 -std=gnu99 -I/home/jee/linux/armv7/ll/buildroot/output/host/include -fPIC -DPIC -DPIC conftest.c >&5
configure:8804: $? = 0
configure:8817: result: yes
configure:8846: checking if /usr/bin/gcc static flag -static works
configure:8874: result: yes
configure:8889: checking if /usr/bin/gcc supports -c -o file.o
configure:8910: /usr/bin/gcc -c -O2 -I/home/jee/linux/armv7/ll/buildroot/output/host/include -Wall -Wextra -Wformat=2 -std=gnu99 -I/home/jee/linux/armv7/ll/buildroot/output/host/include -o out/conftest2.o conftest.c >&5
configure:8914: $? = 0
configure:8936: result: yes
configure:8944: checking if /usr/bin/gcc supports -c -o file.o
configure:8991: result: yes
configure:9024: checking whether the /usr/bin/gcc linker (/usr/bin/ld -m elf_x86_64) supports shared libraries
configure:10287: result: yes
configure:10324: checking whether -lc should be explicitly linked in
configure:10332: /usr/bin/gcc -c -O2 -I/home/jee/linux/armv7/ll/buildroot/output/host/include -Wall -Wextra -Wformat=2 -std=gnu99 -I/home/jee/linux/armv7/ll/buildroot/output/host/include conftest.c >&5
configure:10335: $? = 0
configure:10350: /usr/bin/gcc -shared  -fPIC -DPIC conftest.o  -v -Wl,-soname -Wl,conftest -o conftest 2\>\&1 \| /usr/bin/grep  -lc  \>/dev/null 2\>\&1
configure:10353: $? = 0
configure:10367: result: no
configure:10527: checking dynamic linker characteristics
configure:11108: /usr/bin/gcc -o conftest -O2 -I/home/jee/linux/armv7/ll/buildroot/output/host/include -Wall -Wextra -Wformat=2 -std=gnu99 -I/home/jee/linux/armv7/ll/buildroot/output/host/include -L/home/jee/linux/armv7/ll/buildroot/output/host/lib -Wl,-rpath,/home/jee/linux/armv7/ll/buildroot/output/host/lib -Wl,-rpath -Wl,/foo conftest.c  >&5
configure:11108: $? = 0
configure:11357: result: GNU/Linux ld.so
configure:11479: checking how to hardcode library paths into programs
configure:11504: result: immediate
configure:12052: checking whether stripping libraries is possible
configure:12057: result: yes
configure:12092: checking if libtool supports shared libraries
configure:12094: result: yes
configure:12097: checking whether to build shared libraries
configure:12122: result: yes
configure:12125: checking whether to build static libraries
configure:12129: result: no
configure:8950: checking for special C compiler options needed for large files
configure:8995: result: no
configure:9001: checking for _FILE_OFFSET_BITS value needed for large files
configure:9026: /usr/bin/gcc -c -O2 -I/home/jee/linux/armv7/ll/buildroot/output/host/include -Wall -Wextra -Wformat=2 -std=gnu99 -I/home/jee/linux/armv7/ll/buildroot/output/host/include conftest.c >&5
configure:9026: $? = 0
configure:9058: result: no
configure:9193: checking how to run the C preprocessor
configure:9263: result: /usr/bin/cpp
configure:9283: /usr/bin/cpp -I/home/jee/linux/armv7/ll/buildroot/output/host/include conftest.c
configure:9283: $? = 0
configure:9297: /usr/bin/cpp -I/home/jee/linux/armv7/ll/buildroot/output/host/include conftest.c
conftest.c:25:10: fatal error: ac_nonexistent.h: No such file or directory
   25 | #include <ac_nonexistent.h>
      |          ^~~~~~~~~~~~~~~~~~
compilation terminated.
configure:9297: $? = 1
configure: failed program was:
| /* confdefs.h */
| #define PACKAGE_NAME "pkgconf"
| #define PACKAGE_TARNAME "pkgconf"
| #define PACKAGE_VERSION "1.6.3"
| #define PACKAGE_STRING "pkgconf 1.6.3"
| #define PACKAGE_BUGREPORT "https://todo.sr.ht/~kaniini/pkgconf"
| #define PACKAGE_URL ""
| #define HAVE_STRNDUP 1
| #define STDC_HEADERS 1
| #define HAVE_SYS_TYPES_H 1
| #define HAVE_SYS_STAT_H 1
| #define HAVE_STDLIB_H 1
| #define HAVE_STRING_H 1
| #define HAVE_MEMORY_H 1
| #define HAVE_STRINGS_H 1
| #define HAVE_INTTYPES_H 1
| #define HAVE_STDINT_H 1
| #define HAVE_UNISTD_H 1
| #define HAVE_SYS_STAT_H 1
| #define PACKAGE "pkgconf"
| #define VERSION "1.6.3"
| #define HAVE_DLFCN_H 1
| #define LT_OBJDIR ".libs/"
| /* end confdefs.h.  */
| #include <ac_nonexistent.h>
configure:9373: checking for gcc
configure:9400: result: /usr/bin/gcc
configure:9629: checking for C compiler version
configure:9638: /usr/bin/gcc --version >&5
gcc (Ubuntu 9.4.0-1ubuntu1~20.04.2) 9.4.0
Copyright (C) 2019 Free Software Foundation, Inc.
This is free software; see the source for copying conditions.  There is NO
warranty; not even for MERCHANTABILITY or FITNESS FOR A PARTICULAR PURPOSE.

configure:9649: $? = 0
configure:9638: /usr/bin/gcc -v >&5
Using built-in specs.
COLLECT_GCC=/usr/bin/gcc
COLLECT_LTO_WRAPPER=/usr/lib/gcc/x86_64-linux-gnu/9/lto-wrapper
OFFLOAD_TARGET_NAMES=nvptx-none:hsa
OFFLOAD_TARGET_DEFAULT=1
Target: x86_64-linux-gnu
Configured with: ../src/configure -v --with-pkgversion='Ubuntu 9.4.0-1ubuntu1~20.04.2' --with-bugurl=file:///usr/share/doc/gcc-9/README.Bugs --enable-languages=c,ada,c++,go,brig,d,fortran,objc,obj-c++,gm2 --prefix=/usr --with-gcc-major-version-only --program-suffix=-9 --program-prefix=x86_64-linux-gnu- --enable-shared --enable-linker-build-id --libexecdir=/usr/lib --without-included-gettext --enable-threads=posix --libdir=/usr/lib --enable-nls --enable-clocale=gnu --enable-libstdcxx-debug --enable-libstdcxx-time=yes --with-default-libstdcxx-abi=new --enable-gnu-unique-object --disable-vtable-verify --enable-plugin --enable-default-pie --with-system-zlib --with-target-system-zlib=auto --enable-objc-gc=auto --enable-multiarch --disable-werror --with-arch-32=i686 --with-abi=m64 --with-multilib-list=m32,m64,mx32 --enable-multilib --with-tune=generic --enable-offload-targets=nvptx-none=/build/gcc-9-9QDOt0/gcc-9-9.4.0/debian/tmp-nvptx/usr,hsa --without-cuda-driver --enable-checking=release --build=x86_64-linux-gnu --host=x86_64-linux-gnu --target=x86_64-linux-gnu
Thread model: posix
gcc version 9.4.0 (Ubuntu 9.4.0-1ubuntu1~20.04.2) 
configure:9649: $? = 0
configure:9638: /usr/bin/gcc -V >&5
gcc: error: unrecognized command line option '-V'
gcc: fatal error: no input files
compilation terminated.
configure:9649: $? = 1
configure:9638: /usr/bin/gcc -qversion >&5
gcc: error: unrecognized command line option '-qversion'; did you mean '--version'?
gcc: fatal error: no input files
compilation terminated.
configure:9649: $? = 1
configure:9653: checking whether we are using the GNU C compiler
configure:9681: result: yes
configure:9690: checking whether /usr/bin/gcc accepts -g
configure:9751: result: yes
configure:9768: checking for /usr/bin/gcc option to accept ISO C89
configure:9844: result: none needed
configure:9869: checking whether /usr/bin/gcc understands -c and -o together
configure:9906: result: yes
configure:9924: checking whether ln -s works
configure:9928: result: yes
configure:10039: checking that generated files are newer than configure
configure:10045: result: done
configure:10068: creating ./config.status

## ---------------------- ##
## Running config.status. ##
## ---------------------- ##

This file was extended by pkgconf config.status 1.6.3, which was
generated by GNU Autoconf 2.69.  Invocation command line was

  CONFIG_FILES    = 
  CONFIG_HEADERS  = 
  CONFIG_LINKS    = 
  CONFIG_COMMANDS = 
  $ ./config.status 

on jee-virtual-machine

config.status:1090: creating Makefile
config.status:1090: creating Kyuafile
config.status:1090: creating libpkgconf.pc
config.status:1090: creating tests/Kyuafile
config.status:1090: creating tests/test_env.sh
config.status:1090: creating libpkgconf/config.h
config.status:1319: executing depfiles commands
config.status:1319: executing libtool commands
configure:12210: WARNING: unrecognized options: --disable-gtk-doc, --disable-gtk-doc-html, --disable-doc, --disable-docs, --disable-documentation, --disable-debug, --with-xmlto, --with-fop, --disable-nls

## ---------------- ##
## Cache variables. ##
## ---------------- ##

ac_cv_build=x86_64-pc-linux-gnu
ac_cv_c_compiler_gnu=yes
ac_cv_env_CC_set=set
ac_cv_env_CC_value=/usr/bin/gcc
ac_cv_env_CFLAGS_set=set
ac_cv_env_CFLAGS_value='-O2 -I/home/jee/linux/armv7/ll/buildroot/output/host/include'
ac_cv_env_CPPFLAGS_set=set
ac_cv_env_CPPFLAGS_value=-I/home/jee/linux/armv7/ll/buildroot/output/host/include
ac_cv_env_CPP_set=set
ac_cv_env_CPP_value=/usr/bin/cpp
ac_cv_env_LDFLAGS_set=set
ac_cv_env_LDFLAGS_value='-L/home/jee/linux/armv7/ll/buildroot/output/host/lib -Wl,-rpath,/home/jee/linux/armv7/ll/buildroot/output/host/lib'
ac_cv_env_LIBS_set=
ac_cv_env_LIBS_value=
ac_cv_env_LT_SYS_LIBRARY_PATH_set=
ac_cv_env_LT_SYS_LIBRARY_PATH_value=
ac_cv_env_build_alias_set=
ac_cv_env_build_alias_value=
ac_cv_env_host_alias_set=
ac_cv_env_host_alias_value=
ac_cv_env_target_alias_set=
ac_cv_env_target_alias_value=
ac_cv_func_cygwin_conv_path=no
ac_cv_func_strlcat=no
ac_cv_func_strlcpy=no
ac_cv_func_strndup=yes
ac_cv_header_dlfcn_h=yes
ac_cv_header_inttypes_h=yes
ac_cv_header_memory_h=yes
ac_cv_header_stdc=yes
ac_cv_header_stdint_h=yes
ac_cv_header_stdlib_h=yes
ac_cv_header_string_h=yes
ac_cv_header_strings_h=yes
ac_cv_header_sys_stat_h=yes
ac_cv_header_sys_types_h=yes
ac_cv_header_unistd_h=yes
ac_cv_host=x86_64-pc-linux-gnu
ac_cv_objext=o
ac_cv_path_EGREP='/usr/bin/grep -E'
ac_cv_path_FGREP='/usr/bin/grep -F'
ac_cv_path_GREP=/usr/bin/grep
ac_cv_path_SED=/usr/bin/sed
ac_cv_path_install='/usr/bin/install -c'
ac_cv_path_lt_DD=/usr/bin/dd
ac_cv_path_mkdir=/usr/bin/mkdir
ac_cv_prog_AWK=gawk
ac_cv_prog_CPP=/usr/bin/cpp
ac_cv_prog_ac_ct_CC=/usr/bin/gcc
ac_cv_prog_ac_ct_MANIFEST_TOOL=mt
ac_cv_prog_ac_ct_OBJDUMP=objdump
ac_cv_prog_ac_ct_RANLIB=/usr/bin/ranlib
ac_cv_prog_ac_ct_STRIP=strip
ac_cv_prog_cc_c89=
ac_cv_prog_cc_g=yes
ac_cv_prog_make_make_set=yes
ac_cv_sys_file_offset_bits=no
ac_cv_sys_largefile_CC=no
am_cv_CC_dependencies_compiler_type=none
am_cv_make_support_nested_variables=yes
am_cv_prog_cc_c_o=yes
ax_cv_check_cflags___Wall=yes
ax_cv_check_cflags___Wextra=yes
ax_cv_check_cflags___Wformat_2=yes
ax_cv_check_cflags___std_gnu99=yes
lt_cv_ar_at_file=@
lt_cv_archive_cmds_need_lc=no
lt_cv_deplibs_check_method=pass_all
lt_cv_file_magic_cmd='$MAGIC_CMD'
lt_cv_file_magic_test_file=
lt_cv_ld_reload_flag=-r
lt_cv_nm_interface='BSD nm'
lt_cv_objdir=.libs
lt_cv_path_LD=/usr/bin/ld
lt_cv_path_NM=/usr/bin/nm
lt_cv_path_mainfest_tool=no
lt_cv_prog_compiler_c_o=yes
lt_cv_prog_compiler_pic='-fPIC -DPIC'
lt_cv_prog_compiler_pic_works=yes
lt_cv_prog_compiler_rtti_exceptions=no
lt_cv_prog_compiler_static_works=yes
lt_cv_prog_gnu_ld=yes
lt_cv_sharedlib_from_linklib_cmd='printf %s\n'
lt_cv_shlibpath_overrides_runpath=yes
lt_cv_sys_global_symbol_pipe='sed -n -e '\''s/^.*[	 ]\([ABCDGIRSTW][ABCDGIRSTW]*\)[	 ][	 ]*\([_A-Za-z][_A-Za-z0-9]*\)$/\1 \2 \2/p'\'' | sed '\''/ __gnu_lto/d'\'''
lt_cv_sys_global_symbol_to_c_name_address='sed -n -e '\''s/^: \(.*\) .*$/  {"\1", (void *) 0},/p'\'' -e '\''s/^[ABCDGIRSTW][ABCDGIRSTW]* .* \(.*\)$/  {"\1", (void *) \&\1},/p'\'''
lt_cv_sys_global_symbol_to_c_name_address_lib_prefix='sed -n -e '\''s/^: \(.*\) .*$/  {"\1", (void *) 0},/p'\'' -e '\''s/^[ABCDGIRSTW][ABCDGIRSTW]* .* \(lib.*\)$/  {"\1", (void *) \&\1},/p'\'' -e '\''s/^[ABCDGIRSTW][ABCDGIRSTW]* .* \(.*\)$/  {"lib\1", (void *) \&\1},/p'\'''
lt_cv_sys_global_symbol_to_cdecl='sed -n -e '\''s/^T .* \(.*\)$/extern int \1();/p'\'' -e '\''s/^[ABCDGIRSTW][ABCDGIRSTW]* .* \(.*\)$/extern char \1;/p'\'''
lt_cv_sys_global_symbol_to_import=
lt_cv_sys_max_cmd_len=1572864
lt_cv_to_host_file_cmd=func_convert_file_noop
lt_cv_to_tool_file_cmd=func_convert_file_noop
lt_cv_truncate_bin='/usr/bin/dd bs=4096 count=1'

## ----------------- ##
## Output variables. ##
## ----------------- ##

ACLOCAL='${SHELL} /home/jee/linux/armv7/ll/buildroot/output/build/host-pkgconf-1.6.3/missing aclocal-1.15'
AMDEPBACKSLASH=''
AMDEP_FALSE=''
AMDEP_TRUE='#'
AMTAR='$${TAR-tar}'
AM_BACKSLASH='\'
AM_DEFAULT_V='$(AM_DEFAULT_VERBOSITY)'
AM_DEFAULT_VERBOSITY='0'
AM_V='$(V)'
AR='/usr/bin/ar'
AUTOCONF='${SHELL} /home/jee/linux/armv7/ll/buildroot/output/build/host-pkgconf-1.6.3/missing autoconf'
AUTOHEADER='${SHELL} /home/jee/linux/armv7/ll/buildroot/output/build/host-pkgconf-1.6.3/missing autoheader'
AUTOMAKE='${SHELL} /home/jee/linux/armv7/ll/buildroot/output/build/host-pkgconf-1.6.3/missing automake-1.15'
AWK='gawk'
CC='/usr/bin/gcc'
CCDEPMODE='depmode=none'
CFLAGS='-O2 -I/home/jee/linux/armv7/ll/buildroot/output/host/include -Wall -Wextra -Wformat=2 -std=gnu99'
CPP='/usr/bin/cpp'
CPPFLAGS='-I/home/jee/linux/armv7/ll/buildroot/output/host/include'
CYGPATH_W='echo'
DEFS='-DHAVE_CONFIG_H'
DEPDIR='.deps'
DLLTOOL='false'
DSYMUTIL=''
DUMPBIN=''
ECHO_C=''
ECHO_N='-n'
ECHO_T=''
EGREP='/usr/bin/grep -E'
EXEEXT=''
FGREP='/usr/bin/grep -F'
GREP='/usr/bin/grep'
INSTALL_DATA='${INSTALL} -m 644'
INSTALL_PROGRAM='${INSTALL}'
INSTALL_SCRIPT='${INSTALL}'
INSTALL_STRIP_PROGRAM='$(install_sh) -c -s'
LD='/usr/bin/ld -m elf_x86_64'
LDFLAGS='-L/home/jee/linux/armv7/ll/buildroot/output/host/lib -Wl,-rpath,/home/jee/linux/armv7/ll/buildroot/output/host/lib'
LIBOBJS=''
LIBS=''
LIBTOOL='$(SHELL) $(top_builddir)/libtool'
LIPO=''
LN_S='ln -s'
LTLIBOBJS=''
LT_SYS_LIBRARY_PATH=''
MAKEINFO='${SHELL} /home/jee/linux/armv7/ll/buildroot/output/build/host-pkgconf-1.6.3/missing makeinfo'
MANIFEST_TOOL=':'
MKDIR_P='/usr/bin/mkdir -p'
NM='/usr/bin/nm'
NMEDIT=''
OBJDUMP='objdump'
OBJEXT='o'
OTOOL64=''
OTOOL=''
PACKAGE='pkgconf'
PACKAGE_BUGREPORT='https://todo.sr.ht/~kaniini/pkgconf'
PACKAGE_NAME='pkgconf'
PACKAGE_STRING='pkgconf 1.6.3'
PACKAGE_TARNAME='pkgconf'
PACKAGE_URL=''
PACKAGE_VERSION='1.6.3'
PATH_SEPARATOR=':'
PERSONALITY_PATH='${datarootdir}/pkgconfig/personality.d:/home/jee/linux/armv7/ll/buildroot/output/host/etc/pkgconfig/personality.d'
PKG_DEFAULT_PATH='${exec_prefix}/lib/pkgconfig:${datarootdir}/pkgconfig'
RANLIB='/usr/bin/ranlib'
SED='/usr/bin/sed'
SET_MAKE=''
SHELL='/bin/bash'
STRIP='strip'
SYSTEM_INCLUDEDIR='${prefix}/include'
SYSTEM_LIBDIR='${exec_prefix}/lib'
VERSION='1.6.3'
ac_ct_AR=''
ac_ct_CC='/usr/bin/gcc'
ac_ct_DUMPBIN=''
am__EXEEXT_FALSE=''
am__EXEEXT_TRUE='#'
am__fastdepCC_FALSE=''
am__fastdepCC_TRUE='#'
am__include='include'
am__isrc=''
am__leading_dot='.'
am__nodep=''
am__quote=''
am__tar='$${TAR-tar} chof - "$$tardir"'
am__untar='$${TAR-tar} xf -'
bindir='${exec_prefix}/bin'
build='x86_64-pc-linux-gnu'
build_alias=''
build_cpu='x86_64'
build_os='linux-gnu'
build_vendor='pc'
datadir='${datarootdir}'
datarootdir='${prefix}/share'
docdir='${datarootdir}/doc/${PACKAGE_TARNAME}'
dvidir='${docdir}'
exec_prefix='${prefix}'
host='x86_64-pc-linux-gnu'
host_alias=''
host_cpu='x86_64'
host_os='linux-gnu'
host_vendor='pc'
htmldir='${docdir}'
includedir='${prefix}/include'
infodir='${datarootdir}/info'
install_sh='${SHELL} /home/jee/linux/armv7/ll/buildroot/output/build/host-pkgconf-1.6.3/install-sh'
libdir='${exec_prefix}/lib'
libexecdir='${exec_prefix}/libexec'
localedir='${datarootdir}/locale'
localstatedir='/home/jee/linux/armv7/ll/buildroot/output/host/var'
mandir='${datarootdir}/man'
mkdir_p='$(MKDIR_P)'
oldincludedir='/usr/include'
pdfdir='${docdir}'
prefix='/home/jee/linux/armv7/ll/buildroot/output/host'
program_transform_name='s,x,x,'
psdir='${docdir}'
runstatedir='${localstatedir}/run'
sbindir='${exec_prefix}/sbin'
sharedstatedir='${prefix}/com'
sysconfdir='/home/jee/linux/armv7/ll/buildroot/output/host/etc'
target_alias=''

## ----------- ##
## confdefs.h. ##
## ----------- ##

/* confdefs.h */
#define PACKAGE_NAME "pkgconf"
#define PACKAGE_TARNAME "pkgconf"
#define PACKAGE_VERSION "1.6.3"
#define PACKAGE_STRING "pkgconf 1.6.3"
#define PACKAGE_BUGREPORT "https://todo.sr.ht/~kaniini/pkgconf"
#define PACKAGE_URL ""
#define HAVE_STRNDUP 1
#define STDC_HEADERS 1
#define HAVE_SYS_TYPES_H 1
#define HAVE_SYS_STAT_H 1
#define HAVE_STDLIB_H 1
#define HAVE_STRING_H 1
#define HAVE_MEMORY_H 1
#define HAVE_STRINGS_H 1
#define HAVE_INTTYPES_H 1
#define HAVE_STDINT_H 1
#define HAVE_UNISTD_H 1
#define HAVE_SYS_STAT_H 1
#define PACKAGE "pkgconf"
#define VERSION "1.6.3"
#define HAVE_DLFCN_H 1
#define LT_OBJDIR ".libs/"

configure: exit 0
