This file contains any messages produced by compilers while
running configure, to aid debugging if configure makes a mistake.

It was created by acl configure 2.3.1, which was
generated by GNU Autoconf 2.69.  Invocation command line was

  $ ./configure --prefix=/home/jee/linux/armv7/ll/buildroot/output/host --sysconfdir=/home/jee/linux/armv7/ll/buildroot/output/host/etc --localstatedir=/home/jee/linux/armv7/ll/buildroot/output/host/var --enable-shared --disable-static --disable-gtk-doc --disable-gtk-doc-html --disable-doc --disable-docs --disable-documentation --disable-debug --with-xmlto=no --with-fop=no --disable-nls --disable-dependency-tracking

## --------- ##
## Platform. ##
## --------- ##

hostname = jee-virtual-machine
uname -m = x86_64
uname -r = 5.15.0-86-generic
uname -s = Linux
uname -v = #96~20.04.1-Ubuntu SMP Thu Sep 21 13:23:37 UTC 2023

/usr/bin/uname -p = x86_64
/bin/uname -X     = unknown

/bin/arch              = x86_64
/usr/bin/arch -k       = unknown
/usr/convex/getsysinfo = unknown
/usr/bin/hostinfo      = unknown
/bin/machine           = unknown
/usr/bin/oslevel       = unknown
/bin/universe          = unknown

PATH: /home/jee/linux/armv7/ll/buildroot/output/host/bin
PATH: /home/jee/linux/armv7/ll/buildroot/output/host/sbin
PATH: /usr/local/sbin
PATH: /usr/local/bin
PATH: /usr/sbin
PATH: /usr/bin
PATH: /sbin
PATH: /bin
PATH: /snap/bin


## ----------- ##
## Core tests. ##
## ----------- ##

configure:2295: checking for a BSD-compatible install
configure:2363: result: /usr/bin/install -c
configure:2374: checking whether build environment is sane
configure:2429: result: yes
configure:2578: checking for a thread-safe mkdir -p
configure:2617: result: /usr/bin/mkdir -p
configure:2624: checking for gawk
configure:2640: found /usr/bin/gawk
configure:2651: result: gawk
configure:2662: checking whether make sets $(MAKE)
configure:2684: result: yes
configure:2713: checking whether make supports nested variables
configure:2730: result: yes
configure:2867: checking whether make supports nested variables
configure:2884: result: yes
configure:2944: checking for gcc
configure:2971: result: /usr/bin/gcc
configure:3200: checking for C compiler version
configure:3209: /usr/bin/gcc --version >&5
gcc (Ubuntu 9.4.0-1ubuntu1~20.04.2) 9.4.0
Copyright (C) 2019 Free Software Foundation, Inc.
This is free software; see the source for copying conditions.  There is NO
warranty; not even for MERCHANTABILITY or FITNESS FOR A PARTICULAR PURPOSE.

configure:3220: $? = 0
configure:3209: /usr/bin/gcc -v >&5
Using built-in specs.
COLLECT_GCC=/usr/bin/gcc
COLLECT_LTO_WRAPPER=/usr/lib/gcc/x86_64-linux-gnu/9/lto-wrapper
OFFLOAD_TARGET_NAMES=nvptx-none:hsa
OFFLOAD_TARGET_DEFAULT=1
Target: x86_64-linux-gnu
Configured with: ../src/configure -v --with-pkgversion='Ubuntu 9.4.0-1ubuntu1~20.04.2' --with-bugurl=file:///usr/share/doc/gcc-9/README.Bugs --enable-languages=c,ada,c++,go,brig,d,fortran,objc,obj-c++,gm2 --prefix=/usr --with-gcc-major-version-only --program-suffix=-9 --program-prefix=x86_64-linux-gnu- --enable-shared --enable-linker-build-id --libexecdir=/usr/lib --without-included-gettext --enable-threads=posix --libdir=/usr/lib --enable-nls --enable-clocale=gnu --enable-libstdcxx-debug --enable-libstdcxx-time=yes --with-default-libstdcxx-abi=new --enable-gnu-unique-object --disable-vtable-verify --enable-plugin --enable-default-pie --with-system-zlib --with-target-system-zlib=auto --enable-objc-gc=auto --enable-multiarch --disable-werror --with-arch-32=i686 --with-abi=m64 --with-multilib-list=m32,m64,mx32 --enable-multilib --with-tune=generic --enable-offload-targets=nvptx-none=/build/gcc-9-9QDOt0/gcc-9-9.4.0/debian/tmp-nvptx/usr,hsa --without-cuda-driver --enable-checking=release --build=x86_64-linux-gnu --host=x86_64-linux-gnu --target=x86_64-linux-gnu
Thread model: posix
gcc version 9.4.0 (Ubuntu 9.4.0-1ubuntu1~20.04.2) 
configure:3220: $? = 0
configure:3209: /usr/bin/gcc -V >&5
gcc: error: unrecognized command line option '-V'
gcc: fatal error: no input files
compilation terminated.
configure:3220: $? = 1
configure:3209: /usr/bin/gcc -qversion >&5
gcc: error: unrecognized command line option '-qversion'; did you mean '--version'?
gcc: fatal error: no input files
compilation terminated.
configure:3220: $? = 1
configure:3240: checking whether the C compiler works
configure:3262: /usr/bin/gcc -O2 -I/home/jee/linux/armv7/ll/buildroot/output/host/include -I/home/jee/linux/armv7/ll/buildroot/output/host/include -L/home/jee/linux/armv7/ll/buildroot/output/host/lib -Wl,-rpath,/home/jee/linux/armv7/ll/buildroot/output/host/lib conftest.c  >&5
configure:3266: $? = 0
configure:3314: result: yes
configure:3317: checking for C compiler default output file name
configure:3319: result: a.out
configure:3325: checking for suffix of executables
configure:3332: /usr/bin/gcc -o conftest -O2 -I/home/jee/linux/armv7/ll/buildroot/output/host/include -I/home/jee/linux/armv7/ll/buildroot/output/host/include -L/home/jee/linux/armv7/ll/buildroot/output/host/lib -Wl,-rpath,/home/jee/linux/armv7/ll/buildroot/output/host/lib conftest.c  >&5
configure:3336: $? = 0
configure:3358: result: 
configure:3380: checking whether we are cross compiling
configure:3388: /usr/bin/gcc -o conftest -O2 -I/home/jee/linux/armv7/ll/buildroot/output/host/include -I/home/jee/linux/armv7/ll/buildroot/output/host/include -L/home/jee/linux/armv7/ll/buildroot/output/host/lib -Wl,-rpath,/home/jee/linux/armv7/ll/buildroot/output/host/lib conftest.c  >&5
configure:3392: $? = 0
configure:3399: ./conftest
configure:3403: $? = 0
configure:3391: result: no
configure:3396: checking for suffix of object files
configure:3418: /usr/bin/gcc -c -O2 -I/home/jee/linux/armv7/ll/buildroot/output/host/include -I/home/jee/linux/armv7/ll/buildroot/output/host/include conftest.c >&5
configure:3422: $? = 0
configure:3443: result: o
configure:3447: checking whether we are using the GNU C compiler
configure:3466: /usr/bin/gcc -c -O2 -I/home/jee/linux/armv7/ll/buildroot/output/host/include -I/home/jee/linux/armv7/ll/buildroot/output/host/include conftest.c >&5
configure:3466: $? = 0
configure:3475: result: yes
configure:3484: checking whether /usr/bin/gcc accepts -g
configure:3504: /usr/bin/gcc -c -g -I/home/jee/linux/armv7/ll/buildroot/output/host/include conftest.c >&5
configure:3504: $? = 0
configure:3545: result: yes
configure:3562: checking for /usr/bin/gcc option to accept ISO C89
configure:3625: /usr/bin/gcc  -c -O2 -I/home/jee/linux/armv7/ll/buildroot/output/host/include -I/home/jee/linux/armv7/ll/buildroot/output/host/include conftest.c >&5
configure:3625: $? = 0
configure:3638: result: none needed
configure:3663: checking whether /usr/bin/gcc understands -c and -o together
configure:3685: /usr/bin/gcc -c conftest.c -o conftest2.o
configure:3688: $? = 0
configure:3685: /usr/bin/gcc -c conftest.c -o conftest2.o
configure:3688: $? = 0
configure:3700: result: yes
configure:3720: checking whether make supports the include directive
configure:3735: make -f confmf.GNU && cat confinc.out
make[1]: Entering directory '/home/jee/linux/armv7/ll/buildroot/output/build/host-acl-2.3.1'
make[1]: Leaving directory '/home/jee/linux/armv7/ll/buildroot/output/build/host-acl-2.3.1'
this is the am__doit target
configure:3738: $? = 0
configure:3757: result: yes (GNU style)
configure:3782: checking dependency style of /usr/bin/gcc
configure:3893: result: none
configure:3915: checking how to run the C preprocessor
configure:3985: result: /usr/bin/cpp
configure:4005: /usr/bin/cpp -I/home/jee/linux/armv7/ll/buildroot/output/host/include conftest.c
configure:4005: $? = 0
configure:4019: /usr/bin/cpp -I/home/jee/linux/armv7/ll/buildroot/output/host/include conftest.c
conftest.c:11:10: fatal error: ac_nonexistent.h: No such file or directory
   11 | #include <ac_nonexistent.h>
      |          ^~~~~~~~~~~~~~~~~~
compilation terminated.
configure:4019: $? = 1
configure: failed program was:
| /* confdefs.h */
| #define PACKAGE_NAME "acl"
| #define PACKAGE_TARNAME "acl"
| #define PACKAGE_VERSION "2.3.1"
| #define PACKAGE_STRING "acl 2.3.1"
| #define PACKAGE_BUGREPORT "acl-devel@nongnu.org"
| #define PACKAGE_URL ""
| #define PACKAGE "acl"
| #define VERSION "2.3.1"
| /* end confdefs.h.  */
| #include <ac_nonexistent.h>
configure:4048: checking for grep that handles long lines and -e
configure:4106: result: /usr/bin/grep
configure:4111: checking for egrep
configure:4173: result: /usr/bin/grep -E
configure:4178: checking for ANSI C header files
configure:4198: /usr/bin/gcc -c -O2 -I/home/jee/linux/armv7/ll/buildroot/output/host/include -I/home/jee/linux/armv7/ll/buildroot/output/host/include conftest.c >&5
configure:4198: $? = 0
configure:4271: /usr/bin/gcc -o conftest -O2 -I/home/jee/linux/armv7/ll/buildroot/output/host/include -I/home/jee/linux/armv7/ll/buildroot/output/host/include -L/home/jee/linux/armv7/ll/buildroot/output/host/lib -Wl,-rpath,/home/jee/linux/armv7/ll/buildroot/output/host/lib conftest.c  >&5
configure:4271: $? = 0
configure:4271: ./conftest
configure:4271: $? = 0
configure:4282: result: yes
configure:4295: checking for sys/types.h
configure:4295: /usr/bin/gcc -c -O2 -I/home/jee/linux/armv7/ll/buildroot/output/host/include -I/home/jee/linux/armv7/ll/buildroot/output/host/include conftest.c >&5
configure:4295: $? = 0
configure:4295: result: yes
configure:4295: checking for sys/stat.h
configure:4295: /usr/bin/gcc -c -O2 -I/home/jee/linux/armv7/ll/buildroot/output/host/include -I/home/jee/linux/armv7/ll/buildroot/output/host/include conftest.c >&5
configure:4295: $? = 0
configure:4295: result: yes
configure:4295: checking for stdlib.h
configure:4295: /usr/bin/gcc -c -O2 -I/home/jee/linux/armv7/ll/buildroot/output/host/include -I/home/jee/linux/armv7/ll/buildroot/output/host/include conftest.c >&5
configure:4295: $? = 0
configure:4295: result: yes
configure:4295: checking for string.h
configure:4295: /usr/bin/gcc -c -O2 -I/home/jee/linux/armv7/ll/buildroot/output/host/include -I/home/jee/linux/armv7/ll/buildroot/output/host/include conftest.c >&5
configure:4295: $? = 0
configure:4295: result: yes
configure:4295: checking for memory.h
configure:4295: /usr/bin/gcc -c -O2 -I/home/jee/linux/armv7/ll/buildroot/output/host/include -I/home/jee/linux/armv7/ll/buildroot/output/host/include conftest.c >&5
configure:4295: $? = 0
configure:4295: result: yes
configure:4295: checking for strings.h
configure:4295: /usr/bin/gcc -c -O2 -I/home/jee/linux/armv7/ll/buildroot/output/host/include -I/home/jee/linux/armv7/ll/buildroot/output/host/include conftest.c >&5
configure:4295: $? = 0
configure:4295: result: yes
configure:4295: checking for inttypes.h
configure:4295: /usr/bin/gcc -c -O2 -I/home/jee/linux/armv7/ll/buildroot/output/host/include -I/home/jee/linux/armv7/ll/buildroot/output/host/include conftest.c >&5
configure:4295: $? = 0
configure:4295: result: yes
configure:4295: checking for stdint.h
configure:4295: /usr/bin/gcc -c -O2 -I/home/jee/linux/armv7/ll/buildroot/output/host/include -I/home/jee/linux/armv7/ll/buildroot/output/host/include conftest.c >&5
configure:4295: $? = 0
configure:4295: result: yes
configure:4295: checking for unistd.h
configure:4295: /usr/bin/gcc -c -O2 -I/home/jee/linux/armv7/ll/buildroot/output/host/include -I/home/jee/linux/armv7/ll/buildroot/output/host/include conftest.c >&5
configure:4295: $? = 0
configure:4295: result: yes
configure:4308: checking minix/config.h usability
configure:4308: /usr/bin/gcc -c -O2 -I/home/jee/linux/armv7/ll/buildroot/output/host/include -I/home/jee/linux/armv7/ll/buildroot/output/host/include conftest.c >&5
conftest.c:54:10: fatal error: minix/config.h: No such file or directory
   54 | #include <minix/config.h>
      |          ^~~~~~~~~~~~~~~~
compilation terminated.
configure:4308: $? = 1
configure: failed program was:
| /* confdefs.h */
| #define PACKAGE_NAME "acl"
| #define PACKAGE_TARNAME "acl"
| #define PACKAGE_VERSION "2.3.1"
| #define PACKAGE_STRING "acl 2.3.1"
| #define PACKAGE_BUGREPORT "acl-devel@nongnu.org"
| #define PACKAGE_URL ""
| #define PACKAGE "acl"
| #define VERSION "2.3.1"
| #define STDC_HEADERS 1
| #define HAVE_SYS_TYPES_H 1
| #define HAVE_SYS_STAT_H 1
| #define HAVE_STDLIB_H 1
| #define HAVE_STRING_H 1
| #define HAVE_MEMORY_H 1
| #define HAVE_STRINGS_H 1
| #define HAVE_INTTYPES_H 1
| #define HAVE_STDINT_H 1
| #define HAVE_UNISTD_H 1
| /* end confdefs.h.  */
| #include <stdio.h>
| #ifdef HAVE_SYS_TYPES_H
| # include <sys/types.h>
| #endif
| #ifdef HAVE_SYS_STAT_H
| # include <sys/stat.h>
| #endif
| #ifdef STDC_HEADERS
| # include <stdlib.h>
| # include <stddef.h>
| #else
| # ifdef HAVE_STDLIB_H
| #  include <stdlib.h>
| # endif
| #endif
| #ifdef HAVE_STRING_H
| # if !defined STDC_HEADERS && defined HAVE_MEMORY_H
| #  include <memory.h>
| # endif
| # include <string.h>
| #endif
| #ifdef HAVE_STRINGS_H
| # include <strings.h>
| #endif
| #ifdef HAVE_INTTYPES_H
| # include <inttypes.h>
| #endif
| #ifdef HAVE_STDINT_H
| # include <stdint.h>
| #endif
| #ifdef HAVE_UNISTD_H
| # include <unistd.h>
| #endif
| #include <minix/config.h>
configure:4308: result: no
configure:4308: checking minix/config.h presence
configure:4308: /usr/bin/cpp -I/home/jee/linux/armv7/ll/buildroot/output/host/include conftest.c
conftest.c:21:10: fatal error: minix/config.h: No such file or directory
   21 | #include <minix/config.h>
      |          ^~~~~~~~~~~~~~~~
compilation terminated.
configure:4308: $? = 1
configure: failed program was:
| /* confdefs.h */
| #define PACKAGE_NAME "acl"
| #define PACKAGE_TARNAME "acl"
| #define PACKAGE_VERSION "2.3.1"
| #define PACKAGE_STRING "acl 2.3.1"
| #define PACKAGE_BUGREPORT "acl-devel@nongnu.org"
| #define PACKAGE_URL ""
| #define PACKAGE "acl"
| #define VERSION "2.3.1"
| #define STDC_HEADERS 1
| #define HAVE_SYS_TYPES_H 1
| #define HAVE_SYS_STAT_H 1
| #define HAVE_STDLIB_H 1
| #define HAVE_STRING_H 1
| #define HAVE_MEMORY_H 1
| #define HAVE_STRINGS_H 1
| #define HAVE_INTTYPES_H 1
| #define HAVE_STDINT_H 1
| #define HAVE_UNISTD_H 1
| /* end confdefs.h.  */
| #include <minix/config.h>
configure:4308: result: no
configure:4308: checking for minix/config.h
configure:4308: result: no
configure:4329: checking whether it is safe to define __EXTENSIONS__
configure:4347: /usr/bin/gcc -c -O2 -I/home/jee/linux/armv7/ll/buildroot/output/host/include -I/home/jee/linux/armv7/ll/buildroot/output/host/include conftest.c >&5
configure:4347: $? = 0
configure:4354: result: yes
configure:4368: checking whether __attribute__((visibility())) is supported
configure:4389: result: yes
configure:4405: checking whether byte ordering is bigendian
configure:4420: /usr/bin/gcc -c -O2 -I/home/jee/linux/armv7/ll/buildroot/output/host/include -fvisibility=hidden -I/home/jee/linux/armv7/ll/buildroot/output/host/include conftest.c >&5
conftest.c:29:9: error: unknown type name 'not'
   29 |         not a universal capable compiler
      |         ^~~
conftest.c:29:15: error: expected '=', ',', ';', 'asm' or '__attribute__' before 'universal'
   29 |         not a universal capable compiler
      |               ^~~~~~~~~
conftest.c:29:15: error: unknown type name 'universal'
configure:4420: $? = 1
configure: failed program was:
| /* confdefs.h */
| #define PACKAGE_NAME "acl"
| #define PACKAGE_TARNAME "acl"
| #define PACKAGE_VERSION "2.3.1"
| #define PACKAGE_STRING "acl 2.3.1"
| #define PACKAGE_BUGREPORT "acl-devel@nongnu.org"
| #define PACKAGE_URL ""
| #define PACKAGE "acl"
| #define VERSION "2.3.1"
| #define STDC_HEADERS 1
| #define HAVE_SYS_TYPES_H 1
| #define HAVE_SYS_STAT_H 1
| #define HAVE_STDLIB_H 1
| #define HAVE_STRING_H 1
| #define HAVE_MEMORY_H 1
| #define HAVE_STRINGS_H 1
| #define HAVE_INTTYPES_H 1
| #define HAVE_STDINT_H 1
| #define HAVE_UNISTD_H 1
| #define __EXTENSIONS__ 1
| #define _ALL_SOURCE 1
| #define _GNU_SOURCE 1
| #define _POSIX_PTHREAD_SEMANTICS 1
| #define _TANDEM_SOURCE 1
| #define HAVE_VISIBILITY_ATTRIBUTE /**/
| #define EXPORT __attribute__ ((visibility ("default"))) extern
| /* end confdefs.h.  */
| #ifndef __APPLE_CC__
| 	       not a universal capable compiler
| 	     #endif
| 	     typedef int dummy;
| 
configure:4465: /usr/bin/gcc -c -O2 -I/home/jee/linux/armv7/ll/buildroot/output/host/include -fvisibility=hidden -I/home/jee/linux/armv7/ll/buildroot/output/host/include conftest.c >&5
configure:4465: $? = 0
configure:4483: /usr/bin/gcc -c -O2 -I/home/jee/linux/armv7/ll/buildroot/output/host/include -fvisibility=hidden -I/home/jee/linux/armv7/ll/buildroot/output/host/include conftest.c >&5
conftest.c: In function 'main':
conftest.c:35:4: error: unknown type name 'not'; did you mean 'ino_t'?
   35 |    not big endian
      |    ^~~
      |    ino_t
conftest.c:35:12: error: expected '=', ',', ';', 'asm' or '__attribute__' before 'endian'
   35 |    not big endian
      |            ^~~~~~
configure:4483: $? = 1
configure: failed program was:
| /* confdefs.h */
| #define PACKAGE_NAME "acl"
| #define PACKAGE_TARNAME "acl"
| #define PACKAGE_VERSION "2.3.1"
| #define PACKAGE_STRING "acl 2.3.1"
| #define PACKAGE_BUGREPORT "acl-devel@nongnu.org"
| #define PACKAGE_URL ""
| #define PACKAGE "acl"
| #define VERSION "2.3.1"
| #define STDC_HEADERS 1
| #define HAVE_SYS_TYPES_H 1
| #define HAVE_SYS_STAT_H 1
| #define HAVE_STDLIB_H 1
| #define HAVE_STRING_H 1
| #define HAVE_MEMORY_H 1
| #define HAVE_STRINGS_H 1
| #define HAVE_INTTYPES_H 1
| #define HAVE_STDINT_H 1
| #define HAVE_UNISTD_H 1
| #define __EXTENSIONS__ 1
| #define _ALL_SOURCE 1
| #define _GNU_SOURCE 1
| #define _POSIX_PTHREAD_SEMANTICS 1
| #define _TANDEM_SOURCE 1
| #define HAVE_VISIBILITY_ATTRIBUTE /**/
| #define EXPORT __attribute__ ((visibility ("default"))) extern
| /* end confdefs.h.  */
| #include <sys/types.h>
| 		#include <sys/param.h>
| 
| int
| main ()
| {
| #if BYTE_ORDER != BIG_ENDIAN
| 		 not big endian
| 		#endif
| 
|   ;
|   return 0;
| }
configure:4611: result: no
configure:4636: checking for special C compiler options needed for large files
configure:4681: result: no
configure:4687: checking for _FILE_OFFSET_BITS value needed for large files
configure:4712: /usr/bin/gcc -c -O2 -I/home/jee/linux/armv7/ll/buildroot/output/host/include -fvisibility=hidden -I/home/jee/linux/armv7/ll/buildroot/output/host/include conftest.c >&5
configure:4712: $? = 0
configure:4744: result: no
configure:4932: checking the archiver (/usr/bin/ar) interface
configure:4948: /usr/bin/gcc -c -O2 -I/home/jee/linux/armv7/ll/buildroot/output/host/include -fvisibility=hidden -I/home/jee/linux/armv7/ll/buildroot/output/host/include conftest.c >&5
configure:4948: $? = 0
configure:4950: /usr/bin/ar cru libconftest.a conftest.o >&5
/usr/bin/ar: `u' modifier ignored since `D' is the default (see `U')
configure:4953: $? = 0
configure:4952: result: ar
configure:5001: checking build system type
configure:5015: result: x86_64-pc-linux-gnu
configure:5035: checking host system type
configure:5048: result: x86_64-pc-linux-gnu
configure:5089: checking how to print strings
configure:5116: result: printf
configure:5137: checking for a sed that does not truncate output
configure:5201: result: /usr/bin/sed
configure:5219: checking for fgrep
configure:5281: result: /usr/bin/grep -F
configure:5316: checking for ld used by /usr/bin/gcc
configure:5383: result: /usr/bin/ld
configure:5390: checking if the linker (/usr/bin/ld) is GNU ld
configure:5405: result: yes
configure:5417: checking for BSD- or MS-compatible name lister (nm)
configure:5471: result: /usr/bin/nm
configure:5601: checking the name lister (/usr/bin/nm) interface
configure:5608: /usr/bin/gcc -c -O2 -I/home/jee/linux/armv7/ll/buildroot/output/host/include -fvisibility=hidden -I/home/jee/linux/armv7/ll/buildroot/output/host/include conftest.c >&5
configure:5611: /usr/bin/nm "conftest.o"
configure:5614: output
0000000000000000 B some_variable
configure:5615: result: BSD nm
configure:5618: checking whether ln -s works
configure:5622: result: yes
configure:5630: checking the maximum length of command line arguments
configure:5761: result: 1572864
configure:5809: checking how to convert x86_64-pc-linux-gnu file names to x86_64-pc-linux-gnu format
configure:5849: result: func_convert_file_noop
configure:5856: checking how to convert x86_64-pc-linux-gnu file names to toolchain format
configure:5876: result: func_convert_file_noop
configure:5883: checking for /usr/bin/ld option to reload object files
configure:5890: result: -r
configure:5964: checking for objdump
configure:5980: found /usr/bin/objdump
configure:5991: result: objdump
configure:6023: checking how to recognize dependent libraries
configure:6223: result: pass_all
configure:6308: checking for dlltool
configure:6338: result: no
configure:6368: checking how to associate runtime and link libraries
configure:6395: result: printf %s\n
configure:6519: checking for archiver @FILE support
configure:6536: /usr/bin/gcc -c -O2 -I/home/jee/linux/armv7/ll/buildroot/output/host/include -fvisibility=hidden -I/home/jee/linux/armv7/ll/buildroot/output/host/include conftest.c >&5
configure:6536: $? = 0
configure:6539: /usr/bin/ar cru libconftest.a @conftest.lst >&5
/usr/bin/ar: `u' modifier ignored since `D' is the default (see `U')
configure:6542: $? = 0
configure:6547: /usr/bin/ar cru libconftest.a @conftest.lst >&5
/usr/bin/ar: `u' modifier ignored since `D' is the default (see `U')
/usr/bin/ar: conftest.o: No such file or directory
configure:6550: $? = 1
configure:6549: result: @
configure:6607: checking for strip
configure:6623: found /usr/bin/strip
configure:6634: result: strip
configure:6706: checking for ranlib
configure:6733: result: /usr/bin/ranlib
configure:6835: checking command to parse /usr/bin/nm output from /usr/bin/gcc object
configure:6988: /usr/bin/gcc -c -O2 -I/home/jee/linux/armv7/ll/buildroot/output/host/include -fvisibility=hidden -I/home/jee/linux/armv7/ll/buildroot/output/host/include conftest.c >&5
configure:6991: $? = 0
configure:6995: /usr/bin/nm conftest.o \| sed -n -e 's/^.*[ ]\([ABCDGIRSTW][ABCDGIRSTW]*\)[ ][ ]*\([_A-Za-z][_A-Za-z0-9]*\)$/\1 \2 \2/p' | sed '/ __gnu_lto/d' \> conftest.nm
configure:6998: $? = 0
configure:7064: /usr/bin/gcc -o conftest -O2 -I/home/jee/linux/armv7/ll/buildroot/output/host/include -fvisibility=hidden -I/home/jee/linux/armv7/ll/buildroot/output/host/include -L/home/jee/linux/armv7/ll/buildroot/output/host/lib -Wl,-rpath,/home/jee/linux/armv7/ll/buildroot/output/host/lib conftest.c conftstm.o >&5
configure:7067: $? = 0
configure:7105: result: ok
configure:7152: checking for sysroot
configure:7182: result: no
configure:7189: checking for a working dd
configure:7227: result: /usr/bin/dd
configure:7231: checking how to truncate binary pipes
configure:7246: result: /usr/bin/dd bs=4096 count=1
configure:7382: /usr/bin/gcc -c -O2 -I/home/jee/linux/armv7/ll/buildroot/output/host/include -fvisibility=hidden -I/home/jee/linux/armv7/ll/buildroot/output/host/include conftest.c >&5
configure:7385: $? = 0
configure:7575: checking for mt
configure:7591: found /usr/bin/mt
configure:7602: result: mt
configure:7625: checking if mt is a manifest tool
configure:7631: mt '-?'
configure:7639: result: no
configure:8313: checking for dlfcn.h
configure:8313: /usr/bin/gcc -c -O2 -I/home/jee/linux/armv7/ll/buildroot/output/host/include -fvisibility=hidden -I/home/jee/linux/armv7/ll/buildroot/output/host/include conftest.c >&5
configure:8313: $? = 0
configure:8313: result: yes
configure:8569: checking for objdir
configure:8584: result: .libs
configure:8848: checking if /usr/bin/gcc supports -fno-rtti -fno-exceptions
configure:8866: /usr/bin/gcc -c -O2 -I/home/jee/linux/armv7/ll/buildroot/output/host/include -fvisibility=hidden -I/home/jee/linux/armv7/ll/buildroot/output/host/include -fno-rtti -fno-exceptions conftest.c >&5
cc1: warning: command line option '-fno-rtti' is valid for C++/D/ObjC++ but not for C
configure:8870: $? = 0
configure:8883: result: no
configure:9241: checking for /usr/bin/gcc option to produce PIC
configure:9248: result: -fPIC -DPIC
configure:9256: checking if /usr/bin/gcc PIC flag -fPIC -DPIC works
configure:9274: /usr/bin/gcc -c -O2 -I/home/jee/linux/armv7/ll/buildroot/output/host/include -fvisibility=hidden -I/home/jee/linux/armv7/ll/buildroot/output/host/include -fPIC -DPIC -DPIC conftest.c >&5
configure:9278: $? = 0
configure:9291: result: yes
configure:9320: checking if /usr/bin/gcc static flag -static works
configure:9348: result: yes
configure:9363: checking if /usr/bin/gcc supports -c -o file.o
configure:9384: /usr/bin/gcc -c -O2 -I/home/jee/linux/armv7/ll/buildroot/output/host/include -fvisibility=hidden -I/home/jee/linux/armv7/ll/buildroot/output/host/include -o out/conftest2.o conftest.c >&5
configure:9388: $? = 0
configure:9410: result: yes
configure:9418: checking if /usr/bin/gcc supports -c -o file.o
configure:9465: result: yes
configure:9498: checking whether the /usr/bin/gcc linker (/usr/bin/ld -m elf_x86_64) supports shared libraries
configure:10757: result: yes
configure:10794: checking whether -lc should be explicitly linked in
configure:10802: /usr/bin/gcc -c -O2 -I/home/jee/linux/armv7/ll/buildroot/output/host/include -fvisibility=hidden -I/home/jee/linux/armv7/ll/buildroot/output/host/include conftest.c >&5
configure:10805: $? = 0
configure:10820: /usr/bin/gcc -shared  -fPIC -DPIC conftest.o  -v -Wl,-soname -Wl,conftest -o conftest 2\>\&1 \| /usr/bin/grep  -lc  \>/dev/null 2\>\&1
configure:10823: $? = 0
configure:10837: result: no
configure:10997: checking dynamic linker characteristics
configure:11578: /usr/bin/gcc -o conftest -O2 -I/home/jee/linux/armv7/ll/buildroot/output/host/include -fvisibility=hidden -I/home/jee/linux/armv7/ll/buildroot/output/host/include -L/home/jee/linux/armv7/ll/buildroot/output/host/lib -Wl,-rpath,/home/jee/linux/armv7/ll/buildroot/output/host/lib -Wl,-rpath -Wl,/foo conftest.c  >&5
configure:11578: $? = 0
configure:11818: result: GNU/Linux ld.so
configure:11940: checking how to hardcode library paths into programs
configure:11965: result: immediate
configure:12513: checking whether stripping libraries is possible
configure:12518: result: yes
configure:12553: checking if libtool supports shared libraries
configure:12555: result: yes
configure:12558: checking whether to build shared libraries
configure:12583: result: yes
configure:12586: checking whether to build static libraries
configure:12590: result: no
configure:9419: checking whether NLS is requested
configure:9428: result: no
configure:9468: checking for msgfmt
configure: trying /usr/bin/msgfmt...
0 translated messages.
configure:9500: result: /usr/bin/msgfmt
configure:9509: checking for gmsgfmt
configure:9540: result: /usr/bin/msgfmt
configure:9590: checking for xgettext
configure: trying /usr/bin/xgettext...
/usr/bin/xgettext: warning: file '/dev/null' extension '' is unknown; will try C
configure:9622: result: /usr/bin/xgettext
configure:9667: checking for msgmerge
configure: trying /usr/bin/msgmerge...
configure:9698: result: /usr/bin/msgmerge
configure:9756: checking for ld used by /usr/bin/gcc
configure:9823: result: /usr/bin/ld -m elf_x86_64
configure:9830: checking if the linker (/usr/bin/ld -m elf_x86_64) is GNU ld
configure:9845: result: yes
configure:9852: checking for shared library run path origin
configure:9865: result: done
configure:10437: checking for CFPreferencesCopyAppValue
configure:10455: /usr/bin/gcc -o conftest -O2 -I/home/jee/linux/armv7/ll/buildroot/output/host/include -fvisibility=hidden -I/home/jee/linux/armv7/ll/buildroot/output/host/include -L/home/jee/linux/armv7/ll/buildroot/output/host/lib -Wl,-rpath,/home/jee/linux/armv7/ll/buildroot/output/host/lib conftest.c  -Wl,-framework -Wl,CoreFoundation >&5
conftest.c:30:10: fatal error: CoreFoundation/CFPreferences.h: No such file or directory
   30 | #include <CoreFoundation/CFPreferences.h>
      |          ^~~~~~~~~~~~~~~~~~~~~~~~~~~~~~~~
compilation terminated.
configure:10455: $? = 1
configure: failed program was:
| /* confdefs.h */
| #define PACKAGE_NAME "acl"
| #define PACKAGE_TARNAME "acl"
| #define PACKAGE_VERSION "2.3.1"
| #define PACKAGE_STRING "acl 2.3.1"
| #define PACKAGE_BUGREPORT "acl-devel@nongnu.org"
| #define PACKAGE_URL ""
| #define PACKAGE "acl"
| #define VERSION "2.3.1"
| #define STDC_HEADERS 1
| #define HAVE_SYS_TYPES_H 1
| #define HAVE_SYS_STAT_H 1
| #define HAVE_STDLIB_H 1
| #define HAVE_STRING_H 1
| #define HAVE_MEMORY_H 1
| #define HAVE_STRINGS_H 1
| #define HAVE_INTTYPES_H 1
| #define HAVE_STDINT_H 1
| #define HAVE_UNISTD_H 1
| #define __EXTENSIONS__ 1
| #define _ALL_SOURCE 1
| #define _GNU_SOURCE 1
| #define _POSIX_PTHREAD_SEMANTICS 1
| #define _TANDEM_SOURCE 1
| #define HAVE_VISIBILITY_ATTRIBUTE /**/
| #define EXPORT __attribute__ ((visibility ("default"))) extern
| #define HAVE_DLFCN_H 1
| #define LT_OBJDIR ".libs/"
| /* end confdefs.h.  */
| #include <CoreFoundation/CFPreferences.h>
| int
| main ()
| {
| CFPreferencesCopyAppValue(NULL, NULL)
|   ;
|   return 0;
| }
configure:10464: result: no
configure:10471: checking for CFLocaleCopyCurrent
configure:10489: /usr/bin/gcc -o conftest -O2 -I/home/jee/linux/armv7/ll/buildroot/output/host/include -fvisibility=hidden -I/home/jee/linux/armv7/ll/buildroot/output/host/include -L/home/jee/linux/armv7/ll/buildroot/output/host/lib -Wl,-rpath,/home/jee/linux/armv7/ll/buildroot/output/host/lib conftest.c  -Wl,-framework -Wl,CoreFoundation >&5
conftest.c:30:10: fatal error: CoreFoundation/CFLocale.h: No such file or directory
   30 | #include <CoreFoundation/CFLocale.h>
      |          ^~~~~~~~~~~~~~~~~~~~~~~~~~~
compilation terminated.
configure:10489: $? = 1
configure: failed program was:
| /* confdefs.h */
| #define PACKAGE_NAME "acl"
| #define PACKAGE_TARNAME "acl"
| #define PACKAGE_VERSION "2.3.1"
| #define PACKAGE_STRING "acl 2.3.1"
| #define PACKAGE_BUGREPORT "acl-devel@nongnu.org"
| #define PACKAGE_URL ""
| #define PACKAGE "acl"
| #define VERSION "2.3.1"
| #define STDC_HEADERS 1
| #define HAVE_SYS_TYPES_H 1
| #define HAVE_SYS_STAT_H 1
| #define HAVE_STDLIB_H 1
| #define HAVE_STRING_H 1
| #define HAVE_MEMORY_H 1
| #define HAVE_STRINGS_H 1
| #define HAVE_INTTYPES_H 1
| #define HAVE_STDINT_H 1
| #define HAVE_UNISTD_H 1
| #define __EXTENSIONS__ 1
| #define _ALL_SOURCE 1
| #define _GNU_SOURCE 1
| #define _POSIX_PTHREAD_SEMANTICS 1
| #define _TANDEM_SOURCE 1
| #define HAVE_VISIBILITY_ATTRIBUTE /**/
| #define EXPORT __attribute__ ((visibility ("default"))) extern
| #define HAVE_DLFCN_H 1
| #define LT_OBJDIR ".libs/"
| /* end confdefs.h.  */
| #include <CoreFoundation/CFLocale.h>
| int
| main ()
| {
| CFLocaleCopyCurrent();
|   ;
|   return 0;
| }
configure:10498: result: no
configure:11408: checking whether to use NLS
configure:11410: result: no
configure:11503: checking attr/error_context.h usability
configure:11503: /usr/bin/gcc -c -O2 -I/home/jee/linux/armv7/ll/buildroot/output/host/include -fvisibility=hidden -I/home/jee/linux/armv7/ll/buildroot/output/host/include -DNDEBUG conftest.c >&5
configure:11503: $? = 0
configure:11503: result: yes
configure:11503: checking attr/error_context.h presence
configure:11503: /usr/bin/cpp -I/home/jee/linux/armv7/ll/buildroot/output/host/include -DNDEBUG conftest.c
configure:11503: $? = 0
configure:11503: result: yes
configure:11503: checking for attr/error_context.h
configure:11503: result: yes
configure:11521: checking for getxattr in -lattr
configure:11546: /usr/bin/gcc -o conftest -O2 -I/home/jee/linux/armv7/ll/buildroot/output/host/include -fvisibility=hidden -I/home/jee/linux/armv7/ll/buildroot/output/host/include -DNDEBUG -L/home/jee/linux/armv7/ll/buildroot/output/host/lib -Wl,-rpath,/home/jee/linux/armv7/ll/buildroot/output/host/lib conftest.c -lattr   >&5
configure:11546: $? = 0
configure:11555: result: yes
configure:11687: checking that generated files are newer than configure
configure:11693: result: done
configure:11717: creating ./config.status

## ---------------------- ##
## Running config.status. ##
## ---------------------- ##

This file was extended by acl config.status 2.3.1, which was
generated by GNU Autoconf 2.69.  Invocation command line was

  CONFIG_FILES    = 
  CONFIG_HEADERS  = 
  CONFIG_LINKS    = 
  CONFIG_COMMANDS = 
  $ ./config.status 

on jee-virtual-machine

config.status:1119: creating libacl.pc
config.status:1119: creating Makefile
config.status:1119: creating po/Makefile.in
config.status:1119: creating include/config.h
config.status:1348: executing depfiles commands
config.status:1348: executing libtool commands
config.status:1348: executing po-directories commands
config.status:1348: executing include/acl commands
config.status:1348: executing include/sys commands
configure:13989: WARNING: unrecognized options: --disable-gtk-doc, --disable-gtk-doc-html, --disable-doc, --disable-docs, --disable-documentation, --with-xmlto, --with-fop

## ---------------- ##
## Cache variables. ##
## ---------------- ##

ac_cv_build=x86_64-pc-linux-gnu
ac_cv_c_bigendian=no
ac_cv_c_compiler_gnu=yes
ac_cv_env_CC_set=set
ac_cv_env_CC_value=/usr/bin/gcc
ac_cv_env_CFLAGS_set=set
ac_cv_env_CFLAGS_value='-O2 -I/home/jee/linux/armv7/ll/buildroot/output/host/include'
ac_cv_env_CPPFLAGS_set=set
ac_cv_env_CPPFLAGS_value=-I/home/jee/linux/armv7/ll/buildroot/output/host/include
ac_cv_env_CPP_set=set
ac_cv_env_CPP_value=/usr/bin/cpp
ac_cv_env_LDFLAGS_set=set
ac_cv_env_LDFLAGS_value='-L/home/jee/linux/armv7/ll/buildroot/output/host/lib -Wl,-rpath,/home/jee/linux/armv7/ll/buildroot/output/host/lib'
ac_cv_env_LIBS_set=
ac_cv_env_LIBS_value=
ac_cv_env_LT_SYS_LIBRARY_PATH_set=
ac_cv_env_LT_SYS_LIBRARY_PATH_value=
ac_cv_env_build_alias_set=
ac_cv_env_build_alias_value=
ac_cv_env_host_alias_set=
ac_cv_env_host_alias_value=
ac_cv_env_target_alias_set=
ac_cv_env_target_alias_value=
ac_cv_header_attr_error_context_h=yes
ac_cv_header_dlfcn_h=yes
ac_cv_header_inttypes_h=yes
ac_cv_header_memory_h=yes
ac_cv_header_minix_config_h=no
ac_cv_header_stdc=yes
ac_cv_header_stdint_h=yes
ac_cv_header_stdlib_h=yes
ac_cv_header_string_h=yes
ac_cv_header_strings_h=yes
ac_cv_header_sys_stat_h=yes
ac_cv_header_sys_types_h=yes
ac_cv_header_unistd_h=yes
ac_cv_host=x86_64-pc-linux-gnu
ac_cv_lib_attr_getxattr=yes
ac_cv_objext=o
ac_cv_path_EGREP='/usr/bin/grep -E'
ac_cv_path_FGREP='/usr/bin/grep -F'
ac_cv_path_GMSGFMT=/usr/bin/msgfmt
ac_cv_path_GREP=/usr/bin/grep
ac_cv_path_MSGFMT=/usr/bin/msgfmt
ac_cv_path_MSGMERGE=/usr/bin/msgmerge
ac_cv_path_SED=/usr/bin/sed
ac_cv_path_XGETTEXT=/usr/bin/xgettext
ac_cv_path_install='/usr/bin/install -c'
ac_cv_path_lt_DD=/usr/bin/dd
ac_cv_path_mkdir=/usr/bin/mkdir
ac_cv_prog_AWK=gawk
ac_cv_prog_CPP=/usr/bin/cpp
ac_cv_prog_ac_ct_CC=/usr/bin/gcc
ac_cv_prog_ac_ct_MANIFEST_TOOL=mt
ac_cv_prog_ac_ct_OBJDUMP=objdump
ac_cv_prog_ac_ct_RANLIB=/usr/bin/ranlib
ac_cv_prog_ac_ct_STRIP=strip
ac_cv_prog_cc_c89=
ac_cv_prog_cc_g=yes
ac_cv_prog_make_make_set=yes
ac_cv_safe_to_define___extensions__=yes
ac_cv_sys_file_offset_bits=no
ac_cv_sys_largefile_CC=no
acl_cv_hardcode_direct=no
acl_cv_hardcode_libdir_flag_spec='${wl}-rpath ${wl}$libdir'
acl_cv_hardcode_libdir_separator=
acl_cv_hardcode_minus_L=no
acl_cv_libext=a
acl_cv_libname_spec='lib$name'
acl_cv_library_names_spec='$libname$shrext'
acl_cv_path_LD='/usr/bin/ld -m elf_x86_64'
acl_cv_prog_gnu_ld=yes
acl_cv_rpath=done
acl_cv_shlibext=so
acl_cv_wl=-Wl,
am_cv_CC_dependencies_compiler_type=none
am_cv_ar_interface=ar
am_cv_make_support_nested_variables=yes
am_cv_prog_cc_c_o=yes
gt_cv_func_CFLocaleCopyCurrent=no
gt_cv_func_CFPreferencesCopyAppValue=no
libc_cv_visibility_attribute=yes
lt_cv_ar_at_file=@
lt_cv_archive_cmds_need_lc=no
lt_cv_deplibs_check_method=pass_all
lt_cv_file_magic_cmd='$MAGIC_CMD'
lt_cv_file_magic_test_file=
lt_cv_ld_reload_flag=-r
lt_cv_nm_interface='BSD nm'
lt_cv_objdir=.libs
lt_cv_path_LD=/usr/bin/ld
lt_cv_path_NM=/usr/bin/nm
lt_cv_path_mainfest_tool=no
lt_cv_prog_compiler_c_o=yes
lt_cv_prog_compiler_pic='-fPIC -DPIC'
lt_cv_prog_compiler_pic_works=yes
lt_cv_prog_compiler_rtti_exceptions=no
lt_cv_prog_compiler_static_works=yes
lt_cv_prog_gnu_ld=yes
lt_cv_sharedlib_from_linklib_cmd='printf %s\n'
lt_cv_shlibpath_overrides_runpath=yes
lt_cv_sys_global_symbol_pipe='sed -n -e '\''s/^.*[	 ]\([ABCDGIRSTW][ABCDGIRSTW]*\)[	 ][	 ]*\([_A-Za-z][_A-Za-z0-9]*\)$/\1 \2 \2/p'\'' | sed '\''/ __gnu_lto/d'\'''
lt_cv_sys_global_symbol_to_c_name_address='sed -n -e '\''s/^: \(.*\) .*$/  {"\1", (void *) 0},/p'\'' -e '\''s/^[ABCDGIRSTW][ABCDGIRSTW]* .* \(.*\)$/  {"\1", (void *) \&\1},/p'\'''
lt_cv_sys_global_symbol_to_c_name_address_lib_prefix='sed -n -e '\''s/^: \(.*\) .*$/  {"\1", (void *) 0},/p'\'' -e '\''s/^[ABCDGIRSTW][ABCDGIRSTW]* .* \(lib.*\)$/  {"\1", (void *) \&\1},/p'\'' -e '\''s/^[ABCDGIRSTW][ABCDGIRSTW]* .* \(.*\)$/  {"lib\1", (void *) \&\1},/p'\'''
lt_cv_sys_global_symbol_to_cdecl='sed -n -e '\''s/^T .* \(.*\)$/extern int \1();/p'\'' -e '\''s/^[ABCDGIRSTW][ABCDGIRSTW]* .* \(.*\)$/extern char \1;/p'\'''
lt_cv_sys_global_symbol_to_import=
lt_cv_sys_max_cmd_len=1572864
lt_cv_to_host_file_cmd=func_convert_file_noop
lt_cv_to_tool_file_cmd=func_convert_file_noop
lt_cv_truncate_bin='/usr/bin/dd bs=4096 count=1'

## ----------------- ##
## Output variables. ##
## ----------------- ##

ACLOCAL='${SHELL} /home/jee/linux/armv7/ll/buildroot/output/build/host-acl-2.3.1/build-aux/missing aclocal-1.16'
AMDEPBACKSLASH=''
AMDEP_FALSE=''
AMDEP_TRUE='#'
AMTAR='$${TAR-tar}'
AM_BACKSLASH='\'
AM_DEFAULT_V='$(AM_DEFAULT_VERBOSITY)'
AM_DEFAULT_VERBOSITY='0'
AM_V='$(V)'
AR='/usr/bin/ar'
AUTOCONF='${SHELL} /home/jee/linux/armv7/ll/buildroot/output/build/host-acl-2.3.1/build-aux/missing autoconf'
AUTOHEADER='${SHELL} /home/jee/linux/armv7/ll/buildroot/output/build/host-acl-2.3.1/build-aux/missing autoheader'
AUTOMAKE='${SHELL} /home/jee/linux/armv7/ll/buildroot/output/build/host-acl-2.3.1/build-aux/missing automake-1.16'
AWK='gawk'
CC='/usr/bin/gcc'
CCDEPMODE='depmode=none'
CFLAGS='-O2 -I/home/jee/linux/armv7/ll/buildroot/output/host/include -fvisibility=hidden'
CPP='/usr/bin/cpp'
CPPFLAGS='-I/home/jee/linux/armv7/ll/buildroot/output/host/include -DNDEBUG'
CYGPATH_W='echo'
DEFS='-DHAVE_CONFIG_H'
DEPDIR='.deps'
DLLTOOL='false'
DSYMUTIL=''
DUMPBIN=''
ECHO_C=''
ECHO_N='-n'
ECHO_T=''
EGREP='/usr/bin/grep -E'
EXEEXT=''
FGREP='/usr/bin/grep -F'
GETTEXT_MACRO_VERSION='0.18'
GMSGFMT='/usr/bin/msgfmt'
GMSGFMT_015='/usr/bin/msgfmt'
GREP='/usr/bin/grep'
INSTALL_DATA='${INSTALL} -m 644'
INSTALL_PROGRAM='${INSTALL}'
INSTALL_SCRIPT='${INSTALL}'
INSTALL_STRIP_PROGRAM='$(install_sh) -c -s'
INTLLIBS=''
INTL_MACOSX_LIBS=''
LD='/usr/bin/ld -m elf_x86_64'
LDFLAGS='-L/home/jee/linux/armv7/ll/buildroot/output/host/lib -Wl,-rpath,/home/jee/linux/armv7/ll/buildroot/output/host/lib'
LIBICONV='-liconv'
LIBINTL=''
LIBOBJS=''
LIBS='-lattr '
LIBTOOL='$(SHELL) $(top_builddir)/libtool'
LIPO=''
LN_S='ln -s'
LTLIBICONV='-liconv'
LTLIBINTL=''
LTLIBOBJS=''
LT_REVISION='2301'
LT_SYS_LIBRARY_PATH=''
MAKEINFO='${SHELL} /home/jee/linux/armv7/ll/buildroot/output/build/host-acl-2.3.1/build-aux/missing makeinfo'
MANIFEST_TOOL=':'
MKDIR_P='/usr/bin/mkdir -p'
MSGFMT='/usr/bin/msgfmt'
MSGFMT_015='/usr/bin/msgfmt'
MSGMERGE='/usr/bin/msgmerge'
NM='/usr/bin/nm'
NMEDIT=''
OBJDUMP='objdump'
OBJEXT='o'
OTOOL64=''
OTOOL=''
PACKAGE='acl'
PACKAGE_BUGREPORT='acl-devel@nongnu.org'
PACKAGE_NAME='acl'
PACKAGE_STRING='acl 2.3.1'
PACKAGE_TARNAME='acl'
PACKAGE_URL=''
PACKAGE_VERSION='2.3.1'
PATH_SEPARATOR=':'
POSUB=''
RANLIB='/usr/bin/ranlib'
SED='/usr/bin/sed'
SET_MAKE=''
SHELL='/bin/bash'
STRIP='strip'
USE_NLS='no'
VERSION='2.3.1'
XGETTEXT='/usr/bin/xgettext'
XGETTEXT_015='/usr/bin/xgettext'
XGETTEXT_EXTRA_OPTIONS=''
ac_ct_AR=''
ac_ct_CC='/usr/bin/gcc'
ac_ct_DUMPBIN=''
am__EXEEXT_FALSE=''
am__EXEEXT_TRUE='#'
am__fastdepCC_FALSE=''
am__fastdepCC_TRUE='#'
am__include='include'
am__isrc=''
am__leading_dot='.'
am__nodep=''
am__quote=''
am__tar='$${TAR-tar} chof - "$$tardir"'
am__untar='$${TAR-tar} xf -'
bindir='${exec_prefix}/bin'
build='x86_64-pc-linux-gnu'
build_alias=''
build_cpu='x86_64'
build_os='linux-gnu'
build_vendor='pc'
datadir='${datarootdir}'
datarootdir='${prefix}/share'
docdir='${datarootdir}/doc/${PACKAGE_TARNAME}'
dvidir='${docdir}'
exec_prefix='${prefix}'
host='x86_64-pc-linux-gnu'
host_alias=''
host_cpu='x86_64'
host_os='linux-gnu'
host_vendor='pc'
htmldir='${docdir}'
includedir='${prefix}/include'
infodir='${datarootdir}/info'
install_sh='${SHELL} /home/jee/linux/armv7/ll/buildroot/output/build/host-acl-2.3.1/build-aux/install-sh'
libattr='-lattr'
libdir='${exec_prefix}/lib'
libexecdir='${exec_prefix}/libexec'
localedir='${datarootdir}/locale'
localstatedir='/home/jee/linux/armv7/ll/buildroot/output/host/var'
mandir='${datarootdir}/man'
mkdir_p='$(MKDIR_P)'
oldincludedir='/usr/include'
pdfdir='${docdir}'
prefix='/home/jee/linux/armv7/ll/buildroot/output/host'
program_transform_name='s,x,x,'
psdir='${docdir}'
sbindir='${exec_prefix}/sbin'
sharedstatedir='${prefix}/com'
sysconfdir='/home/jee/linux/armv7/ll/buildroot/output/host/etc'
target_alias=''

## ----------- ##
## confdefs.h. ##
## ----------- ##

/* confdefs.h */
#define PACKAGE_NAME "acl"
#define PACKAGE_TARNAME "acl"
#define PACKAGE_VERSION "2.3.1"
#define PACKAGE_STRING "acl 2.3.1"
#define PACKAGE_BUGREPORT "acl-devel@nongnu.org"
#define PACKAGE_URL ""
#define PACKAGE "acl"
#define VERSION "2.3.1"
#define STDC_HEADERS 1
#define HAVE_SYS_TYPES_H 1
#define HAVE_SYS_STAT_H 1
#define HAVE_STDLIB_H 1
#define HAVE_STRING_H 1
#define HAVE_MEMORY_H 1
#define HAVE_STRINGS_H 1
#define HAVE_INTTYPES_H 1
#define HAVE_STDINT_H 1
#define HAVE_UNISTD_H 1
#define __EXTENSIONS__ 1
#define _ALL_SOURCE 1
#define _GNU_SOURCE 1
#define _POSIX_PTHREAD_SEMANTICS 1
#define _TANDEM_SOURCE 1
#define HAVE_VISIBILITY_ATTRIBUTE /**/
#define EXPORT __attribute__ ((visibility ("default"))) extern
#define HAVE_DLFCN_H 1
#define LT_OBJDIR ".libs/"
#define HAVE_ATTR_ERROR_CONTEXT_H 1
#define HAVE_LIBATTR 1

configure: exit 0
