This file contains any messages produced by compilers while
running configure, to aid debugging if configure makes a mistake.

It was created by GNU Libtool configure 2.4.6, which was
generated by GNU Autoconf 2.69.  Invocation command line was

  $ ./configure --prefix=/home/jee/linux/armv7/ll/buildroot/output/host --sysconfdir=/home/jee/linux/armv7/ll/buildroot/output/host/etc --localstatedir=/home/jee/linux/armv7/ll/buildroot/output/host/var --enable-shared --disable-static --disable-gtk-doc --disable-gtk-doc-html --disable-doc --disable-docs --disable-documentation --disable-debug --with-xmlto=no --with-fop=no --disable-nls --disable-dependency-tracking

## --------- ##
## Platform. ##
## --------- ##

hostname = jee-virtual-machine
uname -m = x86_64
uname -r = 5.15.0-86-generic
uname -s = Linux
uname -v = #96~20.04.1-Ubuntu SMP Thu Sep 21 13:23:37 UTC 2023

/usr/bin/uname -p = x86_64
/bin/uname -X     = unknown

/bin/arch              = x86_64
/usr/bin/arch -k       = unknown
/usr/convex/getsysinfo = unknown
/usr/bin/hostinfo      = unknown
/bin/machine           = unknown
/usr/bin/oslevel       = unknown
/bin/universe          = unknown

PATH: /home/jee/linux/armv7/ll/buildroot/output/host/bin
PATH: /home/jee/linux/armv7/ll/buildroot/output/host/sbin
PATH: /usr/local/sbin
PATH: /usr/local/bin
PATH: /usr/sbin
PATH: /usr/bin
PATH: /sbin
PATH: /bin
PATH: /snap/bin


## ----------- ##
## Core tests. ##
## ----------- ##

configure:2683: checking for GNU M4 that supports accurate traces
configure:2732: result: /home/jee/linux/armv7/ll/buildroot/output/host/bin/m4
configure:2735: checking whether /home/jee/linux/armv7/ll/buildroot/output/host/bin/m4 accepts --gnu
configure:2745: result: yes
configure:2762: checking how m4 supports trace files
configure:2772: result: --debugfile
configure:2799: checking for a BSD-compatible install
configure:2867: result: /usr/bin/install -c
configure:2878: checking whether build environment is sane
configure:2933: result: yes
configure:3082: checking for a thread-safe mkdir -p
configure:3121: result: /usr/bin/mkdir -p
configure:3128: checking for gawk
configure:3144: found /usr/bin/gawk
configure:3155: result: gawk
configure:3166: checking whether make sets $(MAKE)
configure:3188: result: yes
configure:3217: checking whether make supports nested variables
configure:3234: result: yes
configure:3371: checking whether make supports nested variables
configure:3388: result: yes
configure:3413: checking build system type
configure:3427: result: x86_64-pc-linux-gnu
configure:3447: checking host system type
configure:3460: result: x86_64-pc-linux-gnu
configure:3487: autobuild project... GNU Libtool
configure:3493: autobuild revision... 2.4.6
configure:3498: autobuild hostname... jee-virtual-machine
configure:3502: autobuild mode... default
configure:3510: autobuild timestamp... 20231024T083618Z
configure:3600: checking for gcc
configure:3627: result: /usr/bin/gcc
configure:3856: checking for C compiler version
configure:3865: /usr/bin/gcc --version >&5
gcc (Ubuntu 9.4.0-1ubuntu1~20.04.2) 9.4.0
Copyright (C) 2019 Free Software Foundation, Inc.
This is free software; see the source for copying conditions.  There is NO
warranty; not even for MERCHANTABILITY or FITNESS FOR A PARTICULAR PURPOSE.

configure:3876: $? = 0
configure:3865: /usr/bin/gcc -v >&5
Using built-in specs.
COLLECT_GCC=/usr/bin/gcc
COLLECT_LTO_WRAPPER=/usr/lib/gcc/x86_64-linux-gnu/9/lto-wrapper
OFFLOAD_TARGET_NAMES=nvptx-none:hsa
OFFLOAD_TARGET_DEFAULT=1
Target: x86_64-linux-gnu
Configured with: ../src/configure -v --with-pkgversion='Ubuntu 9.4.0-1ubuntu1~20.04.2' --with-bugurl=file:///usr/share/doc/gcc-9/README.Bugs --enable-languages=c,ada,c++,go,brig,d,fortran,objc,obj-c++,gm2 --prefix=/usr --with-gcc-major-version-only --program-suffix=-9 --program-prefix=x86_64-linux-gnu- --enable-shared --enable-linker-build-id --libexecdir=/usr/lib --without-included-gettext --enable-threads=posix --libdir=/usr/lib --enable-nls --enable-clocale=gnu --enable-libstdcxx-debug --enable-libstdcxx-time=yes --with-default-libstdcxx-abi=new --enable-gnu-unique-object --disable-vtable-verify --enable-plugin --enable-default-pie --with-system-zlib --with-target-system-zlib=auto --enable-objc-gc=auto --enable-multiarch --disable-werror --with-arch-32=i686 --with-abi=m64 --with-multilib-list=m32,m64,mx32 --enable-multilib --with-tune=generic --enable-offload-targets=nvptx-none=/build/gcc-9-9QDOt0/gcc-9-9.4.0/debian/tmp-nvptx/usr,hsa --without-cuda-driver --enable-checking=release --build=x86_64-linux-gnu --host=x86_64-linux-gnu --target=x86_64-linux-gnu
Thread model: posix
gcc version 9.4.0 (Ubuntu 9.4.0-1ubuntu1~20.04.2) 
configure:3876: $? = 0
configure:3865: /usr/bin/gcc -V >&5
gcc: error: unrecognized command line option '-V'
gcc: fatal error: no input files
compilation terminated.
configure:3876: $? = 1
configure:3865: /usr/bin/gcc -qversion >&5
gcc: error: unrecognized command line option '-qversion'; did you mean '--version'?
gcc: fatal error: no input files
compilation terminated.
configure:3876: $? = 1
configure:3896: checking whether the C compiler works
configure:3918: /usr/bin/gcc -O2 -I/home/jee/linux/armv7/ll/buildroot/output/host/include -I/home/jee/linux/armv7/ll/buildroot/output/host/include -L/home/jee/linux/armv7/ll/buildroot/output/host/lib -Wl,-rpath,/home/jee/linux/armv7/ll/buildroot/output/host/lib conftest.c  >&5
configure:3922: $? = 0
configure:3970: result: yes
configure:3973: checking for C compiler default output file name
configure:3975: result: a.out
configure:3981: checking for suffix of executables
configure:3988: /usr/bin/gcc -o conftest -O2 -I/home/jee/linux/armv7/ll/buildroot/output/host/include -I/home/jee/linux/armv7/ll/buildroot/output/host/include -L/home/jee/linux/armv7/ll/buildroot/output/host/lib -Wl,-rpath,/home/jee/linux/armv7/ll/buildroot/output/host/lib conftest.c  >&5
configure:3992: $? = 0
configure:4014: result: 
configure:4036: checking whether we are cross compiling
configure:4044: /usr/bin/gcc -o conftest -O2 -I/home/jee/linux/armv7/ll/buildroot/output/host/include -I/home/jee/linux/armv7/ll/buildroot/output/host/include -L/home/jee/linux/armv7/ll/buildroot/output/host/lib -Wl,-rpath,/home/jee/linux/armv7/ll/buildroot/output/host/lib conftest.c  >&5
configure:4048: $? = 0
configure:4055: ./conftest
configure:4059: $? = 0
configure:4047: result: no
configure:4052: checking for suffix of object files
configure:4074: /usr/bin/gcc -c -O2 -I/home/jee/linux/armv7/ll/buildroot/output/host/include -I/home/jee/linux/armv7/ll/buildroot/output/host/include conftest.c >&5
configure:4078: $? = 0
configure:4099: result: o
configure:4103: checking whether we are using the GNU C compiler
configure:4122: /usr/bin/gcc -c -O2 -I/home/jee/linux/armv7/ll/buildroot/output/host/include -I/home/jee/linux/armv7/ll/buildroot/output/host/include conftest.c >&5
configure:4122: $? = 0
configure:4131: result: yes
configure:4140: checking whether /usr/bin/gcc accepts -g
configure:4160: /usr/bin/gcc -c -g -I/home/jee/linux/armv7/ll/buildroot/output/host/include conftest.c >&5
configure:4160: $? = 0
configure:4201: result: yes
configure:4218: checking for /usr/bin/gcc option to accept ISO C89
configure:4281: /usr/bin/gcc  -c -O2 -I/home/jee/linux/armv7/ll/buildroot/output/host/include -I/home/jee/linux/armv7/ll/buildroot/output/host/include conftest.c >&5
configure:4281: $? = 0
configure:4294: result: none needed
configure:4319: checking whether /usr/bin/gcc understands -c and -o together
configure:4341: /usr/bin/gcc -c conftest.c -o conftest2.o
configure:4344: $? = 0
configure:4341: /usr/bin/gcc -c conftest.c -o conftest2.o
configure:4344: $? = 0
configure:4356: result: yes
configure:4384: checking for style of include used by make
configure:4412: result: GNU
configure:4438: checking dependency style of /usr/bin/gcc
configure:4549: result: none
configure:4570: checking how to run the C preprocessor
configure:4640: result: /usr/bin/cpp
configure:4660: /usr/bin/cpp -I/home/jee/linux/armv7/ll/buildroot/output/host/include conftest.c
configure:4660: $? = 0
configure:4674: /usr/bin/cpp -I/home/jee/linux/armv7/ll/buildroot/output/host/include conftest.c
conftest.c:11:10: fatal error: ac_nonexistent.h: No such file or directory
   11 | #include <ac_nonexistent.h>
      |          ^~~~~~~~~~~~~~~~~~
compilation terminated.
configure:4674: $? = 1
configure: failed program was:
| /* confdefs.h */
| #define PACKAGE_NAME "GNU Libtool"
| #define PACKAGE_TARNAME "libtool"
| #define PACKAGE_VERSION "2.4.6"
| #define PACKAGE_STRING "GNU Libtool 2.4.6"
| #define PACKAGE_BUGREPORT "bug-libtool@gnu.org"
| #define PACKAGE_URL "http://www.gnu.org/software/libtool/"
| #define PACKAGE "libtool"
| #define VERSION "2.4.6"
| /* end confdefs.h.  */
| #include <ac_nonexistent.h>
configure:4703: checking for grep that handles long lines and -e
configure:4761: result: /usr/bin/grep
configure:4766: checking for egrep
configure:4828: result: /usr/bin/grep -E
configure:4835: checking for Minix Amsterdam compiler
configure:4859: result: no
configure:5098: checking how to run the C preprocessor
configure:5168: result: /usr/bin/cpp
configure:5188: /usr/bin/cpp -I/home/jee/linux/armv7/ll/buildroot/output/host/include conftest.c
configure:5188: $? = 0
configure:5202: /usr/bin/cpp -I/home/jee/linux/armv7/ll/buildroot/output/host/include conftest.c
conftest.c:11:10: fatal error: ac_nonexistent.h: No such file or directory
   11 | #include <ac_nonexistent.h>
      |          ^~~~~~~~~~~~~~~~~~
compilation terminated.
configure:5202: $? = 1
configure: failed program was:
| /* confdefs.h */
| #define PACKAGE_NAME "GNU Libtool"
| #define PACKAGE_TARNAME "libtool"
| #define PACKAGE_VERSION "2.4.6"
| #define PACKAGE_STRING "GNU Libtool 2.4.6"
| #define PACKAGE_BUGREPORT "bug-libtool@gnu.org"
| #define PACKAGE_URL "http://www.gnu.org/software/libtool/"
| #define PACKAGE "libtool"
| #define VERSION "2.4.6"
| /* end confdefs.h.  */
| #include <ac_nonexistent.h>
configure:5280: checking how to print strings
configure:5307: result: printf
configure:5328: checking for a sed that does not truncate output
configure:5392: result: /usr/bin/sed
configure:5410: checking for fgrep
configure:5472: result: /usr/bin/grep -F
configure:5507: checking for ld used by /usr/bin/gcc
configure:5574: result: /usr/bin/ld
configure:5581: checking if the linker (/usr/bin/ld) is GNU ld
configure:5596: result: yes
configure:5608: checking for BSD- or MS-compatible name lister (nm)
configure:5662: result: /usr/bin/nm
configure:5792: checking the name lister (/usr/bin/nm) interface
configure:5799: /usr/bin/gcc -c -O2 -I/home/jee/linux/armv7/ll/buildroot/output/host/include -I/home/jee/linux/armv7/ll/buildroot/output/host/include conftest.c >&5
configure:5802: /usr/bin/nm "conftest.o"
configure:5805: output
0000000000000000 B some_variable
configure:5806: result: BSD nm
configure:5809: checking whether ln -s works
configure:5813: result: yes
configure:5821: checking the maximum length of command line arguments
configure:5952: result: 1572864
configure:6000: checking how to convert x86_64-pc-linux-gnu file names to x86_64-pc-linux-gnu format
configure:6040: result: func_convert_file_noop
configure:6047: checking how to convert x86_64-pc-linux-gnu file names to toolchain format
configure:6067: result: func_convert_file_noop
configure:6074: checking for /usr/bin/ld option to reload object files
configure:6081: result: -r
configure:6155: checking for objdump
configure:6171: found /usr/bin/objdump
configure:6182: result: objdump
configure:6211: checking how to recognize dependent libraries
configure:6411: result: pass_all
configure:6496: checking for dlltool
configure:6526: result: no
configure:6553: checking how to associate runtime and link libraries
configure:6580: result: printf %s\n
configure:6704: checking for archiver @FILE support
configure:6721: /usr/bin/gcc -c -O2 -I/home/jee/linux/armv7/ll/buildroot/output/host/include -I/home/jee/linux/armv7/ll/buildroot/output/host/include conftest.c >&5
configure:6721: $? = 0
configure:6724: /usr/bin/ar cru libconftest.a @conftest.lst >&5
/usr/bin/ar: `u' modifier ignored since `D' is the default (see `U')
configure:6727: $? = 0
configure:6732: /usr/bin/ar cru libconftest.a @conftest.lst >&5
/usr/bin/ar: `u' modifier ignored since `D' is the default (see `U')
/usr/bin/ar: conftest.o: No such file or directory
configure:6735: $? = 1
configure:6734: result: @
configure:6792: checking for strip
configure:6808: found /usr/bin/strip
configure:6819: result: strip
configure:6891: checking for ranlib
configure:6918: result: /usr/bin/ranlib
configure:7020: checking command to parse /usr/bin/nm output from /usr/bin/gcc object
configure:7173: /usr/bin/gcc -c -O2 -I/home/jee/linux/armv7/ll/buildroot/output/host/include -I/home/jee/linux/armv7/ll/buildroot/output/host/include conftest.c >&5
configure:7176: $? = 0
configure:7180: /usr/bin/nm conftest.o \| sed -n -e 's/^.*[ ]\([ABCDGIRSTW][ABCDGIRSTW]*\)[ ][ ]*\([_A-Za-z][_A-Za-z0-9]*\)$/\1 \2 \2/p' | sed '/ __gnu_lto/d' \> conftest.nm
configure:7183: $? = 0
configure:7249: /usr/bin/gcc -o conftest -O2 -I/home/jee/linux/armv7/ll/buildroot/output/host/include -I/home/jee/linux/armv7/ll/buildroot/output/host/include -L/home/jee/linux/armv7/ll/buildroot/output/host/lib -Wl,-rpath,/home/jee/linux/armv7/ll/buildroot/output/host/lib conftest.c conftstm.o >&5
configure:7252: $? = 0
configure:7290: result: ok
configure:7337: checking for sysroot
configure:7367: result: no
configure:7374: checking for a working dd
configure:7412: result: /usr/bin/dd
configure:7416: checking how to truncate binary pipes
configure:7431: result: /usr/bin/dd bs=4096 count=1
configure:7567: /usr/bin/gcc -c -O2 -I/home/jee/linux/armv7/ll/buildroot/output/host/include -I/home/jee/linux/armv7/ll/buildroot/output/host/include conftest.c >&5
configure:7570: $? = 0
configure:7760: checking for mt
configure:7776: found /usr/bin/mt
configure:7787: result: mt
configure:7810: checking if mt is a manifest tool
configure:7816: mt '-?'
configure:7824: result: no
configure:8496: checking for ANSI C header files
configure:8516: /usr/bin/gcc -c -O2 -I/home/jee/linux/armv7/ll/buildroot/output/host/include -I/home/jee/linux/armv7/ll/buildroot/output/host/include conftest.c >&5
configure:8516: $? = 0
configure:8589: /usr/bin/gcc -o conftest -O2 -I/home/jee/linux/armv7/ll/buildroot/output/host/include -I/home/jee/linux/armv7/ll/buildroot/output/host/include -L/home/jee/linux/armv7/ll/buildroot/output/host/lib -Wl,-rpath,/home/jee/linux/armv7/ll/buildroot/output/host/lib conftest.c  >&5
configure:8589: $? = 0
configure:8589: ./conftest
configure:8589: $? = 0
configure:8600: result: yes
configure:8613: checking for sys/types.h
configure:8613: /usr/bin/gcc -c -O2 -I/home/jee/linux/armv7/ll/buildroot/output/host/include -I/home/jee/linux/armv7/ll/buildroot/output/host/include conftest.c >&5
configure:8613: $? = 0
configure:8613: result: yes
configure:8613: checking for sys/stat.h
configure:8613: /usr/bin/gcc -c -O2 -I/home/jee/linux/armv7/ll/buildroot/output/host/include -I/home/jee/linux/armv7/ll/buildroot/output/host/include conftest.c >&5
configure:8613: $? = 0
configure:8613: result: yes
configure:8613: checking for stdlib.h
configure:8613: /usr/bin/gcc -c -O2 -I/home/jee/linux/armv7/ll/buildroot/output/host/include -I/home/jee/linux/armv7/ll/buildroot/output/host/include conftest.c >&5
configure:8613: $? = 0
configure:8613: result: yes
configure:8613: checking for string.h
configure:8613: /usr/bin/gcc -c -O2 -I/home/jee/linux/armv7/ll/buildroot/output/host/include -I/home/jee/linux/armv7/ll/buildroot/output/host/include conftest.c >&5
configure:8613: $? = 0
configure:8613: result: yes
configure:8613: checking for memory.h
configure:8613: /usr/bin/gcc -c -O2 -I/home/jee/linux/armv7/ll/buildroot/output/host/include -I/home/jee/linux/armv7/ll/buildroot/output/host/include conftest.c >&5
configure:8613: $? = 0
configure:8613: result: yes
configure:8613: checking for strings.h
configure:8613: /usr/bin/gcc -c -O2 -I/home/jee/linux/armv7/ll/buildroot/output/host/include -I/home/jee/linux/armv7/ll/buildroot/output/host/include conftest.c >&5
configure:8613: $? = 0
configure:8613: result: yes
configure:8613: checking for inttypes.h
configure:8613: /usr/bin/gcc -c -O2 -I/home/jee/linux/armv7/ll/buildroot/output/host/include -I/home/jee/linux/armv7/ll/buildroot/output/host/include conftest.c >&5
configure:8613: $? = 0
configure:8613: result: yes
configure:8613: checking for stdint.h
configure:8613: /usr/bin/gcc -c -O2 -I/home/jee/linux/armv7/ll/buildroot/output/host/include -I/home/jee/linux/armv7/ll/buildroot/output/host/include conftest.c >&5
configure:8613: $? = 0
configure:8613: result: yes
configure:8613: checking for unistd.h
configure:8613: /usr/bin/gcc -c -O2 -I/home/jee/linux/armv7/ll/buildroot/output/host/include -I/home/jee/linux/armv7/ll/buildroot/output/host/include conftest.c >&5
configure:8613: $? = 0
configure:8613: result: yes
configure:8627: checking for dlfcn.h
configure:8627: /usr/bin/gcc -c -O2 -I/home/jee/linux/armv7/ll/buildroot/output/host/include -I/home/jee/linux/armv7/ll/buildroot/output/host/include conftest.c >&5
configure:8627: $? = 0
configure:8627: result: yes
configure:9180: checking for objdir
configure:9195: result: .libs
configure:9459: checking if /usr/bin/gcc supports -fno-rtti -fno-exceptions
configure:9477: /usr/bin/gcc -c -O2 -I/home/jee/linux/armv7/ll/buildroot/output/host/include -I/home/jee/linux/armv7/ll/buildroot/output/host/include -fno-rtti -fno-exceptions conftest.c >&5
cc1: warning: command line option '-fno-rtti' is valid for C++/D/ObjC++ but not for C
configure:9481: $? = 0
configure:9494: result: no
configure:9852: checking for /usr/bin/gcc option to produce PIC
configure:9859: result: -fPIC -DPIC
configure:9867: checking if /usr/bin/gcc PIC flag -fPIC -DPIC works
configure:9885: /usr/bin/gcc -c -O2 -I/home/jee/linux/armv7/ll/buildroot/output/host/include -I/home/jee/linux/armv7/ll/buildroot/output/host/include -fPIC -DPIC -DPIC conftest.c >&5
configure:9889: $? = 0
configure:9902: result: yes
configure:9931: checking if /usr/bin/gcc static flag -static works
configure:9959: result: yes
configure:9974: checking if /usr/bin/gcc supports -c -o file.o
configure:9995: /usr/bin/gcc -c -O2 -I/home/jee/linux/armv7/ll/buildroot/output/host/include -I/home/jee/linux/armv7/ll/buildroot/output/host/include -o out/conftest2.o conftest.c >&5
configure:9999: $? = 0
configure:10021: result: yes
configure:10029: checking if /usr/bin/gcc supports -c -o file.o
configure:10076: result: yes
configure:10109: checking whether the /usr/bin/gcc linker (/usr/bin/ld -m elf_x86_64) supports shared libraries
configure:11368: result: yes
configure:11405: checking whether -lc should be explicitly linked in
configure:11413: /usr/bin/gcc -c -O2 -I/home/jee/linux/armv7/ll/buildroot/output/host/include -I/home/jee/linux/armv7/ll/buildroot/output/host/include conftest.c >&5
configure:11416: $? = 0
configure:11431: /usr/bin/gcc -shared  -fPIC -DPIC conftest.o  -v -Wl,-soname -Wl,conftest -o conftest 2\>\&1 \| /usr/bin/grep  -lc  \>/dev/null 2\>\&1
configure:11434: $? = 0
configure:11448: result: no
configure:11608: checking dynamic linker characteristics
configure:12189: /usr/bin/gcc -o conftest -O2 -I/home/jee/linux/armv7/ll/buildroot/output/host/include -I/home/jee/linux/armv7/ll/buildroot/output/host/include -L/home/jee/linux/armv7/ll/buildroot/output/host/lib -Wl,-rpath,/home/jee/linux/armv7/ll/buildroot/output/host/lib -Wl,-rpath -Wl,/foo conftest.c  >&5
configure:12189: $? = 0
configure:12426: result: GNU/Linux ld.so
configure:12548: checking how to hardcode library paths into programs
configure:12573: result: immediate
configure:12675: checking for shl_load
configure:12675: /usr/bin/gcc -o conftest -O2 -I/home/jee/linux/armv7/ll/buildroot/output/host/include -I/home/jee/linux/armv7/ll/buildroot/output/host/include -L/home/jee/linux/armv7/ll/buildroot/output/host/lib -Wl,-rpath,/home/jee/linux/armv7/ll/buildroot/output/host/lib conftest.c  >&5
/usr/bin/ld: /tmp/ccSBwTef.o: in function `main':
conftest.c:(.text.startup+0xb): undefined reference to `shl_load'
collect2: error: ld returned 1 exit status
configure:12675: $? = 1
configure: failed program was:
| /* confdefs.h */
| #define PACKAGE_NAME "GNU Libtool"
| #define PACKAGE_TARNAME "libtool"
| #define PACKAGE_VERSION "2.4.6"
| #define PACKAGE_STRING "GNU Libtool 2.4.6"
| #define PACKAGE_BUGREPORT "bug-libtool@gnu.org"
| #define PACKAGE_URL "http://www.gnu.org/software/libtool/"
| #define PACKAGE "libtool"
| #define VERSION "2.4.6"
| #define STDC_HEADERS 1
| #define HAVE_SYS_TYPES_H 1
| #define HAVE_SYS_STAT_H 1
| #define HAVE_STDLIB_H 1
| #define HAVE_STRING_H 1
| #define HAVE_MEMORY_H 1
| #define HAVE_STRINGS_H 1
| #define HAVE_INTTYPES_H 1
| #define HAVE_STDINT_H 1
| #define HAVE_UNISTD_H 1
| #define HAVE_DLFCN_H 1
| #define LT_OBJDIR ".libs/"
| /* end confdefs.h.  */
| /* Define shl_load to an innocuous variant, in case <limits.h> declares shl_load.
|    For example, HP-UX 11i <limits.h> declares gettimeofday.  */
| #define shl_load innocuous_shl_load
| 
| /* System header to define __stub macros and hopefully few prototypes,
|     which can conflict with char shl_load (); below.
|     Prefer <limits.h> to <assert.h> if __STDC__ is defined, since
|     <limits.h> exists even on freestanding compilers.  */
| 
| #ifdef __STDC__
| # include <limits.h>
| #else
| # include <assert.h>
| #endif
| 
| #undef shl_load
| 
| /* Override any GCC internal prototype to avoid an error.
|    Use char because int might match the return type of a GCC
|    builtin and then its argument prototype would still apply.  */
| #ifdef __cplusplus
| extern "C"
| #endif
| char shl_load ();
| /* The GNU C library defines this for functions which it implements
|     to always fail with ENOSYS.  Some functions are actually named
|     something starting with __ and the normal name is an alias.  */
| #if defined __stub_shl_load || defined __stub___shl_load
| choke me
| #endif
| 
| int
| main ()
| {
| return shl_load ();
|   ;
|   return 0;
| }
configure:12675: result: no
configure:12679: checking for shl_load in -ldld
configure:12704: /usr/bin/gcc -o conftest -O2 -I/home/jee/linux/armv7/ll/buildroot/output/host/include -I/home/jee/linux/armv7/ll/buildroot/output/host/include -L/home/jee/linux/armv7/ll/buildroot/output/host/lib -Wl,-rpath,/home/jee/linux/armv7/ll/buildroot/output/host/lib conftest.c -ldld   >&5
/usr/bin/ld: cannot find -ldld
collect2: error: ld returned 1 exit status
configure:12704: $? = 1
configure: failed program was:
| /* confdefs.h */
| #define PACKAGE_NAME "GNU Libtool"
| #define PACKAGE_TARNAME "libtool"
| #define PACKAGE_VERSION "2.4.6"
| #define PACKAGE_STRING "GNU Libtool 2.4.6"
| #define PACKAGE_BUGREPORT "bug-libtool@gnu.org"
| #define PACKAGE_URL "http://www.gnu.org/software/libtool/"
| #define PACKAGE "libtool"
| #define VERSION "2.4.6"
| #define STDC_HEADERS 1
| #define HAVE_SYS_TYPES_H 1
| #define HAVE_SYS_STAT_H 1
| #define HAVE_STDLIB_H 1
| #define HAVE_STRING_H 1
| #define HAVE_MEMORY_H 1
| #define HAVE_STRINGS_H 1
| #define HAVE_INTTYPES_H 1
| #define HAVE_STDINT_H 1
| #define HAVE_UNISTD_H 1
| #define HAVE_DLFCN_H 1
| #define LT_OBJDIR ".libs/"
| /* end confdefs.h.  */
| 
| /* Override any GCC internal prototype to avoid an error.
|    Use char because int might match the return type of a GCC
|    builtin and then its argument prototype would still apply.  */
| #ifdef __cplusplus
| extern "C"
| #endif
| char shl_load ();
| int
| main ()
| {
| return shl_load ();
|   ;
|   return 0;
| }
configure:12713: result: no
configure:12718: checking for dlopen
configure:12718: /usr/bin/gcc -o conftest -O2 -I/home/jee/linux/armv7/ll/buildroot/output/host/include -I/home/jee/linux/armv7/ll/buildroot/output/host/include -L/home/jee/linux/armv7/ll/buildroot/output/host/lib -Wl,-rpath,/home/jee/linux/armv7/ll/buildroot/output/host/lib conftest.c  >&5
/usr/bin/ld: /tmp/cczipfom.o: in function `main':
conftest.c:(.text.startup+0xb): undefined reference to `dlopen'
collect2: error: ld returned 1 exit status
configure:12718: $? = 1
configure: failed program was:
| /* confdefs.h */
| #define PACKAGE_NAME "GNU Libtool"
| #define PACKAGE_TARNAME "libtool"
| #define PACKAGE_VERSION "2.4.6"
| #define PACKAGE_STRING "GNU Libtool 2.4.6"
| #define PACKAGE_BUGREPORT "bug-libtool@gnu.org"
| #define PACKAGE_URL "http://www.gnu.org/software/libtool/"
| #define PACKAGE "libtool"
| #define VERSION "2.4.6"
| #define STDC_HEADERS 1
| #define HAVE_SYS_TYPES_H 1
| #define HAVE_SYS_STAT_H 1
| #define HAVE_STDLIB_H 1
| #define HAVE_STRING_H 1
| #define HAVE_MEMORY_H 1
| #define HAVE_STRINGS_H 1
| #define HAVE_INTTYPES_H 1
| #define HAVE_STDINT_H 1
| #define HAVE_UNISTD_H 1
| #define HAVE_DLFCN_H 1
| #define LT_OBJDIR ".libs/"
| /* end confdefs.h.  */
| /* Define dlopen to an innocuous variant, in case <limits.h> declares dlopen.
|    For example, HP-UX 11i <limits.h> declares gettimeofday.  */
| #define dlopen innocuous_dlopen
| 
| /* System header to define __stub macros and hopefully few prototypes,
|     which can conflict with char dlopen (); below.
|     Prefer <limits.h> to <assert.h> if __STDC__ is defined, since
|     <limits.h> exists even on freestanding compilers.  */
| 
| #ifdef __STDC__
| # include <limits.h>
| #else
| # include <assert.h>
| #endif
| 
| #undef dlopen
| 
| /* Override any GCC internal prototype to avoid an error.
|    Use char because int might match the return type of a GCC
|    builtin and then its argument prototype would still apply.  */
| #ifdef __cplusplus
| extern "C"
| #endif
| char dlopen ();
| /* The GNU C library defines this for functions which it implements
|     to always fail with ENOSYS.  Some functions are actually named
|     something starting with __ and the normal name is an alias.  */
| #if defined __stub_dlopen || defined __stub___dlopen
| choke me
| #endif
| 
| int
| main ()
| {
| return dlopen ();
|   ;
|   return 0;
| }
configure:12718: result: no
configure:12722: checking for dlopen in -ldl
configure:12747: /usr/bin/gcc -o conftest -O2 -I/home/jee/linux/armv7/ll/buildroot/output/host/include -I/home/jee/linux/armv7/ll/buildroot/output/host/include -L/home/jee/linux/armv7/ll/buildroot/output/host/lib -Wl,-rpath,/home/jee/linux/armv7/ll/buildroot/output/host/lib conftest.c -ldl   >&5
configure:12747: $? = 0
configure:12756: result: yes
configure:12875: checking whether a program can dlopen itself
configure:12955: /usr/bin/gcc -o conftest -O2 -I/home/jee/linux/armv7/ll/buildroot/output/host/include -I/home/jee/linux/armv7/ll/buildroot/output/host/include -DHAVE_DLFCN_H -L/home/jee/linux/armv7/ll/buildroot/output/host/lib -Wl,-rpath,/home/jee/linux/armv7/ll/buildroot/output/host/lib -Wl,--export-dynamic conftest.c -ldl  >&5
configure:12958: $? = 0
configure:12976: result: yes
configure:12981: checking whether a statically linked program can dlopen itself
configure:13061: /usr/bin/gcc -o conftest -O2 -I/home/jee/linux/armv7/ll/buildroot/output/host/include -I/home/jee/linux/armv7/ll/buildroot/output/host/include -DHAVE_DLFCN_H -L/home/jee/linux/armv7/ll/buildroot/output/host/lib -Wl,-rpath,/home/jee/linux/armv7/ll/buildroot/output/host/lib -Wl,--export-dynamic -static conftest.c -ldl  >&5
/usr/bin/ld: /tmp/ccLncGxS.o: in function `main':
conftest.c:(.text.startup+0xd): warning: Using 'dlopen' in statically linked applications requires at runtime the shared libraries from the glibc version used for linking
configure:13064: $? = 0
conftest: undefined symbol: _fnord
configure:13082: result: no
configure:13121: checking whether stripping libraries is possible
configure:13126: result: yes
configure:13161: checking if libtool supports shared libraries
configure:13163: result: yes
configure:13166: checking whether to build shared libraries
configure:13191: result: yes
configure:13194: checking whether to build static libraries
configure:13198: result: no
configure:10028: checking what extension is used for runtime loadable modules
configure:10040: result: .so
configure:10064: checking what variable specifies run-time module search path
configure:10071: result: LD_LIBRARY_PATH
configure:10081: checking for the default library search path
configure:10088: result: /lib /usr/lib /usr/lib/x86_64-linux-gnu/libfakeroot /usr/local/lib /usr/local/lib/x86_64-linux-gnu /lib/x86_64-linux-gnu /usr/lib/x86_64-linux-gnu /lib32 /usr/lib32 /libx32 /usr/libx32 
configure:10119: checking for library containing dlopen
configure:10150: /usr/bin/gcc -o conftest -O2 -I/home/jee/linux/armv7/ll/buildroot/output/host/include -I/home/jee/linux/armv7/ll/buildroot/output/host/include -L/home/jee/linux/armv7/ll/buildroot/output/host/lib -Wl,-rpath,/home/jee/linux/armv7/ll/buildroot/output/host/lib conftest.c  >&5
/usr/bin/ld: /tmp/cconTMw6.o: in function `main':
conftest.c:(.text.startup+0xb): undefined reference to `dlopen'
collect2: error: ld returned 1 exit status
configure:10150: $? = 1
configure: failed program was:
| /* confdefs.h */
| #define PACKAGE_NAME "GNU Libtool"
| #define PACKAGE_TARNAME "libtool"
| #define PACKAGE_VERSION "2.4.6"
| #define PACKAGE_STRING "GNU Libtool 2.4.6"
| #define PACKAGE_BUGREPORT "bug-libtool@gnu.org"
| #define PACKAGE_URL "http://www.gnu.org/software/libtool/"
| #define PACKAGE "libtool"
| #define VERSION "2.4.6"
| #define STDC_HEADERS 1
| #define HAVE_SYS_TYPES_H 1
| #define HAVE_SYS_STAT_H 1
| #define HAVE_STDLIB_H 1
| #define HAVE_STRING_H 1
| #define HAVE_MEMORY_H 1
| #define HAVE_STRINGS_H 1
| #define HAVE_INTTYPES_H 1
| #define HAVE_STDINT_H 1
| #define HAVE_UNISTD_H 1
| #define HAVE_DLFCN_H 1
| #define LT_OBJDIR ".libs/"
| #define LT_MODULE_EXT ".so"
| #define LT_MODULE_PATH_VAR "LD_LIBRARY_PATH"
| #define LT_DLSEARCH_PATH "/lib:/usr/lib:/usr/lib/x86_64-linux-gnu/libfakeroot:/usr/local/lib:/usr/local/lib/x86_64-linux-gnu:/lib/x86_64-linux-gnu:/usr/lib/x86_64-linux-gnu:/lib32:/usr/lib32:/libx32:/usr/libx32"
| /* end confdefs.h.  */
| 
| /* Override any GCC internal prototype to avoid an error.
|    Use char because int might match the return type of a GCC
|    builtin and then its argument prototype would still apply.  */
| #ifdef __cplusplus
| extern "C"
| #endif
| char dlopen ();
| int
| main ()
| {
| return dlopen ();
|   ;
|   return 0;
| }
configure:10150: /usr/bin/gcc -o conftest -O2 -I/home/jee/linux/armv7/ll/buildroot/output/host/include -I/home/jee/linux/armv7/ll/buildroot/output/host/include -L/home/jee/linux/armv7/ll/buildroot/output/host/lib -Wl,-rpath,/home/jee/linux/armv7/ll/buildroot/output/host/lib conftest.c -ldl   >&5
configure:10150: $? = 0
configure:10167: result: -ldl
configure:10257: checking for dlerror
configure:10257: /usr/bin/gcc -o conftest -O2 -I/home/jee/linux/armv7/ll/buildroot/output/host/include -I/home/jee/linux/armv7/ll/buildroot/output/host/include -L/home/jee/linux/armv7/ll/buildroot/output/host/lib -Wl,-rpath,/home/jee/linux/armv7/ll/buildroot/output/host/lib conftest.c -ldl  -ldl >&5
configure:10257: $? = 0
configure:10257: result: yes
configure:10271: checking for shl_load
configure:10271: result: no
configure:10278: checking for shl_load in -ldld
configure:10312: result: no
configure:10358: checking for dld_link in -ldld
configure:10383: /usr/bin/gcc -o conftest -O2 -I/home/jee/linux/armv7/ll/buildroot/output/host/include -I/home/jee/linux/armv7/ll/buildroot/output/host/include -L/home/jee/linux/armv7/ll/buildroot/output/host/lib -Wl,-rpath,/home/jee/linux/armv7/ll/buildroot/output/host/lib conftest.c -ldld  -ldl  >&5
/usr/bin/ld: cannot find -ldld
collect2: error: ld returned 1 exit status
configure:10383: $? = 1
configure: failed program was:
| /* confdefs.h */
| #define PACKAGE_NAME "GNU Libtool"
| #define PACKAGE_TARNAME "libtool"
| #define PACKAGE_VERSION "2.4.6"
| #define PACKAGE_STRING "GNU Libtool 2.4.6"
| #define PACKAGE_BUGREPORT "bug-libtool@gnu.org"
| #define PACKAGE_URL "http://www.gnu.org/software/libtool/"
| #define PACKAGE "libtool"
| #define VERSION "2.4.6"
| #define STDC_HEADERS 1
| #define HAVE_SYS_TYPES_H 1
| #define HAVE_SYS_STAT_H 1
| #define HAVE_STDLIB_H 1
| #define HAVE_STRING_H 1
| #define HAVE_MEMORY_H 1
| #define HAVE_STRINGS_H 1
| #define HAVE_INTTYPES_H 1
| #define HAVE_STDINT_H 1
| #define HAVE_UNISTD_H 1
| #define HAVE_DLFCN_H 1
| #define LT_OBJDIR ".libs/"
| #define LT_MODULE_EXT ".so"
| #define LT_MODULE_PATH_VAR "LD_LIBRARY_PATH"
| #define LT_DLSEARCH_PATH "/lib:/usr/lib:/usr/lib/x86_64-linux-gnu/libfakeroot:/usr/local/lib:/usr/local/lib/x86_64-linux-gnu:/lib/x86_64-linux-gnu:/usr/lib/x86_64-linux-gnu:/lib32:/usr/lib32:/libx32:/usr/libx32"
| #define HAVE_LIBDL 1
| #define HAVE_DLERROR 1
| /* end confdefs.h.  */
| 
| /* Override any GCC internal prototype to avoid an error.
|    Use char because int might match the return type of a GCC
|    builtin and then its argument prototype would still apply.  */
| #ifdef __cplusplus
| extern "C"
| #endif
| char dld_link ();
| int
| main ()
| {
| return dld_link ();
|   ;
|   return 0;
| }
configure:10392: result: no
configure:10427: checking for _ prefix in compiled symbols
configure:10437: /usr/bin/gcc -c -O2 -I/home/jee/linux/armv7/ll/buildroot/output/host/include -I/home/jee/linux/armv7/ll/buildroot/output/host/include conftest.c >&5
configure:10440: $? = 0
configure:10444: /usr/bin/nm conftest.o \| sed -n -e 's/^.*[	 ]\([ABCDGIRSTW][ABCDGIRSTW]*\)[	 ][	 ]*\([_A-Za-z][_A-Za-z0-9]*\)$/\1 \2 \2/p' | sed '/ __gnu_lto/d' \> conftest.nm
configure:10447: $? = 0
configure:10469: result: no
configure:10586: checking whether deplibs are loaded by dlopen
configure:10683: result: yes
configure:10694: checking for argz.h
configure:10694: /usr/bin/gcc -c -O2 -I/home/jee/linux/armv7/ll/buildroot/output/host/include -I/home/jee/linux/armv7/ll/buildroot/output/host/include conftest.c >&5
configure:10694: $? = 0
configure:10694: result: yes
configure:10706: checking for error_t
configure:10706: /usr/bin/gcc -c -O2 -I/home/jee/linux/armv7/ll/buildroot/output/host/include -I/home/jee/linux/armv7/ll/buildroot/output/host/include conftest.c >&5
configure:10706: $? = 0
configure:10706: /usr/bin/gcc -c -O2 -I/home/jee/linux/armv7/ll/buildroot/output/host/include -I/home/jee/linux/armv7/ll/buildroot/output/host/include conftest.c >&5
conftest.c: In function 'main':
conftest.c:37:22: error: expected expression before ')' token
   37 | if (sizeof ((error_t)))
      |                      ^
configure:10706: $? = 1
configure: failed program was:
| /* confdefs.h */
| #define PACKAGE_NAME "GNU Libtool"
| #define PACKAGE_TARNAME "libtool"
| #define PACKAGE_VERSION "2.4.6"
| #define PACKAGE_STRING "GNU Libtool 2.4.6"
| #define PACKAGE_BUGREPORT "bug-libtool@gnu.org"
| #define PACKAGE_URL "http://www.gnu.org/software/libtool/"
| #define PACKAGE "libtool"
| #define VERSION "2.4.6"
| #define STDC_HEADERS 1
| #define HAVE_SYS_TYPES_H 1
| #define HAVE_SYS_STAT_H 1
| #define HAVE_STDLIB_H 1
| #define HAVE_STRING_H 1
| #define HAVE_MEMORY_H 1
| #define HAVE_STRINGS_H 1
| #define HAVE_INTTYPES_H 1
| #define HAVE_STDINT_H 1
| #define HAVE_UNISTD_H 1
| #define HAVE_DLFCN_H 1
| #define LT_OBJDIR ".libs/"
| #define LT_MODULE_EXT ".so"
| #define LT_MODULE_PATH_VAR "LD_LIBRARY_PATH"
| #define LT_DLSEARCH_PATH "/lib:/usr/lib:/usr/lib/x86_64-linux-gnu/libfakeroot:/usr/local/lib:/usr/local/lib/x86_64-linux-gnu:/lib/x86_64-linux-gnu:/usr/lib/x86_64-linux-gnu:/lib32:/usr/lib32:/libx32:/usr/libx32"
| #define HAVE_LIBDL 1
| #define HAVE_DLERROR 1
| #define HAVE_LIBDLLOADER 1
| #define HAVE_ARGZ_H 1
| /* end confdefs.h.  */
| #if defined(HAVE_ARGZ_H)
| #  include <argz.h>
| #endif
| 
| int
| main ()
| {
| if (sizeof ((error_t)))
| 	    return 0;
|   ;
|   return 0;
| }
configure:10706: result: yes
configure:10732: checking for argz_add
configure:10732: /usr/bin/gcc -o conftest -O2 -I/home/jee/linux/armv7/ll/buildroot/output/host/include -I/home/jee/linux/armv7/ll/buildroot/output/host/include -L/home/jee/linux/armv7/ll/buildroot/output/host/lib -Wl,-rpath,/home/jee/linux/armv7/ll/buildroot/output/host/lib conftest.c  >&5
configure:10732: $? = 0
configure:10732: result: yes
configure:10732: checking for argz_append
configure:10732: /usr/bin/gcc -o conftest -O2 -I/home/jee/linux/armv7/ll/buildroot/output/host/include -I/home/jee/linux/armv7/ll/buildroot/output/host/include -L/home/jee/linux/armv7/ll/buildroot/output/host/lib -Wl,-rpath,/home/jee/linux/armv7/ll/buildroot/output/host/lib conftest.c  >&5
configure:10732: $? = 0
configure:10732: result: yes
configure:10732: checking for argz_count
configure:10732: /usr/bin/gcc -o conftest -O2 -I/home/jee/linux/armv7/ll/buildroot/output/host/include -I/home/jee/linux/armv7/ll/buildroot/output/host/include -L/home/jee/linux/armv7/ll/buildroot/output/host/lib -Wl,-rpath,/home/jee/linux/armv7/ll/buildroot/output/host/lib conftest.c  >&5
configure:10732: $? = 0
configure:10732: result: yes
configure:10732: checking for argz_create_sep
configure:10732: /usr/bin/gcc -o conftest -O2 -I/home/jee/linux/armv7/ll/buildroot/output/host/include -I/home/jee/linux/armv7/ll/buildroot/output/host/include -L/home/jee/linux/armv7/ll/buildroot/output/host/lib -Wl,-rpath,/home/jee/linux/armv7/ll/buildroot/output/host/lib conftest.c  >&5
configure:10732: $? = 0
configure:10732: result: yes
configure:10732: checking for argz_insert
configure:10732: /usr/bin/gcc -o conftest -O2 -I/home/jee/linux/armv7/ll/buildroot/output/host/include -I/home/jee/linux/armv7/ll/buildroot/output/host/include -L/home/jee/linux/armv7/ll/buildroot/output/host/lib -Wl,-rpath,/home/jee/linux/armv7/ll/buildroot/output/host/lib conftest.c  >&5
configure:10732: $? = 0
configure:10732: result: yes
configure:10732: checking for argz_next
configure:10732: /usr/bin/gcc -o conftest -O2 -I/home/jee/linux/armv7/ll/buildroot/output/host/include -I/home/jee/linux/armv7/ll/buildroot/output/host/include -L/home/jee/linux/armv7/ll/buildroot/output/host/lib -Wl,-rpath,/home/jee/linux/armv7/ll/buildroot/output/host/lib conftest.c  >&5
configure:10732: $? = 0
configure:10732: result: yes
configure:10732: checking for argz_stringify
configure:10732: /usr/bin/gcc -o conftest -O2 -I/home/jee/linux/armv7/ll/buildroot/output/host/include -I/home/jee/linux/armv7/ll/buildroot/output/host/include -L/home/jee/linux/armv7/ll/buildroot/output/host/lib -Wl,-rpath,/home/jee/linux/armv7/ll/buildroot/output/host/lib conftest.c  >&5
configure:10732: $? = 0
configure:10732: result: yes
configure:10750: checking if argz actually works
configure:10781: result: yes
configure:10800: checking whether libtool supports -dlopen/-dlpreopen
configure:10812: result: yes
configure:10865: checking for unistd.h
configure:10865: result: yes
configure:10865: checking for dl.h
configure:10865: /usr/bin/gcc -c -O2 -I/home/jee/linux/armv7/ll/buildroot/output/host/include -I/home/jee/linux/armv7/ll/buildroot/output/host/include conftest.c >&5
conftest.c:75:10: fatal error: dl.h: No such file or directory
   75 | #include <dl.h>
      |          ^~~~~~
compilation terminated.
configure:10865: $? = 1
configure: failed program was:
| /* confdefs.h */
| #define PACKAGE_NAME "GNU Libtool"
| #define PACKAGE_TARNAME "libtool"
| #define PACKAGE_VERSION "2.4.6"
| #define PACKAGE_STRING "GNU Libtool 2.4.6"
| #define PACKAGE_BUGREPORT "bug-libtool@gnu.org"
| #define PACKAGE_URL "http://www.gnu.org/software/libtool/"
| #define PACKAGE "libtool"
| #define VERSION "2.4.6"
| #define STDC_HEADERS 1
| #define HAVE_SYS_TYPES_H 1
| #define HAVE_SYS_STAT_H 1
| #define HAVE_STDLIB_H 1
| #define HAVE_STRING_H 1
| #define HAVE_MEMORY_H 1
| #define HAVE_STRINGS_H 1
| #define HAVE_INTTYPES_H 1
| #define HAVE_STDINT_H 1
| #define HAVE_UNISTD_H 1
| #define HAVE_DLFCN_H 1
| #define LT_OBJDIR ".libs/"
| #define LT_MODULE_EXT ".so"
| #define LT_MODULE_PATH_VAR "LD_LIBRARY_PATH"
| #define LT_DLSEARCH_PATH "/lib:/usr/lib:/usr/lib/x86_64-linux-gnu/libfakeroot:/usr/local/lib:/usr/local/lib/x86_64-linux-gnu:/lib/x86_64-linux-gnu:/usr/lib/x86_64-linux-gnu:/lib32:/usr/lib32:/libx32:/usr/libx32"
| #define HAVE_LIBDL 1
| #define HAVE_DLERROR 1
| #define HAVE_LIBDLLOADER 1
| #define HAVE_ARGZ_H 1
| #define HAVE_ERROR_T 1
| #define HAVE_ARGZ_ADD 1
| #define HAVE_ARGZ_APPEND 1
| #define HAVE_ARGZ_COUNT 1
| #define HAVE_ARGZ_CREATE_SEP 1
| #define HAVE_ARGZ_INSERT 1
| #define HAVE_ARGZ_NEXT 1
| #define HAVE_ARGZ_STRINGIFY 1
| #define HAVE_WORKING_ARGZ 1
| #define HAVE_PRELOADED_SYMBOLS 1
| #define HAVE_UNISTD_H 1
| /* end confdefs.h.  */
| #include <stdio.h>
| #ifdef HAVE_SYS_TYPES_H
| # include <sys/types.h>
| #endif
| #ifdef HAVE_SYS_STAT_H
| # include <sys/stat.h>
| #endif
| #ifdef STDC_HEADERS
| # include <stdlib.h>
| # include <stddef.h>
| #else
| # ifdef HAVE_STDLIB_H
| #  include <stdlib.h>
| # endif
| #endif
| #ifdef HAVE_STRING_H
| # if !defined STDC_HEADERS && defined HAVE_MEMORY_H
| #  include <memory.h>
| # endif
| # include <string.h>
| #endif
| #ifdef HAVE_STRINGS_H
| # include <strings.h>
| #endif
| #ifdef HAVE_INTTYPES_H
| # include <inttypes.h>
| #endif
| #ifdef HAVE_STDINT_H
| # include <stdint.h>
| #endif
| #ifdef HAVE_UNISTD_H
| # include <unistd.h>
| #endif
| 
| #include <dl.h>
configure:10865: result: no
configure:10865: checking for sys/dl.h
configure:10865: /usr/bin/gcc -c -O2 -I/home/jee/linux/armv7/ll/buildroot/output/host/include -I/home/jee/linux/armv7/ll/buildroot/output/host/include conftest.c >&5
conftest.c:75:10: fatal error: sys/dl.h: No such file or directory
   75 | #include <sys/dl.h>
      |          ^~~~~~~~~~
compilation terminated.
configure:10865: $? = 1
configure: failed program was:
| /* confdefs.h */
| #define PACKAGE_NAME "GNU Libtool"
| #define PACKAGE_TARNAME "libtool"
| #define PACKAGE_VERSION "2.4.6"
| #define PACKAGE_STRING "GNU Libtool 2.4.6"
| #define PACKAGE_BUGREPORT "bug-libtool@gnu.org"
| #define PACKAGE_URL "http://www.gnu.org/software/libtool/"
| #define PACKAGE "libtool"
| #define VERSION "2.4.6"
| #define STDC_HEADERS 1
| #define HAVE_SYS_TYPES_H 1
| #define HAVE_SYS_STAT_H 1
| #define HAVE_STDLIB_H 1
| #define HAVE_STRING_H 1
| #define HAVE_MEMORY_H 1
| #define HAVE_STRINGS_H 1
| #define HAVE_INTTYPES_H 1
| #define HAVE_STDINT_H 1
| #define HAVE_UNISTD_H 1
| #define HAVE_DLFCN_H 1
| #define LT_OBJDIR ".libs/"
| #define LT_MODULE_EXT ".so"
| #define LT_MODULE_PATH_VAR "LD_LIBRARY_PATH"
| #define LT_DLSEARCH_PATH "/lib:/usr/lib:/usr/lib/x86_64-linux-gnu/libfakeroot:/usr/local/lib:/usr/local/lib/x86_64-linux-gnu:/lib/x86_64-linux-gnu:/usr/lib/x86_64-linux-gnu:/lib32:/usr/lib32:/libx32:/usr/libx32"
| #define HAVE_LIBDL 1
| #define HAVE_DLERROR 1
| #define HAVE_LIBDLLOADER 1
| #define HAVE_ARGZ_H 1
| #define HAVE_ERROR_T 1
| #define HAVE_ARGZ_ADD 1
| #define HAVE_ARGZ_APPEND 1
| #define HAVE_ARGZ_COUNT 1
| #define HAVE_ARGZ_CREATE_SEP 1
| #define HAVE_ARGZ_INSERT 1
| #define HAVE_ARGZ_NEXT 1
| #define HAVE_ARGZ_STRINGIFY 1
| #define HAVE_WORKING_ARGZ 1
| #define HAVE_PRELOADED_SYMBOLS 1
| #define HAVE_UNISTD_H 1
| /* end confdefs.h.  */
| #include <stdio.h>
| #ifdef HAVE_SYS_TYPES_H
| # include <sys/types.h>
| #endif
| #ifdef HAVE_SYS_STAT_H
| # include <sys/stat.h>
| #endif
| #ifdef STDC_HEADERS
| # include <stdlib.h>
| # include <stddef.h>
| #else
| # ifdef HAVE_STDLIB_H
| #  include <stdlib.h>
| # endif
| #endif
| #ifdef HAVE_STRING_H
| # if !defined STDC_HEADERS && defined HAVE_MEMORY_H
| #  include <memory.h>
| # endif
| # include <string.h>
| #endif
| #ifdef HAVE_STRINGS_H
| # include <strings.h>
| #endif
| #ifdef HAVE_INTTYPES_H
| # include <inttypes.h>
| #endif
| #ifdef HAVE_STDINT_H
| # include <stdint.h>
| #endif
| #ifdef HAVE_UNISTD_H
| # include <unistd.h>
| #endif
| 
| #include <sys/dl.h>
configure:10865: result: no
configure:10865: checking for dld.h
configure:10865: /usr/bin/gcc -c -O2 -I/home/jee/linux/armv7/ll/buildroot/output/host/include -I/home/jee/linux/armv7/ll/buildroot/output/host/include conftest.c >&5
conftest.c:75:10: fatal error: dld.h: No such file or directory
   75 | #include <dld.h>
      |          ^~~~~~~
compilation terminated.
configure:10865: $? = 1
configure: failed program was:
| /* confdefs.h */
| #define PACKAGE_NAME "GNU Libtool"
| #define PACKAGE_TARNAME "libtool"
| #define PACKAGE_VERSION "2.4.6"
| #define PACKAGE_STRING "GNU Libtool 2.4.6"
| #define PACKAGE_BUGREPORT "bug-libtool@gnu.org"
| #define PACKAGE_URL "http://www.gnu.org/software/libtool/"
| #define PACKAGE "libtool"
| #define VERSION "2.4.6"
| #define STDC_HEADERS 1
| #define HAVE_SYS_TYPES_H 1
| #define HAVE_SYS_STAT_H 1
| #define HAVE_STDLIB_H 1
| #define HAVE_STRING_H 1
| #define HAVE_MEMORY_H 1
| #define HAVE_STRINGS_H 1
| #define HAVE_INTTYPES_H 1
| #define HAVE_STDINT_H 1
| #define HAVE_UNISTD_H 1
| #define HAVE_DLFCN_H 1
| #define LT_OBJDIR ".libs/"
| #define LT_MODULE_EXT ".so"
| #define LT_MODULE_PATH_VAR "LD_LIBRARY_PATH"
| #define LT_DLSEARCH_PATH "/lib:/usr/lib:/usr/lib/x86_64-linux-gnu/libfakeroot:/usr/local/lib:/usr/local/lib/x86_64-linux-gnu:/lib/x86_64-linux-gnu:/usr/lib/x86_64-linux-gnu:/lib32:/usr/lib32:/libx32:/usr/libx32"
| #define HAVE_LIBDL 1
| #define HAVE_DLERROR 1
| #define HAVE_LIBDLLOADER 1
| #define HAVE_ARGZ_H 1
| #define HAVE_ERROR_T 1
| #define HAVE_ARGZ_ADD 1
| #define HAVE_ARGZ_APPEND 1
| #define HAVE_ARGZ_COUNT 1
| #define HAVE_ARGZ_CREATE_SEP 1
| #define HAVE_ARGZ_INSERT 1
| #define HAVE_ARGZ_NEXT 1
| #define HAVE_ARGZ_STRINGIFY 1
| #define HAVE_WORKING_ARGZ 1
| #define HAVE_PRELOADED_SYMBOLS 1
| #define HAVE_UNISTD_H 1
| /* end confdefs.h.  */
| #include <stdio.h>
| #ifdef HAVE_SYS_TYPES_H
| # include <sys/types.h>
| #endif
| #ifdef HAVE_SYS_STAT_H
| # include <sys/stat.h>
| #endif
| #ifdef STDC_HEADERS
| # include <stdlib.h>
| # include <stddef.h>
| #else
| # ifdef HAVE_STDLIB_H
| #  include <stdlib.h>
| # endif
| #endif
| #ifdef HAVE_STRING_H
| # if !defined STDC_HEADERS && defined HAVE_MEMORY_H
| #  include <memory.h>
| # endif
| # include <string.h>
| #endif
| #ifdef HAVE_STRINGS_H
| # include <strings.h>
| #endif
| #ifdef HAVE_INTTYPES_H
| # include <inttypes.h>
| #endif
| #ifdef HAVE_STDINT_H
| # include <stdint.h>
| #endif
| #ifdef HAVE_UNISTD_H
| # include <unistd.h>
| #endif
| 
| #include <dld.h>
configure:10865: result: no
configure:10865: checking for mach-o/dyld.h
configure:10865: /usr/bin/gcc -c -O2 -I/home/jee/linux/armv7/ll/buildroot/output/host/include -I/home/jee/linux/armv7/ll/buildroot/output/host/include conftest.c >&5
conftest.c:75:10: fatal error: mach-o/dyld.h: No such file or directory
   75 | #include <mach-o/dyld.h>
      |          ^~~~~~~~~~~~~~~
compilation terminated.
configure:10865: $? = 1
configure: failed program was:
| /* confdefs.h */
| #define PACKAGE_NAME "GNU Libtool"
| #define PACKAGE_TARNAME "libtool"
| #define PACKAGE_VERSION "2.4.6"
| #define PACKAGE_STRING "GNU Libtool 2.4.6"
| #define PACKAGE_BUGREPORT "bug-libtool@gnu.org"
| #define PACKAGE_URL "http://www.gnu.org/software/libtool/"
| #define PACKAGE "libtool"
| #define VERSION "2.4.6"
| #define STDC_HEADERS 1
| #define HAVE_SYS_TYPES_H 1
| #define HAVE_SYS_STAT_H 1
| #define HAVE_STDLIB_H 1
| #define HAVE_STRING_H 1
| #define HAVE_MEMORY_H 1
| #define HAVE_STRINGS_H 1
| #define HAVE_INTTYPES_H 1
| #define HAVE_STDINT_H 1
| #define HAVE_UNISTD_H 1
| #define HAVE_DLFCN_H 1
| #define LT_OBJDIR ".libs/"
| #define LT_MODULE_EXT ".so"
| #define LT_MODULE_PATH_VAR "LD_LIBRARY_PATH"
| #define LT_DLSEARCH_PATH "/lib:/usr/lib:/usr/lib/x86_64-linux-gnu/libfakeroot:/usr/local/lib:/usr/local/lib/x86_64-linux-gnu:/lib/x86_64-linux-gnu:/usr/lib/x86_64-linux-gnu:/lib32:/usr/lib32:/libx32:/usr/libx32"
| #define HAVE_LIBDL 1
| #define HAVE_DLERROR 1
| #define HAVE_LIBDLLOADER 1
| #define HAVE_ARGZ_H 1
| #define HAVE_ERROR_T 1
| #define HAVE_ARGZ_ADD 1
| #define HAVE_ARGZ_APPEND 1
| #define HAVE_ARGZ_COUNT 1
| #define HAVE_ARGZ_CREATE_SEP 1
| #define HAVE_ARGZ_INSERT 1
| #define HAVE_ARGZ_NEXT 1
| #define HAVE_ARGZ_STRINGIFY 1
| #define HAVE_WORKING_ARGZ 1
| #define HAVE_PRELOADED_SYMBOLS 1
| #define HAVE_UNISTD_H 1
| /* end confdefs.h.  */
| #include <stdio.h>
| #ifdef HAVE_SYS_TYPES_H
| # include <sys/types.h>
| #endif
| #ifdef HAVE_SYS_STAT_H
| # include <sys/stat.h>
| #endif
| #ifdef STDC_HEADERS
| # include <stdlib.h>
| # include <stddef.h>
| #else
| # ifdef HAVE_STDLIB_H
| #  include <stdlib.h>
| # endif
| #endif
| #ifdef HAVE_STRING_H
| # if !defined STDC_HEADERS && defined HAVE_MEMORY_H
| #  include <memory.h>
| # endif
| # include <string.h>
| #endif
| #ifdef HAVE_STRINGS_H
| # include <strings.h>
| #endif
| #ifdef HAVE_INTTYPES_H
| # include <inttypes.h>
| #endif
| #ifdef HAVE_STDINT_H
| # include <stdint.h>
| #endif
| #ifdef HAVE_UNISTD_H
| # include <unistd.h>
| #endif
| 
| #include <mach-o/dyld.h>
configure:10865: result: no
configure:10865: checking for dirent.h
configure:10865: /usr/bin/gcc -c -O2 -I/home/jee/linux/armv7/ll/buildroot/output/host/include -I/home/jee/linux/armv7/ll/buildroot/output/host/include conftest.c >&5
configure:10865: $? = 0
configure:10865: result: yes
configure:10880: checking for closedir
configure:10880: /usr/bin/gcc -o conftest -O2 -I/home/jee/linux/armv7/ll/buildroot/output/host/include -I/home/jee/linux/armv7/ll/buildroot/output/host/include -L/home/jee/linux/armv7/ll/buildroot/output/host/lib -Wl,-rpath,/home/jee/linux/armv7/ll/buildroot/output/host/lib conftest.c  >&5
configure:10880: $? = 0
configure:10880: result: yes
configure:10880: checking for opendir
configure:10880: /usr/bin/gcc -o conftest -O2 -I/home/jee/linux/armv7/ll/buildroot/output/host/include -I/home/jee/linux/armv7/ll/buildroot/output/host/include -L/home/jee/linux/armv7/ll/buildroot/output/host/lib -Wl,-rpath,/home/jee/linux/armv7/ll/buildroot/output/host/lib conftest.c  >&5
configure:10880: $? = 0
configure:10880: result: yes
configure:10880: checking for readdir
configure:10880: /usr/bin/gcc -o conftest -O2 -I/home/jee/linux/armv7/ll/buildroot/output/host/include -I/home/jee/linux/armv7/ll/buildroot/output/host/include -L/home/jee/linux/armv7/ll/buildroot/output/host/lib -Wl,-rpath,/home/jee/linux/armv7/ll/buildroot/output/host/lib conftest.c  >&5
configure:10880: $? = 0
configure:10880: result: yes
configure:10899: checking for strlcat
configure:10899: /usr/bin/gcc -o conftest -O2 -I/home/jee/linux/armv7/ll/buildroot/output/host/include -I/home/jee/linux/armv7/ll/buildroot/output/host/include -L/home/jee/linux/armv7/ll/buildroot/output/host/lib -Wl,-rpath,/home/jee/linux/armv7/ll/buildroot/output/host/lib conftest.c  >&5
/usr/bin/ld: /tmp/cczaaHlu.o: in function `main':
conftest.c:(.text.startup+0xb): undefined reference to `strlcat'
collect2: error: ld returned 1 exit status
configure:10899: $? = 1
configure: failed program was:
| /* confdefs.h */
| #define PACKAGE_NAME "GNU Libtool"
| #define PACKAGE_TARNAME "libtool"
| #define PACKAGE_VERSION "2.4.6"
| #define PACKAGE_STRING "GNU Libtool 2.4.6"
| #define PACKAGE_BUGREPORT "bug-libtool@gnu.org"
| #define PACKAGE_URL "http://www.gnu.org/software/libtool/"
| #define PACKAGE "libtool"
| #define VERSION "2.4.6"
| #define STDC_HEADERS 1
| #define HAVE_SYS_TYPES_H 1
| #define HAVE_SYS_STAT_H 1
| #define HAVE_STDLIB_H 1
| #define HAVE_STRING_H 1
| #define HAVE_MEMORY_H 1
| #define HAVE_STRINGS_H 1
| #define HAVE_INTTYPES_H 1
| #define HAVE_STDINT_H 1
| #define HAVE_UNISTD_H 1
| #define HAVE_DLFCN_H 1
| #define LT_OBJDIR ".libs/"
| #define LT_MODULE_EXT ".so"
| #define LT_MODULE_PATH_VAR "LD_LIBRARY_PATH"
| #define LT_DLSEARCH_PATH "/lib:/usr/lib:/usr/lib/x86_64-linux-gnu/libfakeroot:/usr/local/lib:/usr/local/lib/x86_64-linux-gnu:/lib/x86_64-linux-gnu:/usr/lib/x86_64-linux-gnu:/lib32:/usr/lib32:/libx32:/usr/libx32"
| #define HAVE_LIBDL 1
| #define HAVE_DLERROR 1
| #define HAVE_LIBDLLOADER 1
| #define HAVE_ARGZ_H 1
| #define HAVE_ERROR_T 1
| #define HAVE_ARGZ_ADD 1
| #define HAVE_ARGZ_APPEND 1
| #define HAVE_ARGZ_COUNT 1
| #define HAVE_ARGZ_CREATE_SEP 1
| #define HAVE_ARGZ_INSERT 1
| #define HAVE_ARGZ_NEXT 1
| #define HAVE_ARGZ_STRINGIFY 1
| #define HAVE_WORKING_ARGZ 1
| #define HAVE_PRELOADED_SYMBOLS 1
| #define HAVE_UNISTD_H 1
| #define HAVE_DIRENT_H 1
| #define HAVE_CLOSEDIR 1
| #define HAVE_OPENDIR 1
| #define HAVE_READDIR 1
| /* end confdefs.h.  */
| /* Define strlcat to an innocuous variant, in case <limits.h> declares strlcat.
|    For example, HP-UX 11i <limits.h> declares gettimeofday.  */
| #define strlcat innocuous_strlcat
| 
| /* System header to define __stub macros and hopefully few prototypes,
|     which can conflict with char strlcat (); below.
|     Prefer <limits.h> to <assert.h> if __STDC__ is defined, since
|     <limits.h> exists even on freestanding compilers.  */
| 
| #ifdef __STDC__
| # include <limits.h>
| #else
| # include <assert.h>
| #endif
| 
| #undef strlcat
| 
| /* Override any GCC internal prototype to avoid an error.
|    Use char because int might match the return type of a GCC
|    builtin and then its argument prototype would still apply.  */
| #ifdef __cplusplus
| extern "C"
| #endif
| char strlcat ();
| /* The GNU C library defines this for functions which it implements
|     to always fail with ENOSYS.  Some functions are actually named
|     something starting with __ and the normal name is an alias.  */
| #if defined __stub_strlcat || defined __stub___strlcat
| choke me
| #endif
| 
| int
| main ()
| {
| return strlcat ();
|   ;
|   return 0;
| }
configure:10899: result: no
configure:10899: checking for strlcpy
configure:10899: /usr/bin/gcc -o conftest -O2 -I/home/jee/linux/armv7/ll/buildroot/output/host/include -I/home/jee/linux/armv7/ll/buildroot/output/host/include -L/home/jee/linux/armv7/ll/buildroot/output/host/lib -Wl,-rpath,/home/jee/linux/armv7/ll/buildroot/output/host/lib conftest.c  >&5
/usr/bin/ld: /tmp/ccNe7m6Q.o: in function `main':
conftest.c:(.text.startup+0xb): undefined reference to `strlcpy'
collect2: error: ld returned 1 exit status
configure:10899: $? = 1
configure: failed program was:
| /* confdefs.h */
| #define PACKAGE_NAME "GNU Libtool"
| #define PACKAGE_TARNAME "libtool"
| #define PACKAGE_VERSION "2.4.6"
| #define PACKAGE_STRING "GNU Libtool 2.4.6"
| #define PACKAGE_BUGREPORT "bug-libtool@gnu.org"
| #define PACKAGE_URL "http://www.gnu.org/software/libtool/"
| #define PACKAGE "libtool"
| #define VERSION "2.4.6"
| #define STDC_HEADERS 1
| #define HAVE_SYS_TYPES_H 1
| #define HAVE_SYS_STAT_H 1
| #define HAVE_STDLIB_H 1
| #define HAVE_STRING_H 1
| #define HAVE_MEMORY_H 1
| #define HAVE_STRINGS_H 1
| #define HAVE_INTTYPES_H 1
| #define HAVE_STDINT_H 1
| #define HAVE_UNISTD_H 1
| #define HAVE_DLFCN_H 1
| #define LT_OBJDIR ".libs/"
| #define LT_MODULE_EXT ".so"
| #define LT_MODULE_PATH_VAR "LD_LIBRARY_PATH"
| #define LT_DLSEARCH_PATH "/lib:/usr/lib:/usr/lib/x86_64-linux-gnu/libfakeroot:/usr/local/lib:/usr/local/lib/x86_64-linux-gnu:/lib/x86_64-linux-gnu:/usr/lib/x86_64-linux-gnu:/lib32:/usr/lib32:/libx32:/usr/libx32"
| #define HAVE_LIBDL 1
| #define HAVE_DLERROR 1
| #define HAVE_LIBDLLOADER 1
| #define HAVE_ARGZ_H 1
| #define HAVE_ERROR_T 1
| #define HAVE_ARGZ_ADD 1
| #define HAVE_ARGZ_APPEND 1
| #define HAVE_ARGZ_COUNT 1
| #define HAVE_ARGZ_CREATE_SEP 1
| #define HAVE_ARGZ_INSERT 1
| #define HAVE_ARGZ_NEXT 1
| #define HAVE_ARGZ_STRINGIFY 1
| #define HAVE_WORKING_ARGZ 1
| #define HAVE_PRELOADED_SYMBOLS 1
| #define HAVE_UNISTD_H 1
| #define HAVE_DIRENT_H 1
| #define HAVE_CLOSEDIR 1
| #define HAVE_OPENDIR 1
| #define HAVE_READDIR 1
| /* end confdefs.h.  */
| /* Define strlcpy to an innocuous variant, in case <limits.h> declares strlcpy.
|    For example, HP-UX 11i <limits.h> declares gettimeofday.  */
| #define strlcpy innocuous_strlcpy
| 
| /* System header to define __stub macros and hopefully few prototypes,
|     which can conflict with char strlcpy (); below.
|     Prefer <limits.h> to <assert.h> if __STDC__ is defined, since
|     <limits.h> exists even on freestanding compilers.  */
| 
| #ifdef __STDC__
| # include <limits.h>
| #else
| # include <assert.h>
| #endif
| 
| #undef strlcpy
| 
| /* Override any GCC internal prototype to avoid an error.
|    Use char because int might match the return type of a GCC
|    builtin and then its argument prototype would still apply.  */
| #ifdef __cplusplus
| extern "C"
| #endif
| char strlcpy ();
| /* The GNU C library defines this for functions which it implements
|     to always fail with ENOSYS.  Some functions are actually named
|     something starting with __ and the normal name is an alias.  */
| #if defined __stub_strlcpy || defined __stub___strlcpy
| choke me
| #endif
| 
| int
| main ()
| {
| return strlcpy ();
|   ;
|   return 0;
| }
configure:10899: result: no
configure:11048: checking for C++ compiler version
configure:11057: /usr/bin/g++ --version >&5
g++ (Ubuntu 9.4.0-1ubuntu1~20.04.2) 9.4.0
Copyright (C) 2019 Free Software Foundation, Inc.
This is free software; see the source for copying conditions.  There is NO
warranty; not even for MERCHANTABILITY or FITNESS FOR A PARTICULAR PURPOSE.

configure:11068: $? = 0
configure:11057: /usr/bin/g++ -v >&5
Using built-in specs.
COLLECT_GCC=/usr/bin/g++
COLLECT_LTO_WRAPPER=/usr/lib/gcc/x86_64-linux-gnu/9/lto-wrapper
OFFLOAD_TARGET_NAMES=nvptx-none:hsa
OFFLOAD_TARGET_DEFAULT=1
Target: x86_64-linux-gnu
Configured with: ../src/configure -v --with-pkgversion='Ubuntu 9.4.0-1ubuntu1~20.04.2' --with-bugurl=file:///usr/share/doc/gcc-9/README.Bugs --enable-languages=c,ada,c++,go,brig,d,fortran,objc,obj-c++,gm2 --prefix=/usr --with-gcc-major-version-only --program-suffix=-9 --program-prefix=x86_64-linux-gnu- --enable-shared --enable-linker-build-id --libexecdir=/usr/lib --without-included-gettext --enable-threads=posix --libdir=/usr/lib --enable-nls --enable-clocale=gnu --enable-libstdcxx-debug --enable-libstdcxx-time=yes --with-default-libstdcxx-abi=new --enable-gnu-unique-object --disable-vtable-verify --enable-plugin --enable-default-pie --with-system-zlib --with-target-system-zlib=auto --enable-objc-gc=auto --enable-multiarch --disable-werror --with-arch-32=i686 --with-abi=m64 --with-multilib-list=m32,m64,mx32 --enable-multilib --with-tune=generic --enable-offload-targets=nvptx-none=/build/gcc-9-9QDOt0/gcc-9-9.4.0/debian/tmp-nvptx/usr,hsa --without-cuda-driver --enable-checking=release --build=x86_64-linux-gnu --host=x86_64-linux-gnu --target=x86_64-linux-gnu
Thread model: posix
gcc version 9.4.0 (Ubuntu 9.4.0-1ubuntu1~20.04.2) 
configure:11068: $? = 0
configure:11057: /usr/bin/g++ -V >&5
g++: error: unrecognized command line option '-V'
g++: fatal error: no input files
compilation terminated.
configure:11068: $? = 1
configure:11057: /usr/bin/g++ -qversion >&5
g++: error: unrecognized command line option '-qversion'; did you mean '--version'?
g++: fatal error: no input files
compilation terminated.
configure:11068: $? = 1
configure:11072: checking whether we are using the GNU C++ compiler
configure:11091: /usr/bin/g++ -c -O2 -I/home/jee/linux/armv7/ll/buildroot/output/host/include -I/home/jee/linux/armv7/ll/buildroot/output/host/include conftest.cpp >&5
configure:11091: $? = 0
configure:11100: result: yes
configure:11109: checking whether /usr/bin/g++ accepts -g
configure:11129: /usr/bin/g++ -c -g -I/home/jee/linux/armv7/ll/buildroot/output/host/include conftest.cpp >&5
configure:11129: $? = 0
configure:11170: result: yes
configure:11195: checking dependency style of /usr/bin/g++
configure:11306: result: none
configure:11340: checking how to run the C++ preprocessor
configure:11367: /usr/bin/g++ -E -I/home/jee/linux/armv7/ll/buildroot/output/host/include conftest.cpp
configure:11367: $? = 0
configure:11381: /usr/bin/g++ -E -I/home/jee/linux/armv7/ll/buildroot/output/host/include conftest.cpp
conftest.cpp:47:10: fatal error: ac_nonexistent.h: No such file or directory
   47 | #include <ac_nonexistent.h>
      |          ^~~~~~~~~~~~~~~~~~
compilation terminated.
configure:11381: $? = 1
configure: failed program was:
| /* confdefs.h */
| #define PACKAGE_NAME "GNU Libtool"
| #define PACKAGE_TARNAME "libtool"
| #define PACKAGE_VERSION "2.4.6"
| #define PACKAGE_STRING "GNU Libtool 2.4.6"
| #define PACKAGE_BUGREPORT "bug-libtool@gnu.org"
| #define PACKAGE_URL "http://www.gnu.org/software/libtool/"
| #define PACKAGE "libtool"
| #define VERSION "2.4.6"
| #define STDC_HEADERS 1
| #define HAVE_SYS_TYPES_H 1
| #define HAVE_SYS_STAT_H 1
| #define HAVE_STDLIB_H 1
| #define HAVE_STRING_H 1
| #define HAVE_MEMORY_H 1
| #define HAVE_STRINGS_H 1
| #define HAVE_INTTYPES_H 1
| #define HAVE_STDINT_H 1
| #define HAVE_UNISTD_H 1
| #define HAVE_DLFCN_H 1
| #define LT_OBJDIR ".libs/"
| #define LT_MODULE_EXT ".so"
| #define LT_MODULE_PATH_VAR "LD_LIBRARY_PATH"
| #define LT_DLSEARCH_PATH "/lib:/usr/lib:/usr/lib/x86_64-linux-gnu/libfakeroot:/usr/local/lib:/usr/local/lib/x86_64-linux-gnu:/lib/x86_64-linux-gnu:/usr/lib/x86_64-linux-gnu:/lib32:/usr/lib32:/libx32:/usr/libx32"
| #define HAVE_LIBDL 1
| #define HAVE_DLERROR 1
| #define HAVE_LIBDLLOADER 1
| #define HAVE_ARGZ_H 1
| #define HAVE_ERROR_T 1
| #define HAVE_ARGZ_ADD 1
| #define HAVE_ARGZ_APPEND 1
| #define HAVE_ARGZ_COUNT 1
| #define HAVE_ARGZ_CREATE_SEP 1
| #define HAVE_ARGZ_INSERT 1
| #define HAVE_ARGZ_NEXT 1
| #define HAVE_ARGZ_STRINGIFY 1
| #define HAVE_WORKING_ARGZ 1
| #define HAVE_PRELOADED_SYMBOLS 1
| #define HAVE_UNISTD_H 1
| #define HAVE_DIRENT_H 1
| #define HAVE_CLOSEDIR 1
| #define HAVE_OPENDIR 1
| #define HAVE_READDIR 1
| #define LT_LIBEXT "a"
| #define LT_LIBPREFIX "lib"
| /* end confdefs.h.  */
| #include <ac_nonexistent.h>
configure:11406: result: /usr/bin/g++ -E
configure:11426: /usr/bin/g++ -E -I/home/jee/linux/armv7/ll/buildroot/output/host/include conftest.cpp
configure:11426: $? = 0
configure:11440: /usr/bin/g++ -E -I/home/jee/linux/armv7/ll/buildroot/output/host/include conftest.cpp
conftest.cpp:47:10: fatal error: ac_nonexistent.h: No such file or directory
   47 | #include <ac_nonexistent.h>
      |          ^~~~~~~~~~~~~~~~~~
compilation terminated.
configure:11440: $? = 1
configure: failed program was:
| /* confdefs.h */
| #define PACKAGE_NAME "GNU Libtool"
| #define PACKAGE_TARNAME "libtool"
| #define PACKAGE_VERSION "2.4.6"
| #define PACKAGE_STRING "GNU Libtool 2.4.6"
| #define PACKAGE_BUGREPORT "bug-libtool@gnu.org"
| #define PACKAGE_URL "http://www.gnu.org/software/libtool/"
| #define PACKAGE "libtool"
| #define VERSION "2.4.6"
| #define STDC_HEADERS 1
| #define HAVE_SYS_TYPES_H 1
| #define HAVE_SYS_STAT_H 1
| #define HAVE_STDLIB_H 1
| #define HAVE_STRING_H 1
| #define HAVE_MEMORY_H 1
| #define HAVE_STRINGS_H 1
| #define HAVE_INTTYPES_H 1
| #define HAVE_STDINT_H 1
| #define HAVE_UNISTD_H 1
| #define HAVE_DLFCN_H 1
| #define LT_OBJDIR ".libs/"
| #define LT_MODULE_EXT ".so"
| #define LT_MODULE_PATH_VAR "LD_LIBRARY_PATH"
| #define LT_DLSEARCH_PATH "/lib:/usr/lib:/usr/lib/x86_64-linux-gnu/libfakeroot:/usr/local/lib:/usr/local/lib/x86_64-linux-gnu:/lib/x86_64-linux-gnu:/usr/lib/x86_64-linux-gnu:/lib32:/usr/lib32:/libx32:/usr/libx32"
| #define HAVE_LIBDL 1
| #define HAVE_DLERROR 1
| #define HAVE_LIBDLLOADER 1
| #define HAVE_ARGZ_H 1
| #define HAVE_ERROR_T 1
| #define HAVE_ARGZ_ADD 1
| #define HAVE_ARGZ_APPEND 1
| #define HAVE_ARGZ_COUNT 1
| #define HAVE_ARGZ_CREATE_SEP 1
| #define HAVE_ARGZ_INSERT 1
| #define HAVE_ARGZ_NEXT 1
| #define HAVE_ARGZ_STRINGIFY 1
| #define HAVE_WORKING_ARGZ 1
| #define HAVE_PRELOADED_SYMBOLS 1
| #define HAVE_UNISTD_H 1
| #define HAVE_DIRENT_H 1
| #define HAVE_CLOSEDIR 1
| #define HAVE_OPENDIR 1
| #define HAVE_READDIR 1
| #define LT_LIBEXT "a"
| #define LT_LIBPREFIX "lib"
| /* end confdefs.h.  */
| #include <ac_nonexistent.h>
configure:11602: checking for ld used by /usr/bin/g++
configure:11669: result: /usr/bin/ld -m elf_x86_64
configure:11676: checking if the linker (/usr/bin/ld -m elf_x86_64) is GNU ld
configure:11691: result: yes
configure:11746: checking whether the /usr/bin/g++ linker (/usr/bin/ld -m elf_x86_64) supports shared libraries
configure:12819: result: yes
configure:12855: /usr/bin/g++ -c -O2 -I/home/jee/linux/armv7/ll/buildroot/output/host/include -I/home/jee/linux/armv7/ll/buildroot/output/host/include conftest.cpp >&5
configure:12858: $? = 0
configure:13339: checking for /usr/bin/g++ option to produce PIC
configure:13346: result: -fPIC -DPIC
configure:13354: checking if /usr/bin/g++ PIC flag -fPIC -DPIC works
configure:13372: /usr/bin/g++ -c -O2 -I/home/jee/linux/armv7/ll/buildroot/output/host/include -I/home/jee/linux/armv7/ll/buildroot/output/host/include -fPIC -DPIC -DPIC conftest.cpp >&5
configure:13376: $? = 0
configure:13389: result: yes
configure:13412: checking if /usr/bin/g++ static flag -static works
configure:13440: result: yes
configure:13452: checking if /usr/bin/g++ supports -c -o file.o
configure:13473: /usr/bin/g++ -c -O2 -I/home/jee/linux/armv7/ll/buildroot/output/host/include -I/home/jee/linux/armv7/ll/buildroot/output/host/include -o out/conftest2.o conftest.cpp >&5
configure:13477: $? = 0
configure:13499: result: yes
configure:13504: checking if /usr/bin/g++ supports -c -o file.o
configure:13551: result: yes
configure:13581: checking whether the /usr/bin/g++ linker (/usr/bin/ld -m elf_x86_64) supports shared libraries
configure:13621: result: yes
configure:13762: checking dynamic linker characteristics
configure:14507: result: GNU/Linux ld.so
configure:14572: checking how to hardcode library paths into programs
configure:14597: result: immediate
configure:13536: checking for g77
configure:13566: result: no
configure:13536: checking for xlf
configure:13566: result: no
configure:13536: checking for f77
configure:13566: result: no
configure:13536: checking for frt
configure:13566: result: no
configure:13536: checking for pgf77
configure:13566: result: no
configure:13536: checking for cf77
configure:13566: result: no
configure:13536: checking for fort77
configure:13566: result: no
configure:13536: checking for fl32
configure:13566: result: no
configure:13536: checking for af77
configure:13566: result: no
configure:13536: checking for xlf90
configure:13566: result: no
configure:13536: checking for f90
configure:13566: result: no
configure:13536: checking for pgf90
configure:13566: result: no
configure:13536: checking for pghpf
configure:13566: result: no
configure:13536: checking for epcf90
configure:13566: result: no
configure:13536: checking for gfortran
configure:13566: result: no
configure:13536: checking for g95
configure:13566: result: no
configure:13536: checking for xlf95
configure:13566: result: no
configure:13536: checking for f95
configure:13566: result: no
configure:13536: checking for fort
configure:13566: result: no
configure:13536: checking for ifort
configure:13566: result: no
configure:13536: checking for ifc
configure:13566: result: no
configure:13536: checking for efc
configure:13566: result: no
configure:13536: checking for pgfortran
configure:13566: result: no
configure:13536: checking for pgf95
configure:13566: result: no
configure:13536: checking for lf95
configure:13566: result: no
configure:13536: checking for ftn
configure:13566: result: no
configure:13536: checking for nagfor
configure:13566: result: no
configure:13589: checking for Fortran 77 compiler version
configure:13598:  --version >&5
./configure: line 13600: --version: command not found
configure:13609: $? = 127
configure:13598:  -v >&5
./configure: line 13600: -v: command not found
configure:13609: $? = 127
configure:13598:  -V >&5
./configure: line 13600: -V: command not found
configure:13609: $? = 127
configure:13598:  -qversion >&5
./configure: line 13600: -qversion: command not found
configure:13609: $? = 127
configure:13618: checking whether we are using the GNU Fortran 77 compiler
configure:13631:  -c  conftest.F >&5
./configure: line 2088: -c: command not found
configure:13631: $? = 127
configure: failed program was:
|       program main
| #ifndef __GNUC__
|        choke me
| #endif
| 
|       end
configure:13640: result: no
configure:13646: checking whether  accepts -g
configure:13657:  -c -g conftest.f >&5
./configure: line 2088: -c: command not found
configure:13657: $? = 127
configure: failed program was:
|       program main
| 
|       end
configure:13665: result: no
configure:16689: checking for gfortran
configure:16719: result: no
configure:16689: checking for g95
configure:16719: result: no
configure:16689: checking for xlf95
configure:16719: result: no
configure:16689: checking for f95
configure:16719: result: no
configure:16689: checking for fort
configure:16719: result: no
configure:16689: checking for ifort
configure:16719: result: no
configure:16689: checking for ifc
configure:16719: result: no
configure:16689: checking for efc
configure:16719: result: no
configure:16689: checking for pgfortran
configure:16719: result: no
configure:16689: checking for pgf95
configure:16719: result: no
configure:16689: checking for lf95
configure:16719: result: no
configure:16689: checking for ftn
configure:16719: result: no
configure:16689: checking for nagfor
configure:16719: result: no
configure:16689: checking for xlf90
configure:16719: result: no
configure:16689: checking for f90
configure:16719: result: no
configure:16689: checking for pgf90
configure:16719: result: no
configure:16689: checking for pghpf
configure:16719: result: no
configure:16689: checking for epcf90
configure:16719: result: no
configure:16689: checking for g77
configure:16719: result: no
configure:16689: checking for xlf
configure:16719: result: no
configure:16689: checking for f77
configure:16719: result: no
configure:16689: checking for frt
configure:16719: result: no
configure:16689: checking for pgf77
configure:16719: result: no
configure:16689: checking for cf77
configure:16719: result: no
configure:16689: checking for fort77
configure:16719: result: no
configure:16689: checking for fl32
configure:16719: result: no
configure:16689: checking for af77
configure:16719: result: no
configure:16742: checking for Fortran compiler version
configure:16751:  --version >&5
./configure: line 16753: --version: command not found
configure:16762: $? = 127
configure:16751:  -v >&5
./configure: line 16753: -v: command not found
configure:16762: $? = 127
configure:16751:  -V >&5
./configure: line 16753: -V: command not found
configure:16762: $? = 127
configure:16751:  -qversion >&5
./configure: line 16753: -qversion: command not found
configure:16762: $? = 127
configure:16771: checking whether we are using the GNU Fortran compiler
configure:16784:  -c   conftest.F >&5
./configure: line 2172: -c: command not found
configure:16784: $? = 127
configure: failed program was:
|       program main
| #ifndef __GNUC__
|        choke me
| #endif
| 
|       end
configure:16793: result: no
configure:16799: checking whether  accepts -g
configure:16810:  -c -g  conftest.f >&5
./configure: line 2172: -c: command not found
configure:16810: $? = 127
configure: failed program was:
|       program main
| 
|       end
configure:16818: result: no
configure:19980: checking for gccgo
configure:20010: result: no
configure:22206: checking for gcj
configure:22236: result: no
configure:24433: checking for windres
configure:24463: result: no
configure:24755: checking that generated files are newer than configure
configure:24761: result: done
configure:24835: creating ./config.status

## ---------------------- ##
## Running config.status. ##
## ---------------------- ##

This file was extended by GNU Libtool config.status 2.4.6, which was
generated by GNU Autoconf 2.69.  Invocation command line was

  CONFIG_FILES    = 
  CONFIG_HEADERS  = 
  CONFIG_LINKS    = 
  CONFIG_COMMANDS = 
  $ ./config.status 

on jee-virtual-machine

config.status:1480: creating Makefile
config.status:1480: creating config.h
config.status:1740: executing tests/atconfig commands
config.status:1740: executing depfiles commands
config.status:1740: executing libtool commands
configure:28504: WARNING: unrecognized options: --disable-gtk-doc, --disable-gtk-doc-html, --disable-doc, --disable-docs, --disable-documentation, --disable-debug, --with-xmlto, --with-fop, --disable-nls

## ---------------- ##
## Cache variables. ##
## ---------------- ##

ac_cv_build=x86_64-pc-linux-gnu
ac_cv_c_compiler_gnu=yes
ac_cv_cxx_compiler_gnu=yes
ac_cv_env_CCC_set=
ac_cv_env_CCC_value=
ac_cv_env_CC_set=set
ac_cv_env_CC_value=/usr/bin/gcc
ac_cv_env_CFLAGS_set=set
ac_cv_env_CFLAGS_value='-O2 -I/home/jee/linux/armv7/ll/buildroot/output/host/include'
ac_cv_env_CPPFLAGS_set=set
ac_cv_env_CPPFLAGS_value=-I/home/jee/linux/armv7/ll/buildroot/output/host/include
ac_cv_env_CPP_set=set
ac_cv_env_CPP_value=/usr/bin/cpp
ac_cv_env_CXXCPP_set=
ac_cv_env_CXXCPP_value=
ac_cv_env_CXXFLAGS_set=set
ac_cv_env_CXXFLAGS_value='-O2 -I/home/jee/linux/armv7/ll/buildroot/output/host/include'
ac_cv_env_CXX_set=set
ac_cv_env_CXX_value=/usr/bin/g++
ac_cv_env_F77_set=
ac_cv_env_F77_value=
ac_cv_env_FCFLAGS_set=
ac_cv_env_FCFLAGS_value=
ac_cv_env_FC_set=
ac_cv_env_FC_value=
ac_cv_env_FFLAGS_set=
ac_cv_env_FFLAGS_value=
ac_cv_env_LDFLAGS_set=set
ac_cv_env_LDFLAGS_value='-L/home/jee/linux/armv7/ll/buildroot/output/host/lib -Wl,-rpath,/home/jee/linux/armv7/ll/buildroot/output/host/lib'
ac_cv_env_LIBS_set=
ac_cv_env_LIBS_value=
ac_cv_env_LT_SYS_LIBRARY_PATH_set=
ac_cv_env_LT_SYS_LIBRARY_PATH_value=
ac_cv_env_M4_set=
ac_cv_env_M4_value=
ac_cv_env_build_alias_set=
ac_cv_env_build_alias_value=
ac_cv_env_host_alias_set=
ac_cv_env_host_alias_value=
ac_cv_env_target_alias_set=
ac_cv_env_target_alias_value=
ac_cv_f77_compiler_gnu=no
ac_cv_fc_compiler_gnu=no
ac_cv_func_argz_add=yes
ac_cv_func_argz_append=yes
ac_cv_func_argz_count=yes
ac_cv_func_argz_create_sep=yes
ac_cv_func_argz_insert=yes
ac_cv_func_argz_next=yes
ac_cv_func_argz_stringify=yes
ac_cv_func_closedir=yes
ac_cv_func_dlerror=yes
ac_cv_func_dlopen=no
ac_cv_func_opendir=yes
ac_cv_func_readdir=yes
ac_cv_func_shl_load=no
ac_cv_func_strlcat=no
ac_cv_func_strlcpy=no
ac_cv_header_argz_h=yes
ac_cv_header_dirent_h=yes
ac_cv_header_dl_h=no
ac_cv_header_dld_h=no
ac_cv_header_dlfcn_h=yes
ac_cv_header_inttypes_h=yes
ac_cv_header_mach_o_dyld_h=no
ac_cv_header_memory_h=yes
ac_cv_header_stdc=yes
ac_cv_header_stdint_h=yes
ac_cv_header_stdlib_h=yes
ac_cv_header_string_h=yes
ac_cv_header_strings_h=yes
ac_cv_header_sys_dl_h=no
ac_cv_header_sys_stat_h=yes
ac_cv_header_sys_types_h=yes
ac_cv_header_unistd_h=yes
ac_cv_host=x86_64-pc-linux-gnu
ac_cv_lib_dl_dlopen=yes
ac_cv_lib_dld_dld_link=no
ac_cv_lib_dld_shl_load=no
ac_cv_objext=o
ac_cv_path_EGREP='/usr/bin/grep -E'
ac_cv_path_FGREP='/usr/bin/grep -F'
ac_cv_path_GREP=/usr/bin/grep
ac_cv_path_M4=/home/jee/linux/armv7/ll/buildroot/output/host/bin/m4
ac_cv_path_SED=/usr/bin/sed
ac_cv_path_install='/usr/bin/install -c'
ac_cv_path_lt_DD=/usr/bin/dd
ac_cv_path_mkdir=/usr/bin/mkdir
ac_cv_prog_AWK=gawk
ac_cv_prog_CPP=/usr/bin/cpp
ac_cv_prog_CXXCPP='/usr/bin/g++ -E'
ac_cv_prog_ac_ct_CC=/usr/bin/gcc
ac_cv_prog_ac_ct_MANIFEST_TOOL=mt
ac_cv_prog_ac_ct_OBJDUMP=objdump
ac_cv_prog_ac_ct_RANLIB=/usr/bin/ranlib
ac_cv_prog_ac_ct_STRIP=strip
ac_cv_prog_cc_c89=
ac_cv_prog_cc_g=yes
ac_cv_prog_cxx_g=yes
ac_cv_prog_f77_g=no
ac_cv_prog_fc_g=no
ac_cv_prog_gnu_m4_debugfile=--debugfile
ac_cv_prog_gnu_m4_gnu=yes
ac_cv_prog_make_make_set=yes
ac_cv_search_dlopen=-ldl
ac_cv_type_error_t=yes
am_cv_CC_dependencies_compiler_type=none
am_cv_CXX_dependencies_compiler_type=none
am_cv_make_support_nested_variables=yes
am_cv_prog_cc_c_o=yes
gl_cv_c_amsterdam_compiler=no
libltdl_cv_lib_dl_dlopen=yes
libltdl_cv_preloaded_symbols=yes
libltdl_cv_shlibext=.so
libltdl_cv_shrext=.so
lt_cv_ar_at_file=@
lt_cv_archive_cmds_need_lc=no
lt_cv_deplibs_check_method=pass_all
lt_cv_dlopen=dlopen
lt_cv_dlopen_libs=-ldl
lt_cv_dlopen_self=yes
lt_cv_dlopen_self_static=no
lt_cv_file_magic_cmd='$MAGIC_CMD'
lt_cv_file_magic_test_file=
lt_cv_ld_reload_flag=-r
lt_cv_module_path_var=LD_LIBRARY_PATH
lt_cv_nm_interface='BSD nm'
lt_cv_objdir=.libs
lt_cv_path_LD=/usr/bin/ld
lt_cv_path_LDCXX='/usr/bin/ld -m elf_x86_64'
lt_cv_path_NM=/usr/bin/nm
lt_cv_path_mainfest_tool=no
lt_cv_prog_compiler_c_o=yes
lt_cv_prog_compiler_c_o_CXX=yes
lt_cv_prog_compiler_c_o_RC=yes
lt_cv_prog_compiler_pic='-fPIC -DPIC'
lt_cv_prog_compiler_pic_CXX='-fPIC -DPIC'
lt_cv_prog_compiler_pic_works=yes
lt_cv_prog_compiler_pic_works_CXX=yes
lt_cv_prog_compiler_rtti_exceptions=no
lt_cv_prog_compiler_static_works=yes
lt_cv_prog_compiler_static_works_CXX=yes
lt_cv_prog_gnu_ld=yes
lt_cv_prog_gnu_ldcxx=yes
lt_cv_sharedlib_from_linklib_cmd='printf %s\n'
lt_cv_shlibpath_overrides_runpath=yes
lt_cv_sys_argz_works=yes
lt_cv_sys_dlopen_deplibs=yes
lt_cv_sys_dlsearch_path='/lib /usr/lib /usr/lib/x86_64-linux-gnu/libfakeroot /usr/local/lib /usr/local/lib/x86_64-linux-gnu /lib/x86_64-linux-gnu /usr/lib/x86_64-linux-gnu /lib32 /usr/lib32 /libx32 /usr/libx32 '
lt_cv_sys_global_symbol_pipe='sed -n -e '\''s/^.*[	 ]\([ABCDGIRSTW][ABCDGIRSTW]*\)[	 ][	 ]*\([_A-Za-z][_A-Za-z0-9]*\)$/\1 \2 \2/p'\'' | sed '\''/ __gnu_lto/d'\'''
lt_cv_sys_global_symbol_to_c_name_address='sed -n -e '\''s/^: \(.*\) .*$/  {"\1", (void *) 0},/p'\'' -e '\''s/^[ABCDGIRSTW][ABCDGIRSTW]* .* \(.*\)$/  {"\1", (void *) \&\1},/p'\'''
lt_cv_sys_global_symbol_to_c_name_address_lib_prefix='sed -n -e '\''s/^: \(.*\) .*$/  {"\1", (void *) 0},/p'\'' -e '\''s/^[ABCDGIRSTW][ABCDGIRSTW]* .* \(lib.*\)$/  {"\1", (void *) \&\1},/p'\'' -e '\''s/^[ABCDGIRSTW][ABCDGIRSTW]* .* \(.*\)$/  {"lib\1", (void *) \&\1},/p'\'''
lt_cv_sys_global_symbol_to_cdecl='sed -n -e '\''s/^T .* \(.*\)$/extern int \1();/p'\'' -e '\''s/^[ABCDGIRSTW][ABCDGIRSTW]* .* \(.*\)$/extern char \1;/p'\'''
lt_cv_sys_global_symbol_to_import=
lt_cv_sys_max_cmd_len=1572864
lt_cv_sys_symbol_underscore=no
lt_cv_to_host_file_cmd=func_convert_file_noop
lt_cv_to_tool_file_cmd=func_convert_file_noop
lt_cv_truncate_bin='/usr/bin/dd bs=4096 count=1'

## ----------------- ##
## Output variables. ##
## ----------------- ##

ACLOCAL='${SHELL} /home/jee/linux/armv7/ll/buildroot/output/build/host-libtool-2.4.6/build-aux/missing aclocal-1.15'
AMDEPBACKSLASH=''
AMDEP_FALSE=''
AMDEP_TRUE='#'
AMTAR='$${TAR-tar}'
AM_BACKSLASH='\'
AM_DEFAULT_V='$(AM_DEFAULT_VERBOSITY)'
AM_DEFAULT_VERBOSITY='0'
AM_V='$(V)'
AR='/usr/bin/ar'
ARFLAGS='cru'
AS='/usr/bin/as'
AUTOCONF='${SHELL} /home/jee/linux/armv7/ll/buildroot/output/build/host-libtool-2.4.6/build-aux/missing autoconf'
AUTOHEADER='${SHELL} /home/jee/linux/armv7/ll/buildroot/output/build/host-libtool-2.4.6/build-aux/missing autoheader'
AUTOM4TE='autom4te'
AUTOMAKE='${SHELL} /home/jee/linux/armv7/ll/buildroot/output/build/host-libtool-2.4.6/build-aux/missing automake-1.15'
AUTOTEST='$(AUTOM4TE) --language=autotest'
AWK='gawk'
CC='/usr/bin/gcc'
CCDEPMODE='depmode=none'
CFLAGS='-O2 -I/home/jee/linux/armv7/ll/buildroot/output/host/include'
CONFIG_INCLUDE='config.h'
CONFIG_STATUS_DEPENDENCIES='$(srcdir)/.version'
CONVENIENCE_LTDL_FALSE=''
CONVENIENCE_LTDL_TRUE='#'
CPP='/usr/bin/cpp'
CPPFLAGS='-I/home/jee/linux/armv7/ll/buildroot/output/host/include'
CXX='/usr/bin/g++'
CXXCPP='/usr/bin/g++ -E'
CXXDEPMODE='depmode=none'
CXXFLAGS='-O2 -I/home/jee/linux/armv7/ll/buildroot/output/host/include'
CYGPATH_W='echo'
DEFS='-DHAVE_CONFIG_H'
DEPDIR='.deps'
DLLTOOL='false'
DSYMUTIL=''
DUMPBIN=''
ECHO_C=''
ECHO_N='-n'
ECHO_T=''
EGREP='/usr/bin/grep -E'
EXEEXT=''
F77=''
FC=''
FCFLAGS=''
FFLAGS=''
FGREP='/usr/bin/grep -F'
GCJ=''
GCJFLAGS='-g -O2'
GL_COND_LIBTOOL_FALSE='#'
GL_COND_LIBTOOL_TRUE=''
GL_LIBOBJS=''
GL_LTLIBOBJS=''
GLtests_LIBOBJS=''
GLtests_LTLIBOBJS=''
GLtests_WITNESS='IN_LIBTOOL_GNULIB_TESTS'
GOC=''
GREP='/usr/bin/grep'
HELP2MAN='${SHELL} /home/jee/linux/armv7/ll/buildroot/output/build/host-libtool-2.4.6/build-aux/missing help2man'
INSTALL_DATA='${INSTALL} -m 644'
INSTALL_LTDL_FALSE='#'
INSTALL_LTDL_TRUE=''
INSTALL_PROGRAM='${INSTALL}'
INSTALL_SCRIPT='${INSTALL}'
INSTALL_STRIP_PROGRAM='$(install_sh) -c -s'
LD='/usr/bin/ld -m elf_x86_64'
LDFLAGS='-L/home/jee/linux/armv7/ll/buildroot/output/host/lib -Wl,-rpath,/home/jee/linux/armv7/ll/buildroot/output/host/lib'
LIBADD_DL='-ldl '
LIBADD_DLD_LINK=''
LIBADD_DLOPEN='-ldl'
LIBADD_SHL_LOAD=''
LIBOBJS=' ${LIBOBJDIR}lt__strl$U.o'
LIBS=''
LIBTOOL='$(SHELL) $(top_builddir)/libtool'
LIPO=''
LN_S='ln -s'
LTDLOPEN='libltdl'
LTLIBOBJS=' ${LIBOBJDIR}lt__strl$U.lo'
LT_ARGZ_H=''
LT_CONFIG_H='config.h'
LT_DLLOADERS=' libltdl/dlopen.la'
LT_DLPREOPEN='-dlpreopen libltdl/dlopen.la '
LT_SYS_LIBRARY_PATH=''
M4='/home/jee/linux/armv7/ll/buildroot/output/host/bin/m4'
M4_DEBUGFILE='--debugfile'
M4_GNU='--gnu'
MAKEINFO='true'
MANIFEST_TOOL=':'
MKDIR_P='/usr/bin/mkdir -p'
NM='/usr/bin/nm'
NMEDIT=''
OBJDUMP='objdump'
OBJEXT='o'
OTOOL64=''
OTOOL=''
PACKAGE='libtool'
PACKAGE_BUGREPORT='bug-libtool@gnu.org'
PACKAGE_NAME='GNU Libtool'
PACKAGE_STRING='GNU Libtool 2.4.6'
PACKAGE_TARNAME='libtool'
PACKAGE_URL='http://www.gnu.org/software/libtool/'
PACKAGE_VERSION='2.4.6'
PATH_SEPARATOR=':'
RANLIB='/usr/bin/ranlib'
RC=''
SED='/usr/bin/sed'
SET_MAKE=''
SHELL='/bin/bash'
STRIP='strip'
VERSION='2.4.6'
ac_ct_AR=''
ac_ct_CC='/usr/bin/gcc'
ac_ct_CXX=''
ac_ct_DUMPBIN=''
ac_ct_F77=''
ac_ct_FC=''
aclocaldir='$(datadir)/aclocal'
am__EXEEXT_FALSE=''
am__EXEEXT_TRUE='#'
am__fastdepCC_FALSE=''
am__fastdepCC_TRUE='#'
am__fastdepCXX_FALSE=''
am__fastdepCXX_TRUE='#'
am__include='include'
am__isrc=''
am__leading_dot='.'
am__nodep=''
am__quote=''
am__tar='$${TAR-tar} chof - "$$tardir"'
am__untar='$${TAR-tar} xf -'
aux_dir='build-aux'
bindir='${exec_prefix}/bin'
build='x86_64-pc-linux-gnu'
build_alias=''
build_cpu='x86_64'
build_os='linux-gnu'
build_vendor='pc'
datadir='${datarootdir}'
datarootdir='${prefix}/share'
docdir='${datarootdir}/doc/${PACKAGE_TARNAME}'
dvidir='${docdir}'
exec_prefix='${prefix}'
host='x86_64-pc-linux-gnu'
host_alias=''
host_cpu='x86_64'
host_os='linux-gnu'
host_vendor='pc'
htmldir='${docdir}'
includedir='${prefix}/include'
infodir='${datarootdir}/info'
install_sh='${SHELL} /home/jee/linux/armv7/ll/buildroot/output/build/host-libtool-2.4.6/build-aux/install-sh'
libdir='${exec_prefix}/lib'
libexecdir='${exec_prefix}/libexec'
localedir='${datarootdir}/locale'
localstatedir='/home/jee/linux/armv7/ll/buildroot/output/host/var'
ltdl_dir='libltdl'
macro_dir='m4'
mandir='${datarootdir}/man'
mkdir_p='$(MKDIR_P)'
oldincludedir='/usr/include'
package_revision='2.4.6'
pdfdir='${docdir}'
pkgaux_scripts='compile config.guess config.sub depcomp install-sh missing'
pkgdatadir='$(datadir)/libtool'
prefix='/home/jee/linux/armv7/ll/buildroot/output/host'
program_transform_name='s,x,x,'
psdir='${docdir}'
sbindir='${exec_prefix}/sbin'
sharedstatedir='${prefix}/com'
sys_symbol_underscore='no'
sysconfdir='/home/jee/linux/armv7/ll/buildroot/output/host/etc'
target_alias=''
to_host_file_cmd='func_convert_file_noop'
to_tool_file_cmd='func_convert_file_noop'
with_aix_soname='aix'

## ----------- ##
## confdefs.h. ##
## ----------- ##

/* confdefs.h */
#define PACKAGE_NAME "GNU Libtool"
#define PACKAGE_TARNAME "libtool"
#define PACKAGE_VERSION "2.4.6"
#define PACKAGE_STRING "GNU Libtool 2.4.6"
#define PACKAGE_BUGREPORT "bug-libtool@gnu.org"
#define PACKAGE_URL "http://www.gnu.org/software/libtool/"
#define PACKAGE "libtool"
#define VERSION "2.4.6"
#define STDC_HEADERS 1
#define HAVE_SYS_TYPES_H 1
#define HAVE_SYS_STAT_H 1
#define HAVE_STDLIB_H 1
#define HAVE_STRING_H 1
#define HAVE_MEMORY_H 1
#define HAVE_STRINGS_H 1
#define HAVE_INTTYPES_H 1
#define HAVE_STDINT_H 1
#define HAVE_UNISTD_H 1
#define HAVE_DLFCN_H 1
#define LT_OBJDIR ".libs/"
#define LT_MODULE_EXT ".so"
#define LT_MODULE_PATH_VAR "LD_LIBRARY_PATH"
#define LT_DLSEARCH_PATH "/lib:/usr/lib:/usr/lib/x86_64-linux-gnu/libfakeroot:/usr/local/lib:/usr/local/lib/x86_64-linux-gnu:/lib/x86_64-linux-gnu:/usr/lib/x86_64-linux-gnu:/lib32:/usr/lib32:/libx32:/usr/libx32"
#define HAVE_LIBDL 1
#define HAVE_DLERROR 1
#define HAVE_LIBDLLOADER 1
#define HAVE_ARGZ_H 1
#define HAVE_ERROR_T 1
#define HAVE_ARGZ_ADD 1
#define HAVE_ARGZ_APPEND 1
#define HAVE_ARGZ_COUNT 1
#define HAVE_ARGZ_CREATE_SEP 1
#define HAVE_ARGZ_INSERT 1
#define HAVE_ARGZ_NEXT 1
#define HAVE_ARGZ_STRINGIFY 1
#define HAVE_WORKING_ARGZ 1
#define HAVE_PRELOADED_SYMBOLS 1
#define HAVE_UNISTD_H 1
#define HAVE_DIRENT_H 1
#define HAVE_CLOSEDIR 1
#define HAVE_OPENDIR 1
#define HAVE_READDIR 1
#define LT_LIBEXT "a"
#define LT_LIBPREFIX "lib"

configure: exit 0
