This file contains any messages produced by compilers while
running configure, to aid debugging if configure makes a mistake.

It was created by alsa-plugins configure 1.2.7.1, which was
generated by GNU Autoconf 2.69.  Invocation command line was

  $ ./configure --target=arm-buildroot-linux-gnueabihf --host=arm-buildroot-linux-gnueabihf --build=x86_64-pc-linux-gnu --prefix=/usr --exec-prefix=/usr --sysconfdir=/etc --localstatedir=/var --program-prefix= --disable-gtk-doc --disable-gtk-doc-html --disable-doc --disable-docs --disable-documentation --with-xmlto=no --with-fop=no --disable-dependency-tracking --enable-ipv6 --disable-nls --disable-static --enable-shared --disable-jack --disable-usbstream --disable-pulseaudio --disable-libav --disable-maemo-plugin --disable-maemo-resource-manager --with-speex=no --disable-samplerate

## --------- ##
## Platform. ##
## --------- ##

hostname = jee-virtual-machine
uname -m = x86_64
uname -r = 5.15.0-86-generic
uname -s = Linux
uname -v = #96~20.04.1-Ubuntu SMP Thu Sep 21 13:23:37 UTC 2023

/usr/bin/uname -p = x86_64
/bin/uname -X     = unknown

/bin/arch              = x86_64
/usr/bin/arch -k       = unknown
/usr/convex/getsysinfo = unknown
/usr/bin/hostinfo      = unknown
/bin/machine           = unknown
/usr/bin/oslevel       = unknown
/bin/universe          = unknown

PATH: /home/jee/linux/armv7/ll/buildroot/output/host/bin
PATH: /home/jee/linux/armv7/ll/buildroot/output/host/sbin
PATH: /usr/local/sbin
PATH: /usr/local/bin
PATH: /usr/sbin
PATH: /usr/bin
PATH: /sbin
PATH: /bin
PATH: /snap/bin


## ----------- ##
## Core tests. ##
## ----------- ##

configure:2417: checking for a BSD-compatible install
configure:2485: result: /usr/bin/install -c
configure:2496: checking whether build environment is sane
configure:2551: result: yes
configure:2608: checking for arm-buildroot-linux-gnueabihf-strip
configure:2635: result: /home/jee/linux/armv7/ll/buildroot/output/host/bin/arm-linux-gnueabihf-strip
configure:2700: checking for a thread-safe mkdir -p
configure:2739: result: /usr/bin/mkdir -p
configure:2746: checking for gawk
configure:2762: found /usr/bin/gawk
configure:2773: result: gawk
configure:2784: checking whether make sets $(MAKE)
configure:2806: result: yes
configure:2835: checking whether make supports nested variables
configure:2852: result: yes
configure:2981: checking whether to enable maintainer-specific portions of Makefiles
configure:2990: result: yes
configure:3016: checking for arm-buildroot-linux-gnueabihf-gcc
configure:3043: result: /home/jee/linux/armv7/ll/buildroot/output/host/bin/arm-linux-gnueabihf-gcc
configure:3312: checking for C compiler version
configure:3321: /home/jee/linux/armv7/ll/buildroot/output/host/bin/arm-linux-gnueabihf-gcc --version >&5
arm-linux-gnueabihf-gcc (Linaro GCC 4.9-2017.01) 4.9.4
Copyright (C) 2015 Free Software Foundation, Inc.
This is free software; see the source for copying conditions.  There is NO
warranty; not even for MERCHANTABILITY or FITNESS FOR A PARTICULAR PURPOSE.

configure:3332: $? = 0
configure:3321: /home/jee/linux/armv7/ll/buildroot/output/host/bin/arm-linux-gnueabihf-gcc -v >&5
Using built-in specs.
COLLECT_GCC=/usr/local/arm/gcc-linaro-4.9.4-2017.01-x86_64_arm-linux-gnueabihf/bin/arm-linux-gnueabihf-gcc
COLLECT_LTO_WRAPPER=/usr/local/arm/gcc-linaro-4.9.4-2017.01-x86_64_arm-linux-gnueabihf/bin/../libexec/gcc/arm-linux-gnueabihf/4.9.4/lto-wrapper
Target: arm-linux-gnueabihf
Configured with: /home/tcwg-buildslave/workspace/tcwg-make-release/label/docker-trusty-amd64-tcwg-build/target/arm-linux-gnueabihf/snapshots/gcc-linaro-4.9-2017.01/configure SHELL=/bin/bash --with-mpc=/home/tcwg-buildslave/workspace/tcwg-make-release/label/docker-trusty-amd64-tcwg-build/target/arm-linux-gnueabihf/_build/builds/destdir/x86_64-unknown-linux-gnu --with-mpfr=/home/tcwg-buildslave/workspace/tcwg-make-release/label/docker-trusty-amd64-tcwg-build/target/arm-linux-gnueabihf/_build/builds/destdir/x86_64-unknown-linux-gnu --with-gmp=/home/tcwg-buildslave/workspace/tcwg-make-release/label/docker-trusty-amd64-tcwg-build/target/arm-linux-gnueabihf/_build/builds/destdir/x86_64-unknown-linux-gnu --with-gnu-as --with-gnu-ld --disable-libmudflap --enable-lto --enable-objc-gc --enable-shared --without-included-gettext --enable-nls --disable-sjlj-exceptions --enable-gnu-unique-object --enable-linker-build-id --disable-libstdcxx-pch --enable-c99 --enable-clocale=gnu --enable-libstdcxx-debug --enable-long-long --with-cloog=no --with-ppl=no --with-isl=no --disable-multilib --with-float=hard --with-mode=thumb --with-tune=cortex-a9 --with-arch=armv7-a --with-fpu=vfpv3-d16 --enable-threads=posix --enable-multiarch --enable-libstdcxx-time=yes --with-build-sysroot=/home/tcwg-buildslave/workspace/tcwg-make-release/label/docker-trusty-amd64-tcwg-build/target/arm-linux-gnueabihf/_build/sysroots/arm-linux-gnueabihf --with-sysroot=/home/tcwg-buildslave/workspace/tcwg-make-release/label/docker-trusty-amd64-tcwg-build/target/arm-linux-gnueabihf/_build/builds/destdir/x86_64-unknown-linux-gnu/arm-linux-gnueabihf/libc --enable-checking=release --disable-bootstrap --enable-languages=c,c++,fortran,lto --build=x86_64-unknown-linux-gnu --host=x86_64-unknown-linux-gnu --target=arm-linux-gnueabihf --prefix=/home/tcwg-buildslave/workspace/tcwg-make-release/label/docker-trusty-amd64-tcwg-build/target/arm-linux-gnueabihf/_build/builds/destdir/x86_64-unknown-linux-gnu
Thread model: posix
gcc version 4.9.4 (Linaro GCC 4.9-2017.01) 
COMPILER_PATH=/usr/local/arm/gcc-linaro-4.9.4-2017.01-x86_64_arm-linux-gnueabihf/bin/../libexec/gcc/arm-linux-gnueabihf/4.9.4/:/usr/local/arm/gcc-linaro-4.9.4-2017.01-x86_64_arm-linux-gnueabihf/bin/../libexec/gcc/arm-linux-gnueabihf/:/usr/local/arm/gcc-linaro-4.9.4-2017.01-x86_64_arm-linux-gnueabihf/bin/../libexec/gcc/:/usr/local/arm/gcc-linaro-4.9.4-2017.01-x86_64_arm-linux-gnueabihf/bin/../lib/gcc/arm-linux-gnueabihf/4.9.4/../../../../arm-linux-gnueabihf/bin/
LIBRARY_PATH=/usr/local/arm/gcc-linaro-4.9.4-2017.01-x86_64_arm-linux-gnueabihf/bin/../lib/gcc/arm-linux-gnueabihf/4.9.4/:/usr/local/arm/gcc-linaro-4.9.4-2017.01-x86_64_arm-linux-gnueabihf/bin/../lib/gcc/arm-linux-gnueabihf/:/usr/local/arm/gcc-linaro-4.9.4-2017.01-x86_64_arm-linux-gnueabihf/bin/../lib/gcc/:/usr/local/arm/gcc-linaro-4.9.4-2017.01-x86_64_arm-linux-gnueabihf/bin/../lib/gcc/arm-linux-gnueabihf/4.9.4/../../../../arm-linux-gnueabihf/lib/:/home/jee/linux/armv7/ll/buildroot/output/host/arm-buildroot-linux-gnueabihf/sysroot/lib/:/home/jee/linux/armv7/ll/buildroot/output/host/arm-buildroot-linux-gnueabihf/sysroot/usr/lib/
COLLECT_GCC_OPTIONS='-mabi=aapcs-linux' '-mfpu=neon-vfpv4' '-marm' '-fstack-protector-strong' '-mfloat-abi=hard' '-mcpu=cortex-a7' '-fPIE' '-pie' '-v' '-mtls-dialect=gnu'
... rest of stderr output deleted ...
configure:3332: $? = 1
configure:3321: /home/jee/linux/armv7/ll/buildroot/output/host/bin/arm-linux-gnueabihf-gcc -V >&5
arm-linux-gnueabihf-gcc: error: unrecognized command line option '-V'
configure:3332: $? = 1
configure:3321: /home/jee/linux/armv7/ll/buildroot/output/host/bin/arm-linux-gnueabihf-gcc -qversion >&5
arm-linux-gnueabihf-gcc: error: unrecognized command line option '-qversion'
configure:3332: $? = 1
configure:3352: checking whether the C compiler works
configure:3374: /home/jee/linux/armv7/ll/buildroot/output/host/bin/arm-linux-gnueabihf-gcc -D_LARGEFILE_SOURCE -D_LARGEFILE64_SOURCE -D_FILE_OFFSET_BITS=64  -Os -g0 -D_FORTIFY_SOURCE=1 -D_LARGEFILE_SOURCE -D_LARGEFILE64_SOURCE -D_FILE_OFFSET_BITS=64  conftest.c  >&5
configure:3378: $? = 0
configure:3426: result: yes
configure:3429: checking for C compiler default output file name
configure:3431: result: a.out
configure:3437: checking for suffix of executables
configure:3444: /home/jee/linux/armv7/ll/buildroot/output/host/bin/arm-linux-gnueabihf-gcc -o conftest -D_LARGEFILE_SOURCE -D_LARGEFILE64_SOURCE -D_FILE_OFFSET_BITS=64  -Os -g0 -D_FORTIFY_SOURCE=1 -D_LARGEFILE_SOURCE -D_LARGEFILE64_SOURCE -D_FILE_OFFSET_BITS=64  conftest.c  >&5
configure:3448: $? = 0
configure:3470: result: 
configure:3492: checking whether we are cross compiling
configure:3530: result: yes
configure:3535: checking for suffix of object files
configure:3557: /home/jee/linux/armv7/ll/buildroot/output/host/bin/arm-linux-gnueabihf-gcc -c -D_LARGEFILE_SOURCE -D_LARGEFILE64_SOURCE -D_FILE_OFFSET_BITS=64  -Os -g0 -D_FORTIFY_SOURCE=1 -D_LARGEFILE_SOURCE -D_LARGEFILE64_SOURCE -D_FILE_OFFSET_BITS=64 conftest.c >&5
configure:3561: $? = 0
configure:3582: result: o
configure:3586: checking whether we are using the GNU C compiler
configure:3605: /home/jee/linux/armv7/ll/buildroot/output/host/bin/arm-linux-gnueabihf-gcc -c -D_LARGEFILE_SOURCE -D_LARGEFILE64_SOURCE -D_FILE_OFFSET_BITS=64  -Os -g0 -D_FORTIFY_SOURCE=1 -D_LARGEFILE_SOURCE -D_LARGEFILE64_SOURCE -D_FILE_OFFSET_BITS=64 conftest.c >&5
configure:3605: $? = 0
configure:3614: result: yes
configure:3623: checking whether /home/jee/linux/armv7/ll/buildroot/output/host/bin/arm-linux-gnueabihf-gcc accepts -g
configure:3643: /home/jee/linux/armv7/ll/buildroot/output/host/bin/arm-linux-gnueabihf-gcc -c -g -D_LARGEFILE_SOURCE -D_LARGEFILE64_SOURCE -D_FILE_OFFSET_BITS=64 conftest.c >&5
configure:3643: $? = 0
configure:3684: result: yes
configure:3701: checking for /home/jee/linux/armv7/ll/buildroot/output/host/bin/arm-linux-gnueabihf-gcc option to accept ISO C89
configure:3764: /home/jee/linux/armv7/ll/buildroot/output/host/bin/arm-linux-gnueabihf-gcc  -c -D_LARGEFILE_SOURCE -D_LARGEFILE64_SOURCE -D_FILE_OFFSET_BITS=64  -Os -g0 -D_FORTIFY_SOURCE=1 -D_LARGEFILE_SOURCE -D_LARGEFILE64_SOURCE -D_FILE_OFFSET_BITS=64 conftest.c >&5
configure:3764: $? = 0
configure:3777: result: none needed
configure:3802: checking whether /home/jee/linux/armv7/ll/buildroot/output/host/bin/arm-linux-gnueabihf-gcc understands -c and -o together
configure:3824: /home/jee/linux/armv7/ll/buildroot/output/host/bin/arm-linux-gnueabihf-gcc -c conftest.c -o conftest2.o
configure:3827: $? = 0
configure:3824: /home/jee/linux/armv7/ll/buildroot/output/host/bin/arm-linux-gnueabihf-gcc -c conftest.c -o conftest2.o
configure:3827: $? = 0
configure:3839: result: yes
configure:3859: checking whether make supports the include directive
configure:3874: make -f confmf.GNU && cat confinc.out
make[1]: Entering directory '/home/jee/linux/armv7/ll/buildroot/output/build/alsa-plugins-1.2.7.1'
make[1]: Leaving directory '/home/jee/linux/armv7/ll/buildroot/output/build/alsa-plugins-1.2.7.1'
this is the am__doit target
configure:3877: $? = 0
configure:3896: result: yes (GNU style)
configure:3921: checking dependency style of /home/jee/linux/armv7/ll/buildroot/output/host/bin/arm-linux-gnueabihf-gcc
configure:4032: result: none
configure:4108: checking build system type
configure:4122: result: x86_64-pc-linux-gnu
configure:4142: checking host system type
configure:4155: result: arm-buildroot-linux-gnueabihf
configure:4196: checking how to print strings
configure:4223: result: printf
configure:4244: checking for a sed that does not truncate output
configure:4308: result: /usr/bin/sed
configure:4326: checking for grep that handles long lines and -e
configure:4384: result: /usr/bin/grep
configure:4389: checking for egrep
configure:4451: result: /usr/bin/grep -E
configure:4456: checking for fgrep
configure:4518: result: /usr/bin/grep -F
configure:4553: checking for ld used by /home/jee/linux/armv7/ll/buildroot/output/host/bin/arm-linux-gnueabihf-gcc
configure:4620: result: /home/jee/linux/armv7/ll/buildroot/output/host/bin/arm-linux-gnueabihf-ld
configure:4627: checking if the linker (/home/jee/linux/armv7/ll/buildroot/output/host/bin/arm-linux-gnueabihf-ld) is GNU ld
configure:4642: result: yes
configure:4654: checking for BSD- or MS-compatible name lister (nm)
configure:4708: result: /home/jee/linux/armv7/ll/buildroot/output/host/bin/arm-linux-gnueabihf-gcc-nm
configure:4838: checking the name lister (/home/jee/linux/armv7/ll/buildroot/output/host/bin/arm-linux-gnueabihf-gcc-nm) interface
configure:4845: /home/jee/linux/armv7/ll/buildroot/output/host/bin/arm-linux-gnueabihf-gcc -c -D_LARGEFILE_SOURCE -D_LARGEFILE64_SOURCE -D_FILE_OFFSET_BITS=64  -Os -g0 -D_FORTIFY_SOURCE=1 -D_LARGEFILE_SOURCE -D_LARGEFILE64_SOURCE -D_FILE_OFFSET_BITS=64 conftest.c >&5
configure:4848: /home/jee/linux/armv7/ll/buildroot/output/host/bin/arm-linux-gnueabihf-gcc-nm "conftest.o"
configure:4851: output
00000000 B some_variable
configure:4852: result: BSD nm
configure:4855: checking whether ln -s works
configure:4859: result: yes
configure:4867: checking the maximum length of command line arguments
configure:4998: result: 1572864
configure:5046: checking how to convert x86_64-pc-linux-gnu file names to arm-buildroot-linux-gnueabihf format
configure:5086: result: func_convert_file_noop
configure:5093: checking how to convert x86_64-pc-linux-gnu file names to toolchain format
configure:5113: result: func_convert_file_noop
configure:5120: checking for /home/jee/linux/armv7/ll/buildroot/output/host/bin/arm-linux-gnueabihf-ld option to reload object files
configure:5127: result: -r
configure:5161: checking for arm-buildroot-linux-gnueabihf-objdump
configure:5188: result: /home/jee/linux/armv7/ll/buildroot/output/host/bin/arm-linux-gnueabihf-objdump
configure:5260: checking how to recognize dependent libraries
configure:5460: result: pass_all
configure:5505: checking for arm-buildroot-linux-gnueabihf-dlltool
configure:5535: result: no
configure:5545: checking for dlltool
configure:5575: result: no
configure:5605: checking how to associate runtime and link libraries
configure:5632: result: printf %s\n
configure:5649: checking for arm-buildroot-linux-gnueabihf-ar
configure:5676: result: /home/jee/linux/armv7/ll/buildroot/output/host/bin/arm-linux-gnueabihf-gcc-ar
configure:5757: checking for archiver @FILE support
configure:5774: /home/jee/linux/armv7/ll/buildroot/output/host/bin/arm-linux-gnueabihf-gcc -c -D_LARGEFILE_SOURCE -D_LARGEFILE64_SOURCE -D_FILE_OFFSET_BITS=64  -Os -g0 -D_FORTIFY_SOURCE=1 -D_LARGEFILE_SOURCE -D_LARGEFILE64_SOURCE -D_FILE_OFFSET_BITS=64 conftest.c >&5
configure:5774: $? = 0
configure:5777: /home/jee/linux/armv7/ll/buildroot/output/host/bin/arm-linux-gnueabihf-gcc-ar cru libconftest.a @conftest.lst >&5
configure:5780: $? = 0
configure:5785: /home/jee/linux/armv7/ll/buildroot/output/host/bin/arm-linux-gnueabihf-gcc-ar cru libconftest.a @conftest.lst >&5
/usr/local/arm/gcc-linaro-4.9.4-2017.01-x86_64_arm-linux-gnueabihf/bin/../lib/gcc/arm-linux-gnueabihf/4.9.4/../../../../arm-linux-gnueabihf/bin/ar: conftest.o: No such file or directory
configure:5788: $? = 1
configure:5787: result: @
configure:5805: checking for arm-buildroot-linux-gnueabihf-strip
configure:5832: result: /home/jee/linux/armv7/ll/buildroot/output/host/bin/arm-linux-gnueabihf-strip
configure:5904: checking for arm-buildroot-linux-gnueabihf-ranlib
configure:5931: result: /home/jee/linux/armv7/ll/buildroot/output/host/bin/arm-linux-gnueabihf-gcc-ranlib
configure:6073: checking command to parse /home/jee/linux/armv7/ll/buildroot/output/host/bin/arm-linux-gnueabihf-gcc-nm output from /home/jee/linux/armv7/ll/buildroot/output/host/bin/arm-linux-gnueabihf-gcc object
configure:6226: /home/jee/linux/armv7/ll/buildroot/output/host/bin/arm-linux-gnueabihf-gcc -c -D_LARGEFILE_SOURCE -D_LARGEFILE64_SOURCE -D_FILE_OFFSET_BITS=64  -Os -g0 -D_FORTIFY_SOURCE=1 -D_LARGEFILE_SOURCE -D_LARGEFILE64_SOURCE -D_FILE_OFFSET_BITS=64 conftest.c >&5
configure:6229: $? = 0
configure:6233: /home/jee/linux/armv7/ll/buildroot/output/host/bin/arm-linux-gnueabihf-gcc-nm conftest.o \| sed -n -e 's/^.*[ ]\([ABCDGIRSTW][ABCDGIRSTW]*\)[ ][ ]*\([_A-Za-z][_A-Za-z0-9]*\)$/\1 \2 \2/p' | sed '/ __gnu_lto/d' \> conftest.nm
configure:6236: $? = 0
configure:6302: /home/jee/linux/armv7/ll/buildroot/output/host/bin/arm-linux-gnueabihf-gcc -o conftest -D_LARGEFILE_SOURCE -D_LARGEFILE64_SOURCE -D_FILE_OFFSET_BITS=64  -Os -g0 -D_FORTIFY_SOURCE=1 -D_LARGEFILE_SOURCE -D_LARGEFILE64_SOURCE -D_FILE_OFFSET_BITS=64  conftest.c conftstm.o >&5
configure:6305: $? = 0
configure:6343: result: ok
configure:6390: checking for sysroot
configure:6420: result: no
configure:6427: checking for a working dd
configure:6465: result: /usr/bin/dd
configure:6469: checking how to truncate binary pipes
configure:6484: result: /usr/bin/dd bs=4096 count=1
configure:6773: checking for arm-buildroot-linux-gnueabihf-mt
configure:6803: result: no
configure:6813: checking for mt
configure:6829: found /usr/bin/mt
configure:6840: result: mt
configure:6852: WARNING: using cross tools not prefixed with host triplet
configure:6863: checking if mt is a manifest tool
configure:6869: mt '-?'
configure:6877: result: no
configure:7554: checking how to run the C preprocessor
configure:7624: result: /home/jee/linux/armv7/ll/buildroot/output/host/bin/arm-linux-gnueabihf-cpp
configure:7644: /home/jee/linux/armv7/ll/buildroot/output/host/bin/arm-linux-gnueabihf-cpp -D_LARGEFILE_SOURCE -D_LARGEFILE64_SOURCE -D_FILE_OFFSET_BITS=64 conftest.c
configure:7644: $? = 0
configure:7658: /home/jee/linux/armv7/ll/buildroot/output/host/bin/arm-linux-gnueabihf-cpp -D_LARGEFILE_SOURCE -D_LARGEFILE64_SOURCE -D_FILE_OFFSET_BITS=64 conftest.c
conftest.c:11:28: fatal error: ac_nonexistent.h: No such file or directory
 #include <ac_nonexistent.h>
                            ^
compilation terminated.
configure:7658: $? = 1
configure: failed program was:
| /* confdefs.h */
| #define PACKAGE_NAME "alsa-plugins"
| #define PACKAGE_TARNAME "alsa-plugins"
| #define PACKAGE_VERSION "1.2.7.1"
| #define PACKAGE_STRING "alsa-plugins 1.2.7.1"
| #define PACKAGE_BUGREPORT ""
| #define PACKAGE_URL ""
| #define PACKAGE "alsa-plugins"
| #define VERSION "1.2.7.1"
| /* end confdefs.h.  */
| #include <ac_nonexistent.h>
configure:7687: checking for ANSI C header files
configure:7707: /home/jee/linux/armv7/ll/buildroot/output/host/bin/arm-linux-gnueabihf-gcc -c -D_LARGEFILE_SOURCE -D_LARGEFILE64_SOURCE -D_FILE_OFFSET_BITS=64  -Os -g0 -D_FORTIFY_SOURCE=1 -D_LARGEFILE_SOURCE -D_LARGEFILE64_SOURCE -D_FILE_OFFSET_BITS=64 conftest.c >&5
configure:7707: $? = 0
configure:7791: result: yes
configure:7804: checking for sys/types.h
configure:7804: /home/jee/linux/armv7/ll/buildroot/output/host/bin/arm-linux-gnueabihf-gcc -c -D_LARGEFILE_SOURCE -D_LARGEFILE64_SOURCE -D_FILE_OFFSET_BITS=64  -Os -g0 -D_FORTIFY_SOURCE=1 -D_LARGEFILE_SOURCE -D_LARGEFILE64_SOURCE -D_FILE_OFFSET_BITS=64 conftest.c >&5
configure:7804: $? = 0
configure:7804: result: yes
configure:7804: checking for sys/stat.h
configure:7804: /home/jee/linux/armv7/ll/buildroot/output/host/bin/arm-linux-gnueabihf-gcc -c -D_LARGEFILE_SOURCE -D_LARGEFILE64_SOURCE -D_FILE_OFFSET_BITS=64  -Os -g0 -D_FORTIFY_SOURCE=1 -D_LARGEFILE_SOURCE -D_LARGEFILE64_SOURCE -D_FILE_OFFSET_BITS=64 conftest.c >&5
configure:7804: $? = 0
configure:7804: result: yes
configure:7804: checking for stdlib.h
configure:7804: /home/jee/linux/armv7/ll/buildroot/output/host/bin/arm-linux-gnueabihf-gcc -c -D_LARGEFILE_SOURCE -D_LARGEFILE64_SOURCE -D_FILE_OFFSET_BITS=64  -Os -g0 -D_FORTIFY_SOURCE=1 -D_LARGEFILE_SOURCE -D_LARGEFILE64_SOURCE -D_FILE_OFFSET_BITS=64 conftest.c >&5
configure:7804: $? = 0
configure:7804: result: yes
configure:7804: checking for string.h
configure:7804: /home/jee/linux/armv7/ll/buildroot/output/host/bin/arm-linux-gnueabihf-gcc -c -D_LARGEFILE_SOURCE -D_LARGEFILE64_SOURCE -D_FILE_OFFSET_BITS=64  -Os -g0 -D_FORTIFY_SOURCE=1 -D_LARGEFILE_SOURCE -D_LARGEFILE64_SOURCE -D_FILE_OFFSET_BITS=64 conftest.c >&5
configure:7804: $? = 0
configure:7804: result: yes
configure:7804: checking for memory.h
configure:7804: /home/jee/linux/armv7/ll/buildroot/output/host/bin/arm-linux-gnueabihf-gcc -c -D_LARGEFILE_SOURCE -D_LARGEFILE64_SOURCE -D_FILE_OFFSET_BITS=64  -Os -g0 -D_FORTIFY_SOURCE=1 -D_LARGEFILE_SOURCE -D_LARGEFILE64_SOURCE -D_FILE_OFFSET_BITS=64 conftest.c >&5
configure:7804: $? = 0
configure:7804: result: yes
configure:7804: checking for strings.h
configure:7804: /home/jee/linux/armv7/ll/buildroot/output/host/bin/arm-linux-gnueabihf-gcc -c -D_LARGEFILE_SOURCE -D_LARGEFILE64_SOURCE -D_FILE_OFFSET_BITS=64  -Os -g0 -D_FORTIFY_SOURCE=1 -D_LARGEFILE_SOURCE -D_LARGEFILE64_SOURCE -D_FILE_OFFSET_BITS=64 conftest.c >&5
configure:7804: $? = 0
configure:7804: result: yes
configure:7804: checking for inttypes.h
configure:7804: /home/jee/linux/armv7/ll/buildroot/output/host/bin/arm-linux-gnueabihf-gcc -c -D_LARGEFILE_SOURCE -D_LARGEFILE64_SOURCE -D_FILE_OFFSET_BITS=64  -Os -g0 -D_FORTIFY_SOURCE=1 -D_LARGEFILE_SOURCE -D_LARGEFILE64_SOURCE -D_FILE_OFFSET_BITS=64 conftest.c >&5
configure:7804: $? = 0
configure:7804: result: yes
configure:7804: checking for stdint.h
configure:7804: /home/jee/linux/armv7/ll/buildroot/output/host/bin/arm-linux-gnueabihf-gcc -c -D_LARGEFILE_SOURCE -D_LARGEFILE64_SOURCE -D_FILE_OFFSET_BITS=64  -Os -g0 -D_FORTIFY_SOURCE=1 -D_LARGEFILE_SOURCE -D_LARGEFILE64_SOURCE -D_FILE_OFFSET_BITS=64 conftest.c >&5
configure:7804: $? = 0
configure:7804: result: yes
configure:7804: checking for unistd.h
configure:7804: /home/jee/linux/armv7/ll/buildroot/output/host/bin/arm-linux-gnueabihf-gcc -c -D_LARGEFILE_SOURCE -D_LARGEFILE64_SOURCE -D_FILE_OFFSET_BITS=64  -Os -g0 -D_FORTIFY_SOURCE=1 -D_LARGEFILE_SOURCE -D_LARGEFILE64_SOURCE -D_FILE_OFFSET_BITS=64 conftest.c >&5
configure:7804: $? = 0
configure:7804: result: yes
configure:7818: checking for dlfcn.h
configure:7818: /home/jee/linux/armv7/ll/buildroot/output/host/bin/arm-linux-gnueabihf-gcc -c -D_LARGEFILE_SOURCE -D_LARGEFILE64_SOURCE -D_FILE_OFFSET_BITS=64  -Os -g0 -D_FORTIFY_SOURCE=1 -D_LARGEFILE_SOURCE -D_LARGEFILE64_SOURCE -D_FILE_OFFSET_BITS=64 conftest.c >&5
configure:7818: $? = 0
configure:7818: result: yes
configure:8044: checking for objdir
configure:8059: result: .libs
configure:8323: checking if /home/jee/linux/armv7/ll/buildroot/output/host/bin/arm-linux-gnueabihf-gcc supports -fno-rtti -fno-exceptions
configure:8341: /home/jee/linux/armv7/ll/buildroot/output/host/bin/arm-linux-gnueabihf-gcc -c -D_LARGEFILE_SOURCE -D_LARGEFILE64_SOURCE -D_FILE_OFFSET_BITS=64  -Os -g0 -D_FORTIFY_SOURCE=1 -D_LARGEFILE_SOURCE -D_LARGEFILE64_SOURCE -D_FILE_OFFSET_BITS=64 -fno-rtti -fno-exceptions conftest.c >&5
cc1: warning: command line option '-fno-rtti' is valid for C++/ObjC++ but not for C
configure:8345: $? = 0
configure:8358: result: no
configure:8716: checking for /home/jee/linux/armv7/ll/buildroot/output/host/bin/arm-linux-gnueabihf-gcc option to produce PIC
configure:8723: result: -fPIC -DPIC
configure:8731: checking if /home/jee/linux/armv7/ll/buildroot/output/host/bin/arm-linux-gnueabihf-gcc PIC flag -fPIC -DPIC works
configure:8749: /home/jee/linux/armv7/ll/buildroot/output/host/bin/arm-linux-gnueabihf-gcc -c -D_LARGEFILE_SOURCE -D_LARGEFILE64_SOURCE -D_FILE_OFFSET_BITS=64  -Os -g0 -D_FORTIFY_SOURCE=1 -D_LARGEFILE_SOURCE -D_LARGEFILE64_SOURCE -D_FILE_OFFSET_BITS=64 -fPIC -DPIC -DPIC conftest.c >&5
configure:8753: $? = 0
configure:8766: result: yes
configure:8795: checking if /home/jee/linux/armv7/ll/buildroot/output/host/bin/arm-linux-gnueabihf-gcc static flag -static works
configure:8823: result: yes
configure:8838: checking if /home/jee/linux/armv7/ll/buildroot/output/host/bin/arm-linux-gnueabihf-gcc supports -c -o file.o
configure:8859: /home/jee/linux/armv7/ll/buildroot/output/host/bin/arm-linux-gnueabihf-gcc -c -D_LARGEFILE_SOURCE -D_LARGEFILE64_SOURCE -D_FILE_OFFSET_BITS=64  -Os -g0 -D_FORTIFY_SOURCE=1 -D_LARGEFILE_SOURCE -D_LARGEFILE64_SOURCE -D_FILE_OFFSET_BITS=64 -o out/conftest2.o conftest.c >&5
configure:8863: $? = 0
configure:8885: result: yes
configure:8893: checking if /home/jee/linux/armv7/ll/buildroot/output/host/bin/arm-linux-gnueabihf-gcc supports -c -o file.o
configure:8940: result: yes
configure:8973: checking whether the /home/jee/linux/armv7/ll/buildroot/output/host/bin/arm-linux-gnueabihf-gcc linker (/home/jee/linux/armv7/ll/buildroot/output/host/bin/arm-linux-gnueabihf-ld) supports shared libraries
configure:10232: result: yes
configure:10269: checking whether -lc should be explicitly linked in
configure:10277: /home/jee/linux/armv7/ll/buildroot/output/host/bin/arm-linux-gnueabihf-gcc -c -D_LARGEFILE_SOURCE -D_LARGEFILE64_SOURCE -D_FILE_OFFSET_BITS=64  -Os -g0 -D_FORTIFY_SOURCE=1 -D_LARGEFILE_SOURCE -D_LARGEFILE64_SOURCE -D_FILE_OFFSET_BITS=64 conftest.c >&5
configure:10280: $? = 0
configure:10295: /home/jee/linux/armv7/ll/buildroot/output/host/bin/arm-linux-gnueabihf-gcc -shared  -fPIC -DPIC conftest.o  -v -Wl,-soname -Wl,conftest -o conftest 2\>\&1 \| /usr/bin/grep  -lc  \>/dev/null 2\>\&1
configure:10298: $? = 0
configure:10312: result: no
configure:10472: checking dynamic linker characteristics
configure:11053: /home/jee/linux/armv7/ll/buildroot/output/host/bin/arm-linux-gnueabihf-gcc -o conftest -D_LARGEFILE_SOURCE -D_LARGEFILE64_SOURCE -D_FILE_OFFSET_BITS=64  -Os -g0 -D_FORTIFY_SOURCE=1 -D_LARGEFILE_SOURCE -D_LARGEFILE64_SOURCE -D_FILE_OFFSET_BITS=64  -Wl,-rpath -Wl,/foo conftest.c  >&5
configure:11053: $? = 0
configure:11293: result: GNU/Linux ld.so
configure:11415: checking how to hardcode library paths into programs
configure:11440: result: immediate
configure:11988: checking whether stripping libraries is possible
configure:11993: result: yes
configure:12028: checking if libtool supports shared libraries
configure:12030: result: yes
configure:12033: checking whether to build shared libraries
configure:12058: result: yes
configure:12061: checking whether to build static libraries
configure:12065: result: no
configure:8891: checking for ANSI C header files
configure:8995: result: yes
configure:9016: checking if /home/jee/linux/armv7/ll/buildroot/output/host/bin/arm-linux-gnueabihf-gcc supports -Wl,--no-undefined flag
configure:9027: /home/jee/linux/armv7/ll/buildroot/output/host/bin/arm-linux-gnueabihf-gcc -o conftest -D_LARGEFILE_SOURCE -D_LARGEFILE64_SOURCE -D_FILE_OFFSET_BITS=64  -Os -g0 -D_FORTIFY_SOURCE=1 -D_LARGEFILE_SOURCE -D_LARGEFILE64_SOURCE -D_FILE_OFFSET_BITS=64  -Wl,--no-undefined conftest.c  >&5
configure:9027: $? = 0
configure:9038: result: yes
configure:9016: checking if /home/jee/linux/armv7/ll/buildroot/output/host/bin/arm-linux-gnueabihf-gcc supports -Wl,-z,defs flag
configure:9027: /home/jee/linux/armv7/ll/buildroot/output/host/bin/arm-linux-gnueabihf-gcc -o conftest -D_LARGEFILE_SOURCE -D_LARGEFILE64_SOURCE -D_FILE_OFFSET_BITS=64  -Os -g0 -D_FORTIFY_SOURCE=1 -D_LARGEFILE_SOURCE -D_LARGEFILE64_SOURCE -D_FILE_OFFSET_BITS=64  -Wl,-z,defs conftest.c  >&5
configure:9027: $? = 0
configure:9038: result: yes
configure:9162: checking pkg-config is at least version 0.9.0
configure:9165: result: yes
configure:9175: checking for ALSA
configure:9182: $PKG_CONFIG --exists --print-errors "alsa >= 1.1.6"
configure:9185: $? = 0
configure:9199: $PKG_CONFIG --exists --print-errors "alsa >= 1.1.6"
configure:9202: $? = 0
configure:9260: result: yes
configure:9264: checking for snd_pcm_ioplug_create in -lasound
configure:9289: /home/jee/linux/armv7/ll/buildroot/output/host/bin/arm-linux-gnueabihf-gcc -o conftest -D_LARGEFILE_SOURCE -D_LARGEFILE64_SOURCE -D_FILE_OFFSET_BITS=64  -Os -g0 -D_FORTIFY_SOURCE=1 -D_LARGEFILE_SOURCE -D_LARGEFILE64_SOURCE -D_FILE_OFFSET_BITS=64  conftest.c -lasound -ldl  >&5
configure:9289: $? = 0
configure:9298: result: yes
configure:9990: checking for speexdsp
configure:9997: $PKG_CONFIG --exists --print-errors "speexdsp >= 1.2rc2"
Package speexdsp was not found in the pkg-config search path.
Perhaps you should add the directory containing `speexdsp.pc'
to the PKG_CONFIG_PATH environment variable
Package 'speexdsp', required by 'virtual:world', not found
configure:10000: $? = 1
configure:10014: $PKG_CONFIG --exists --print-errors "speexdsp >= 1.2rc2"
Package speexdsp was not found in the pkg-config search path.
Perhaps you should add the directory containing `speexdsp.pc'
to the PKG_CONFIG_PATH environment variable
Package 'speexdsp', required by 'virtual:world', not found
configure:10017: $? = 1
configure:10031: result: no
Package 'speexdsp', required by 'virtual:world', not found
configure:10178: checking for AVTP
configure:10185: $PKG_CONFIG --exists --print-errors "avtp >= 0.1"
Package avtp was not found in the pkg-config search path.
Perhaps you should add the directory containing `avtp.pc'
to the PKG_CONFIG_PATH environment variable
Package 'avtp', required by 'virtual:world', not found
configure:10188: $? = 1
configure:10202: $PKG_CONFIG --exists --print-errors "avtp >= 0.1"
Package avtp was not found in the pkg-config search path.
Perhaps you should add the directory containing `avtp.pc'
to the PKG_CONFIG_PATH environment variable
Package 'avtp', required by 'virtual:world', not found
configure:10205: $? = 1
configure:10219: result: no
Package 'avtp', required by 'virtual:world', not found
configure:10250: checking linux/if_ether.h usability
configure:10250: /home/jee/linux/armv7/ll/buildroot/output/host/bin/arm-linux-gnueabihf-gcc -c -D_LARGEFILE_SOURCE -D_LARGEFILE64_SOURCE -D_FILE_OFFSET_BITS=64  -Os -g0 -D_FORTIFY_SOURCE=1 -D_LARGEFILE_SOURCE -D_LARGEFILE64_SOURCE -D_FILE_OFFSET_BITS=64 conftest.c >&5
configure:10250: $? = 0
configure:10250: result: yes
configure:10250: checking linux/if_ether.h presence
configure:10250: /home/jee/linux/armv7/ll/buildroot/output/host/bin/arm-linux-gnueabihf-cpp -D_LARGEFILE_SOURCE -D_LARGEFILE64_SOURCE -D_FILE_OFFSET_BITS=64 conftest.c
configure:10250: $? = 0
configure:10250: result: yes
configure:10250: checking for linux/if_ether.h
configure:10250: result: yes
configure:10250: checking linux/if_packet.h usability
configure:10250: /home/jee/linux/armv7/ll/buildroot/output/host/bin/arm-linux-gnueabihf-gcc -c -D_LARGEFILE_SOURCE -D_LARGEFILE64_SOURCE -D_FILE_OFFSET_BITS=64  -Os -g0 -D_FORTIFY_SOURCE=1 -D_LARGEFILE_SOURCE -D_LARGEFILE64_SOURCE -D_FILE_OFFSET_BITS=64 conftest.c >&5
configure:10250: $? = 0
configure:10250: result: yes
configure:10250: checking linux/if_packet.h presence
configure:10250: /home/jee/linux/armv7/ll/buildroot/output/host/bin/arm-linux-gnueabihf-cpp -D_LARGEFILE_SOURCE -D_LARGEFILE64_SOURCE -D_FILE_OFFSET_BITS=64 conftest.c
configure:10250: $? = 0
configure:10250: result: yes
configure:10250: checking for linux/if_packet.h
configure:10250: result: yes
configure:10250: checking linux/net_tstamp.h usability
configure:10250: /home/jee/linux/armv7/ll/buildroot/output/host/bin/arm-linux-gnueabihf-gcc -c -D_LARGEFILE_SOURCE -D_LARGEFILE64_SOURCE -D_FILE_OFFSET_BITS=64  -Os -g0 -D_FORTIFY_SOURCE=1 -D_LARGEFILE_SOURCE -D_LARGEFILE64_SOURCE -D_FILE_OFFSET_BITS=64 conftest.c >&5
configure:10250: $? = 0
configure:10250: result: yes
configure:10250: checking linux/net_tstamp.h presence
configure:10250: /home/jee/linux/armv7/ll/buildroot/output/host/bin/arm-linux-gnueabihf-cpp -D_LARGEFILE_SOURCE -D_LARGEFILE64_SOURCE -D_FILE_OFFSET_BITS=64 conftest.c
configure:10250: $? = 0
configure:10250: result: yes
configure:10250: checking for linux/net_tstamp.h
configure:10250: result: yes
configure:10364: checking for plugins version
configure:10368: result: 1.2.7.1
configure:10475: checking that generated files are newer than configure
configure:10481: result: done
configure:10584: creating ./config.status

## ---------------------- ##
## Running config.status. ##
## ---------------------- ##

This file was extended by alsa-plugins config.status 1.2.7.1, which was
generated by GNU Autoconf 2.69.  Invocation command line was

  CONFIG_FILES    = 
  CONFIG_HEADERS  = 
  CONFIG_LINKS    = 
  CONFIG_COMMANDS = 
  $ ./config.status 

on jee-virtual-machine

config.status:1162: creating Makefile
config.status:1162: creating oss/Makefile
config.status:1162: creating pph/Makefile
config.status:1162: creating jack/Makefile
config.status:1162: creating pulse/Makefile
config.status:1162: creating mix/Makefile
config.status:1162: creating rate/Makefile
config.status:1162: creating a52/Makefile
config.status:1162: creating rate-lav/Makefile
config.status:1162: creating maemo/Makefile
config.status:1162: creating doc/Makefile
config.status:1162: creating usb_stream/Makefile
config.status:1162: creating speex/Makefile
config.status:1162: creating arcam-av/Makefile
config.status:1162: creating aaf/Makefile
config.status:1162: creating config.h
config.status:1391: executing depfiles commands
config.status:1391: executing libtool commands
configure:12740: WARNING: unrecognized options: --disable-gtk-doc, --disable-gtk-doc-html, --disable-doc, --disable-docs, --disable-documentation, --with-xmlto, --with-fop, --enable-ipv6, --disable-nls

## ---------------- ##
## Cache variables. ##
## ---------------- ##

ac_cv_build=x86_64-pc-linux-gnu
ac_cv_c_bigendian=no
ac_cv_c_compiler_gnu=yes
ac_cv_env_ALSA_CFLAGS_set=
ac_cv_env_ALSA_CFLAGS_value=
ac_cv_env_ALSA_LIBS_set=
ac_cv_env_ALSA_LIBS_value=
ac_cv_env_AVTP_CFLAGS_set=
ac_cv_env_AVTP_CFLAGS_value=
ac_cv_env_AVTP_LIBS_set=
ac_cv_env_AVTP_LIBS_value=
ac_cv_env_CC_set=set
ac_cv_env_CC_value=/home/jee/linux/armv7/ll/buildroot/output/host/bin/arm-linux-gnueabihf-gcc
ac_cv_env_CFLAGS_set=set
ac_cv_env_CFLAGS_value='-D_LARGEFILE_SOURCE -D_LARGEFILE64_SOURCE -D_FILE_OFFSET_BITS=64  -Os -g0 -D_FORTIFY_SOURCE=1'
ac_cv_env_CPPFLAGS_set=set
ac_cv_env_CPPFLAGS_value='-D_LARGEFILE_SOURCE -D_LARGEFILE64_SOURCE -D_FILE_OFFSET_BITS=64'
ac_cv_env_CPP_set=set
ac_cv_env_CPP_value=/home/jee/linux/armv7/ll/buildroot/output/host/bin/arm-linux-gnueabihf-cpp
ac_cv_env_DBUS_CFLAGS_set=
ac_cv_env_DBUS_CFLAGS_value=
ac_cv_env_DBUS_LIBS_set=
ac_cv_env_DBUS_LIBS_value=
ac_cv_env_JACK_CFLAGS_set=
ac_cv_env_JACK_CFLAGS_value=
ac_cv_env_JACK_LIBS_set=
ac_cv_env_JACK_LIBS_value=
ac_cv_env_LDFLAGS_set=set
ac_cv_env_LDFLAGS_value=
ac_cv_env_LIBAV_CFLAGS_set=
ac_cv_env_LIBAV_CFLAGS_value=
ac_cv_env_LIBAV_LIBS_set=
ac_cv_env_LIBAV_LIBS_value=
ac_cv_env_LIBS_set=
ac_cv_env_LIBS_value=
ac_cv_env_LT_SYS_LIBRARY_PATH_set=
ac_cv_env_LT_SYS_LIBRARY_PATH_value=
ac_cv_env_PKG_CONFIG_LIBDIR_set=
ac_cv_env_PKG_CONFIG_LIBDIR_value=
ac_cv_env_PKG_CONFIG_PATH_set=
ac_cv_env_PKG_CONFIG_PATH_value=
ac_cv_env_PKG_CONFIG_set=set
ac_cv_env_PKG_CONFIG_value=/home/jee/linux/armv7/ll/buildroot/output/host/bin/pkg-config
ac_cv_env_build_alias_set=set
ac_cv_env_build_alias_value=x86_64-pc-linux-gnu
ac_cv_env_host_alias_set=set
ac_cv_env_host_alias_value=arm-buildroot-linux-gnueabihf
ac_cv_env_pulseaudio_CFLAGS_set=
ac_cv_env_pulseaudio_CFLAGS_value=
ac_cv_env_pulseaudio_LIBS_set=
ac_cv_env_pulseaudio_LIBS_value=
ac_cv_env_samplerate_CFLAGS_set=
ac_cv_env_samplerate_CFLAGS_value=
ac_cv_env_samplerate_LIBS_set=
ac_cv_env_samplerate_LIBS_value=
ac_cv_env_speexdsp_CFLAGS_set=
ac_cv_env_speexdsp_CFLAGS_value=
ac_cv_env_speexdsp_LIBS_set=
ac_cv_env_speexdsp_LIBS_value=
ac_cv_env_target_alias_set=set
ac_cv_env_target_alias_value=arm-buildroot-linux-gnueabihf
ac_cv_func_calloc_0_nonnull=yes
ac_cv_func_malloc_0_nonnull=yes
ac_cv_func_memcmp_working=yes
ac_cv_func_mmap_fixed_mapped=yes
ac_cv_func_realloc_0_nonnull=yes
ac_cv_have_decl_malloc=yes
ac_cv_header_dlfcn_h=yes
ac_cv_header_inttypes_h=yes
ac_cv_header_linux_if_ether_h=yes
ac_cv_header_linux_if_packet_h=yes
ac_cv_header_linux_net_tstamp_h=yes
ac_cv_header_memory_h=yes
ac_cv_header_stdc=yes
ac_cv_header_stdint_h=yes
ac_cv_header_stdlib_h=yes
ac_cv_header_string_h=yes
ac_cv_header_strings_h=yes
ac_cv_header_sys_stat_h=yes
ac_cv_header_sys_types_h=yes
ac_cv_header_unistd_h=yes
ac_cv_host=arm-buildroot-linux-gnueabihf
ac_cv_lbl_unaligned_fail=yes
ac_cv_lib_asound_snd_pcm_ioplug_create=yes
ac_cv_objext=o
ac_cv_path_EGREP='/usr/bin/grep -E'
ac_cv_path_FGREP='/usr/bin/grep -F'
ac_cv_path_GREP=/usr/bin/grep
ac_cv_path_SED=/usr/bin/sed
ac_cv_path_install='/usr/bin/install -c'
ac_cv_path_lt_DD=/usr/bin/dd
ac_cv_path_mkdir=/usr/bin/mkdir
ac_cv_prog_AR=/home/jee/linux/armv7/ll/buildroot/output/host/bin/arm-linux-gnueabihf-gcc-ar
ac_cv_prog_AWK=gawk
ac_cv_prog_CC=/home/jee/linux/armv7/ll/buildroot/output/host/bin/arm-linux-gnueabihf-gcc
ac_cv_prog_CPP=/home/jee/linux/armv7/ll/buildroot/output/host/bin/arm-linux-gnueabihf-cpp
ac_cv_prog_OBJDUMP=/home/jee/linux/armv7/ll/buildroot/output/host/bin/arm-linux-gnueabihf-objdump
ac_cv_prog_RANLIB=/home/jee/linux/armv7/ll/buildroot/output/host/bin/arm-linux-gnueabihf-gcc-ranlib
ac_cv_prog_STRIP=/home/jee/linux/armv7/ll/buildroot/output/host/bin/arm-linux-gnueabihf-strip
ac_cv_prog_ac_ct_MANIFEST_TOOL=mt
ac_cv_prog_cc_c89=
ac_cv_prog_cc_g=yes
ac_cv_prog_make_make_set=yes
am_cv_CC_dependencies_compiler_type=none
am_cv_make_support_nested_variables=yes
am_cv_prog_cc_c_o=yes
cc_cv_ldflags__Wl___no_undefined=yes
cc_cv_ldflags__Wl__z_defs=yes
gl_cv_func_malloc_0_nonnull=yes
lt_cv_ar_at_file=@
lt_cv_archive_cmds_need_lc=no
lt_cv_deplibs_check_method=pass_all
lt_cv_file_magic_cmd='$MAGIC_CMD'
lt_cv_file_magic_test_file=
lt_cv_ld_reload_flag=-r
lt_cv_nm_interface='BSD nm'
lt_cv_objdir=.libs
lt_cv_path_LD=/home/jee/linux/armv7/ll/buildroot/output/host/bin/arm-linux-gnueabihf-ld
lt_cv_path_NM=/home/jee/linux/armv7/ll/buildroot/output/host/bin/arm-linux-gnueabihf-gcc-nm
lt_cv_path_mainfest_tool=no
lt_cv_prog_compiler_c_o=yes
lt_cv_prog_compiler_pic='-fPIC -DPIC'
lt_cv_prog_compiler_pic_works=yes
lt_cv_prog_compiler_rtti_exceptions=no
lt_cv_prog_compiler_static_works=yes
lt_cv_prog_gnu_ld=yes
lt_cv_sharedlib_from_linklib_cmd='printf %s\n'
lt_cv_shlibpath_overrides_runpath=no
lt_cv_sys_global_symbol_pipe='sed -n -e '\''s/^.*[	 ]\([ABCDGIRSTW][ABCDGIRSTW]*\)[	 ][	 ]*\([_A-Za-z][_A-Za-z0-9]*\)$/\1 \2 \2/p'\'' | sed '\''/ __gnu_lto/d'\'''
lt_cv_sys_global_symbol_to_c_name_address='sed -n -e '\''s/^: \(.*\) .*$/  {"\1", (void *) 0},/p'\'' -e '\''s/^[ABCDGIRSTW][ABCDGIRSTW]* .* \(.*\)$/  {"\1", (void *) \&\1},/p'\'''
lt_cv_sys_global_symbol_to_c_name_address_lib_prefix='sed -n -e '\''s/^: \(.*\) .*$/  {"\1", (void *) 0},/p'\'' -e '\''s/^[ABCDGIRSTW][ABCDGIRSTW]* .* \(lib.*\)$/  {"\1", (void *) \&\1},/p'\'' -e '\''s/^[ABCDGIRSTW][ABCDGIRSTW]* .* \(.*\)$/  {"lib\1", (void *) \&\1},/p'\'''
lt_cv_sys_global_symbol_to_cdecl='sed -n -e '\''s/^T .* \(.*\)$/extern int \1();/p'\'' -e '\''s/^[ABCDGIRSTW][ABCDGIRSTW]* .* \(.*\)$/extern char \1;/p'\'''
lt_cv_sys_global_symbol_to_import=
lt_cv_sys_lib_search_path_spec=
lt_cv_sys_max_cmd_len=1572864
lt_cv_to_host_file_cmd=func_convert_file_noop
lt_cv_to_tool_file_cmd=func_convert_file_noop
lt_cv_truncate_bin='/usr/bin/dd bs=4096 count=1'
pkg_cv_ALSA_CFLAGS=
pkg_cv_ALSA_LIBS='-L/home/jee/linux/armv7/ll/buildroot/output/host/bin/../arm-buildroot-linux-gnueabihf/sysroot/usr/lib -lasound '

## ----------------- ##
## Output variables. ##
## ----------------- ##

ACLOCAL='${SHELL} /home/jee/linux/armv7/ll/buildroot/output/build/alsa-plugins-1.2.7.1/missing aclocal-1.16'
ALSA_CFLAGS=''
ALSA_DATA_DIR='/usr/share/alsa'
ALSA_GCONF_DIR='/usr/share/alsa/alsa.conf.d'
ALSA_LCONF_DIR='/etc/alsa/conf.d'
ALSA_LIBS='-L/home/jee/linux/armv7/ll/buildroot/output/host/bin/../arm-buildroot-linux-gnueabihf/sysroot/usr/lib -lasound '
ALSA_PLUGIN_DIR='/usr/lib/alsa-lib'
AMDEPBACKSLASH=''
AMDEP_FALSE=''
AMDEP_TRUE='#'
AMTAR='$${TAR-tar}'
AM_BACKSLASH='\'
AM_DEFAULT_V='$(AM_DEFAULT_VERBOSITY)'
AM_DEFAULT_VERBOSITY='1'
AM_V='$(V)'
AR='/home/jee/linux/armv7/ll/buildroot/output/host/bin/arm-linux-gnueabihf-gcc-ar'
AUTOCONF='${SHELL} /home/jee/linux/armv7/ll/buildroot/output/build/alsa-plugins-1.2.7.1/missing autoconf'
AUTOHEADER='${SHELL} /home/jee/linux/armv7/ll/buildroot/output/build/alsa-plugins-1.2.7.1/missing autoheader'
AUTOMAKE='${SHELL} /home/jee/linux/armv7/ll/buildroot/output/build/alsa-plugins-1.2.7.1/missing automake-1.16'
AVTP_CFLAGS=''
AVTP_LIBS=''
AWK='gawk'
CC='/home/jee/linux/armv7/ll/buildroot/output/host/bin/arm-linux-gnueabihf-gcc'
CCDEPMODE='depmode=none'
CFLAGS='-D_LARGEFILE_SOURCE -D_LARGEFILE64_SOURCE -D_FILE_OFFSET_BITS=64  -Os -g0 -D_FORTIFY_SOURCE=1'
CPP='/home/jee/linux/armv7/ll/buildroot/output/host/bin/arm-linux-gnueabihf-cpp'
CPPFLAGS='-D_LARGEFILE_SOURCE -D_LARGEFILE64_SOURCE -D_FILE_OFFSET_BITS=64'
CYGPATH_W='echo'
DBUS_CFLAGS=''
DBUS_LIBS=''
DEFS='-DHAVE_CONFIG_H'
DEPDIR='.deps'
DLLTOOL='false'
DSYMUTIL=''
DUMPBIN=''
ECHO_C=''
ECHO_N='-n'
ECHO_T=''
EGREP='/usr/bin/grep -E'
EXEEXT=''
FGREP='/usr/bin/grep -F'
GREP='/usr/bin/grep'
HAVE_A52_FALSE=''
HAVE_A52_TRUE='#'
HAVE_AAF_FALSE=''
HAVE_AAF_TRUE='#'
HAVE_ARCAMAV_FALSE='#'
HAVE_ARCAMAV_TRUE=''
HAVE_JACK_FALSE=''
HAVE_JACK_TRUE='#'
HAVE_LAVRATE_FALSE=''
HAVE_LAVRATE_TRUE='#'
HAVE_LIBAV_FALSE=''
HAVE_LIBAV_TRUE='#'
HAVE_MAEMO_PLUGIN_FALSE=''
HAVE_MAEMO_PLUGIN_TRUE='#'
HAVE_MIX_FALSE='#'
HAVE_MIX_TRUE=''
HAVE_OSS_FALSE='#'
HAVE_OSS_TRUE=''
HAVE_PPH_FALSE=''
HAVE_PPH_TRUE='#'
HAVE_PULSE_FALSE=''
HAVE_PULSE_TRUE='#'
HAVE_SAMPLERATE_FALSE=''
HAVE_SAMPLERATE_TRUE='#'
HAVE_SPEEXDSP_FALSE=''
HAVE_SPEEXDSP_TRUE='#'
HAVE_USBSTREAM_FALSE=''
HAVE_USBSTREAM_TRUE='#'
INSTALL_DATA='${INSTALL} -m 644'
INSTALL_PROGRAM='${INSTALL}'
INSTALL_SCRIPT='${INSTALL}'
INSTALL_STRIP_PROGRAM='$(install_sh) -c -s'
JACK_CFLAGS=''
JACK_LIBS=''
LD='/home/jee/linux/armv7/ll/buildroot/output/host/bin/arm-linux-gnueabihf-ld'
LDFLAGS=''
LDFLAGS_NOUNDEFINED='-Wl,-z,defs'
LIBAV_CFLAGS=''
LIBAV_CODEC_LIBS=''
LIBAV_LIBS=''
LIBAV_RESAMPLE_LIBS=''
LIBOBJS=''
LIBS='-lasound '
LIBTOOL='$(SHELL) $(top_builddir)/libtool'
LIPO=''
LN_S='ln -s'
LTLIBOBJS=''
LT_SYS_LIBRARY_PATH=''
MAINT=''
MAINTAINER_MODE_FALSE='#'
MAINTAINER_MODE_TRUE=''
MAKEINFO='${SHELL} /home/jee/linux/armv7/ll/buildroot/output/build/alsa-plugins-1.2.7.1/missing makeinfo'
MANIFEST_TOOL=':'
MKDIR_P='/usr/bin/mkdir -p'
NM='/home/jee/linux/armv7/ll/buildroot/output/host/bin/arm-linux-gnueabihf-gcc-nm'
NMEDIT=''
OBJDUMP='/home/jee/linux/armv7/ll/buildroot/output/host/bin/arm-linux-gnueabihf-objdump'
OBJEXT='o'
OTOOL64=''
OTOOL=''
PACKAGE='alsa-plugins'
PACKAGE_BUGREPORT=''
PACKAGE_NAME='alsa-plugins'
PACKAGE_STRING='alsa-plugins 1.2.7.1'
PACKAGE_TARNAME='alsa-plugins'
PACKAGE_URL=''
PACKAGE_VERSION='1.2.7.1'
PATH_SEPARATOR=':'
PKG_CONFIG='/home/jee/linux/armv7/ll/buildroot/output/host/bin/pkg-config'
PKG_CONFIG_LIBDIR=''
PKG_CONFIG_PATH=''
RANLIB='/home/jee/linux/armv7/ll/buildroot/output/host/bin/arm-linux-gnueabihf-gcc-ranlib'
SED='/usr/bin/sed'
SET_MAKE=''
SHELL='/bin/bash'
STRIP='/home/jee/linux/armv7/ll/buildroot/output/host/bin/arm-linux-gnueabihf-strip'
USE_LIBSPEEX_FALSE=''
USE_LIBSPEEX_TRUE='#'
VERSION='1.2.7.1'
ac_ct_AR=''
ac_ct_CC=''
ac_ct_DUMPBIN=''
am__EXEEXT_FALSE=''
am__EXEEXT_TRUE='#'
am__fastdepCC_FALSE=''
am__fastdepCC_TRUE='#'
am__include='include'
am__isrc=''
am__leading_dot='.'
am__nodep=''
am__quote=''
am__tar='$${TAR-tar} chof - "$$tardir"'
am__untar='$${TAR-tar} xf -'
bindir='${exec_prefix}/bin'
build='x86_64-pc-linux-gnu'
build_alias='x86_64-pc-linux-gnu'
build_cpu='x86_64'
build_os='linux-gnu'
build_vendor='pc'
datadir='${datarootdir}'
datarootdir='${prefix}/share'
docdir='${datarootdir}/doc/${PACKAGE_TARNAME}'
dvidir='${docdir}'
exec_prefix='/usr'
host='arm-buildroot-linux-gnueabihf'
host_alias='arm-buildroot-linux-gnueabihf'
host_cpu='arm'
host_os='linux-gnueabihf'
host_vendor='buildroot'
htmldir='${docdir}'
includedir='${prefix}/include'
infodir='${datarootdir}/info'
install_sh='${SHELL} /home/jee/linux/armv7/ll/buildroot/output/build/alsa-plugins-1.2.7.1/install-sh'
libdir='${exec_prefix}/lib'
libexecdir='${exec_prefix}/libexec'
localedir='${datarootdir}/locale'
localstatedir='/var'
mandir='${datarootdir}/man'
mkdir_p='$(MKDIR_P)'
oldincludedir='/usr/include'
pdfdir='${docdir}'
prefix='/usr'
program_transform_name='s&^&&'
psdir='${docdir}'
pulseaudio_CFLAGS=''
pulseaudio_LIBS=''
runstatedir='${localstatedir}/run'
samplerate_CFLAGS=''
samplerate_LIBS=''
sbindir='${exec_prefix}/sbin'
sharedstatedir='${prefix}/com'
speexdsp_CFLAGS=''
speexdsp_LIBS=''
sysconfdir='/etc'
target_alias='arm-buildroot-linux-gnueabihf'

## ----------- ##
## confdefs.h. ##
## ----------- ##

/* confdefs.h */
#define PACKAGE_NAME "alsa-plugins"
#define PACKAGE_TARNAME "alsa-plugins"
#define PACKAGE_VERSION "1.2.7.1"
#define PACKAGE_STRING "alsa-plugins 1.2.7.1"
#define PACKAGE_BUGREPORT ""
#define PACKAGE_URL ""
#define PACKAGE "alsa-plugins"
#define VERSION "1.2.7.1"
#define STDC_HEADERS 1
#define HAVE_SYS_TYPES_H 1
#define HAVE_SYS_STAT_H 1
#define HAVE_STDLIB_H 1
#define HAVE_STRING_H 1
#define HAVE_MEMORY_H 1
#define HAVE_STRINGS_H 1
#define HAVE_INTTYPES_H 1
#define HAVE_STDINT_H 1
#define HAVE_UNISTD_H 1
#define HAVE_DLFCN_H 1
#define LT_OBJDIR ".libs/"
#define STDC_HEADERS 1
#define HAVE_LIBASOUND 1
#define HAVE_LINUX_IF_ETHER_H 1
#define HAVE_LINUX_IF_PACKET_H 1
#define HAVE_LINUX_NET_TSTAMP_H 1
#define ALSA_PLUGIN_DIR "/usr/lib/alsa-lib"
#define ALSA_DATA_DIR "/usr/share/alsa"
#define ALSA_GCONF_DIR "/usr/share/alsa/alsa.conf.d"
#define ALSA_LCONF_DIR "/etc/alsa/conf.d"

configure: exit 0
